ARM GAS  /tmp/ccg4QatP.s 			page 1


   1              		.syntax unified
   2              		.cpu cortex-m4
   3              		.eabi_attribute 27, 1
   4              		.eabi_attribute 28, 1
   5              		.fpu fpv4-sp-d16
   6              		.eabi_attribute 20, 1
   7              		.eabi_attribute 21, 1
   8              		.eabi_attribute 23, 3
   9              		.eabi_attribute 24, 1
  10              		.eabi_attribute 25, 1
  11              		.eabi_attribute 26, 1
  12              		.eabi_attribute 30, 4
  13              		.eabi_attribute 34, 1
  14              		.eabi_attribute 18, 4
  15              		.thumb
  16              		.syntax unified
  17              		.file	"chtm.c"
  18              		.text
  19              	.Ltext0:
  20              		.cfi_sections	.debug_frame
  21              		.section	.text.chTMObjectInit,"ax",%progbits
  22              		.align	1
  23              		.global	chTMObjectInit
  24              		.thumb
  25              		.thumb_func
  26              		.type	chTMObjectInit, %function
  27              	chTMObjectInit:
  28              	.LFB292:
  29              		.file 1 "../../modules/ChibiOS/os/rt/src/chtm.c"
  30              		.loc 1 97 0
  31              		.cfi_startproc
  32              		@ args = 0, pretend = 0, frame = 0
  33              		@ frame_needed = 0, uses_anonymous_args = 0
  34              		@ link register save eliminated.
  35              	.LVL0:
  36              		.loc 1 99 0
  37 0000 4FF0FF33 		mov	r3, #-1
  38 0004 0360     		str	r3, [r0]
  39              		.loc 1 100 0
  40 0006 0023     		movs	r3, #0
  41 0008 4360     		str	r3, [r0, #4]
  42              		.loc 1 101 0
  43 000a 8360     		str	r3, [r0, #8]
  44              		.loc 1 102 0
  45 000c C360     		str	r3, [r0, #12]
  46              		.loc 1 103 0
  47 000e 0022     		movs	r2, #0
  48 0010 0023     		movs	r3, #0
  49 0012 C0E90423 		strd	r2, [r0, #16]
  50 0016 7047     		bx	lr
  51              		.cfi_endproc
  52              	.LFE292:
  53              		.size	chTMObjectInit, .-chTMObjectInit
  54              		.section	.text.chTMStartMeasurementX,"ax",%progbits
  55              		.align	1
  56              		.global	chTMStartMeasurementX
  57              		.thumb
ARM GAS  /tmp/ccg4QatP.s 			page 2


  58              		.thumb_func
  59              		.type	chTMStartMeasurementX, %function
  60              	chTMStartMeasurementX:
  61              	.LFB293:
  62              		.loc 1 114 0
  63              		.cfi_startproc
  64              		@ args = 0, pretend = 0, frame = 0
  65              		@ frame_needed = 0, uses_anonymous_args = 0
  66              		@ link register save eliminated.
  67              	.LVL1:
  68              	.LBB8:
  69              	.LBB9:
  70              		.file 2 "../../modules/ChibiOS/os/common/ports/ARMCMx/chcore_v7m.h"
  71              		.loc 2 716 0
  72 0000 014B     		ldr	r3, .L3
  73 0002 5B68     		ldr	r3, [r3, #4]
  74              	.LBE9:
  75              	.LBE8:
  76              		.loc 1 116 0
  77 0004 8360     		str	r3, [r0, #8]
  78 0006 7047     		bx	lr
  79              	.L4:
  80              		.align	2
  81              	.L3:
  82 0008 001000E0 		.word	-536866816
  83              		.cfi_endproc
  84              	.LFE293:
  85              		.size	chTMStartMeasurementX, .-chTMStartMeasurementX
  86              		.section	.text.chTMStopMeasurementX,"ax",%progbits
  87              		.align	1
  88              		.global	chTMStopMeasurementX
  89              		.thumb
  90              		.thumb_func
  91              		.type	chTMStopMeasurementX, %function
  92              	chTMStopMeasurementX:
  93              	.LFB294:
  94              		.loc 1 127 0
  95              		.cfi_startproc
  96              		@ args = 0, pretend = 0, frame = 0
  97              		@ frame_needed = 0, uses_anonymous_args = 0
  98              	.LVL2:
  99              	.LBB14:
 100              	.LBB15:
 101              		.loc 2 716 0
 102 0000 0E4B     		ldr	r3, .L8
 103              	.LBE15:
 104              	.LBE14:
 105              	.LBB17:
 106              	.LBB18:
 107              		.loc 1 57 0
 108 0002 C168     		ldr	r1, [r0, #12]
 109              	.LBE18:
 110              	.LBE17:
 111              	.LBB20:
 112              	.LBB16:
 113              		.loc 2 716 0
 114 0004 5A68     		ldr	r2, [r3, #4]
ARM GAS  /tmp/ccg4QatP.s 			page 3


 115              	.LBE16:
 116              	.LBE20:
 117              		.loc 1 129 0
 118 0006 0E4B     		ldr	r3, .L8+4
 119              		.loc 1 127 0
 120 0008 30B5     		push	{r4, r5, lr}
 121              		.cfi_def_cfa_offset 12
 122              		.cfi_offset 4, -12
 123              		.cfi_offset 5, -8
 124              		.cfi_offset 14, -4
 125              		.loc 1 129 0
 126 000a D3F89040 		ldr	r4, [r3, #144]
 127              	.LVL3:
 128              	.LBB21:
 129              	.LBB19:
 130              		.loc 1 58 0
 131 000e 8368     		ldr	r3, [r0, #8]
 132 0010 D31A     		subs	r3, r2, r3
 133 0012 1B1B     		subs	r3, r3, r4
 134              		.loc 1 59 0
 135 0014 D0E90445 		ldrd	r4, [r0, #16]
 136              	.LVL4:
 137              		.loc 1 60 0
 138 0018 4268     		ldr	r2, [r0, #4]
 139              	.LVL5:
 140              		.loc 1 58 0
 141 001a 8360     		str	r3, [r0, #8]
 142              		.loc 1 59 0
 143 001c E418     		adds	r4, r4, r3
 144 001e 45F10005 		adc	r5, r5, #0
 145              		.loc 1 60 0
 146 0022 9342     		cmp	r3, r2
 147              		.loc 1 63 0
 148 0024 0268     		ldr	r2, [r0]
 149              		.loc 1 61 0
 150 0026 88BF     		it	hi
 151 0028 4360     		strhi	r3, [r0, #4]
 152              		.loc 1 57 0
 153 002a 0131     		adds	r1, r1, #1
 154              		.loc 1 63 0
 155 002c 9342     		cmp	r3, r2
 156              		.loc 1 57 0
 157 002e C160     		str	r1, [r0, #12]
 158              		.loc 1 59 0
 159 0030 C0E90445 		strd	r4, [r0, #16]
 160              		.loc 1 64 0
 161 0034 38BF     		it	cc
 162 0036 0360     		strcc	r3, [r0]
 163              	.LVL6:
 164 0038 30BD     		pop	{r4, r5, pc}
 165              	.L9:
 166 003a 00BF     		.align	2
 167              	.L8:
 168 003c 001000E0 		.word	-536866816
 169 0040 00000000 		.word	ch
 170              	.LBE19:
 171              	.LBE21:
ARM GAS  /tmp/ccg4QatP.s 			page 4


 172              		.cfi_endproc
 173              	.LFE294:
 174              		.size	chTMStopMeasurementX, .-chTMStopMeasurementX
 175              		.section	.text._tm_init,"ax",%progbits
 176              		.align	1
 177              		.global	_tm_init
 178              		.thumb
 179              		.thumb_func
 180              		.type	_tm_init, %function
 181              	_tm_init:
 182              	.LFB291:
 183              		.loc 1 77 0
 184              		.cfi_startproc
 185              		@ args = 0, pretend = 0, frame = 24
 186              		@ frame_needed = 0, uses_anonymous_args = 0
 187 0000 10B5     		push	{r4, lr}
 188              		.cfi_def_cfa_offset 8
 189              		.cfi_offset 4, -8
 190              		.cfi_offset 14, -4
 191              		.loc 1 83 0
 192 0002 094C     		ldr	r4, .L11
 193              		.loc 1 77 0
 194 0004 86B0     		sub	sp, sp, #24
 195              		.cfi_def_cfa_offset 32
 196              		.loc 1 83 0
 197 0006 0023     		movs	r3, #0
 198              		.loc 1 84 0
 199 0008 6846     		mov	r0, sp
 200              		.loc 1 83 0
 201 000a C4F89030 		str	r3, [r4, #144]
 202              		.loc 1 84 0
 203 000e FFF7FEFF 		bl	chTMObjectInit
 204              	.LVL7:
 205              		.loc 1 85 0
 206 0012 6846     		mov	r0, sp
 207 0014 FFF7FEFF 		bl	chTMStartMeasurementX
 208              	.LVL8:
 209              		.loc 1 86 0
 210 0018 6846     		mov	r0, sp
 211 001a FFF7FEFF 		bl	chTMStopMeasurementX
 212              	.LVL9:
 213              		.loc 1 87 0
 214 001e 029B     		ldr	r3, [sp, #8]
 215 0020 C4F89030 		str	r3, [r4, #144]
 216              		.loc 1 88 0
 217 0024 06B0     		add	sp, sp, #24
 218              		.cfi_def_cfa_offset 8
 219              		@ sp needed
 220 0026 10BD     		pop	{r4, pc}
 221              	.L12:
 222              		.align	2
 223              	.L11:
 224 0028 00000000 		.word	ch
 225              		.cfi_endproc
 226              	.LFE291:
 227              		.size	_tm_init, .-_tm_init
 228              		.section	.text.chTMChainMeasurementToX,"ax",%progbits
ARM GAS  /tmp/ccg4QatP.s 			page 5


 229              		.align	1
 230              		.global	chTMChainMeasurementToX
 231              		.thumb
 232              		.thumb_func
 233              		.type	chTMChainMeasurementToX, %function
 234              	chTMChainMeasurementToX:
 235              	.LFB295:
 236              		.loc 1 145 0
 237              		.cfi_startproc
 238              		@ args = 0, pretend = 0, frame = 0
 239              		@ frame_needed = 0, uses_anonymous_args = 0
 240              	.LVL10:
 241              	.LBB26:
 242              	.LBB27:
 243              		.loc 2 716 0
 244 0000 0C4B     		ldr	r3, .L16
 245              	.LBE27:
 246              	.LBE26:
 247              	.LBB29:
 248              	.LBB30:
 249              		.loc 1 57 0
 250 0002 C268     		ldr	r2, [r0, #12]
 251              	.LBE30:
 252              	.LBE29:
 253              	.LBB33:
 254              	.LBB28:
 255              		.loc 2 716 0
 256 0004 5B68     		ldr	r3, [r3, #4]
 257              	.LBE28:
 258              	.LBE33:
 259              		.loc 1 145 0
 260 0006 30B5     		push	{r4, r5, lr}
 261              		.cfi_def_cfa_offset 12
 262              		.cfi_offset 4, -12
 263              		.cfi_offset 5, -8
 264              		.cfi_offset 14, -4
 265              	.LBB34:
 266              	.LBB31:
 267              		.loc 1 57 0
 268 0008 0132     		adds	r2, r2, #1
 269              	.LBE31:
 270              	.LBE34:
 271              		.loc 1 148 0
 272 000a 8B60     		str	r3, [r1, #8]
 273              	.LVL11:
 274              	.LBB35:
 275              	.LBB32:
 276              		.loc 1 59 0
 277 000c D0E90445 		ldrd	r4, [r0, #16]
 278              		.loc 1 57 0
 279 0010 C260     		str	r2, [r0, #12]
 280              		.loc 1 58 0
 281 0012 8268     		ldr	r2, [r0, #8]
 282 0014 9B1A     		subs	r3, r3, r2
 283              	.LVL12:
 284              		.loc 1 60 0
 285 0016 4268     		ldr	r2, [r0, #4]
ARM GAS  /tmp/ccg4QatP.s 			page 6


 286              		.loc 1 58 0
 287 0018 8360     		str	r3, [r0, #8]
 288              	.LVL13:
 289              		.loc 1 59 0
 290 001a E418     		adds	r4, r4, r3
 291 001c 45F10005 		adc	r5, r5, #0
 292              		.loc 1 60 0
 293 0020 9342     		cmp	r3, r2
 294              		.loc 1 63 0
 295 0022 0268     		ldr	r2, [r0]
 296              		.loc 1 61 0
 297 0024 88BF     		it	hi
 298 0026 4360     		strhi	r3, [r0, #4]
 299              		.loc 1 63 0
 300 0028 9342     		cmp	r3, r2
 301              		.loc 1 59 0
 302 002a C0E90445 		strd	r4, [r0, #16]
 303              		.loc 1 64 0
 304 002e 38BF     		it	cc
 305 0030 0360     		strcc	r3, [r0]
 306              	.LVL14:
 307 0032 30BD     		pop	{r4, r5, pc}
 308              	.L17:
 309              		.align	2
 310              	.L16:
 311 0034 001000E0 		.word	-536866816
 312              	.LBE32:
 313              	.LBE35:
 314              		.cfi_endproc
 315              	.LFE295:
 316              		.size	chTMChainMeasurementToX, .-chTMChainMeasurementToX
 317              		.text
 318              	.Letext0:
 319              		.file 3 "/usr/include/newlib/machine/_default_types.h"
 320              		.file 4 "/usr/include/newlib/sys/_stdint.h"
 321              		.file 5 "../../modules/ChibiOS/os/common/ports/ARMCMx/compilers/GCC/chtypes.h"
 322              		.file 6 "../../modules/ChibiOS/os/rt/include/chsystypes.h"
 323              		.file 7 "../../modules/ChibiOS/os/rt/include/chschd.h"
 324              		.file 8 "../../modules/ChibiOS/os/rt/include/chtime.h"
 325              		.file 9 "../../modules/ChibiOS/os/common/ext/ARM/CMSIS/Core/Include/core_cm4.h"
 326              		.file 10 "../../modules/ChibiOS/os/common/ports/ARMCMx/chcore.h"
 327              		.file 11 "../../modules/ChibiOS/os/rt/include/chtm.h"
 328              		.file 12 "../../modules/ChibiOS/os/rt/include/chstats.h"
 329              		.file 13 "../../modules/ChibiOS/os/rt/include/chsem.h"
 330              		.file 14 "../../modules/ChibiOS/os/rt/include/chmtx.h"
 331              		.section	.debug_info,"",%progbits
 332              	.Ldebug_info0:
 333 0000 CB0A0000 		.4byte	0xacb
 334 0004 0400     		.2byte	0x4
 335 0006 00000000 		.4byte	.Ldebug_abbrev0
 336 000a 04       		.byte	0x4
 337 000b 01       		.uleb128 0x1
 338 000c 98000000 		.4byte	.LASF138
 339 0010 0C       		.byte	0xc
 340 0011 36000000 		.4byte	.LASF139
 341 0015 6D050000 		.4byte	.LASF140
 342 0019 68000000 		.4byte	.Ldebug_ranges0+0x68
ARM GAS  /tmp/ccg4QatP.s 			page 7


 343 001d 00000000 		.4byte	0
 344 0021 00000000 		.4byte	.Ldebug_line0
 345 0025 02       		.uleb128 0x2
 346 0026 04       		.byte	0x4
 347 0027 05       		.byte	0x5
 348 0028 696E7400 		.ascii	"int\000"
 349 002c 03       		.uleb128 0x3
 350 002d 04       		.byte	0x4
 351 002e 07       		.byte	0x7
 352 002f E8020000 		.4byte	.LASF0
 353 0033 03       		.uleb128 0x3
 354 0034 08       		.byte	0x8
 355 0035 05       		.byte	0x5
 356 0036 12020000 		.4byte	.LASF1
 357 003a 03       		.uleb128 0x3
 358 003b 08       		.byte	0x8
 359 003c 04       		.byte	0x4
 360 003d 2A040000 		.4byte	.LASF2
 361 0041 03       		.uleb128 0x3
 362 0042 01       		.byte	0x1
 363 0043 06       		.byte	0x6
 364 0044 20020000 		.4byte	.LASF3
 365 0048 04       		.uleb128 0x4
 366 0049 5D000000 		.4byte	.LASF7
 367 004d 03       		.byte	0x3
 368 004e 1D       		.byte	0x1d
 369 004f 53000000 		.4byte	0x53
 370 0053 03       		.uleb128 0x3
 371 0054 01       		.byte	0x1
 372 0055 08       		.byte	0x8
 373 0056 E1040000 		.4byte	.LASF4
 374 005a 03       		.uleb128 0x3
 375 005b 02       		.byte	0x2
 376 005c 05       		.byte	0x5
 377 005d 24050000 		.4byte	.LASF5
 378 0061 03       		.uleb128 0x3
 379 0062 02       		.byte	0x2
 380 0063 07       		.byte	0x7
 381 0064 28030000 		.4byte	.LASF6
 382 0068 04       		.uleb128 0x4
 383 0069 B4030000 		.4byte	.LASF8
 384 006d 03       		.byte	0x3
 385 006e 3F       		.byte	0x3f
 386 006f 73000000 		.4byte	0x73
 387 0073 03       		.uleb128 0x3
 388 0074 04       		.byte	0x4
 389 0075 05       		.byte	0x5
 390 0076 6B020000 		.4byte	.LASF9
 391 007a 04       		.uleb128 0x4
 392 007b 91020000 		.4byte	.LASF10
 393 007f 03       		.byte	0x3
 394 0080 41       		.byte	0x41
 395 0081 85000000 		.4byte	0x85
 396 0085 03       		.uleb128 0x3
 397 0086 04       		.byte	0x4
 398 0087 07       		.byte	0x7
 399 0088 D3050000 		.4byte	.LASF11
ARM GAS  /tmp/ccg4QatP.s 			page 8


 400 008c 04       		.uleb128 0x4
 401 008d 6C040000 		.4byte	.LASF12
 402 0091 03       		.byte	0x3
 403 0092 5B       		.byte	0x5b
 404 0093 97000000 		.4byte	0x97
 405 0097 03       		.uleb128 0x3
 406 0098 08       		.byte	0x8
 407 0099 07       		.byte	0x7
 408 009a A2010000 		.4byte	.LASF13
 409 009e 04       		.uleb128 0x4
 410 009f 73060000 		.4byte	.LASF14
 411 00a3 04       		.byte	0x4
 412 00a4 18       		.byte	0x18
 413 00a5 48000000 		.4byte	0x48
 414 00a9 04       		.uleb128 0x4
 415 00aa D9040000 		.4byte	.LASF15
 416 00ae 04       		.byte	0x4
 417 00af 2C       		.byte	0x2c
 418 00b0 68000000 		.4byte	0x68
 419 00b4 04       		.uleb128 0x4
 420 00b5 BA060000 		.4byte	.LASF16
 421 00b9 04       		.byte	0x4
 422 00ba 30       		.byte	0x30
 423 00bb 7A000000 		.4byte	0x7a
 424 00bf 04       		.uleb128 0x4
 425 00c0 20000000 		.4byte	.LASF17
 426 00c4 04       		.byte	0x4
 427 00c5 3C       		.byte	0x3c
 428 00c6 8C000000 		.4byte	0x8c
 429 00ca 04       		.uleb128 0x4
 430 00cb 47060000 		.4byte	.LASF18
 431 00cf 05       		.byte	0x5
 432 00d0 27       		.byte	0x27
 433 00d1 B4000000 		.4byte	0xb4
 434 00d5 04       		.uleb128 0x4
 435 00d6 FF010000 		.4byte	.LASF19
 436 00da 05       		.byte	0x5
 437 00db 28       		.byte	0x28
 438 00dc BF000000 		.4byte	0xbf
 439 00e0 04       		.uleb128 0x4
 440 00e1 87030000 		.4byte	.LASF20
 441 00e5 05       		.byte	0x5
 442 00e6 2A       		.byte	0x2a
 443 00e7 9E000000 		.4byte	0x9e
 444 00eb 04       		.uleb128 0x4
 445 00ec 74020000 		.4byte	.LASF21
 446 00f0 05       		.byte	0x5
 447 00f1 2B       		.byte	0x2b
 448 00f2 9E000000 		.4byte	0x9e
 449 00f6 04       		.uleb128 0x4
 450 00f7 82040000 		.4byte	.LASF22
 451 00fb 05       		.byte	0x5
 452 00fc 2C       		.byte	0x2c
 453 00fd 9E000000 		.4byte	0x9e
 454 0101 04       		.uleb128 0x4
 455 0102 BD040000 		.4byte	.LASF23
 456 0106 05       		.byte	0x5
ARM GAS  /tmp/ccg4QatP.s 			page 9


 457 0107 2E       		.byte	0x2e
 458 0108 B4000000 		.4byte	0xb4
 459 010c 04       		.uleb128 0x4
 460 010d 60030000 		.4byte	.LASF24
 461 0111 05       		.byte	0x5
 462 0112 2F       		.byte	0x2f
 463 0113 A9000000 		.4byte	0xa9
 464 0117 04       		.uleb128 0x4
 465 0118 A8030000 		.4byte	.LASF25
 466 011c 05       		.byte	0x5
 467 011d 31       		.byte	0x31
 468 011e B4000000 		.4byte	0xb4
 469 0122 04       		.uleb128 0x4
 470 0123 D3020000 		.4byte	.LASF26
 471 0127 05       		.byte	0x5
 472 0128 33       		.byte	0x33
 473 0129 A9000000 		.4byte	0xa9
 474 012d 04       		.uleb128 0x4
 475 012e 6B030000 		.4byte	.LASF27
 476 0132 05       		.byte	0x5
 477 0133 34       		.byte	0x34
 478 0134 B4000000 		.4byte	0xb4
 479 0138 04       		.uleb128 0x4
 480 0139 F7050000 		.4byte	.LASF28
 481 013d 06       		.byte	0x6
 482 013e 34       		.byte	0x34
 483 013f 43010000 		.4byte	0x143
 484 0143 05       		.uleb128 0x5
 485 0144 4F030000 		.4byte	.LASF47
 486 0148 60       		.byte	0x60
 487 0149 07       		.byte	0x7
 488 014a 8E       		.byte	0x8e
 489 014b 2E020000 		.4byte	0x22e
 490 014f 06       		.uleb128 0x6
 491 0150 17030000 		.4byte	.LASF29
 492 0154 07       		.byte	0x7
 493 0155 8F       		.byte	0x8f
 494 0156 63020000 		.4byte	0x263
 495 015a 00       		.byte	0
 496 015b 06       		.uleb128 0x6
 497 015c 5F040000 		.4byte	.LASF30
 498 0160 07       		.byte	0x7
 499 0161 90       		.byte	0x90
 500 0162 01010000 		.4byte	0x101
 501 0166 08       		.byte	0x8
 502 0167 07       		.uleb128 0x7
 503 0168 63747800 		.ascii	"ctx\000"
 504 016c 07       		.byte	0x7
 505 016d 91       		.byte	0x91
 506 016e D9050000 		.4byte	0x5d9
 507 0172 0C       		.byte	0xc
 508 0173 06       		.uleb128 0x6
 509 0174 E1030000 		.4byte	.LASF31
 510 0178 07       		.byte	0x7
 511 0179 93       		.byte	0x93
 512 017a 39020000 		.4byte	0x239
 513 017e 10       		.byte	0x10
ARM GAS  /tmp/ccg4QatP.s 			page 10


 514 017f 06       		.uleb128 0x6
 515 0180 F1050000 		.4byte	.LASF32
 516 0184 07       		.byte	0x7
 517 0185 94       		.byte	0x94
 518 0186 39020000 		.4byte	0x239
 519 018a 14       		.byte	0x14
 520 018b 06       		.uleb128 0x6
 521 018c 4A030000 		.4byte	.LASF33
 522 0190 07       		.byte	0x7
 523 0191 9B       		.byte	0x9b
 524 0192 BF080000 		.4byte	0x8bf
 525 0196 18       		.byte	0x18
 526 0197 06       		.uleb128 0x6
 527 0198 E5050000 		.4byte	.LASF34
 528 019c 07       		.byte	0x7
 529 019d A4       		.byte	0xa4
 530 019e D1080000 		.4byte	0x8d1
 531 01a2 1C       		.byte	0x1c
 532 01a3 06       		.uleb128 0x6
 533 01a4 50020000 		.4byte	.LASF35
 534 01a8 07       		.byte	0x7
 535 01a9 A9       		.byte	0xa9
 536 01aa EB000000 		.4byte	0xeb
 537 01ae 20       		.byte	0x20
 538 01af 06       		.uleb128 0x6
 539 01b0 7B060000 		.4byte	.LASF36
 540 01b4 07       		.byte	0x7
 541 01b5 AD       		.byte	0xad
 542 01b6 E0000000 		.4byte	0xe0
 543 01ba 21       		.byte	0x21
 544 01bb 06       		.uleb128 0x6
 545 01bc A8040000 		.4byte	.LASF37
 546 01c0 07       		.byte	0x7
 547 01c1 B2       		.byte	0xb2
 548 01c2 F6000000 		.4byte	0xf6
 549 01c6 22       		.byte	0x22
 550 01c7 08       		.uleb128 0x8
 551 01c8 7500     		.ascii	"u\000"
 552 01ca 07       		.byte	0x7
 553 01cb 0301     		.2byte	0x103
 554 01cd F5070000 		.4byte	0x7f5
 555 01d1 24       		.byte	0x24
 556 01d2 09       		.uleb128 0x9
 557 01d3 B5020000 		.4byte	.LASF38
 558 01d7 07       		.byte	0x7
 559 01d8 0801     		.2byte	0x108
 560 01da 3F020000 		.4byte	0x23f
 561 01de 28       		.byte	0x28
 562 01df 09       		.uleb128 0x9
 563 01e0 D9020000 		.4byte	.LASF39
 564 01e4 07       		.byte	0x7
 565 01e5 0E01     		.2byte	0x10e
 566 01e7 63020000 		.4byte	0x263
 567 01eb 2C       		.byte	0x2c
 568 01ec 09       		.uleb128 0x9
 569 01ed 72030000 		.4byte	.LASF40
 570 01f1 07       		.byte	0x7
ARM GAS  /tmp/ccg4QatP.s 			page 11


 571 01f2 1401     		.2byte	0x114
 572 01f4 17010000 		.4byte	0x117
 573 01f8 34       		.byte	0x34
 574 01f9 09       		.uleb128 0x9
 575 01fa 9F060000 		.4byte	.LASF41
 576 01fe 07       		.byte	0x7
 577 01ff 1B01     		.2byte	0x11b
 578 0201 B9080000 		.4byte	0x8b9
 579 0205 38       		.byte	0x38
 580 0206 09       		.uleb128 0x9
 581 0207 EE030000 		.4byte	.LASF42
 582 020b 07       		.byte	0x7
 583 020c 1F01     		.2byte	0x11f
 584 020e 01010000 		.4byte	0x101
 585 0212 3C       		.byte	0x3c
 586 0213 09       		.uleb128 0x9
 587 0214 1D030000 		.4byte	.LASF43
 588 0218 07       		.byte	0x7
 589 0219 2601     		.2byte	0x126
 590 021b 16030000 		.4byte	0x316
 591 021f 40       		.byte	0x40
 592 0220 09       		.uleb128 0x9
 593 0221 82020000 		.4byte	.LASF44
 594 0225 07       		.byte	0x7
 595 0226 2C01     		.2byte	0x12c
 596 0228 A6070000 		.4byte	0x7a6
 597 022c 48       		.byte	0x48
 598 022d 00       		.byte	0
 599 022e 04       		.uleb128 0x4
 600 022f 00040000 		.4byte	.LASF45
 601 0233 06       		.byte	0x6
 602 0234 39       		.byte	0x39
 603 0235 39020000 		.4byte	0x239
 604 0239 0A       		.uleb128 0xa
 605 023a 04       		.byte	0x4
 606 023b 38010000 		.4byte	0x138
 607 023f 04       		.uleb128 0x4
 608 0240 90060000 		.4byte	.LASF46
 609 0244 06       		.byte	0x6
 610 0245 3E       		.byte	0x3e
 611 0246 4A020000 		.4byte	0x24a
 612 024a 05       		.uleb128 0x5
 613 024b B7050000 		.4byte	.LASF48
 614 024f 04       		.byte	0x4
 615 0250 07       		.byte	0x7
 616 0251 7C       		.byte	0x7c
 617 0252 63020000 		.4byte	0x263
 618 0256 06       		.uleb128 0x6
 619 0257 FA010000 		.4byte	.LASF49
 620 025b 07       		.byte	0x7
 621 025c 7D       		.byte	0x7d
 622 025d 39020000 		.4byte	0x239
 623 0261 00       		.byte	0
 624 0262 00       		.byte	0
 625 0263 04       		.uleb128 0x4
 626 0264 54060000 		.4byte	.LASF50
 627 0268 06       		.byte	0x6
ARM GAS  /tmp/ccg4QatP.s 			page 12


 628 0269 45       		.byte	0x45
 629 026a 6E020000 		.4byte	0x26e
 630 026e 05       		.uleb128 0x5
 631 026f 78000000 		.4byte	.LASF51
 632 0273 08       		.byte	0x8
 633 0274 07       		.byte	0x7
 634 0275 83       		.byte	0x83
 635 0276 93020000 		.4byte	0x293
 636 027a 06       		.uleb128 0x6
 637 027b FA010000 		.4byte	.LASF49
 638 027f 07       		.byte	0x7
 639 0280 84       		.byte	0x84
 640 0281 39020000 		.4byte	0x239
 641 0285 00       		.byte	0
 642 0286 06       		.uleb128 0x6
 643 0287 67000000 		.4byte	.LASF52
 644 028b 07       		.byte	0x7
 645 028c 85       		.byte	0x85
 646 028d 39020000 		.4byte	0x239
 647 0291 04       		.byte	0x4
 648 0292 00       		.byte	0
 649 0293 04       		.uleb128 0x4
 650 0294 00000000 		.4byte	.LASF53
 651 0298 06       		.byte	0x6
 652 0299 4C       		.byte	0x4c
 653 029a 9E020000 		.4byte	0x29e
 654 029e 0B       		.uleb128 0xb
 655 029f 9A030000 		.4byte	.LASF54
 656 02a3 1C       		.byte	0x1c
 657 02a4 07       		.byte	0x7
 658 02a5 5E01     		.2byte	0x15e
 659 02a7 FA020000 		.4byte	0x2fa
 660 02ab 09       		.uleb128 0x9
 661 02ac 17030000 		.4byte	.LASF29
 662 02b0 07       		.byte	0x7
 663 02b1 5F01     		.2byte	0x15f
 664 02b3 63020000 		.4byte	0x263
 665 02b7 00       		.byte	0
 666 02b8 09       		.uleb128 0x9
 667 02b9 5F040000 		.4byte	.LASF30
 668 02bd 07       		.byte	0x7
 669 02be 6001     		.2byte	0x160
 670 02c0 01010000 		.4byte	0x101
 671 02c4 08       		.byte	0x8
 672 02c5 08       		.uleb128 0x8
 673 02c6 63747800 		.ascii	"ctx\000"
 674 02ca 07       		.byte	0x7
 675 02cb 6201     		.2byte	0x162
 676 02cd D9050000 		.4byte	0x5d9
 677 02d1 0C       		.byte	0xc
 678 02d2 09       		.uleb128 0x9
 679 02d3 E1030000 		.4byte	.LASF31
 680 02d7 07       		.byte	0x7
 681 02d8 6501     		.2byte	0x165
 682 02da 39020000 		.4byte	0x239
 683 02de 10       		.byte	0x10
 684 02df 09       		.uleb128 0x9
ARM GAS  /tmp/ccg4QatP.s 			page 13


 685 02e0 F1050000 		.4byte	.LASF32
 686 02e4 07       		.byte	0x7
 687 02e5 6601     		.2byte	0x166
 688 02e7 39020000 		.4byte	0x239
 689 02eb 14       		.byte	0x14
 690 02ec 09       		.uleb128 0x9
 691 02ed 64040000 		.4byte	.LASF55
 692 02f1 07       		.byte	0x7
 693 02f2 6901     		.2byte	0x169
 694 02f4 39020000 		.4byte	0x239
 695 02f8 18       		.byte	0x18
 696 02f9 00       		.byte	0
 697 02fa 04       		.uleb128 0x4
 698 02fb 24060000 		.4byte	.LASF56
 699 02ff 06       		.byte	0x6
 700 0300 51       		.byte	0x51
 701 0301 05030000 		.4byte	0x305
 702 0305 0A       		.uleb128 0xa
 703 0306 04       		.byte	0x4
 704 0307 0B030000 		.4byte	0x30b
 705 030b 0C       		.uleb128 0xc
 706 030c 16030000 		.4byte	0x316
 707 0310 0D       		.uleb128 0xd
 708 0311 16030000 		.4byte	0x316
 709 0315 00       		.byte	0
 710 0316 0E       		.uleb128 0xe
 711 0317 04       		.byte	0x4
 712 0318 04       		.uleb128 0x4
 713 0319 AD040000 		.4byte	.LASF57
 714 031d 06       		.byte	0x6
 715 031e 56       		.byte	0x56
 716 031f 23030000 		.4byte	0x323
 717 0323 0B       		.uleb128 0xb
 718 0324 48050000 		.4byte	.LASF58
 719 0328 14       		.byte	0x14
 720 0329 07       		.byte	0x7
 721 032a 3901     		.2byte	0x139
 722 032c 72030000 		.4byte	0x372
 723 0330 09       		.uleb128 0x9
 724 0331 FA010000 		.4byte	.LASF49
 725 0335 07       		.byte	0x7
 726 0336 3A01     		.2byte	0x13a
 727 0338 D7080000 		.4byte	0x8d7
 728 033c 00       		.byte	0
 729 033d 09       		.uleb128 0x9
 730 033e 67000000 		.4byte	.LASF52
 731 0342 07       		.byte	0x7
 732 0343 3B01     		.2byte	0x13b
 733 0345 D7080000 		.4byte	0x8d7
 734 0349 04       		.byte	0x4
 735 034a 09       		.uleb128 0x9
 736 034b 13000000 		.4byte	.LASF59
 737 034f 07       		.byte	0x7
 738 0350 3C01     		.2byte	0x13c
 739 0352 56040000 		.4byte	0x456
 740 0356 08       		.byte	0x8
 741 0357 09       		.uleb128 0x9
ARM GAS  /tmp/ccg4QatP.s 			page 14


 742 0358 7D020000 		.4byte	.LASF60
 743 035c 07       		.byte	0x7
 744 035d 3D01     		.2byte	0x13d
 745 035f FA020000 		.4byte	0x2fa
 746 0363 0C       		.byte	0xc
 747 0364 08       		.uleb128 0x8
 748 0365 70617200 		.ascii	"par\000"
 749 0369 07       		.byte	0x7
 750 036a 3F01     		.2byte	0x13f
 751 036c 16030000 		.4byte	0x316
 752 0370 10       		.byte	0x10
 753 0371 00       		.byte	0
 754 0372 04       		.uleb128 0x4
 755 0373 D5010000 		.4byte	.LASF61
 756 0377 06       		.byte	0x6
 757 0378 5B       		.byte	0x5b
 758 0379 7D030000 		.4byte	0x37d
 759 037d 0B       		.uleb128 0xb
 760 037e 13040000 		.4byte	.LASF62
 761 0382 10       		.byte	0x10
 762 0383 07       		.byte	0x7
 763 0384 4901     		.2byte	0x149
 764 0386 BF030000 		.4byte	0x3bf
 765 038a 09       		.uleb128 0x9
 766 038b FA010000 		.4byte	.LASF49
 767 038f 07       		.byte	0x7
 768 0390 4A01     		.2byte	0x14a
 769 0392 D7080000 		.4byte	0x8d7
 770 0396 00       		.byte	0
 771 0397 09       		.uleb128 0x9
 772 0398 67000000 		.4byte	.LASF52
 773 039c 07       		.byte	0x7
 774 039d 4C01     		.2byte	0x14c
 775 039f D7080000 		.4byte	0x8d7
 776 03a3 04       		.byte	0x4
 777 03a4 09       		.uleb128 0x9
 778 03a5 13000000 		.4byte	.LASF59
 779 03a9 07       		.byte	0x7
 780 03aa 4E01     		.2byte	0x14e
 781 03ac 56040000 		.4byte	0x456
 782 03b0 08       		.byte	0x8
 783 03b1 09       		.uleb128 0x9
 784 03b2 2E050000 		.4byte	.LASF63
 785 03b6 07       		.byte	0x7
 786 03b7 5601     		.2byte	0x156
 787 03b9 4B040000 		.4byte	0x44b
 788 03bd 0C       		.byte	0xc
 789 03be 00       		.byte	0
 790 03bf 04       		.uleb128 0x4
 791 03c0 89000000 		.4byte	.LASF64
 792 03c4 06       		.byte	0x6
 793 03c5 60       		.byte	0x60
 794 03c6 CA030000 		.4byte	0x3ca
 795 03ca 0B       		.uleb128 0xb
 796 03cb A5020000 		.4byte	.LASF65
 797 03cf 04       		.byte	0x4
 798 03d0 07       		.byte	0x7
ARM GAS  /tmp/ccg4QatP.s 			page 15


 799 03d1 7001     		.2byte	0x170
 800 03d3 E5030000 		.4byte	0x3e5
 801 03d7 09       		.uleb128 0x9
 802 03d8 2D060000 		.4byte	.LASF66
 803 03dc 07       		.byte	0x7
 804 03dd 7801     		.2byte	0x178
 805 03df DD080000 		.4byte	0x8dd
 806 03e3 00       		.byte	0
 807 03e4 00       		.byte	0
 808 03e5 04       		.uleb128 0x4
 809 03e6 7B030000 		.4byte	.LASF67
 810 03ea 06       		.byte	0x6
 811 03eb 65       		.byte	0x65
 812 03ec F0030000 		.4byte	0x3f0
 813 03f0 0B       		.uleb128 0xb
 814 03f1 3E050000 		.4byte	.LASF68
 815 03f5 D0       		.byte	0xd0
 816 03f6 07       		.byte	0x7
 817 03f7 9001     		.2byte	0x190
 818 03f9 4B040000 		.4byte	0x44b
 819 03fd 09       		.uleb128 0x9
 820 03fe 6D060000 		.4byte	.LASF69
 821 0402 07       		.byte	0x7
 822 0403 9401     		.2byte	0x194
 823 0405 93020000 		.4byte	0x293
 824 0409 00       		.byte	0
 825 040a 09       		.uleb128 0x9
 826 040b 33020000 		.4byte	.LASF70
 827 040f 07       		.byte	0x7
 828 0410 9801     		.2byte	0x198
 829 0412 72030000 		.4byte	0x372
 830 0416 1C       		.byte	0x1c
 831 0417 08       		.uleb128 0x8
 832 0418 64626700 		.ascii	"dbg\000"
 833 041c 07       		.byte	0x7
 834 041d 9C01     		.2byte	0x19c
 835 041f BF030000 		.4byte	0x3bf
 836 0423 2C       		.byte	0x2c
 837 0424 09       		.uleb128 0x9
 838 0425 C2010000 		.4byte	.LASF71
 839 0429 07       		.byte	0x7
 840 042a A001     		.2byte	0x1a0
 841 042c 38010000 		.4byte	0x138
 842 0430 30       		.byte	0x30
 843 0431 08       		.uleb128 0x8
 844 0432 746D00   		.ascii	"tm\000"
 845 0435 07       		.byte	0x7
 846 0436 A501     		.2byte	0x1a5
 847 0438 58070000 		.4byte	0x758
 848 043c 90       		.byte	0x90
 849 043d 09       		.uleb128 0x9
 850 043e 29000000 		.4byte	.LASF72
 851 0442 07       		.byte	0x7
 852 0443 AB01     		.2byte	0x1ab
 853 0445 EA070000 		.4byte	0x7ea
 854 0449 98       		.byte	0x98
 855 044a 00       		.byte	0
ARM GAS  /tmp/ccg4QatP.s 			page 16


 856 044b 04       		.uleb128 0x4
 857 044c 1A060000 		.4byte	.LASF73
 858 0450 08       		.byte	0x8
 859 0451 6D       		.byte	0x6d
 860 0452 B4000000 		.4byte	0xb4
 861 0456 04       		.uleb128 0x4
 862 0457 C5020000 		.4byte	.LASF74
 863 045b 08       		.byte	0x8
 864 045c 79       		.byte	0x79
 865 045d B4000000 		.4byte	0xb4
 866 0461 03       		.uleb128 0x3
 867 0462 04       		.byte	0x4
 868 0463 07       		.byte	0x7
 869 0464 F7030000 		.4byte	.LASF75
 870 0468 0F       		.uleb128 0xf
 871 0469 B4000000 		.4byte	0xb4
 872 046d 10       		.uleb128 0x10
 873 046e 68040000 		.4byte	0x468
 874 0472 11       		.uleb128 0x11
 875 0473 B4000000 		.4byte	0xb4
 876 0477 82040000 		.4byte	0x482
 877 047b 12       		.uleb128 0x12
 878 047c 61040000 		.4byte	0x461
 879 0480 00       		.byte	0
 880 0481 00       		.byte	0
 881 0482 13       		.uleb128 0x13
 882 0483 5C       		.byte	0x5c
 883 0484 09       		.byte	0x9
 884 0485 9203     		.2byte	0x392
 885 0487 B7050000 		.4byte	0x5b7
 886 048b 09       		.uleb128 0x9
 887 048c 4F060000 		.4byte	.LASF76
 888 0490 09       		.byte	0x9
 889 0491 9403     		.2byte	0x394
 890 0493 68040000 		.4byte	0x468
 891 0497 00       		.byte	0
 892 0498 09       		.uleb128 0x9
 893 0499 E7030000 		.4byte	.LASF77
 894 049d 09       		.byte	0x9
 895 049e 9503     		.2byte	0x395
 896 04a0 68040000 		.4byte	0x468
 897 04a4 04       		.byte	0x4
 898 04a5 09       		.uleb128 0x9
 899 04a6 2C020000 		.4byte	.LASF78
 900 04aa 09       		.byte	0x9
 901 04ab 9603     		.2byte	0x396
 902 04ad 68040000 		.4byte	0x468
 903 04b1 08       		.byte	0x8
 904 04b2 09       		.uleb128 0x9
 905 04b3 59030000 		.4byte	.LASF79
 906 04b7 09       		.byte	0x9
 907 04b8 9703     		.2byte	0x397
 908 04ba 68040000 		.4byte	0x468
 909 04be 0C       		.byte	0xc
 910 04bf 09       		.uleb128 0x9
 911 04c0 88020000 		.4byte	.LASF80
 912 04c4 09       		.byte	0x9
ARM GAS  /tmp/ccg4QatP.s 			page 17


 913 04c5 9803     		.2byte	0x398
 914 04c7 68040000 		.4byte	0x468
 915 04cb 10       		.byte	0x10
 916 04cc 09       		.uleb128 0x9
 917 04cd 66050000 		.4byte	.LASF81
 918 04d1 09       		.byte	0x9
 919 04d2 9903     		.2byte	0x399
 920 04d4 68040000 		.4byte	0x468
 921 04d8 14       		.byte	0x14
 922 04d9 09       		.uleb128 0x9
 923 04da 81060000 		.4byte	.LASF82
 924 04de 09       		.byte	0x9
 925 04df 9A03     		.2byte	0x39a
 926 04e1 68040000 		.4byte	0x468
 927 04e5 18       		.byte	0x18
 928 04e6 09       		.uleb128 0x9
 929 04e7 C5040000 		.4byte	.LASF83
 930 04eb 09       		.byte	0x9
 931 04ec 9B03     		.2byte	0x39b
 932 04ee 6D040000 		.4byte	0x46d
 933 04f2 1C       		.byte	0x1c
 934 04f3 09       		.uleb128 0x9
 935 04f4 47040000 		.4byte	.LASF84
 936 04f8 09       		.byte	0x9
 937 04f9 9C03     		.2byte	0x39c
 938 04fb 68040000 		.4byte	0x468
 939 04ff 20       		.byte	0x20
 940 0500 09       		.uleb128 0x9
 941 0501 E2020000 		.4byte	.LASF85
 942 0505 09       		.byte	0x9
 943 0506 9D03     		.2byte	0x39d
 944 0508 68040000 		.4byte	0x468
 945 050c 24       		.byte	0x24
 946 050d 09       		.uleb128 0x9
 947 050e FC040000 		.4byte	.LASF86
 948 0512 09       		.byte	0x9
 949 0513 9E03     		.2byte	0x39e
 950 0515 68040000 		.4byte	0x468
 951 0519 28       		.byte	0x28
 952 051a 09       		.uleb128 0x9
 953 051b 8A040000 		.4byte	.LASF87
 954 051f 09       		.byte	0x9
 955 0520 9F03     		.2byte	0x39f
 956 0522 72040000 		.4byte	0x472
 957 0526 2C       		.byte	0x2c
 958 0527 09       		.uleb128 0x9
 959 0528 4D040000 		.4byte	.LASF88
 960 052c 09       		.byte	0x9
 961 052d A003     		.2byte	0x3a0
 962 052f 68040000 		.4byte	0x468
 963 0533 30       		.byte	0x30
 964 0534 09       		.uleb128 0x9
 965 0535 D3040000 		.4byte	.LASF89
 966 0539 09       		.byte	0x9
 967 053a A103     		.2byte	0x3a1
 968 053c 68040000 		.4byte	0x468
 969 0540 34       		.byte	0x34
ARM GAS  /tmp/ccg4QatP.s 			page 18


 970 0541 09       		.uleb128 0x9
 971 0542 06050000 		.4byte	.LASF90
 972 0546 09       		.byte	0x9
 973 0547 A203     		.2byte	0x3a2
 974 0549 68040000 		.4byte	0x468
 975 054d 38       		.byte	0x38
 976 054e 09       		.uleb128 0x9
 977 054f 94040000 		.4byte	.LASF91
 978 0553 09       		.byte	0x9
 979 0554 A303     		.2byte	0x3a3
 980 0556 72040000 		.4byte	0x472
 981 055a 3C       		.byte	0x3c
 982 055b 09       		.uleb128 0x9
 983 055c 53040000 		.4byte	.LASF92
 984 0560 09       		.byte	0x9
 985 0561 A403     		.2byte	0x3a4
 986 0563 68040000 		.4byte	0x468
 987 0567 40       		.byte	0x40
 988 0568 09       		.uleb128 0x9
 989 0569 F5020000 		.4byte	.LASF93
 990 056d 09       		.byte	0x9
 991 056e A503     		.2byte	0x3a5
 992 0570 68040000 		.4byte	0x468
 993 0574 44       		.byte	0x44
 994 0575 09       		.uleb128 0x9
 995 0576 10050000 		.4byte	.LASF94
 996 057a 09       		.byte	0x9
 997 057b A603     		.2byte	0x3a6
 998 057d 68040000 		.4byte	0x468
 999 0581 48       		.byte	0x48
 1000 0582 09       		.uleb128 0x9
 1001 0583 9E040000 		.4byte	.LASF95
 1002 0587 09       		.byte	0x9
 1003 0588 A703     		.2byte	0x3a7
 1004 058a 72040000 		.4byte	0x472
 1005 058e 4C       		.byte	0x4c
 1006 058f 09       		.uleb128 0x9
 1007 0590 59040000 		.4byte	.LASF96
 1008 0594 09       		.byte	0x9
 1009 0595 A803     		.2byte	0x3a8
 1010 0597 68040000 		.4byte	0x468
 1011 059b 50       		.byte	0x50
 1012 059c 09       		.uleb128 0x9
 1013 059d FB020000 		.4byte	.LASF97
 1014 05a1 09       		.byte	0x9
 1015 05a2 A903     		.2byte	0x3a9
 1016 05a4 68040000 		.4byte	0x468
 1017 05a8 54       		.byte	0x54
 1018 05a9 09       		.uleb128 0x9
 1019 05aa 1A050000 		.4byte	.LASF98
 1020 05ae 09       		.byte	0x9
 1021 05af AA03     		.2byte	0x3aa
 1022 05b1 68040000 		.4byte	0x468
 1023 05b5 58       		.byte	0x58
 1024 05b6 00       		.byte	0
 1025 05b7 14       		.uleb128 0x14
 1026 05b8 3E060000 		.4byte	.LASF99
ARM GAS  /tmp/ccg4QatP.s 			page 19


 1027 05bc 09       		.byte	0x9
 1028 05bd AB03     		.2byte	0x3ab
 1029 05bf 82040000 		.4byte	0x482
 1030 05c3 04       		.uleb128 0x4
 1031 05c4 9C020000 		.4byte	.LASF100
 1032 05c8 0A       		.byte	0xa
 1033 05c9 65       		.byte	0x65
 1034 05ca 16030000 		.4byte	0x316
 1035 05ce 04       		.uleb128 0x4
 1036 05cf D6030000 		.4byte	.LASF101
 1037 05d3 0A       		.byte	0xa
 1038 05d4 6D       		.byte	0x6d
 1039 05d5 BF000000 		.4byte	0xbf
 1040 05d9 05       		.uleb128 0x5
 1041 05da 7C010000 		.4byte	.LASF102
 1042 05de 04       		.byte	0x4
 1043 05df 0A       		.byte	0xa
 1044 05e0 89       		.byte	0x89
 1045 05e1 F1050000 		.4byte	0x5f1
 1046 05e5 07       		.uleb128 0x7
 1047 05e6 737000   		.ascii	"sp\000"
 1048 05e9 0A       		.byte	0xa
 1049 05ea 8A       		.byte	0x8a
 1050 05eb 3D070000 		.4byte	0x73d
 1051 05ef 00       		.byte	0
 1052 05f0 00       		.byte	0
 1053 05f1 0B       		.uleb128 0xb
 1054 05f2 6C000000 		.4byte	.LASF103
 1055 05f6 64       		.byte	0x64
 1056 05f7 02       		.byte	0x2
 1057 05f8 5901     		.2byte	0x159
 1058 05fa 3D070000 		.4byte	0x73d
 1059 05fe 08       		.uleb128 0x8
 1060 05ff 73313600 		.ascii	"s16\000"
 1061 0603 02       		.byte	0x2
 1062 0604 5B01     		.2byte	0x15b
 1063 0606 C3050000 		.4byte	0x5c3
 1064 060a 00       		.byte	0
 1065 060b 08       		.uleb128 0x8
 1066 060c 73313700 		.ascii	"s17\000"
 1067 0610 02       		.byte	0x2
 1068 0611 5C01     		.2byte	0x15c
 1069 0613 C3050000 		.4byte	0x5c3
 1070 0617 04       		.byte	0x4
 1071 0618 08       		.uleb128 0x8
 1072 0619 73313800 		.ascii	"s18\000"
 1073 061d 02       		.byte	0x2
 1074 061e 5D01     		.2byte	0x15d
 1075 0620 C3050000 		.4byte	0x5c3
 1076 0624 08       		.byte	0x8
 1077 0625 08       		.uleb128 0x8
 1078 0626 73313900 		.ascii	"s19\000"
 1079 062a 02       		.byte	0x2
 1080 062b 5E01     		.2byte	0x15e
 1081 062d C3050000 		.4byte	0x5c3
 1082 0631 0C       		.byte	0xc
 1083 0632 08       		.uleb128 0x8
ARM GAS  /tmp/ccg4QatP.s 			page 20


 1084 0633 73323000 		.ascii	"s20\000"
 1085 0637 02       		.byte	0x2
 1086 0638 5F01     		.2byte	0x15f
 1087 063a C3050000 		.4byte	0x5c3
 1088 063e 10       		.byte	0x10
 1089 063f 08       		.uleb128 0x8
 1090 0640 73323100 		.ascii	"s21\000"
 1091 0644 02       		.byte	0x2
 1092 0645 6001     		.2byte	0x160
 1093 0647 C3050000 		.4byte	0x5c3
 1094 064b 14       		.byte	0x14
 1095 064c 08       		.uleb128 0x8
 1096 064d 73323200 		.ascii	"s22\000"
 1097 0651 02       		.byte	0x2
 1098 0652 6101     		.2byte	0x161
 1099 0654 C3050000 		.4byte	0x5c3
 1100 0658 18       		.byte	0x18
 1101 0659 08       		.uleb128 0x8
 1102 065a 73323300 		.ascii	"s23\000"
 1103 065e 02       		.byte	0x2
 1104 065f 6201     		.2byte	0x162
 1105 0661 C3050000 		.4byte	0x5c3
 1106 0665 1C       		.byte	0x1c
 1107 0666 08       		.uleb128 0x8
 1108 0667 73323400 		.ascii	"s24\000"
 1109 066b 02       		.byte	0x2
 1110 066c 6301     		.2byte	0x163
 1111 066e C3050000 		.4byte	0x5c3
 1112 0672 20       		.byte	0x20
 1113 0673 08       		.uleb128 0x8
 1114 0674 73323500 		.ascii	"s25\000"
 1115 0678 02       		.byte	0x2
 1116 0679 6401     		.2byte	0x164
 1117 067b C3050000 		.4byte	0x5c3
 1118 067f 24       		.byte	0x24
 1119 0680 08       		.uleb128 0x8
 1120 0681 73323600 		.ascii	"s26\000"
 1121 0685 02       		.byte	0x2
 1122 0686 6501     		.2byte	0x165
 1123 0688 C3050000 		.4byte	0x5c3
 1124 068c 28       		.byte	0x28
 1125 068d 08       		.uleb128 0x8
 1126 068e 73323700 		.ascii	"s27\000"
 1127 0692 02       		.byte	0x2
 1128 0693 6601     		.2byte	0x166
 1129 0695 C3050000 		.4byte	0x5c3
 1130 0699 2C       		.byte	0x2c
 1131 069a 08       		.uleb128 0x8
 1132 069b 73323800 		.ascii	"s28\000"
 1133 069f 02       		.byte	0x2
 1134 06a0 6701     		.2byte	0x167
 1135 06a2 C3050000 		.4byte	0x5c3
 1136 06a6 30       		.byte	0x30
 1137 06a7 08       		.uleb128 0x8
 1138 06a8 73323900 		.ascii	"s29\000"
 1139 06ac 02       		.byte	0x2
 1140 06ad 6801     		.2byte	0x168
ARM GAS  /tmp/ccg4QatP.s 			page 21


 1141 06af C3050000 		.4byte	0x5c3
 1142 06b3 34       		.byte	0x34
 1143 06b4 08       		.uleb128 0x8
 1144 06b5 73333000 		.ascii	"s30\000"
 1145 06b9 02       		.byte	0x2
 1146 06ba 6901     		.2byte	0x169
 1147 06bc C3050000 		.4byte	0x5c3
 1148 06c0 38       		.byte	0x38
 1149 06c1 08       		.uleb128 0x8
 1150 06c2 73333100 		.ascii	"s31\000"
 1151 06c6 02       		.byte	0x2
 1152 06c7 6A01     		.2byte	0x16a
 1153 06c9 C3050000 		.4byte	0x5c3
 1154 06cd 3C       		.byte	0x3c
 1155 06ce 08       		.uleb128 0x8
 1156 06cf 723400   		.ascii	"r4\000"
 1157 06d2 02       		.byte	0x2
 1158 06d3 6C01     		.2byte	0x16c
 1159 06d5 C3050000 		.4byte	0x5c3
 1160 06d9 40       		.byte	0x40
 1161 06da 08       		.uleb128 0x8
 1162 06db 723500   		.ascii	"r5\000"
 1163 06de 02       		.byte	0x2
 1164 06df 6D01     		.2byte	0x16d
 1165 06e1 C3050000 		.4byte	0x5c3
 1166 06e5 44       		.byte	0x44
 1167 06e6 08       		.uleb128 0x8
 1168 06e7 723600   		.ascii	"r6\000"
 1169 06ea 02       		.byte	0x2
 1170 06eb 6E01     		.2byte	0x16e
 1171 06ed C3050000 		.4byte	0x5c3
 1172 06f1 48       		.byte	0x48
 1173 06f2 08       		.uleb128 0x8
 1174 06f3 723700   		.ascii	"r7\000"
 1175 06f6 02       		.byte	0x2
 1176 06f7 6F01     		.2byte	0x16f
 1177 06f9 C3050000 		.4byte	0x5c3
 1178 06fd 4C       		.byte	0x4c
 1179 06fe 08       		.uleb128 0x8
 1180 06ff 723800   		.ascii	"r8\000"
 1181 0702 02       		.byte	0x2
 1182 0703 7001     		.2byte	0x170
 1183 0705 C3050000 		.4byte	0x5c3
 1184 0709 50       		.byte	0x50
 1185 070a 08       		.uleb128 0x8
 1186 070b 723900   		.ascii	"r9\000"
 1187 070e 02       		.byte	0x2
 1188 070f 7101     		.2byte	0x171
 1189 0711 C3050000 		.4byte	0x5c3
 1190 0715 54       		.byte	0x54
 1191 0716 08       		.uleb128 0x8
 1192 0717 72313000 		.ascii	"r10\000"
 1193 071b 02       		.byte	0x2
 1194 071c 7201     		.2byte	0x172
 1195 071e C3050000 		.4byte	0x5c3
 1196 0722 58       		.byte	0x58
 1197 0723 08       		.uleb128 0x8
ARM GAS  /tmp/ccg4QatP.s 			page 22


 1198 0724 72313100 		.ascii	"r11\000"
 1199 0728 02       		.byte	0x2
 1200 0729 7301     		.2byte	0x173
 1201 072b C3050000 		.4byte	0x5c3
 1202 072f 5C       		.byte	0x5c
 1203 0730 08       		.uleb128 0x8
 1204 0731 6C7200   		.ascii	"lr\000"
 1205 0734 02       		.byte	0x2
 1206 0735 7401     		.2byte	0x174
 1207 0737 C3050000 		.4byte	0x5c3
 1208 073b 60       		.byte	0x60
 1209 073c 00       		.byte	0
 1210 073d 0A       		.uleb128 0xa
 1211 073e 04       		.byte	0x4
 1212 073f F1050000 		.4byte	0x5f1
 1213 0743 15       		.uleb128 0x15
 1214 0744 04       		.byte	0x4
 1215 0745 0B       		.byte	0xb
 1216 0746 38       		.byte	0x38
 1217 0747 58070000 		.4byte	0x758
 1218 074b 06       		.uleb128 0x6
 1219 074c 37060000 		.4byte	.LASF104
 1220 0750 0B       		.byte	0xb
 1221 0751 3C       		.byte	0x3c
 1222 0752 CA000000 		.4byte	0xca
 1223 0756 00       		.byte	0
 1224 0757 00       		.byte	0
 1225 0758 04       		.uleb128 0x4
 1226 0759 36040000 		.4byte	.LASF105
 1227 075d 0B       		.byte	0xb
 1228 075e 3D       		.byte	0x3d
 1229 075f 43070000 		.4byte	0x743
 1230 0763 15       		.uleb128 0x15
 1231 0764 18       		.byte	0x18
 1232 0765 0B       		.byte	0xb
 1233 0766 48       		.byte	0x48
 1234 0767 A6070000 		.4byte	0x7a6
 1235 076b 06       		.uleb128 0x6
 1236 076c 23030000 		.4byte	.LASF106
 1237 0770 0B       		.byte	0xb
 1238 0771 49       		.byte	0x49
 1239 0772 CA000000 		.4byte	0xca
 1240 0776 00       		.byte	0
 1241 0777 06       		.uleb128 0x6
 1242 0778 89010000 		.4byte	.LASF107
 1243 077c 0B       		.byte	0xb
 1244 077d 4A       		.byte	0x4a
 1245 077e CA000000 		.4byte	0xca
 1246 0782 04       		.byte	0x4
 1247 0783 06       		.uleb128 0x6
 1248 0784 66030000 		.4byte	.LASF108
 1249 0788 0B       		.byte	0xb
 1250 0789 4B       		.byte	0x4b
 1251 078a CA000000 		.4byte	0xca
 1252 078e 08       		.byte	0x8
 1253 078f 07       		.uleb128 0x7
 1254 0790 6E00     		.ascii	"n\000"
ARM GAS  /tmp/ccg4QatP.s 			page 23


 1255 0792 0B       		.byte	0xb
 1256 0793 4C       		.byte	0x4c
 1257 0794 2D010000 		.4byte	0x12d
 1258 0798 0C       		.byte	0xc
 1259 0799 06       		.uleb128 0x6
 1260 079a 77040000 		.4byte	.LASF109
 1261 079e 0B       		.byte	0xb
 1262 079f 4D       		.byte	0x4d
 1263 07a0 D5000000 		.4byte	0xd5
 1264 07a4 10       		.byte	0x10
 1265 07a5 00       		.byte	0
 1266 07a6 04       		.uleb128 0x4
 1267 07a7 8F010000 		.4byte	.LASF110
 1268 07ab 0B       		.byte	0xb
 1269 07ac 4E       		.byte	0x4e
 1270 07ad 63070000 		.4byte	0x763
 1271 07b1 15       		.uleb128 0x15
 1272 07b2 38       		.byte	0x38
 1273 07b3 0C       		.byte	0xc
 1274 07b4 38       		.byte	0x38
 1275 07b5 EA070000 		.4byte	0x7ea
 1276 07b9 06       		.uleb128 0x6
 1277 07ba 11030000 		.4byte	.LASF111
 1278 07be 0C       		.byte	0xc
 1279 07bf 39       		.byte	0x39
 1280 07c0 2D010000 		.4byte	0x12d
 1281 07c4 00       		.byte	0
 1282 07c5 06       		.uleb128 0x6
 1283 07c6 CA040000 		.4byte	.LASF112
 1284 07ca 0C       		.byte	0xc
 1285 07cb 3A       		.byte	0x3a
 1286 07cc 2D010000 		.4byte	0x12d
 1287 07d0 04       		.byte	0x4
 1288 07d1 06       		.uleb128 0x6
 1289 07d2 AF060000 		.4byte	.LASF113
 1290 07d6 0C       		.byte	0xc
 1291 07d7 3B       		.byte	0x3b
 1292 07d8 A6070000 		.4byte	0x7a6
 1293 07dc 08       		.byte	0x8
 1294 07dd 06       		.uleb128 0x6
 1295 07de 8F030000 		.4byte	.LASF114
 1296 07e2 0C       		.byte	0xc
 1297 07e3 3D       		.byte	0x3d
 1298 07e4 A6070000 		.4byte	0x7a6
 1299 07e8 20       		.byte	0x20
 1300 07e9 00       		.byte	0
 1301 07ea 04       		.uleb128 0x4
 1302 07eb 3B030000 		.4byte	.LASF115
 1303 07ef 0C       		.byte	0xc
 1304 07f0 3F       		.byte	0x3f
 1305 07f1 B1070000 		.4byte	0x7b1
 1306 07f5 16       		.uleb128 0x16
 1307 07f6 04       		.byte	0x4
 1308 07f7 07       		.byte	0x7
 1309 07f8 C6       		.byte	0xc6
 1310 07f9 57080000 		.4byte	0x857
 1311 07fd 17       		.uleb128 0x17
ARM GAS  /tmp/ccg4QatP.s 			page 24


 1312 07fe 19000000 		.4byte	.LASF116
 1313 0802 07       		.byte	0x7
 1314 0803 CD       		.byte	0xcd
 1315 0804 0C010000 		.4byte	0x10c
 1316 0808 17       		.uleb128 0x17
 1317 0809 B9010000 		.4byte	.LASF117
 1318 080d 07       		.byte	0x7
 1319 080e D4       		.byte	0xd4
 1320 080f 0C010000 		.4byte	0x10c
 1321 0813 17       		.uleb128 0x17
 1322 0814 89060000 		.4byte	.LASF118
 1323 0818 07       		.byte	0x7
 1324 0819 DB       		.byte	0xdb
 1325 081a 16030000 		.4byte	0x316
 1326 081e 17       		.uleb128 0x17
 1327 081f 0D000000 		.4byte	.LASF119
 1328 0823 07       		.byte	0x7
 1329 0824 E2       		.byte	0xe2
 1330 0825 57080000 		.4byte	0x857
 1331 0829 17       		.uleb128 0x17
 1332 082a A7060000 		.4byte	.LASF120
 1333 082e 07       		.byte	0x7
 1334 082f E7       		.byte	0xe7
 1335 0830 0C010000 		.4byte	0x10c
 1336 0834 17       		.uleb128 0x17
 1337 0835 01030000 		.4byte	.LASF121
 1338 0839 07       		.byte	0x7
 1339 083a F0       		.byte	0xf0
 1340 083b 82080000 		.4byte	0x882
 1341 083f 17       		.uleb128 0x17
 1342 0840 B0050000 		.4byte	.LASF122
 1343 0844 07       		.byte	0x7
 1344 0845 F9       		.byte	0xf9
 1345 0846 B9080000 		.4byte	0x8b9
 1346 084a 18       		.uleb128 0x18
 1347 084b 37050000 		.4byte	.LASF123
 1348 084f 07       		.byte	0x7
 1349 0850 0101     		.2byte	0x101
 1350 0852 17010000 		.4byte	0x117
 1351 0856 00       		.byte	0
 1352 0857 0A       		.uleb128 0xa
 1353 0858 04       		.byte	0x4
 1354 0859 2E020000 		.4byte	0x22e
 1355 085d 05       		.uleb128 0x5
 1356 085e 59050000 		.4byte	.LASF124
 1357 0862 0C       		.byte	0xc
 1358 0863 0D       		.byte	0xd
 1359 0864 34       		.byte	0x34
 1360 0865 82080000 		.4byte	0x882
 1361 0869 06       		.uleb128 0x6
 1362 086a 17030000 		.4byte	.LASF29
 1363 086e 0D       		.byte	0xd
 1364 086f 35       		.byte	0x35
 1365 0870 63020000 		.4byte	0x263
 1366 0874 00       		.byte	0
 1367 0875 07       		.uleb128 0x7
 1368 0876 636E7400 		.ascii	"cnt\000"
ARM GAS  /tmp/ccg4QatP.s 			page 25


 1369 087a 0D       		.byte	0xd
 1370 087b 37       		.byte	0x37
 1371 087c 22010000 		.4byte	0x122
 1372 0880 08       		.byte	0x8
 1373 0881 00       		.byte	0
 1374 0882 0A       		.uleb128 0xa
 1375 0883 04       		.byte	0x4
 1376 0884 5D080000 		.4byte	0x85d
 1377 0888 05       		.uleb128 0x5
 1378 0889 64060000 		.4byte	.LASF125
 1379 088d 10       		.byte	0x10
 1380 088e 0E       		.byte	0xe
 1381 088f 39       		.byte	0x39
 1382 0890 B9080000 		.4byte	0x8b9
 1383 0894 06       		.uleb128 0x6
 1384 0895 17030000 		.4byte	.LASF29
 1385 0899 0E       		.byte	0xe
 1386 089a 3A       		.byte	0x3a
 1387 089b 63020000 		.4byte	0x263
 1388 089f 00       		.byte	0
 1389 08a0 06       		.uleb128 0x6
 1390 08a1 C7050000 		.4byte	.LASF126
 1391 08a5 0E       		.byte	0xe
 1392 08a6 3C       		.byte	0x3c
 1393 08a7 39020000 		.4byte	0x239
 1394 08ab 08       		.byte	0x8
 1395 08ac 06       		.uleb128 0x6
 1396 08ad FA010000 		.4byte	.LASF49
 1397 08b1 0E       		.byte	0xe
 1398 08b2 3E       		.byte	0x3e
 1399 08b3 ED080000 		.4byte	0x8ed
 1400 08b7 0C       		.byte	0xc
 1401 08b8 00       		.byte	0
 1402 08b9 0A       		.uleb128 0xa
 1403 08ba 04       		.byte	0x4
 1404 08bb 88080000 		.4byte	0x888
 1405 08bf 0A       		.uleb128 0xa
 1406 08c0 04       		.byte	0x4
 1407 08c1 CC080000 		.4byte	0x8cc
 1408 08c5 03       		.uleb128 0x3
 1409 08c6 01       		.byte	0x1
 1410 08c7 08       		.byte	0x8
 1411 08c8 EC050000 		.4byte	.LASF127
 1412 08cc 10       		.uleb128 0x10
 1413 08cd C5080000 		.4byte	0x8c5
 1414 08d1 0A       		.uleb128 0xa
 1415 08d2 04       		.byte	0x4
 1416 08d3 CE050000 		.4byte	0x5ce
 1417 08d7 0A       		.uleb128 0xa
 1418 08d8 04       		.byte	0x4
 1419 08d9 18030000 		.4byte	0x318
 1420 08dd 0F       		.uleb128 0xf
 1421 08de BF080000 		.4byte	0x8bf
 1422 08e2 04       		.uleb128 0x4
 1423 08e3 BD020000 		.4byte	.LASF128
 1424 08e7 0E       		.byte	0xe
 1425 08e8 34       		.byte	0x34
ARM GAS  /tmp/ccg4QatP.s 			page 26


 1426 08e9 88080000 		.4byte	0x888
 1427 08ed 0A       		.uleb128 0xa
 1428 08ee 04       		.byte	0x4
 1429 08ef E2080000 		.4byte	0x8e2
 1430 08f3 03       		.uleb128 0x3
 1431 08f4 01       		.byte	0x1
 1432 08f5 02       		.byte	0x2
 1433 08f6 CD050000 		.4byte	.LASF129
 1434 08fa 19       		.uleb128 0x19
 1435 08fb 00060000 		.4byte	.LASF141
 1436 08ff 02       		.byte	0x2
 1437 0900 CA02     		.2byte	0x2ca
 1438 0902 CA000000 		.4byte	0xca
 1439 0906 03       		.byte	0x3
 1440 0907 1A       		.uleb128 0x1a
 1441 0908 EB010000 		.4byte	.LASF130
 1442 090c 01       		.byte	0x1
 1443 090d 61       		.byte	0x61
 1444 090e 00000000 		.4byte	.LFB292
 1445 0912 18000000 		.4byte	.LFE292-.LFB292
 1446 0916 01       		.uleb128 0x1
 1447 0917 9C       		.byte	0x9c
 1448 0918 2A090000 		.4byte	0x92a
 1449 091c 1B       		.uleb128 0x1b
 1450 091d 746D7000 		.ascii	"tmp\000"
 1451 0921 01       		.byte	0x1
 1452 0922 61       		.byte	0x61
 1453 0923 2A090000 		.4byte	0x92a
 1454 0927 01       		.uleb128 0x1
 1455 0928 50       		.byte	0x50
 1456 0929 00       		.byte	0
 1457 092a 0A       		.uleb128 0xa
 1458 092b 04       		.byte	0x4
 1459 092c A6070000 		.4byte	0x7a6
 1460 0930 1A       		.uleb128 0x1a
 1461 0931 3A020000 		.4byte	.LASF131
 1462 0935 01       		.byte	0x1
 1463 0936 72       		.byte	0x72
 1464 0937 00000000 		.4byte	.LFB293
 1465 093b 0C000000 		.4byte	.LFE293-.LFB293
 1466 093f 01       		.uleb128 0x1
 1467 0940 9C       		.byte	0x9c
 1468 0941 62090000 		.4byte	0x962
 1469 0945 1B       		.uleb128 0x1b
 1470 0946 746D7000 		.ascii	"tmp\000"
 1471 094a 01       		.byte	0x1
 1472 094b 72       		.byte	0x72
 1473 094c 2A090000 		.4byte	0x92a
 1474 0950 01       		.uleb128 0x1
 1475 0951 50       		.byte	0x50
 1476 0952 1C       		.uleb128 0x1c
 1477 0953 FA080000 		.4byte	0x8fa
 1478 0957 00000000 		.4byte	.LBB8
 1479 095b 04000000 		.4byte	.LBE8-.LBB8
 1480 095f 01       		.byte	0x1
 1481 0960 74       		.byte	0x74
 1482 0961 00       		.byte	0
ARM GAS  /tmp/ccg4QatP.s 			page 27


 1483 0962 1D       		.uleb128 0x1d
 1484 0963 CD010000 		.4byte	.LASF142
 1485 0967 01       		.byte	0x1
 1486 0968 35       		.byte	0x35
 1487 0969 03       		.byte	0x3
 1488 096a 90090000 		.4byte	0x990
 1489 096e 1E       		.uleb128 0x1e
 1490 096f 746D7000 		.ascii	"tmp\000"
 1491 0973 01       		.byte	0x1
 1492 0974 35       		.byte	0x35
 1493 0975 2A090000 		.4byte	0x92a
 1494 0979 1E       		.uleb128 0x1e
 1495 097a 6E6F7700 		.ascii	"now\000"
 1496 097e 01       		.byte	0x1
 1497 097f 36       		.byte	0x36
 1498 0980 CA000000 		.4byte	0xca
 1499 0984 1F       		.uleb128 0x1f
 1500 0985 37060000 		.4byte	.LASF104
 1501 0989 01       		.byte	0x1
 1502 098a 37       		.byte	0x37
 1503 098b CA000000 		.4byte	0xca
 1504 098f 00       		.byte	0
 1505 0990 1A       		.uleb128 0x1a
 1506 0991 56020000 		.4byte	.LASF132
 1507 0995 01       		.byte	0x1
 1508 0996 7F       		.byte	0x7f
 1509 0997 00000000 		.4byte	.LFB294
 1510 099b 44000000 		.4byte	.LFE294-.LFB294
 1511 099f 01       		.uleb128 0x1
 1512 09a0 9C       		.byte	0x9c
 1513 09a1 ED090000 		.4byte	0x9ed
 1514 09a5 1B       		.uleb128 0x1b
 1515 09a6 746D7000 		.ascii	"tmp\000"
 1516 09aa 01       		.byte	0x1
 1517 09ab 7F       		.byte	0x7f
 1518 09ac 2A090000 		.4byte	0x92a
 1519 09b0 01       		.uleb128 0x1
 1520 09b1 50       		.byte	0x50
 1521 09b2 20       		.uleb128 0x20
 1522 09b3 FA080000 		.4byte	0x8fa
 1523 09b7 00000000 		.4byte	.LBB14
 1524 09bb 00000000 		.4byte	.Ldebug_ranges0+0
 1525 09bf 01       		.byte	0x1
 1526 09c0 81       		.byte	0x81
 1527 09c1 21       		.uleb128 0x21
 1528 09c2 62090000 		.4byte	0x962
 1529 09c6 02000000 		.4byte	.LBB17
 1530 09ca 18000000 		.4byte	.Ldebug_ranges0+0x18
 1531 09ce 01       		.byte	0x1
 1532 09cf 81       		.byte	0x81
 1533 09d0 22       		.uleb128 0x22
 1534 09d1 84090000 		.4byte	0x984
 1535 09d5 00000000 		.4byte	.LLST0
 1536 09d9 22       		.uleb128 0x22
 1537 09da 79090000 		.4byte	0x979
 1538 09de 13000000 		.4byte	.LLST1
 1539 09e2 22       		.uleb128 0x22
ARM GAS  /tmp/ccg4QatP.s 			page 28


 1540 09e3 6E090000 		.4byte	0x96e
 1541 09e7 26000000 		.4byte	.LLST2
 1542 09eb 00       		.byte	0
 1543 09ec 00       		.byte	0
 1544 09ed 1A       		.uleb128 0x1a
 1545 09ee 08030000 		.4byte	.LASF133
 1546 09f2 01       		.byte	0x1
 1547 09f3 4D       		.byte	0x4d
 1548 09f4 00000000 		.4byte	.LFB291
 1549 09f8 2C000000 		.4byte	.LFE291-.LFB291
 1550 09fc 01       		.uleb128 0x1
 1551 09fd 9C       		.byte	0x9c
 1552 09fe 480A0000 		.4byte	0xa48
 1553 0a02 23       		.uleb128 0x23
 1554 0a03 746D00   		.ascii	"tm\000"
 1555 0a06 01       		.byte	0x1
 1556 0a07 4E       		.byte	0x4e
 1557 0a08 A6070000 		.4byte	0x7a6
 1558 0a0c 02       		.uleb128 0x2
 1559 0a0d 91       		.byte	0x91
 1560 0a0e 60       		.sleb128 -32
 1561 0a0f 24       		.uleb128 0x24
 1562 0a10 12000000 		.4byte	.LVL7
 1563 0a14 07090000 		.4byte	0x907
 1564 0a18 230A0000 		.4byte	0xa23
 1565 0a1c 25       		.uleb128 0x25
 1566 0a1d 01       		.uleb128 0x1
 1567 0a1e 50       		.byte	0x50
 1568 0a1f 02       		.uleb128 0x2
 1569 0a20 7D       		.byte	0x7d
 1570 0a21 00       		.sleb128 0
 1571 0a22 00       		.byte	0
 1572 0a23 24       		.uleb128 0x24
 1573 0a24 18000000 		.4byte	.LVL8
 1574 0a28 30090000 		.4byte	0x930
 1575 0a2c 370A0000 		.4byte	0xa37
 1576 0a30 25       		.uleb128 0x25
 1577 0a31 01       		.uleb128 0x1
 1578 0a32 50       		.byte	0x50
 1579 0a33 02       		.uleb128 0x2
 1580 0a34 7D       		.byte	0x7d
 1581 0a35 00       		.sleb128 0
 1582 0a36 00       		.byte	0
 1583 0a37 26       		.uleb128 0x26
 1584 0a38 1E000000 		.4byte	.LVL9
 1585 0a3c 90090000 		.4byte	0x990
 1586 0a40 25       		.uleb128 0x25
 1587 0a41 01       		.uleb128 0x1
 1588 0a42 50       		.byte	0x50
 1589 0a43 02       		.uleb128 0x2
 1590 0a44 7D       		.byte	0x7d
 1591 0a45 00       		.sleb128 0
 1592 0a46 00       		.byte	0
 1593 0a47 00       		.byte	0
 1594 0a48 1A       		.uleb128 0x1a
 1595 0a49 BE030000 		.4byte	.LASF134
 1596 0a4d 01       		.byte	0x1
ARM GAS  /tmp/ccg4QatP.s 			page 29


 1597 0a4e 90       		.byte	0x90
 1598 0a4f 00000000 		.4byte	.LFB295
 1599 0a53 38000000 		.4byte	.LFE295-.LFB295
 1600 0a57 01       		.uleb128 0x1
 1601 0a58 9C       		.byte	0x9c
 1602 0a59 B20A0000 		.4byte	0xab2
 1603 0a5d 27       		.uleb128 0x27
 1604 0a5e 08020000 		.4byte	.LASF135
 1605 0a62 01       		.byte	0x1
 1606 0a63 90       		.byte	0x90
 1607 0a64 2A090000 		.4byte	0x92a
 1608 0a68 01       		.uleb128 0x1
 1609 0a69 50       		.byte	0x50
 1610 0a6a 27       		.uleb128 0x27
 1611 0a6b 0D020000 		.4byte	.LASF136
 1612 0a6f 01       		.byte	0x1
 1613 0a70 91       		.byte	0x91
 1614 0a71 2A090000 		.4byte	0x92a
 1615 0a75 01       		.uleb128 0x1
 1616 0a76 51       		.byte	0x51
 1617 0a77 20       		.uleb128 0x20
 1618 0a78 FA080000 		.4byte	0x8fa
 1619 0a7c 00000000 		.4byte	.LBB26
 1620 0a80 30000000 		.4byte	.Ldebug_ranges0+0x30
 1621 0a84 01       		.byte	0x1
 1622 0a85 94       		.byte	0x94
 1623 0a86 21       		.uleb128 0x21
 1624 0a87 62090000 		.4byte	0x962
 1625 0a8b 02000000 		.4byte	.LBB29
 1626 0a8f 48000000 		.4byte	.Ldebug_ranges0+0x48
 1627 0a93 01       		.byte	0x1
 1628 0a94 97       		.byte	0x97
 1629 0a95 22       		.uleb128 0x22
 1630 0a96 84090000 		.4byte	0x984
 1631 0a9a 39000000 		.4byte	.LLST3
 1632 0a9e 22       		.uleb128 0x22
 1633 0a9f 79090000 		.4byte	0x979
 1634 0aa3 4D000000 		.4byte	.LLST4
 1635 0aa7 22       		.uleb128 0x22
 1636 0aa8 6E090000 		.4byte	0x96e
 1637 0aac 6C000000 		.4byte	.LLST5
 1638 0ab0 00       		.byte	0
 1639 0ab1 00       		.byte	0
 1640 0ab2 28       		.uleb128 0x28
 1641 0ab3 EF040000 		.4byte	.LASF137
 1642 0ab7 09       		.byte	0x9
 1643 0ab8 0408     		.2byte	0x804
 1644 0aba BE0A0000 		.4byte	0xabe
 1645 0abe 0F       		.uleb128 0xf
 1646 0abf A9000000 		.4byte	0xa9
 1647 0ac3 29       		.uleb128 0x29
 1648 0ac4 636800   		.ascii	"ch\000"
 1649 0ac7 07       		.byte	0x7
 1650 0ac8 C701     		.2byte	0x1c7
 1651 0aca E5030000 		.4byte	0x3e5
 1652 0ace 00       		.byte	0
 1653              		.section	.debug_abbrev,"",%progbits
ARM GAS  /tmp/ccg4QatP.s 			page 30


 1654              	.Ldebug_abbrev0:
 1655 0000 01       		.uleb128 0x1
 1656 0001 11       		.uleb128 0x11
 1657 0002 01       		.byte	0x1
 1658 0003 25       		.uleb128 0x25
 1659 0004 0E       		.uleb128 0xe
 1660 0005 13       		.uleb128 0x13
 1661 0006 0B       		.uleb128 0xb
 1662 0007 03       		.uleb128 0x3
 1663 0008 0E       		.uleb128 0xe
 1664 0009 1B       		.uleb128 0x1b
 1665 000a 0E       		.uleb128 0xe
 1666 000b 55       		.uleb128 0x55
 1667 000c 17       		.uleb128 0x17
 1668 000d 11       		.uleb128 0x11
 1669 000e 01       		.uleb128 0x1
 1670 000f 10       		.uleb128 0x10
 1671 0010 17       		.uleb128 0x17
 1672 0011 00       		.byte	0
 1673 0012 00       		.byte	0
 1674 0013 02       		.uleb128 0x2
 1675 0014 24       		.uleb128 0x24
 1676 0015 00       		.byte	0
 1677 0016 0B       		.uleb128 0xb
 1678 0017 0B       		.uleb128 0xb
 1679 0018 3E       		.uleb128 0x3e
 1680 0019 0B       		.uleb128 0xb
 1681 001a 03       		.uleb128 0x3
 1682 001b 08       		.uleb128 0x8
 1683 001c 00       		.byte	0
 1684 001d 00       		.byte	0
 1685 001e 03       		.uleb128 0x3
 1686 001f 24       		.uleb128 0x24
 1687 0020 00       		.byte	0
 1688 0021 0B       		.uleb128 0xb
 1689 0022 0B       		.uleb128 0xb
 1690 0023 3E       		.uleb128 0x3e
 1691 0024 0B       		.uleb128 0xb
 1692 0025 03       		.uleb128 0x3
 1693 0026 0E       		.uleb128 0xe
 1694 0027 00       		.byte	0
 1695 0028 00       		.byte	0
 1696 0029 04       		.uleb128 0x4
 1697 002a 16       		.uleb128 0x16
 1698 002b 00       		.byte	0
 1699 002c 03       		.uleb128 0x3
 1700 002d 0E       		.uleb128 0xe
 1701 002e 3A       		.uleb128 0x3a
 1702 002f 0B       		.uleb128 0xb
 1703 0030 3B       		.uleb128 0x3b
 1704 0031 0B       		.uleb128 0xb
 1705 0032 49       		.uleb128 0x49
 1706 0033 13       		.uleb128 0x13
 1707 0034 00       		.byte	0
 1708 0035 00       		.byte	0
 1709 0036 05       		.uleb128 0x5
 1710 0037 13       		.uleb128 0x13
ARM GAS  /tmp/ccg4QatP.s 			page 31


 1711 0038 01       		.byte	0x1
 1712 0039 03       		.uleb128 0x3
 1713 003a 0E       		.uleb128 0xe
 1714 003b 0B       		.uleb128 0xb
 1715 003c 0B       		.uleb128 0xb
 1716 003d 3A       		.uleb128 0x3a
 1717 003e 0B       		.uleb128 0xb
 1718 003f 3B       		.uleb128 0x3b
 1719 0040 0B       		.uleb128 0xb
 1720 0041 01       		.uleb128 0x1
 1721 0042 13       		.uleb128 0x13
 1722 0043 00       		.byte	0
 1723 0044 00       		.byte	0
 1724 0045 06       		.uleb128 0x6
 1725 0046 0D       		.uleb128 0xd
 1726 0047 00       		.byte	0
 1727 0048 03       		.uleb128 0x3
 1728 0049 0E       		.uleb128 0xe
 1729 004a 3A       		.uleb128 0x3a
 1730 004b 0B       		.uleb128 0xb
 1731 004c 3B       		.uleb128 0x3b
 1732 004d 0B       		.uleb128 0xb
 1733 004e 49       		.uleb128 0x49
 1734 004f 13       		.uleb128 0x13
 1735 0050 38       		.uleb128 0x38
 1736 0051 0B       		.uleb128 0xb
 1737 0052 00       		.byte	0
 1738 0053 00       		.byte	0
 1739 0054 07       		.uleb128 0x7
 1740 0055 0D       		.uleb128 0xd
 1741 0056 00       		.byte	0
 1742 0057 03       		.uleb128 0x3
 1743 0058 08       		.uleb128 0x8
 1744 0059 3A       		.uleb128 0x3a
 1745 005a 0B       		.uleb128 0xb
 1746 005b 3B       		.uleb128 0x3b
 1747 005c 0B       		.uleb128 0xb
 1748 005d 49       		.uleb128 0x49
 1749 005e 13       		.uleb128 0x13
 1750 005f 38       		.uleb128 0x38
 1751 0060 0B       		.uleb128 0xb
 1752 0061 00       		.byte	0
 1753 0062 00       		.byte	0
 1754 0063 08       		.uleb128 0x8
 1755 0064 0D       		.uleb128 0xd
 1756 0065 00       		.byte	0
 1757 0066 03       		.uleb128 0x3
 1758 0067 08       		.uleb128 0x8
 1759 0068 3A       		.uleb128 0x3a
 1760 0069 0B       		.uleb128 0xb
 1761 006a 3B       		.uleb128 0x3b
 1762 006b 05       		.uleb128 0x5
 1763 006c 49       		.uleb128 0x49
 1764 006d 13       		.uleb128 0x13
 1765 006e 38       		.uleb128 0x38
 1766 006f 0B       		.uleb128 0xb
 1767 0070 00       		.byte	0
ARM GAS  /tmp/ccg4QatP.s 			page 32


 1768 0071 00       		.byte	0
 1769 0072 09       		.uleb128 0x9
 1770 0073 0D       		.uleb128 0xd
 1771 0074 00       		.byte	0
 1772 0075 03       		.uleb128 0x3
 1773 0076 0E       		.uleb128 0xe
 1774 0077 3A       		.uleb128 0x3a
 1775 0078 0B       		.uleb128 0xb
 1776 0079 3B       		.uleb128 0x3b
 1777 007a 05       		.uleb128 0x5
 1778 007b 49       		.uleb128 0x49
 1779 007c 13       		.uleb128 0x13
 1780 007d 38       		.uleb128 0x38
 1781 007e 0B       		.uleb128 0xb
 1782 007f 00       		.byte	0
 1783 0080 00       		.byte	0
 1784 0081 0A       		.uleb128 0xa
 1785 0082 0F       		.uleb128 0xf
 1786 0083 00       		.byte	0
 1787 0084 0B       		.uleb128 0xb
 1788 0085 0B       		.uleb128 0xb
 1789 0086 49       		.uleb128 0x49
 1790 0087 13       		.uleb128 0x13
 1791 0088 00       		.byte	0
 1792 0089 00       		.byte	0
 1793 008a 0B       		.uleb128 0xb
 1794 008b 13       		.uleb128 0x13
 1795 008c 01       		.byte	0x1
 1796 008d 03       		.uleb128 0x3
 1797 008e 0E       		.uleb128 0xe
 1798 008f 0B       		.uleb128 0xb
 1799 0090 0B       		.uleb128 0xb
 1800 0091 3A       		.uleb128 0x3a
 1801 0092 0B       		.uleb128 0xb
 1802 0093 3B       		.uleb128 0x3b
 1803 0094 05       		.uleb128 0x5
 1804 0095 01       		.uleb128 0x1
 1805 0096 13       		.uleb128 0x13
 1806 0097 00       		.byte	0
 1807 0098 00       		.byte	0
 1808 0099 0C       		.uleb128 0xc
 1809 009a 15       		.uleb128 0x15
 1810 009b 01       		.byte	0x1
 1811 009c 27       		.uleb128 0x27
 1812 009d 19       		.uleb128 0x19
 1813 009e 01       		.uleb128 0x1
 1814 009f 13       		.uleb128 0x13
 1815 00a0 00       		.byte	0
 1816 00a1 00       		.byte	0
 1817 00a2 0D       		.uleb128 0xd
 1818 00a3 05       		.uleb128 0x5
 1819 00a4 00       		.byte	0
 1820 00a5 49       		.uleb128 0x49
 1821 00a6 13       		.uleb128 0x13
 1822 00a7 00       		.byte	0
 1823 00a8 00       		.byte	0
 1824 00a9 0E       		.uleb128 0xe
ARM GAS  /tmp/ccg4QatP.s 			page 33


 1825 00aa 0F       		.uleb128 0xf
 1826 00ab 00       		.byte	0
 1827 00ac 0B       		.uleb128 0xb
 1828 00ad 0B       		.uleb128 0xb
 1829 00ae 00       		.byte	0
 1830 00af 00       		.byte	0
 1831 00b0 0F       		.uleb128 0xf
 1832 00b1 35       		.uleb128 0x35
 1833 00b2 00       		.byte	0
 1834 00b3 49       		.uleb128 0x49
 1835 00b4 13       		.uleb128 0x13
 1836 00b5 00       		.byte	0
 1837 00b6 00       		.byte	0
 1838 00b7 10       		.uleb128 0x10
 1839 00b8 26       		.uleb128 0x26
 1840 00b9 00       		.byte	0
 1841 00ba 49       		.uleb128 0x49
 1842 00bb 13       		.uleb128 0x13
 1843 00bc 00       		.byte	0
 1844 00bd 00       		.byte	0
 1845 00be 11       		.uleb128 0x11
 1846 00bf 01       		.uleb128 0x1
 1847 00c0 01       		.byte	0x1
 1848 00c1 49       		.uleb128 0x49
 1849 00c2 13       		.uleb128 0x13
 1850 00c3 01       		.uleb128 0x1
 1851 00c4 13       		.uleb128 0x13
 1852 00c5 00       		.byte	0
 1853 00c6 00       		.byte	0
 1854 00c7 12       		.uleb128 0x12
 1855 00c8 21       		.uleb128 0x21
 1856 00c9 00       		.byte	0
 1857 00ca 49       		.uleb128 0x49
 1858 00cb 13       		.uleb128 0x13
 1859 00cc 2F       		.uleb128 0x2f
 1860 00cd 0B       		.uleb128 0xb
 1861 00ce 00       		.byte	0
 1862 00cf 00       		.byte	0
 1863 00d0 13       		.uleb128 0x13
 1864 00d1 13       		.uleb128 0x13
 1865 00d2 01       		.byte	0x1
 1866 00d3 0B       		.uleb128 0xb
 1867 00d4 0B       		.uleb128 0xb
 1868 00d5 3A       		.uleb128 0x3a
 1869 00d6 0B       		.uleb128 0xb
 1870 00d7 3B       		.uleb128 0x3b
 1871 00d8 05       		.uleb128 0x5
 1872 00d9 01       		.uleb128 0x1
 1873 00da 13       		.uleb128 0x13
 1874 00db 00       		.byte	0
 1875 00dc 00       		.byte	0
 1876 00dd 14       		.uleb128 0x14
 1877 00de 16       		.uleb128 0x16
 1878 00df 00       		.byte	0
 1879 00e0 03       		.uleb128 0x3
 1880 00e1 0E       		.uleb128 0xe
 1881 00e2 3A       		.uleb128 0x3a
ARM GAS  /tmp/ccg4QatP.s 			page 34


 1882 00e3 0B       		.uleb128 0xb
 1883 00e4 3B       		.uleb128 0x3b
 1884 00e5 05       		.uleb128 0x5
 1885 00e6 49       		.uleb128 0x49
 1886 00e7 13       		.uleb128 0x13
 1887 00e8 00       		.byte	0
 1888 00e9 00       		.byte	0
 1889 00ea 15       		.uleb128 0x15
 1890 00eb 13       		.uleb128 0x13
 1891 00ec 01       		.byte	0x1
 1892 00ed 0B       		.uleb128 0xb
 1893 00ee 0B       		.uleb128 0xb
 1894 00ef 3A       		.uleb128 0x3a
 1895 00f0 0B       		.uleb128 0xb
 1896 00f1 3B       		.uleb128 0x3b
 1897 00f2 0B       		.uleb128 0xb
 1898 00f3 01       		.uleb128 0x1
 1899 00f4 13       		.uleb128 0x13
 1900 00f5 00       		.byte	0
 1901 00f6 00       		.byte	0
 1902 00f7 16       		.uleb128 0x16
 1903 00f8 17       		.uleb128 0x17
 1904 00f9 01       		.byte	0x1
 1905 00fa 0B       		.uleb128 0xb
 1906 00fb 0B       		.uleb128 0xb
 1907 00fc 3A       		.uleb128 0x3a
 1908 00fd 0B       		.uleb128 0xb
 1909 00fe 3B       		.uleb128 0x3b
 1910 00ff 0B       		.uleb128 0xb
 1911 0100 01       		.uleb128 0x1
 1912 0101 13       		.uleb128 0x13
 1913 0102 00       		.byte	0
 1914 0103 00       		.byte	0
 1915 0104 17       		.uleb128 0x17
 1916 0105 0D       		.uleb128 0xd
 1917 0106 00       		.byte	0
 1918 0107 03       		.uleb128 0x3
 1919 0108 0E       		.uleb128 0xe
 1920 0109 3A       		.uleb128 0x3a
 1921 010a 0B       		.uleb128 0xb
 1922 010b 3B       		.uleb128 0x3b
 1923 010c 0B       		.uleb128 0xb
 1924 010d 49       		.uleb128 0x49
 1925 010e 13       		.uleb128 0x13
 1926 010f 00       		.byte	0
 1927 0110 00       		.byte	0
 1928 0111 18       		.uleb128 0x18
 1929 0112 0D       		.uleb128 0xd
 1930 0113 00       		.byte	0
 1931 0114 03       		.uleb128 0x3
 1932 0115 0E       		.uleb128 0xe
 1933 0116 3A       		.uleb128 0x3a
 1934 0117 0B       		.uleb128 0xb
 1935 0118 3B       		.uleb128 0x3b
 1936 0119 05       		.uleb128 0x5
 1937 011a 49       		.uleb128 0x49
 1938 011b 13       		.uleb128 0x13
ARM GAS  /tmp/ccg4QatP.s 			page 35


 1939 011c 00       		.byte	0
 1940 011d 00       		.byte	0
 1941 011e 19       		.uleb128 0x19
 1942 011f 2E       		.uleb128 0x2e
 1943 0120 00       		.byte	0
 1944 0121 03       		.uleb128 0x3
 1945 0122 0E       		.uleb128 0xe
 1946 0123 3A       		.uleb128 0x3a
 1947 0124 0B       		.uleb128 0xb
 1948 0125 3B       		.uleb128 0x3b
 1949 0126 05       		.uleb128 0x5
 1950 0127 27       		.uleb128 0x27
 1951 0128 19       		.uleb128 0x19
 1952 0129 49       		.uleb128 0x49
 1953 012a 13       		.uleb128 0x13
 1954 012b 20       		.uleb128 0x20
 1955 012c 0B       		.uleb128 0xb
 1956 012d 00       		.byte	0
 1957 012e 00       		.byte	0
 1958 012f 1A       		.uleb128 0x1a
 1959 0130 2E       		.uleb128 0x2e
 1960 0131 01       		.byte	0x1
 1961 0132 3F       		.uleb128 0x3f
 1962 0133 19       		.uleb128 0x19
 1963 0134 03       		.uleb128 0x3
 1964 0135 0E       		.uleb128 0xe
 1965 0136 3A       		.uleb128 0x3a
 1966 0137 0B       		.uleb128 0xb
 1967 0138 3B       		.uleb128 0x3b
 1968 0139 0B       		.uleb128 0xb
 1969 013a 27       		.uleb128 0x27
 1970 013b 19       		.uleb128 0x19
 1971 013c 11       		.uleb128 0x11
 1972 013d 01       		.uleb128 0x1
 1973 013e 12       		.uleb128 0x12
 1974 013f 06       		.uleb128 0x6
 1975 0140 40       		.uleb128 0x40
 1976 0141 18       		.uleb128 0x18
 1977 0142 9742     		.uleb128 0x2117
 1978 0144 19       		.uleb128 0x19
 1979 0145 01       		.uleb128 0x1
 1980 0146 13       		.uleb128 0x13
 1981 0147 00       		.byte	0
 1982 0148 00       		.byte	0
 1983 0149 1B       		.uleb128 0x1b
 1984 014a 05       		.uleb128 0x5
 1985 014b 00       		.byte	0
 1986 014c 03       		.uleb128 0x3
 1987 014d 08       		.uleb128 0x8
 1988 014e 3A       		.uleb128 0x3a
 1989 014f 0B       		.uleb128 0xb
 1990 0150 3B       		.uleb128 0x3b
 1991 0151 0B       		.uleb128 0xb
 1992 0152 49       		.uleb128 0x49
 1993 0153 13       		.uleb128 0x13
 1994 0154 02       		.uleb128 0x2
 1995 0155 18       		.uleb128 0x18
ARM GAS  /tmp/ccg4QatP.s 			page 36


 1996 0156 00       		.byte	0
 1997 0157 00       		.byte	0
 1998 0158 1C       		.uleb128 0x1c
 1999 0159 1D       		.uleb128 0x1d
 2000 015a 00       		.byte	0
 2001 015b 31       		.uleb128 0x31
 2002 015c 13       		.uleb128 0x13
 2003 015d 11       		.uleb128 0x11
 2004 015e 01       		.uleb128 0x1
 2005 015f 12       		.uleb128 0x12
 2006 0160 06       		.uleb128 0x6
 2007 0161 58       		.uleb128 0x58
 2008 0162 0B       		.uleb128 0xb
 2009 0163 59       		.uleb128 0x59
 2010 0164 0B       		.uleb128 0xb
 2011 0165 00       		.byte	0
 2012 0166 00       		.byte	0
 2013 0167 1D       		.uleb128 0x1d
 2014 0168 2E       		.uleb128 0x2e
 2015 0169 01       		.byte	0x1
 2016 016a 03       		.uleb128 0x3
 2017 016b 0E       		.uleb128 0xe
 2018 016c 3A       		.uleb128 0x3a
 2019 016d 0B       		.uleb128 0xb
 2020 016e 3B       		.uleb128 0x3b
 2021 016f 0B       		.uleb128 0xb
 2022 0170 27       		.uleb128 0x27
 2023 0171 19       		.uleb128 0x19
 2024 0172 20       		.uleb128 0x20
 2025 0173 0B       		.uleb128 0xb
 2026 0174 01       		.uleb128 0x1
 2027 0175 13       		.uleb128 0x13
 2028 0176 00       		.byte	0
 2029 0177 00       		.byte	0
 2030 0178 1E       		.uleb128 0x1e
 2031 0179 05       		.uleb128 0x5
 2032 017a 00       		.byte	0
 2033 017b 03       		.uleb128 0x3
 2034 017c 08       		.uleb128 0x8
 2035 017d 3A       		.uleb128 0x3a
 2036 017e 0B       		.uleb128 0xb
 2037 017f 3B       		.uleb128 0x3b
 2038 0180 0B       		.uleb128 0xb
 2039 0181 49       		.uleb128 0x49
 2040 0182 13       		.uleb128 0x13
 2041 0183 00       		.byte	0
 2042 0184 00       		.byte	0
 2043 0185 1F       		.uleb128 0x1f
 2044 0186 05       		.uleb128 0x5
 2045 0187 00       		.byte	0
 2046 0188 03       		.uleb128 0x3
 2047 0189 0E       		.uleb128 0xe
 2048 018a 3A       		.uleb128 0x3a
 2049 018b 0B       		.uleb128 0xb
 2050 018c 3B       		.uleb128 0x3b
 2051 018d 0B       		.uleb128 0xb
 2052 018e 49       		.uleb128 0x49
ARM GAS  /tmp/ccg4QatP.s 			page 37


 2053 018f 13       		.uleb128 0x13
 2054 0190 00       		.byte	0
 2055 0191 00       		.byte	0
 2056 0192 20       		.uleb128 0x20
 2057 0193 1D       		.uleb128 0x1d
 2058 0194 00       		.byte	0
 2059 0195 31       		.uleb128 0x31
 2060 0196 13       		.uleb128 0x13
 2061 0197 52       		.uleb128 0x52
 2062 0198 01       		.uleb128 0x1
 2063 0199 55       		.uleb128 0x55
 2064 019a 17       		.uleb128 0x17
 2065 019b 58       		.uleb128 0x58
 2066 019c 0B       		.uleb128 0xb
 2067 019d 59       		.uleb128 0x59
 2068 019e 0B       		.uleb128 0xb
 2069 019f 00       		.byte	0
 2070 01a0 00       		.byte	0
 2071 01a1 21       		.uleb128 0x21
 2072 01a2 1D       		.uleb128 0x1d
 2073 01a3 01       		.byte	0x1
 2074 01a4 31       		.uleb128 0x31
 2075 01a5 13       		.uleb128 0x13
 2076 01a6 52       		.uleb128 0x52
 2077 01a7 01       		.uleb128 0x1
 2078 01a8 55       		.uleb128 0x55
 2079 01a9 17       		.uleb128 0x17
 2080 01aa 58       		.uleb128 0x58
 2081 01ab 0B       		.uleb128 0xb
 2082 01ac 59       		.uleb128 0x59
 2083 01ad 0B       		.uleb128 0xb
 2084 01ae 00       		.byte	0
 2085 01af 00       		.byte	0
 2086 01b0 22       		.uleb128 0x22
 2087 01b1 05       		.uleb128 0x5
 2088 01b2 00       		.byte	0
 2089 01b3 31       		.uleb128 0x31
 2090 01b4 13       		.uleb128 0x13
 2091 01b5 02       		.uleb128 0x2
 2092 01b6 17       		.uleb128 0x17
 2093 01b7 00       		.byte	0
 2094 01b8 00       		.byte	0
 2095 01b9 23       		.uleb128 0x23
 2096 01ba 34       		.uleb128 0x34
 2097 01bb 00       		.byte	0
 2098 01bc 03       		.uleb128 0x3
 2099 01bd 08       		.uleb128 0x8
 2100 01be 3A       		.uleb128 0x3a
 2101 01bf 0B       		.uleb128 0xb
 2102 01c0 3B       		.uleb128 0x3b
 2103 01c1 0B       		.uleb128 0xb
 2104 01c2 49       		.uleb128 0x49
 2105 01c3 13       		.uleb128 0x13
 2106 01c4 02       		.uleb128 0x2
 2107 01c5 18       		.uleb128 0x18
 2108 01c6 00       		.byte	0
 2109 01c7 00       		.byte	0
ARM GAS  /tmp/ccg4QatP.s 			page 38


 2110 01c8 24       		.uleb128 0x24
 2111 01c9 898201   		.uleb128 0x4109
 2112 01cc 01       		.byte	0x1
 2113 01cd 11       		.uleb128 0x11
 2114 01ce 01       		.uleb128 0x1
 2115 01cf 31       		.uleb128 0x31
 2116 01d0 13       		.uleb128 0x13
 2117 01d1 01       		.uleb128 0x1
 2118 01d2 13       		.uleb128 0x13
 2119 01d3 00       		.byte	0
 2120 01d4 00       		.byte	0
 2121 01d5 25       		.uleb128 0x25
 2122 01d6 8A8201   		.uleb128 0x410a
 2123 01d9 00       		.byte	0
 2124 01da 02       		.uleb128 0x2
 2125 01db 18       		.uleb128 0x18
 2126 01dc 9142     		.uleb128 0x2111
 2127 01de 18       		.uleb128 0x18
 2128 01df 00       		.byte	0
 2129 01e0 00       		.byte	0
 2130 01e1 26       		.uleb128 0x26
 2131 01e2 898201   		.uleb128 0x4109
 2132 01e5 01       		.byte	0x1
 2133 01e6 11       		.uleb128 0x11
 2134 01e7 01       		.uleb128 0x1
 2135 01e8 31       		.uleb128 0x31
 2136 01e9 13       		.uleb128 0x13
 2137 01ea 00       		.byte	0
 2138 01eb 00       		.byte	0
 2139 01ec 27       		.uleb128 0x27
 2140 01ed 05       		.uleb128 0x5
 2141 01ee 00       		.byte	0
 2142 01ef 03       		.uleb128 0x3
 2143 01f0 0E       		.uleb128 0xe
 2144 01f1 3A       		.uleb128 0x3a
 2145 01f2 0B       		.uleb128 0xb
 2146 01f3 3B       		.uleb128 0x3b
 2147 01f4 0B       		.uleb128 0xb
 2148 01f5 49       		.uleb128 0x49
 2149 01f6 13       		.uleb128 0x13
 2150 01f7 02       		.uleb128 0x2
 2151 01f8 18       		.uleb128 0x18
 2152 01f9 00       		.byte	0
 2153 01fa 00       		.byte	0
 2154 01fb 28       		.uleb128 0x28
 2155 01fc 34       		.uleb128 0x34
 2156 01fd 00       		.byte	0
 2157 01fe 03       		.uleb128 0x3
 2158 01ff 0E       		.uleb128 0xe
 2159 0200 3A       		.uleb128 0x3a
 2160 0201 0B       		.uleb128 0xb
 2161 0202 3B       		.uleb128 0x3b
 2162 0203 05       		.uleb128 0x5
 2163 0204 49       		.uleb128 0x49
 2164 0205 13       		.uleb128 0x13
 2165 0206 3F       		.uleb128 0x3f
 2166 0207 19       		.uleb128 0x19
ARM GAS  /tmp/ccg4QatP.s 			page 39


 2167 0208 3C       		.uleb128 0x3c
 2168 0209 19       		.uleb128 0x19
 2169 020a 00       		.byte	0
 2170 020b 00       		.byte	0
 2171 020c 29       		.uleb128 0x29
 2172 020d 34       		.uleb128 0x34
 2173 020e 00       		.byte	0
 2174 020f 03       		.uleb128 0x3
 2175 0210 08       		.uleb128 0x8
 2176 0211 3A       		.uleb128 0x3a
 2177 0212 0B       		.uleb128 0xb
 2178 0213 3B       		.uleb128 0x3b
 2179 0214 05       		.uleb128 0x5
 2180 0215 49       		.uleb128 0x49
 2181 0216 13       		.uleb128 0x13
 2182 0217 3F       		.uleb128 0x3f
 2183 0218 19       		.uleb128 0x19
 2184 0219 3C       		.uleb128 0x3c
 2185 021a 19       		.uleb128 0x19
 2186 021b 00       		.byte	0
 2187 021c 00       		.byte	0
 2188 021d 00       		.byte	0
 2189              		.section	.debug_loc,"",%progbits
 2190              	.Ldebug_loc0:
 2191              	.LLST0:
 2192 0000 0E000000 		.4byte	.LVL3
 2193 0004 18000000 		.4byte	.LVL4
 2194 0008 0100     		.2byte	0x1
 2195 000a 54       		.byte	0x54
 2196 000b 00000000 		.4byte	0
 2197 000f 00000000 		.4byte	0
 2198              	.LLST1:
 2199 0013 0E000000 		.4byte	.LVL3
 2200 0017 1A000000 		.4byte	.LVL5
 2201 001b 0100     		.2byte	0x1
 2202 001d 52       		.byte	0x52
 2203 001e 00000000 		.4byte	0
 2204 0022 00000000 		.4byte	0
 2205              	.LLST2:
 2206 0026 0E000000 		.4byte	.LVL3
 2207 002a 38000000 		.4byte	.LVL6
 2208 002e 0100     		.2byte	0x1
 2209 0030 50       		.byte	0x50
 2210 0031 00000000 		.4byte	0
 2211 0035 00000000 		.4byte	0
 2212              	.LLST3:
 2213 0039 0C000000 		.4byte	.LVL11
 2214 003d 32000000 		.4byte	.LVL14
 2215 0041 0200     		.2byte	0x2
 2216 0043 30       		.byte	0x30
 2217 0044 9F       		.byte	0x9f
 2218 0045 00000000 		.4byte	0
 2219 0049 00000000 		.4byte	0
 2220              	.LLST4:
 2221 004d 0C000000 		.4byte	.LVL11
 2222 0051 16000000 		.4byte	.LVL12
 2223 0055 0100     		.2byte	0x1
ARM GAS  /tmp/ccg4QatP.s 			page 40


 2224 0057 53       		.byte	0x53
 2225 0058 16000000 		.4byte	.LVL12
 2226 005c 1A000000 		.4byte	.LVL13
 2227 0060 0200     		.2byte	0x2
 2228 0062 71       		.byte	0x71
 2229 0063 08       		.sleb128 8
 2230 0064 00000000 		.4byte	0
 2231 0068 00000000 		.4byte	0
 2232              	.LLST5:
 2233 006c 0C000000 		.4byte	.LVL11
 2234 0070 32000000 		.4byte	.LVL14
 2235 0074 0100     		.2byte	0x1
 2236 0076 50       		.byte	0x50
 2237 0077 00000000 		.4byte	0
 2238 007b 00000000 		.4byte	0
 2239              		.section	.debug_aranges,"",%progbits
 2240 0000 3C000000 		.4byte	0x3c
 2241 0004 0200     		.2byte	0x2
 2242 0006 00000000 		.4byte	.Ldebug_info0
 2243 000a 04       		.byte	0x4
 2244 000b 00       		.byte	0
 2245 000c 0000     		.2byte	0
 2246 000e 0000     		.2byte	0
 2247 0010 00000000 		.4byte	.LFB292
 2248 0014 18000000 		.4byte	.LFE292-.LFB292
 2249 0018 00000000 		.4byte	.LFB293
 2250 001c 0C000000 		.4byte	.LFE293-.LFB293
 2251 0020 00000000 		.4byte	.LFB294
 2252 0024 44000000 		.4byte	.LFE294-.LFB294
 2253 0028 00000000 		.4byte	.LFB291
 2254 002c 2C000000 		.4byte	.LFE291-.LFB291
 2255 0030 00000000 		.4byte	.LFB295
 2256 0034 38000000 		.4byte	.LFE295-.LFB295
 2257 0038 00000000 		.4byte	0
 2258 003c 00000000 		.4byte	0
 2259              		.section	.debug_ranges,"",%progbits
 2260              	.Ldebug_ranges0:
 2261 0000 00000000 		.4byte	.LBB14
 2262 0004 02000000 		.4byte	.LBE14
 2263 0008 04000000 		.4byte	.LBB20
 2264 000c 06000000 		.4byte	.LBE20
 2265 0010 00000000 		.4byte	0
 2266 0014 00000000 		.4byte	0
 2267 0018 02000000 		.4byte	.LBB17
 2268 001c 04000000 		.4byte	.LBE17
 2269 0020 0E000000 		.4byte	.LBB21
 2270 0024 44000000 		.4byte	.LBE21
 2271 0028 00000000 		.4byte	0
 2272 002c 00000000 		.4byte	0
 2273 0030 00000000 		.4byte	.LBB26
 2274 0034 02000000 		.4byte	.LBE26
 2275 0038 04000000 		.4byte	.LBB33
 2276 003c 06000000 		.4byte	.LBE33
 2277 0040 00000000 		.4byte	0
 2278 0044 00000000 		.4byte	0
 2279 0048 02000000 		.4byte	.LBB29
 2280 004c 04000000 		.4byte	.LBE29
ARM GAS  /tmp/ccg4QatP.s 			page 41


 2281 0050 08000000 		.4byte	.LBB34
 2282 0054 0A000000 		.4byte	.LBE34
 2283 0058 0C000000 		.4byte	.LBB35
 2284 005c 38000000 		.4byte	.LBE35
 2285 0060 00000000 		.4byte	0
 2286 0064 00000000 		.4byte	0
 2287 0068 00000000 		.4byte	.LFB292
 2288 006c 18000000 		.4byte	.LFE292
 2289 0070 00000000 		.4byte	.LFB293
 2290 0074 0C000000 		.4byte	.LFE293
 2291 0078 00000000 		.4byte	.LFB294
 2292 007c 44000000 		.4byte	.LFE294
 2293 0080 00000000 		.4byte	.LFB291
 2294 0084 2C000000 		.4byte	.LFE291
 2295 0088 00000000 		.4byte	.LFB295
 2296 008c 38000000 		.4byte	.LFE295
 2297 0090 00000000 		.4byte	0
 2298 0094 00000000 		.4byte	0
 2299              		.section	.debug_line,"",%progbits
 2300              	.Ldebug_line0:
 2301 0000 B3020000 		.section	.debug_str,"MS",%progbits,1
 2301      0200E501 
 2301      00000201 
 2301      FB0E0D00 
 2301      01010101 
 2302              	.LASF53:
 2303 0000 72656164 		.ascii	"ready_list_t\000"
 2303      795F6C69 
 2303      73745F74 
 2303      00
 2304              	.LASF119:
 2305 000d 77747472 		.ascii	"wttrp\000"
 2305      7000
 2306              	.LASF59:
 2307 0013 64656C74 		.ascii	"delta\000"
 2307      6100
 2308              	.LASF116:
 2309 0019 7264796D 		.ascii	"rdymsg\000"
 2309      736700
 2310              	.LASF17:
 2311 0020 75696E74 		.ascii	"uint64_t\000"
 2311      36345F74 
 2311      00
 2312              	.LASF72:
 2313 0029 6B65726E 		.ascii	"kernel_stats\000"
 2313      656C5F73 
 2313      74617473 
 2313      00
 2314              	.LASF139:
 2315 0036 2E2E2F2E 		.ascii	"../../modules/ChibiOS/os/rt/src/chtm.c\000"
 2315      2E2F6D6F 
 2315      64756C65 
 2315      732F4368 
 2315      6962694F 
 2316              	.LASF7:
 2317 005d 5F5F7569 		.ascii	"__uint8_t\000"
 2317      6E74385F 
ARM GAS  /tmp/ccg4QatP.s 			page 42


 2317      7400
 2318              	.LASF52:
 2319 0067 70726576 		.ascii	"prev\000"
 2319      00
 2320              	.LASF103:
 2321 006c 706F7274 		.ascii	"port_intctx\000"
 2321      5F696E74 
 2321      63747800 
 2322              	.LASF51:
 2323 0078 63685F74 		.ascii	"ch_threads_queue\000"
 2323      68726561 
 2323      64735F71 
 2323      75657565 
 2323      00
 2324              	.LASF64:
 2325 0089 73797374 		.ascii	"system_debug_t\000"
 2325      656D5F64 
 2325      65627567 
 2325      5F7400
 2326              	.LASF138:
 2327 0098 474E5520 		.ascii	"GNU C11 5.4.1 20160919 -mcpu=cortex-m4 -mfloat-abi="
 2327      43313120 
 2327      352E342E 
 2327      31203230 
 2327      31363039 
 2328 00cb 68617264 		.ascii	"hard -mfpu=fpv4-sp-d16 -mno-thumb-interwork -mthumb"
 2328      202D6D66 
 2328      70753D66 
 2328      7076342D 
 2328      73702D64 
 2329 00fe 202D6720 		.ascii	" -g -Os -fomit-frame-pointer -falign-functions=16 -"
 2329      2D4F7320 
 2329      2D666F6D 
 2329      69742D66 
 2329      72616D65 
 2330 0131 6666756E 		.ascii	"ffunction-sections -fdata-sections -fno-common -fsi"
 2330      6374696F 
 2330      6E2D7365 
 2330      6374696F 
 2330      6E73202D 
 2331 0164 6E676C65 		.ascii	"ngle-precision-constant\000"
 2331      2D707265 
 2331      63697369 
 2331      6F6E2D63 
 2331      6F6E7374 
 2332              	.LASF102:
 2333 017c 706F7274 		.ascii	"port_context\000"
 2333      5F636F6E 
 2333      74657874 
 2333      00
 2334              	.LASF107:
 2335 0189 776F7273 		.ascii	"worst\000"
 2335      7400
 2336              	.LASF110:
 2337 018f 74696D65 		.ascii	"time_measurement_t\000"
 2337      5F6D6561 
 2337      73757265 
ARM GAS  /tmp/ccg4QatP.s 			page 43


 2337      6D656E74 
 2337      5F7400
 2338              	.LASF13:
 2339 01a2 6C6F6E67 		.ascii	"long long unsigned int\000"
 2339      206C6F6E 
 2339      6720756E 
 2339      7369676E 
 2339      65642069 
 2340              	.LASF117:
 2341 01b9 65786974 		.ascii	"exitcode\000"
 2341      636F6465 
 2341      00
 2342              	.LASF71:
 2343 01c2 6D61696E 		.ascii	"mainthread\000"
 2343      74687265 
 2343      616400
 2344              	.LASF142:
 2345 01cd 746D5F73 		.ascii	"tm_stop\000"
 2345      746F7000 
 2346              	.LASF61:
 2347 01d5 76697274 		.ascii	"virtual_timers_list_t\000"
 2347      75616C5F 
 2347      74696D65 
 2347      72735F6C 
 2347      6973745F 
 2348              	.LASF130:
 2349 01eb 6368544D 		.ascii	"chTMObjectInit\000"
 2349      4F626A65 
 2349      6374496E 
 2349      697400
 2350              	.LASF49:
 2351 01fa 6E657874 		.ascii	"next\000"
 2351      00
 2352              	.LASF19:
 2353 01ff 72747469 		.ascii	"rttime_t\000"
 2353      6D655F74 
 2353      00
 2354              	.LASF135:
 2355 0208 746D7031 		.ascii	"tmp1\000"
 2355      00
 2356              	.LASF136:
 2357 020d 746D7032 		.ascii	"tmp2\000"
 2357      00
 2358              	.LASF1:
 2359 0212 6C6F6E67 		.ascii	"long long int\000"
 2359      206C6F6E 
 2359      6720696E 
 2359      7400
 2360              	.LASF3:
 2361 0220 7369676E 		.ascii	"signed char\000"
 2361      65642063 
 2361      68617200 
 2362              	.LASF78:
 2363 022c 43504943 		.ascii	"CPICNT\000"
 2363      4E5400
 2364              	.LASF70:
 2365 0233 76746C69 		.ascii	"vtlist\000"
ARM GAS  /tmp/ccg4QatP.s 			page 44


 2365      737400
 2366              	.LASF131:
 2367 023a 6368544D 		.ascii	"chTMStartMeasurementX\000"
 2367      53746172 
 2367      744D6561 
 2367      73757265 
 2367      6D656E74 
 2368              	.LASF35:
 2369 0250 73746174 		.ascii	"state\000"
 2369      6500
 2370              	.LASF132:
 2371 0256 6368544D 		.ascii	"chTMStopMeasurementX\000"
 2371      53746F70 
 2371      4D656173 
 2371      7572656D 
 2371      656E7458 
 2372              	.LASF9:
 2373 026b 6C6F6E67 		.ascii	"long int\000"
 2373      20696E74 
 2373      00
 2374              	.LASF21:
 2375 0274 74737461 		.ascii	"tstate_t\000"
 2375      74655F74 
 2375      00
 2376              	.LASF60:
 2377 027d 66756E63 		.ascii	"func\000"
 2377      00
 2378              	.LASF44:
 2379 0282 73746174 		.ascii	"stats\000"
 2379      7300
 2380              	.LASF80:
 2381 0288 534C4545 		.ascii	"SLEEPCNT\000"
 2381      50434E54 
 2381      00
 2382              	.LASF10:
 2383 0291 5F5F7569 		.ascii	"__uint32_t\000"
 2383      6E743332 
 2383      5F7400
 2384              	.LASF100:
 2385 029c 72656761 		.ascii	"regarm_t\000"
 2385      726D5F74 
 2385      00
 2386              	.LASF65:
 2387 02a5 63685F73 		.ascii	"ch_system_debug\000"
 2387      79737465 
 2387      6D5F6465 
 2387      62756700 
 2388              	.LASF38:
 2389 02b5 77616974 		.ascii	"waiting\000"
 2389      696E6700 
 2390              	.LASF128:
 2391 02bd 6D757465 		.ascii	"mutex_t\000"
 2391      785F7400 
 2392              	.LASF74:
 2393 02c5 73797369 		.ascii	"sysinterval_t\000"
 2393      6E746572 
 2393      76616C5F 
ARM GAS  /tmp/ccg4QatP.s 			page 45


 2393      7400
 2394              	.LASF26:
 2395 02d3 636E745F 		.ascii	"cnt_t\000"
 2395      7400
 2396              	.LASF39:
 2397 02d9 6D736771 		.ascii	"msgqueue\000"
 2397      75657565 
 2397      00
 2398              	.LASF85:
 2399 02e2 4D41534B 		.ascii	"MASK0\000"
 2399      3000
 2400              	.LASF0:
 2401 02e8 756E7369 		.ascii	"unsigned int\000"
 2401      676E6564 
 2401      20696E74 
 2401      00
 2402              	.LASF93:
 2403 02f5 4D41534B 		.ascii	"MASK2\000"
 2403      3200
 2404              	.LASF97:
 2405 02fb 4D41534B 		.ascii	"MASK3\000"
 2405      3300
 2406              	.LASF121:
 2407 0301 77747365 		.ascii	"wtsemp\000"
 2407      6D7000
 2408              	.LASF133:
 2409 0308 5F746D5F 		.ascii	"_tm_init\000"
 2409      696E6974 
 2409      00
 2410              	.LASF111:
 2411 0311 6E5F6972 		.ascii	"n_irq\000"
 2411      7100
 2412              	.LASF29:
 2413 0317 71756575 		.ascii	"queue\000"
 2413      6500
 2414              	.LASF43:
 2415 031d 6D706F6F 		.ascii	"mpool\000"
 2415      6C00
 2416              	.LASF106:
 2417 0323 62657374 		.ascii	"best\000"
 2417      00
 2418              	.LASF6:
 2419 0328 73686F72 		.ascii	"short unsigned int\000"
 2419      7420756E 
 2419      7369676E 
 2419      65642069 
 2419      6E7400
 2420              	.LASF115:
 2421 033b 6B65726E 		.ascii	"kernel_stats_t\000"
 2421      656C5F73 
 2421      74617473 
 2421      5F7400
 2422              	.LASF33:
 2423 034a 6E616D65 		.ascii	"name\000"
 2423      00
 2424              	.LASF47:
 2425 034f 63685F74 		.ascii	"ch_thread\000"
ARM GAS  /tmp/ccg4QatP.s 			page 46


 2425      68726561 
 2425      6400
 2426              	.LASF79:
 2427 0359 45584343 		.ascii	"EXCCNT\000"
 2427      4E5400
 2428              	.LASF24:
 2429 0360 6D73675F 		.ascii	"msg_t\000"
 2429      7400
 2430              	.LASF108:
 2431 0366 6C617374 		.ascii	"last\000"
 2431      00
 2432              	.LASF27:
 2433 036b 75636E74 		.ascii	"ucnt_t\000"
 2433      5F7400
 2434              	.LASF40:
 2435 0372 6570656E 		.ascii	"epending\000"
 2435      64696E67 
 2435      00
 2436              	.LASF67:
 2437 037b 63685F73 		.ascii	"ch_system_t\000"
 2437      79737465 
 2437      6D5F7400 
 2438              	.LASF20:
 2439 0387 746D6F64 		.ascii	"tmode_t\000"
 2439      655F7400 
 2440              	.LASF114:
 2441 038f 6D5F6372 		.ascii	"m_crit_isr\000"
 2441      69745F69 
 2441      737200
 2442              	.LASF54:
 2443 039a 63685F72 		.ascii	"ch_ready_list\000"
 2443      65616479 
 2443      5F6C6973 
 2443      7400
 2444              	.LASF25:
 2445 03a8 6576656E 		.ascii	"eventmask_t\000"
 2445      746D6173 
 2445      6B5F7400 
 2446              	.LASF8:
 2447 03b4 5F5F696E 		.ascii	"__int32_t\000"
 2447      7433325F 
 2447      7400
 2448              	.LASF134:
 2449 03be 6368544D 		.ascii	"chTMChainMeasurementToX\000"
 2449      43686169 
 2449      6E4D6561 
 2449      73757265 
 2449      6D656E74 
 2450              	.LASF101:
 2451 03d6 73746B61 		.ascii	"stkalign_t\000"
 2451      6C69676E 
 2451      5F7400
 2452              	.LASF31:
 2453 03e1 6E657765 		.ascii	"newer\000"
 2453      7200
 2454              	.LASF77:
 2455 03e7 43594343 		.ascii	"CYCCNT\000"
ARM GAS  /tmp/ccg4QatP.s 			page 47


 2455      4E5400
 2456              	.LASF42:
 2457 03ee 7265616C 		.ascii	"realprio\000"
 2457      7072696F 
 2457      00
 2458              	.LASF75:
 2459 03f7 73697A65 		.ascii	"sizetype\000"
 2459      74797065 
 2459      00
 2460              	.LASF45:
 2461 0400 74687265 		.ascii	"thread_reference_t\000"
 2461      61645F72 
 2461      65666572 
 2461      656E6365 
 2461      5F7400
 2462              	.LASF62:
 2463 0413 63685F76 		.ascii	"ch_virtual_timers_list\000"
 2463      69727475 
 2463      616C5F74 
 2463      696D6572 
 2463      735F6C69 
 2464              	.LASF2:
 2465 042a 6C6F6E67 		.ascii	"long double\000"
 2465      20646F75 
 2465      626C6500 
 2466              	.LASF105:
 2467 0436 746D5F63 		.ascii	"tm_calibration_t\000"
 2467      616C6962 
 2467      72617469 
 2467      6F6E5F74 
 2467      00
 2468              	.LASF84:
 2469 0447 434F4D50 		.ascii	"COMP0\000"
 2469      3000
 2470              	.LASF88:
 2471 044d 434F4D50 		.ascii	"COMP1\000"
 2471      3100
 2472              	.LASF92:
 2473 0453 434F4D50 		.ascii	"COMP2\000"
 2473      3200
 2474              	.LASF96:
 2475 0459 434F4D50 		.ascii	"COMP3\000"
 2475      3300
 2476              	.LASF30:
 2477 045f 7072696F 		.ascii	"prio\000"
 2477      00
 2478              	.LASF55:
 2479 0464 63757272 		.ascii	"current\000"
 2479      656E7400 
 2480              	.LASF12:
 2481 046c 5F5F7569 		.ascii	"__uint64_t\000"
 2481      6E743634 
 2481      5F7400
 2482              	.LASF109:
 2483 0477 63756D75 		.ascii	"cumulative\000"
 2483      6C617469 
 2483      766500
ARM GAS  /tmp/ccg4QatP.s 			page 48


 2484              	.LASF22:
 2485 0482 74726566 		.ascii	"trefs_t\000"
 2485      735F7400 
 2486              	.LASF87:
 2487 048a 52455345 		.ascii	"RESERVED0\000"
 2487      52564544 
 2487      3000
 2488              	.LASF91:
 2489 0494 52455345 		.ascii	"RESERVED1\000"
 2489      52564544 
 2489      3100
 2490              	.LASF95:
 2491 049e 52455345 		.ascii	"RESERVED2\000"
 2491      52564544 
 2491      3200
 2492              	.LASF37:
 2493 04a8 72656673 		.ascii	"refs\000"
 2493      00
 2494              	.LASF57:
 2495 04ad 76697274 		.ascii	"virtual_timer_t\000"
 2495      75616C5F 
 2495      74696D65 
 2495      725F7400 
 2496              	.LASF23:
 2497 04bd 74707269 		.ascii	"tprio_t\000"
 2497      6F5F7400 
 2498              	.LASF83:
 2499 04c5 50435352 		.ascii	"PCSR\000"
 2499      00
 2500              	.LASF112:
 2501 04ca 6E5F6374 		.ascii	"n_ctxswc\000"
 2501      78737763 
 2501      00
 2502              	.LASF89:
 2503 04d3 4D41534B 		.ascii	"MASK1\000"
 2503      3100
 2504              	.LASF15:
 2505 04d9 696E7433 		.ascii	"int32_t\000"
 2505      325F7400 
 2506              	.LASF4:
 2507 04e1 756E7369 		.ascii	"unsigned char\000"
 2507      676E6564 
 2507      20636861 
 2507      7200
 2508              	.LASF137:
 2509 04ef 49544D5F 		.ascii	"ITM_RxBuffer\000"
 2509      52784275 
 2509      66666572 
 2509      00
 2510              	.LASF86:
 2511 04fc 46554E43 		.ascii	"FUNCTION0\000"
 2511      54494F4E 
 2511      3000
 2512              	.LASF90:
 2513 0506 46554E43 		.ascii	"FUNCTION1\000"
 2513      54494F4E 
 2513      3100
ARM GAS  /tmp/ccg4QatP.s 			page 49


 2514              	.LASF94:
 2515 0510 46554E43 		.ascii	"FUNCTION2\000"
 2515      54494F4E 
 2515      3200
 2516              	.LASF98:
 2517 051a 46554E43 		.ascii	"FUNCTION3\000"
 2517      54494F4E 
 2517      3300
 2518              	.LASF5:
 2519 0524 73686F72 		.ascii	"short int\000"
 2519      7420696E 
 2519      7400
 2520              	.LASF63:
 2521 052e 6C617374 		.ascii	"lasttime\000"
 2521      74696D65 
 2521      00
 2522              	.LASF123:
 2523 0537 65776D61 		.ascii	"ewmask\000"
 2523      736B00
 2524              	.LASF68:
 2525 053e 63685F73 		.ascii	"ch_system\000"
 2525      79737465 
 2525      6D00
 2526              	.LASF58:
 2527 0548 63685F76 		.ascii	"ch_virtual_timer\000"
 2527      69727475 
 2527      616C5F74 
 2527      696D6572 
 2527      00
 2528              	.LASF124:
 2529 0559 63685F73 		.ascii	"ch_semaphore\000"
 2529      656D6170 
 2529      686F7265 
 2529      00
 2530              	.LASF81:
 2531 0566 4C535543 		.ascii	"LSUCNT\000"
 2531      4E5400
 2532              	.LASF140:
 2533 056d 2F686F6D 		.ascii	"/home/user/csse4011/project/4011-surfbee/ardupilot/"
 2533      652F7573 
 2533      65722F63 
 2533      73736534 
 2533      3031312F 
 2534 05a0 6275696C 		.ascii	"build/stm32l475\000"
 2534      642F7374 
 2534      6D33326C 
 2534      34373500 
 2535              	.LASF122:
 2536 05b0 77746D74 		.ascii	"wtmtxp\000"
 2536      787000
 2537              	.LASF48:
 2538 05b7 63685F74 		.ascii	"ch_threads_list\000"
 2538      68726561 
 2538      64735F6C 
 2538      69737400 
 2539              	.LASF126:
 2540 05c7 6F776E65 		.ascii	"owner\000"
ARM GAS  /tmp/ccg4QatP.s 			page 50


 2540      7200
 2541              	.LASF129:
 2542 05cd 5F426F6F 		.ascii	"_Bool\000"
 2542      6C00
 2543              	.LASF11:
 2544 05d3 6C6F6E67 		.ascii	"long unsigned int\000"
 2544      20756E73 
 2544      69676E65 
 2544      6420696E 
 2544      7400
 2545              	.LASF34:
 2546 05e5 77616261 		.ascii	"wabase\000"
 2546      736500
 2547              	.LASF127:
 2548 05ec 63686172 		.ascii	"char\000"
 2548      00
 2549              	.LASF32:
 2550 05f1 6F6C6465 		.ascii	"older\000"
 2550      7200
 2551              	.LASF28:
 2552 05f7 74687265 		.ascii	"thread_t\000"
 2552      61645F74 
 2552      00
 2553              	.LASF141:
 2554 0600 706F7274 		.ascii	"port_rt_get_counter_value\000"
 2554      5F72745F 
 2554      6765745F 
 2554      636F756E 
 2554      7465725F 
 2555              	.LASF73:
 2556 061a 73797374 		.ascii	"systime_t\000"
 2556      696D655F 
 2556      7400
 2557              	.LASF56:
 2558 0624 76746675 		.ascii	"vtfunc_t\000"
 2558      6E635F74 
 2558      00
 2559              	.LASF66:
 2560 062d 70616E69 		.ascii	"panic_msg\000"
 2560      635F6D73 
 2560      6700
 2561              	.LASF104:
 2562 0637 6F666673 		.ascii	"offset\000"
 2562      657400
 2563              	.LASF99:
 2564 063e 4457545F 		.ascii	"DWT_Type\000"
 2564      54797065 
 2564      00
 2565              	.LASF18:
 2566 0647 7274636E 		.ascii	"rtcnt_t\000"
 2566      745F7400 
 2567              	.LASF76:
 2568 064f 4354524C 		.ascii	"CTRL\000"
 2568      00
 2569              	.LASF50:
 2570 0654 74687265 		.ascii	"threads_queue_t\000"
 2570      6164735F 
ARM GAS  /tmp/ccg4QatP.s 			page 51


 2570      71756575 
 2570      655F7400 
 2571              	.LASF125:
 2572 0664 63685F6D 		.ascii	"ch_mutex\000"
 2572      75746578 
 2572      00
 2573              	.LASF69:
 2574 066d 726C6973 		.ascii	"rlist\000"
 2574      7400
 2575              	.LASF14:
 2576 0673 75696E74 		.ascii	"uint8_t\000"
 2576      385F7400 
 2577              	.LASF36:
 2578 067b 666C6167 		.ascii	"flags\000"
 2578      7300
 2579              	.LASF82:
 2580 0681 464F4C44 		.ascii	"FOLDCNT\000"
 2580      434E5400 
 2581              	.LASF118:
 2582 0689 77746F62 		.ascii	"wtobjp\000"
 2582      6A7000
 2583              	.LASF46:
 2584 0690 74687265 		.ascii	"threads_list_t\000"
 2584      6164735F 
 2584      6C697374 
 2584      5F7400
 2585              	.LASF41:
 2586 069f 6D74786C 		.ascii	"mtxlist\000"
 2586      69737400 
 2587              	.LASF120:
 2588 06a7 73656E74 		.ascii	"sentmsg\000"
 2588      6D736700 
 2589              	.LASF113:
 2590 06af 6D5F6372 		.ascii	"m_crit_thd\000"
 2590      69745F74 
 2590      686400
 2591              	.LASF16:
 2592 06ba 75696E74 		.ascii	"uint32_t\000"
 2592      33325F74 
 2592      00
 2593              		.ident	"GCC: (15:5.4.1+svn241155-1) 5.4.1 20160919"
ARM GAS  /tmp/ccg4QatP.s 			page 52


DEFINED SYMBOLS
                            *ABS*:0000000000000000 chtm.c
     /tmp/ccg4QatP.s:22     .text.chTMObjectInit:0000000000000000 $t
     /tmp/ccg4QatP.s:27     .text.chTMObjectInit:0000000000000000 chTMObjectInit
     /tmp/ccg4QatP.s:55     .text.chTMStartMeasurementX:0000000000000000 $t
     /tmp/ccg4QatP.s:60     .text.chTMStartMeasurementX:0000000000000000 chTMStartMeasurementX
     /tmp/ccg4QatP.s:82     .text.chTMStartMeasurementX:0000000000000008 $d
     /tmp/ccg4QatP.s:87     .text.chTMStopMeasurementX:0000000000000000 $t
     /tmp/ccg4QatP.s:92     .text.chTMStopMeasurementX:0000000000000000 chTMStopMeasurementX
     /tmp/ccg4QatP.s:168    .text.chTMStopMeasurementX:000000000000003c $d
     /tmp/ccg4QatP.s:176    .text._tm_init:0000000000000000 $t
     /tmp/ccg4QatP.s:181    .text._tm_init:0000000000000000 _tm_init
     /tmp/ccg4QatP.s:224    .text._tm_init:0000000000000028 $d
     /tmp/ccg4QatP.s:229    .text.chTMChainMeasurementToX:0000000000000000 $t
     /tmp/ccg4QatP.s:234    .text.chTMChainMeasurementToX:0000000000000000 chTMChainMeasurementToX
     /tmp/ccg4QatP.s:311    .text.chTMChainMeasurementToX:0000000000000034 $d
                     .debug_frame:0000000000000010 $d

UNDEFINED SYMBOLS
ch
