ARM GAS  /tmp/ccAZkZhH.s 			page 1


   1              		.syntax unified
   2              		.cpu cortex-m4
   3              		.eabi_attribute 27, 1
   4              		.eabi_attribute 28, 1
   5              		.fpu fpv4-sp-d16
   6              		.eabi_attribute 20, 1
   7              		.eabi_attribute 21, 1
   8              		.eabi_attribute 23, 3
   9              		.eabi_attribute 24, 1
  10              		.eabi_attribute 25, 1
  11              		.eabi_attribute 26, 1
  12              		.eabi_attribute 30, 4
  13              		.eabi_attribute 34, 1
  14              		.eabi_attribute 18, 4
  15              		.thumb
  16              		.syntax unified
  17              		.file	"hal_pal.c"
  18              		.text
  19              	.Ltext0:
  20              		.cfi_sections	.debug_frame
  21              		.section	.text.palReadBus,"ax",%progbits
  22              		.align	1
  23              		.global	palReadBus
  24              		.thumb
  25              		.thumb_func
  26              		.type	palReadBus, %function
  27              	palReadBus:
  28              	.LFB323:
  29              		.file 1 "../../modules/ChibiOS/os/hal/src/hal_pal.c"
  30              		.loc 1 65 0
  31              		.cfi_startproc
  32              		@ args = 0, pretend = 0, frame = 0
  33              		@ frame_needed = 0, uses_anonymous_args = 0
  34              		@ link register save eliminated.
  35              	.LVL0:
  36              		.loc 1 69 0
  37 0000 0368     		ldr	r3, [r0]
  38 0002 8268     		ldr	r2, [r0, #8]
  39 0004 1B69     		ldr	r3, [r3, #16]
  40 0006 4068     		ldr	r0, [r0, #4]
  41              	.LVL1:
  42 0008 D340     		lsrs	r3, r3, r2
  43              		.loc 1 70 0
  44 000a 1840     		ands	r0, r0, r3
  45 000c 7047     		bx	lr
  46              		.cfi_endproc
  47              	.LFE323:
  48              		.size	palReadBus, .-palReadBus
  49              		.section	.text.palWriteBus,"ax",%progbits
  50              		.align	1
  51              		.global	palWriteBus
  52              		.thumb
  53              		.thumb_func
  54              		.type	palWriteBus, %function
  55              	palWriteBus:
  56              	.LFB324:
  57              		.loc 1 90 0
ARM GAS  /tmp/ccAZkZhH.s 			page 2


  58              		.cfi_startproc
  59              		@ args = 0, pretend = 0, frame = 0
  60              		@ frame_needed = 0, uses_anonymous_args = 0
  61              	.LVL2:
  62              	.LBB2:
  63              		.loc 1 94 0
  64 0000 4368     		ldr	r3, [r0, #4]
  65              	.LBE2:
  66              		.loc 1 90 0
  67 0002 30B5     		push	{r4, r5, lr}
  68              		.cfi_def_cfa_offset 12
  69              		.cfi_offset 4, -12
  70              		.cfi_offset 5, -8
  71              		.cfi_offset 14, -4
  72              	.LBB3:
  73              		.loc 1 94 0
  74 0004 8468     		ldr	r4, [r0, #8]
  75 0006 23EA0102 		bic	r2, r3, r1
  76 000a 04F11005 		add	r5, r4, #16
  77 000e 1940     		ands	r1, r1, r3
  78              	.LVL3:
  79 0010 AA40     		lsls	r2, r2, r5
  80 0012 01FA04F3 		lsl	r3, r1, r4
  81 0016 1343     		orrs	r3, r3, r2
  82              	.LVL4:
  83 0018 0268     		ldr	r2, [r0]
  84 001a 9361     		str	r3, [r2, #24]
  85 001c 30BD     		pop	{r4, r5, pc}
  86              	.LBE3:
  87              		.cfi_endproc
  88              	.LFE324:
  89              		.size	palWriteBus, .-palWriteBus
  90              		.section	.text.palSetBusMode,"ax",%progbits
  91              		.align	1
  92              		.global	palSetBusMode
  93              		.thumb
  94              		.thumb_func
  95              		.type	palSetBusMode, %function
  96              	palSetBusMode:
  97              	.LFB325:
  98              		.loc 1 113 0
  99              		.cfi_startproc
 100              		@ args = 0, pretend = 0, frame = 0
 101              		@ frame_needed = 0, uses_anonymous_args = 0
 102              		@ link register save eliminated.
 103              	.LVL5:
 104 0000 10B4     		push	{r4}
 105              		.cfi_def_cfa_offset 4
 106              		.cfi_offset 4, -4
 107              		.loc 1 117 0
 108 0002 8368     		ldr	r3, [r0, #8]
 109 0004 4468     		ldr	r4, [r0, #4]
 110 0006 0068     		ldr	r0, [r0]
 111              	.LVL6:
 112 0008 0A46     		mov	r2, r1
 113 000a 04FA03F1 		lsl	r1, r4, r3
 114              	.LVL7:
ARM GAS  /tmp/ccAZkZhH.s 			page 3


 115              		.loc 1 118 0
 116 000e 5DF8044B 		ldr	r4, [sp], #4
 117              		.cfi_restore 4
 118              		.cfi_def_cfa_offset 0
 119              		.loc 1 117 0
 120 0012 FFF7FEBF 		b	_pal_lld_setgroupmode
 121              	.LVL8:
 122              		.cfi_endproc
 123              	.LFE325:
 124              		.size	palSetBusMode, .-palSetBusMode
 125              		.section	.text.palSetPadCallbackI,"ax",%progbits
 126              		.align	1
 127              		.global	palSetPadCallbackI
 128              		.thumb
 129              		.thumb_func
 130              		.type	palSetPadCallbackI, %function
 131              	palSetPadCallbackI:
 132              	.LFB326:
 133              		.loc 1 132 0
 134              		.cfi_startproc
 135              		@ args = 0, pretend = 0, frame = 0
 136              		@ frame_needed = 0, uses_anonymous_args = 0
 137              		@ link register save eliminated.
 138              	.LVL9:
 139              		.loc 1 135 0
 140 0000 0348     		ldr	r0, .L5
 141              	.LVL10:
 142 0002 40F83120 		str	r2, [r0, r1, lsl #3]
 143              		.loc 1 136 0
 144 0006 00EBC100 		add	r0, r0, r1, lsl #3
 145 000a 4360     		str	r3, [r0, #4]
 146 000c 7047     		bx	lr
 147              	.L6:
 148 000e 00BF     		.align	2
 149              	.L5:
 150 0010 00000000 		.word	_pal_events
 151              		.cfi_endproc
 152              	.LFE326:
 153              		.size	palSetPadCallbackI, .-palSetPadCallbackI
 154              		.section	.text.palSetLineCallbackI,"ax",%progbits
 155              		.align	1
 156              		.global	palSetLineCallbackI
 157              		.thumb
 158              		.thumb_func
 159              		.type	palSetLineCallbackI, %function
 160              	palSetLineCallbackI:
 161              	.LFB327:
 162              		.loc 1 148 0
 163              		.cfi_startproc
 164              		@ args = 0, pretend = 0, frame = 0
 165              		@ frame_needed = 0, uses_anonymous_args = 0
 166              		@ link register save eliminated.
 167              	.LVL11:
 168              		.loc 1 150 0
 169 0000 00F00F00 		and	r0, r0, #15
 170              	.LVL12:
 171              		.loc 1 151 0
ARM GAS  /tmp/ccAZkZhH.s 			page 4


 172 0004 034B     		ldr	r3, .L8
 173 0006 43F83010 		str	r1, [r3, r0, lsl #3]
 174              		.loc 1 152 0
 175 000a 03EBC003 		add	r3, r3, r0, lsl #3
 176 000e 5A60     		str	r2, [r3, #4]
 177 0010 7047     		bx	lr
 178              	.L9:
 179 0012 00BF     		.align	2
 180              	.L8:
 181 0014 00000000 		.word	_pal_events
 182              		.cfi_endproc
 183              	.LFE327:
 184              		.size	palSetLineCallbackI, .-palSetLineCallbackI
 185              		.text
 186              	.Letext0:
 187              		.file 2 "/usr/include/newlib/machine/_default_types.h"
 188              		.file 3 "/usr/include/newlib/sys/_stdint.h"
 189              		.file 4 "/usr/include/newlib/stdint.h"
 190              		.file 5 "../../modules/ChibiOS/os/common/ports/ARMCMx/compilers/GCC/chtypes.h"
 191              		.file 6 "../../modules/ChibiOS/os/rt/include/chsystypes.h"
 192              		.file 7 "../../modules/ChibiOS/os/rt/include/chschd.h"
 193              		.file 8 "../../modules/ChibiOS/os/rt/include/chtime.h"
 194              		.file 9 "../../modules/ChibiOS/os/common/ports/ARMCMx/chcore.h"
 195              		.file 10 "../../modules/ChibiOS/os/common/ports/ARMCMx/chcore_v7m.h"
 196              		.file 11 "../../modules/ChibiOS/os/rt/include/chtm.h"
 197              		.file 12 "../../modules/ChibiOS/os/rt/include/chstats.h"
 198              		.file 13 "../../modules/ChibiOS/os/rt/include/chsem.h"
 199              		.file 14 "../../modules/ChibiOS/os/rt/include/chmtx.h"
 200              		.file 15 "../../modules/ChibiOS/os/hal/include/hal_pal.h"
 201              		.file 16 "../../modules/ChibiOS/os/hal/ports/STM32/LLD/GPIOv2/stm32_gpio.h"
 202              		.file 17 "../../modules/ChibiOS/os/hal/ports/STM32/LLD/GPIOv2/hal_pal_lld.h"
 203              		.file 18 "../../modules/ChibiOS/os/common/ext/ARM/CMSIS/Core/Include/core_cm4.h"
 204              		.section	.debug_info,"",%progbits
 205              	.Ldebug_info0:
 206 0000 390B0000 		.4byte	0xb39
 207 0004 0400     		.2byte	0x4
 208 0006 00000000 		.4byte	.Ldebug_abbrev0
 209 000a 04       		.byte	0x4
 210 000b 01       		.uleb128 0x1
 211 000c 66030000 		.4byte	.LASF140
 212 0010 0C       		.byte	0xc
 213 0011 08010000 		.4byte	.LASF141
 214 0015 44050000 		.4byte	.LASF142
 215 0019 18000000 		.4byte	.Ldebug_ranges0+0x18
 216 001d 00000000 		.4byte	0
 217 0021 00000000 		.4byte	.Ldebug_line0
 218 0025 02       		.uleb128 0x2
 219 0026 04       		.byte	0x4
 220 0027 05       		.byte	0x5
 221 0028 696E7400 		.ascii	"int\000"
 222 002c 03       		.uleb128 0x3
 223 002d 04       		.byte	0x4
 224 002e 07       		.byte	0x7
 225 002f D8050000 		.4byte	.LASF0
 226 0033 03       		.uleb128 0x3
 227 0034 08       		.byte	0x8
 228 0035 05       		.byte	0x5
ARM GAS  /tmp/ccAZkZhH.s 			page 5


 229 0036 41010000 		.4byte	.LASF1
 230 003a 03       		.uleb128 0x3
 231 003b 08       		.byte	0x8
 232 003c 04       		.byte	0x4
 233 003d 3A030000 		.4byte	.LASF2
 234 0041 03       		.uleb128 0x3
 235 0042 01       		.byte	0x1
 236 0043 06       		.byte	0x6
 237 0044 4F010000 		.4byte	.LASF3
 238 0048 04       		.uleb128 0x4
 239 0049 3D000000 		.4byte	.LASF6
 240 004d 02       		.byte	0x2
 241 004e 1D       		.byte	0x1d
 242 004f 53000000 		.4byte	0x53
 243 0053 03       		.uleb128 0x3
 244 0054 01       		.byte	0x1
 245 0055 08       		.byte	0x8
 246 0056 D4040000 		.4byte	.LASF4
 247 005a 03       		.uleb128 0x3
 248 005b 02       		.byte	0x2
 249 005c 05       		.byte	0x5
 250 005d EC040000 		.4byte	.LASF5
 251 0061 04       		.uleb128 0x4
 252 0062 E5050000 		.4byte	.LASF7
 253 0066 02       		.byte	0x2
 254 0067 2B       		.byte	0x2b
 255 0068 6C000000 		.4byte	0x6c
 256 006c 03       		.uleb128 0x3
 257 006d 02       		.byte	0x2
 258 006e 07       		.byte	0x7
 259 006f 36020000 		.4byte	.LASF8
 260 0073 04       		.uleb128 0x4
 261 0074 D2020000 		.4byte	.LASF9
 262 0078 02       		.byte	0x2
 263 0079 3F       		.byte	0x3f
 264 007a 7E000000 		.4byte	0x7e
 265 007e 03       		.uleb128 0x3
 266 007f 04       		.byte	0x4
 267 0080 05       		.byte	0x5
 268 0081 81010000 		.4byte	.LASF10
 269 0085 04       		.uleb128 0x4
 270 0086 AB010000 		.4byte	.LASF11
 271 008a 02       		.byte	0x2
 272 008b 41       		.byte	0x41
 273 008c 90000000 		.4byte	0x90
 274 0090 03       		.uleb128 0x3
 275 0091 04       		.byte	0x4
 276 0092 07       		.byte	0x7
 277 0093 A4050000 		.4byte	.LASF12
 278 0097 04       		.uleb128 0x4
 279 0098 ED020000 		.4byte	.LASF13
 280 009c 02       		.byte	0x2
 281 009d 5B       		.byte	0x5b
 282 009e A2000000 		.4byte	0xa2
 283 00a2 03       		.uleb128 0x3
 284 00a3 08       		.byte	0x8
 285 00a4 07       		.byte	0x7
ARM GAS  /tmp/ccAZkZhH.s 			page 6


 286 00a5 A4000000 		.4byte	.LASF14
 287 00a9 04       		.uleb128 0x4
 288 00aa 7F060000 		.4byte	.LASF15
 289 00ae 03       		.byte	0x3
 290 00af 18       		.byte	0x18
 291 00b0 48000000 		.4byte	0x48
 292 00b4 04       		.uleb128 0x4
 293 00b5 14020000 		.4byte	.LASF16
 294 00b9 03       		.byte	0x3
 295 00ba 24       		.byte	0x24
 296 00bb 61000000 		.4byte	0x61
 297 00bf 04       		.uleb128 0x4
 298 00c0 CC040000 		.4byte	.LASF17
 299 00c4 03       		.byte	0x3
 300 00c5 2C       		.byte	0x2c
 301 00c6 73000000 		.4byte	0x73
 302 00ca 04       		.uleb128 0x4
 303 00cb 4B060000 		.4byte	.LASF18
 304 00cf 03       		.byte	0x3
 305 00d0 30       		.byte	0x30
 306 00d1 85000000 		.4byte	0x85
 307 00d5 04       		.uleb128 0x4
 308 00d6 20000000 		.4byte	.LASF19
 309 00da 03       		.byte	0x3
 310 00db 3C       		.byte	0x3c
 311 00dc 97000000 		.4byte	0x97
 312 00e0 04       		.uleb128 0x4
 313 00e1 10050000 		.4byte	.LASF20
 314 00e5 04       		.byte	0x4
 315 00e6 34       		.byte	0x34
 316 00e7 2C000000 		.4byte	0x2c
 317 00eb 04       		.uleb128 0x4
 318 00ec 43060000 		.4byte	.LASF21
 319 00f0 05       		.byte	0x5
 320 00f1 27       		.byte	0x27
 321 00f2 CA000000 		.4byte	0xca
 322 00f6 04       		.uleb128 0x4
 323 00f7 38010000 		.4byte	.LASF22
 324 00fb 05       		.byte	0x5
 325 00fc 28       		.byte	0x28
 326 00fd D5000000 		.4byte	0xd5
 327 0101 04       		.uleb128 0x4
 328 0102 9A020000 		.4byte	.LASF23
 329 0106 05       		.byte	0x5
 330 0107 2A       		.byte	0x2a
 331 0108 A9000000 		.4byte	0xa9
 332 010c 04       		.uleb128 0x4
 333 010d 8A010000 		.4byte	.LASF24
 334 0111 05       		.byte	0x5
 335 0112 2B       		.byte	0x2b
 336 0113 A9000000 		.4byte	0xa9
 337 0117 04       		.uleb128 0x4
 338 0118 92040000 		.4byte	.LASF25
 339 011c 05       		.byte	0x5
 340 011d 2C       		.byte	0x2c
 341 011e A9000000 		.4byte	0xa9
 342 0122 04       		.uleb128 0x4
ARM GAS  /tmp/ccAZkZhH.s 			page 7


 343 0123 B5040000 		.4byte	.LASF26
 344 0127 05       		.byte	0x5
 345 0128 2E       		.byte	0x2e
 346 0129 CA000000 		.4byte	0xca
 347 012d 04       		.uleb128 0x4
 348 012e AF040000 		.4byte	.LASF27
 349 0132 05       		.byte	0x5
 350 0133 2F       		.byte	0x2f
 351 0134 BF000000 		.4byte	0xbf
 352 0138 04       		.uleb128 0x4
 353 0139 C6020000 		.4byte	.LASF28
 354 013d 05       		.byte	0x5
 355 013e 31       		.byte	0x31
 356 013f CA000000 		.4byte	0xca
 357 0143 04       		.uleb128 0x4
 358 0144 00020000 		.4byte	.LASF29
 359 0148 05       		.byte	0x5
 360 0149 33       		.byte	0x33
 361 014a BF000000 		.4byte	0xbf
 362 014e 04       		.uleb128 0x4
 363 014f 78020000 		.4byte	.LASF30
 364 0153 05       		.byte	0x5
 365 0154 34       		.byte	0x34
 366 0155 CA000000 		.4byte	0xca
 367 0159 04       		.uleb128 0x4
 368 015a F0050000 		.4byte	.LASF31
 369 015e 06       		.byte	0x6
 370 015f 34       		.byte	0x34
 371 0160 64010000 		.4byte	0x164
 372 0164 05       		.uleb128 0x5
 373 0165 5D020000 		.4byte	.LASF50
 374 0169 60       		.byte	0x60
 375 016a 07       		.byte	0x7
 376 016b 8E       		.byte	0x8e
 377 016c 4F020000 		.4byte	0x24f
 378 0170 06       		.uleb128 0x6
 379 0171 2A020000 		.4byte	.LASF32
 380 0175 07       		.byte	0x7
 381 0176 8F       		.byte	0x8f
 382 0177 84020000 		.4byte	0x284
 383 017b 00       		.byte	0
 384 017c 06       		.uleb128 0x6
 385 017d 5B040000 		.4byte	.LASF33
 386 0181 07       		.byte	0x7
 387 0182 90       		.byte	0x90
 388 0183 22010000 		.4byte	0x122
 389 0187 08       		.byte	0x8
 390 0188 07       		.uleb128 0x7
 391 0189 63747800 		.ascii	"ctx\000"
 392 018d 07       		.byte	0x7
 393 018e 91       		.byte	0x91
 394 018f A4040000 		.4byte	0x4a4
 395 0193 0C       		.byte	0xc
 396 0194 06       		.uleb128 0x6
 397 0195 E7020000 		.4byte	.LASF34
 398 0199 07       		.byte	0x7
 399 019a 93       		.byte	0x93
ARM GAS  /tmp/ccAZkZhH.s 			page 8


 400 019b 5A020000 		.4byte	0x25a
 401 019f 10       		.byte	0x10
 402 01a0 06       		.uleb128 0x6
 403 01a1 C2050000 		.4byte	.LASF35
 404 01a5 07       		.byte	0x7
 405 01a6 94       		.byte	0x94
 406 01a7 5A020000 		.4byte	0x25a
 407 01ab 14       		.byte	0x14
 408 01ac 06       		.uleb128 0x6
 409 01ad 58020000 		.4byte	.LASF36
 410 01b1 07       		.byte	0x7
 411 01b2 9B       		.byte	0x9b
 412 01b3 8A070000 		.4byte	0x78a
 413 01b7 18       		.byte	0x18
 414 01b8 06       		.uleb128 0x6
 415 01b9 B6050000 		.4byte	.LASF37
 416 01bd 07       		.byte	0x7
 417 01be A4       		.byte	0xa4
 418 01bf 9C070000 		.4byte	0x79c
 419 01c3 1C       		.byte	0x1c
 420 01c4 06       		.uleb128 0x6
 421 01c5 76010000 		.4byte	.LASF38
 422 01c9 07       		.byte	0x7
 423 01ca A9       		.byte	0xa9
 424 01cb 0C010000 		.4byte	0x10c
 425 01cf 20       		.byte	0x20
 426 01d0 06       		.uleb128 0x6
 427 01d1 87060000 		.4byte	.LASF39
 428 01d5 07       		.byte	0x7
 429 01d6 AD       		.byte	0xad
 430 01d7 01010000 		.4byte	0x101
 431 01db 21       		.byte	0x21
 432 01dc 06       		.uleb128 0x6
 433 01dd 9A040000 		.4byte	.LASF40
 434 01e1 07       		.byte	0x7
 435 01e2 B2       		.byte	0xb2
 436 01e3 17010000 		.4byte	0x117
 437 01e7 22       		.byte	0x22
 438 01e8 08       		.uleb128 0x8
 439 01e9 7500     		.ascii	"u\000"
 440 01eb 07       		.byte	0x7
 441 01ec 0301     		.2byte	0x103
 442 01ee C0060000 		.4byte	0x6c0
 443 01f2 24       		.byte	0x24
 444 01f3 09       		.uleb128 0x9
 445 01f4 C4010000 		.4byte	.LASF41
 446 01f8 07       		.byte	0x7
 447 01f9 0801     		.2byte	0x108
 448 01fb 60020000 		.4byte	0x260
 449 01ff 28       		.byte	0x28
 450 0200 09       		.uleb128 0x9
 451 0201 67010000 		.4byte	.LASF42
 452 0205 07       		.byte	0x7
 453 0206 0E01     		.2byte	0x10e
 454 0208 84020000 		.4byte	0x284
 455 020c 2C       		.byte	0x2c
 456 020d 09       		.uleb128 0x9
ARM GAS  /tmp/ccAZkZhH.s 			page 9


 457 020e 7F020000 		.4byte	.LASF43
 458 0212 07       		.byte	0x7
 459 0213 1401     		.2byte	0x114
 460 0215 38010000 		.4byte	0x138
 461 0219 34       		.byte	0x34
 462 021a 09       		.uleb128 0x9
 463 021b B3060000 		.4byte	.LASF44
 464 021f 07       		.byte	0x7
 465 0220 1B01     		.2byte	0x11b
 466 0222 84070000 		.4byte	0x784
 467 0226 38       		.byte	0x38
 468 0227 09       		.uleb128 0x9
 469 0228 F8020000 		.4byte	.LASF45
 470 022c 07       		.byte	0x7
 471 022d 1F01     		.2byte	0x11f
 472 022f 22010000 		.4byte	0x122
 473 0233 3C       		.byte	0x3c
 474 0234 09       		.uleb128 0x9
 475 0235 30020000 		.4byte	.LASF46
 476 0239 07       		.byte	0x7
 477 023a 2601     		.2byte	0x126
 478 023c 37030000 		.4byte	0x337
 479 0240 40       		.byte	0x40
 480 0241 09       		.uleb128 0x9
 481 0242 98010000 		.4byte	.LASF47
 482 0246 07       		.byte	0x7
 483 0247 2C01     		.2byte	0x12c
 484 0249 71060000 		.4byte	0x671
 485 024d 48       		.byte	0x48
 486 024e 00       		.byte	0
 487 024f 04       		.uleb128 0x4
 488 0250 0A030000 		.4byte	.LASF48
 489 0254 06       		.byte	0x6
 490 0255 39       		.byte	0x39
 491 0256 5A020000 		.4byte	0x25a
 492 025a 0A       		.uleb128 0xa
 493 025b 04       		.byte	0x4
 494 025c 59010000 		.4byte	0x159
 495 0260 04       		.uleb128 0x4
 496 0261 94060000 		.4byte	.LASF49
 497 0265 06       		.byte	0x6
 498 0266 3E       		.byte	0x3e
 499 0267 6B020000 		.4byte	0x26b
 500 026b 05       		.uleb128 0x5
 501 026c 8E050000 		.4byte	.LASF51
 502 0270 04       		.byte	0x4
 503 0271 07       		.byte	0x7
 504 0272 7C       		.byte	0x7c
 505 0273 84020000 		.4byte	0x284
 506 0277 06       		.uleb128 0x6
 507 0278 33010000 		.4byte	.LASF52
 508 027c 07       		.byte	0x7
 509 027d 7D       		.byte	0x7d
 510 027e 5A020000 		.4byte	0x25a
 511 0282 00       		.byte	0
 512 0283 00       		.byte	0
 513 0284 04       		.uleb128 0x4
ARM GAS  /tmp/ccAZkZhH.s 			page 10


 514 0285 60060000 		.4byte	.LASF53
 515 0289 06       		.byte	0x6
 516 028a 45       		.byte	0x45
 517 028b 8F020000 		.4byte	0x28f
 518 028f 05       		.uleb128 0x5
 519 0290 58000000 		.4byte	.LASF54
 520 0294 08       		.byte	0x8
 521 0295 07       		.byte	0x7
 522 0296 83       		.byte	0x83
 523 0297 B4020000 		.4byte	0x2b4
 524 029b 06       		.uleb128 0x6
 525 029c 33010000 		.4byte	.LASF52
 526 02a0 07       		.byte	0x7
 527 02a1 84       		.byte	0x84
 528 02a2 5A020000 		.4byte	0x25a
 529 02a6 00       		.byte	0
 530 02a7 06       		.uleb128 0x6
 531 02a8 47000000 		.4byte	.LASF55
 532 02ac 07       		.byte	0x7
 533 02ad 85       		.byte	0x85
 534 02ae 5A020000 		.4byte	0x25a
 535 02b2 04       		.byte	0x4
 536 02b3 00       		.byte	0
 537 02b4 04       		.uleb128 0x4
 538 02b5 00000000 		.4byte	.LASF56
 539 02b9 06       		.byte	0x6
 540 02ba 4C       		.byte	0x4c
 541 02bb BF020000 		.4byte	0x2bf
 542 02bf 0B       		.uleb128 0xb
 543 02c0 B8020000 		.4byte	.LASF57
 544 02c4 1C       		.byte	0x1c
 545 02c5 07       		.byte	0x7
 546 02c6 5E01     		.2byte	0x15e
 547 02c8 1B030000 		.4byte	0x31b
 548 02cc 09       		.uleb128 0x9
 549 02cd 2A020000 		.4byte	.LASF32
 550 02d1 07       		.byte	0x7
 551 02d2 5F01     		.2byte	0x15f
 552 02d4 84020000 		.4byte	0x284
 553 02d8 00       		.byte	0
 554 02d9 09       		.uleb128 0x9
 555 02da 5B040000 		.4byte	.LASF33
 556 02de 07       		.byte	0x7
 557 02df 6001     		.2byte	0x160
 558 02e1 22010000 		.4byte	0x122
 559 02e5 08       		.byte	0x8
 560 02e6 08       		.uleb128 0x8
 561 02e7 63747800 		.ascii	"ctx\000"
 562 02eb 07       		.byte	0x7
 563 02ec 6201     		.2byte	0x162
 564 02ee A4040000 		.4byte	0x4a4
 565 02f2 0C       		.byte	0xc
 566 02f3 09       		.uleb128 0x9
 567 02f4 E7020000 		.4byte	.LASF34
 568 02f8 07       		.byte	0x7
 569 02f9 6501     		.2byte	0x165
 570 02fb 5A020000 		.4byte	0x25a
ARM GAS  /tmp/ccAZkZhH.s 			page 11


 571 02ff 10       		.byte	0x10
 572 0300 09       		.uleb128 0x9
 573 0301 C2050000 		.4byte	.LASF35
 574 0305 07       		.byte	0x7
 575 0306 6601     		.2byte	0x166
 576 0308 5A020000 		.4byte	0x25a
 577 030c 14       		.byte	0x14
 578 030d 09       		.uleb128 0x9
 579 030e 60040000 		.4byte	.LASF58
 580 0312 07       		.byte	0x7
 581 0313 6901     		.2byte	0x169
 582 0315 5A020000 		.4byte	0x25a
 583 0319 18       		.byte	0x18
 584 031a 00       		.byte	0
 585 031b 04       		.uleb128 0x4
 586 031c 08060000 		.4byte	.LASF59
 587 0320 06       		.byte	0x6
 588 0321 51       		.byte	0x51
 589 0322 26030000 		.4byte	0x326
 590 0326 0A       		.uleb128 0xa
 591 0327 04       		.byte	0x4
 592 0328 2C030000 		.4byte	0x32c
 593 032c 0C       		.uleb128 0xc
 594 032d 37030000 		.4byte	0x337
 595 0331 0D       		.uleb128 0xd
 596 0332 37030000 		.4byte	0x337
 597 0336 00       		.byte	0
 598 0337 0E       		.uleb128 0xe
 599 0338 04       		.byte	0x4
 600 0339 04       		.uleb128 0x4
 601 033a 9F040000 		.4byte	.LASF60
 602 033e 06       		.byte	0x6
 603 033f 56       		.byte	0x56
 604 0340 44030000 		.4byte	0x344
 605 0344 0B       		.uleb128 0xb
 606 0345 26050000 		.4byte	.LASF61
 607 0349 14       		.byte	0x14
 608 034a 07       		.byte	0x7
 609 034b 3901     		.2byte	0x139
 610 034d 93030000 		.4byte	0x393
 611 0351 09       		.uleb128 0x9
 612 0352 33010000 		.4byte	.LASF52
 613 0356 07       		.byte	0x7
 614 0357 3A01     		.2byte	0x13a
 615 0359 A2070000 		.4byte	0x7a2
 616 035d 00       		.byte	0
 617 035e 09       		.uleb128 0x9
 618 035f 47000000 		.4byte	.LASF55
 619 0363 07       		.byte	0x7
 620 0364 3B01     		.2byte	0x13b
 621 0366 A2070000 		.4byte	0x7a2
 622 036a 04       		.byte	0x4
 623 036b 09       		.uleb128 0x9
 624 036c 13000000 		.4byte	.LASF62
 625 0370 07       		.byte	0x7
 626 0371 3C01     		.2byte	0x13c
 627 0373 77040000 		.4byte	0x477
ARM GAS  /tmp/ccAZkZhH.s 			page 12


 628 0377 08       		.byte	0x8
 629 0378 09       		.uleb128 0x9
 630 0379 93010000 		.4byte	.LASF63
 631 037d 07       		.byte	0x7
 632 037e 3D01     		.2byte	0x13d
 633 0380 1B030000 		.4byte	0x31b
 634 0384 0C       		.byte	0xc
 635 0385 08       		.uleb128 0x8
 636 0386 70617200 		.ascii	"par\000"
 637 038a 07       		.byte	0x7
 638 038b 3F01     		.2byte	0x13f
 639 038d 37030000 		.4byte	0x337
 640 0391 10       		.byte	0x10
 641 0392 00       		.byte	0
 642 0393 04       		.uleb128 0x4
 643 0394 D7000000 		.4byte	.LASF64
 644 0398 06       		.byte	0x6
 645 0399 5B       		.byte	0x5b
 646 039a 9E030000 		.4byte	0x39e
 647 039e 0B       		.uleb128 0xb
 648 039f 1D030000 		.4byte	.LASF65
 649 03a3 10       		.byte	0x10
 650 03a4 07       		.byte	0x7
 651 03a5 4901     		.2byte	0x149
 652 03a7 E0030000 		.4byte	0x3e0
 653 03ab 09       		.uleb128 0x9
 654 03ac 33010000 		.4byte	.LASF52
 655 03b0 07       		.byte	0x7
 656 03b1 4A01     		.2byte	0x14a
 657 03b3 A2070000 		.4byte	0x7a2
 658 03b7 00       		.byte	0
 659 03b8 09       		.uleb128 0x9
 660 03b9 47000000 		.4byte	.LASF55
 661 03bd 07       		.byte	0x7
 662 03be 4C01     		.2byte	0x14c
 663 03c0 A2070000 		.4byte	0x7a2
 664 03c4 04       		.byte	0x4
 665 03c5 09       		.uleb128 0x9
 666 03c6 13000000 		.4byte	.LASF62
 667 03ca 07       		.byte	0x7
 668 03cb 4E01     		.2byte	0x14e
 669 03cd 77040000 		.4byte	0x477
 670 03d1 08       		.byte	0x8
 671 03d2 09       		.uleb128 0x9
 672 03d3 F6040000 		.4byte	.LASF66
 673 03d7 07       		.byte	0x7
 674 03d8 5601     		.2byte	0x156
 675 03da 6C040000 		.4byte	0x46c
 676 03de 0C       		.byte	0xc
 677 03df 00       		.byte	0
 678 03e0 04       		.uleb128 0x4
 679 03e1 69000000 		.4byte	.LASF67
 680 03e5 06       		.byte	0x6
 681 03e6 60       		.byte	0x60
 682 03e7 EB030000 		.4byte	0x3eb
 683 03eb 0B       		.uleb128 0xb
 684 03ec A3060000 		.4byte	.LASF68
ARM GAS  /tmp/ccAZkZhH.s 			page 13


 685 03f0 04       		.byte	0x4
 686 03f1 07       		.byte	0x7
 687 03f2 7001     		.2byte	0x170
 688 03f4 06040000 		.4byte	0x406
 689 03f8 09       		.uleb128 0x9
 690 03f9 11060000 		.4byte	.LASF69
 691 03fd 07       		.byte	0x7
 692 03fe 7801     		.2byte	0x178
 693 0400 A8070000 		.4byte	0x7a8
 694 0404 00       		.byte	0
 695 0405 00       		.byte	0
 696 0406 04       		.uleb128 0x4
 697 0407 88020000 		.4byte	.LASF70
 698 040b 06       		.byte	0x6
 699 040c 65       		.byte	0x65
 700 040d 11040000 		.4byte	0x411
 701 0411 0B       		.uleb128 0xb
 702 0412 06050000 		.4byte	.LASF71
 703 0416 D0       		.byte	0xd0
 704 0417 07       		.byte	0x7
 705 0418 9001     		.2byte	0x190
 706 041a 6C040000 		.4byte	0x46c
 707 041e 09       		.uleb128 0x9
 708 041f 79060000 		.4byte	.LASF72
 709 0423 07       		.byte	0x7
 710 0424 9401     		.2byte	0x194
 711 0426 B4020000 		.4byte	0x2b4
 712 042a 00       		.byte	0
 713 042b 09       		.uleb128 0x9
 714 042c 60010000 		.4byte	.LASF73
 715 0430 07       		.byte	0x7
 716 0431 9801     		.2byte	0x198
 717 0433 93030000 		.4byte	0x393
 718 0437 1C       		.byte	0x1c
 719 0438 08       		.uleb128 0x8
 720 0439 64626700 		.ascii	"dbg\000"
 721 043d 07       		.byte	0x7
 722 043e 9C01     		.2byte	0x19c
 723 0440 E0030000 		.4byte	0x3e0
 724 0444 2C       		.byte	0x2c
 725 0445 09       		.uleb128 0x9
 726 0446 C4000000 		.4byte	.LASF74
 727 044a 07       		.byte	0x7
 728 044b A001     		.2byte	0x1a0
 729 044d 59010000 		.4byte	0x159
 730 0451 30       		.byte	0x30
 731 0452 08       		.uleb128 0x8
 732 0453 746D00   		.ascii	"tm\000"
 733 0456 07       		.byte	0x7
 734 0457 A501     		.2byte	0x1a5
 735 0459 23060000 		.4byte	0x623
 736 045d 90       		.byte	0x90
 737 045e 09       		.uleb128 0x9
 738 045f 29000000 		.4byte	.LASF75
 739 0463 07       		.byte	0x7
 740 0464 AB01     		.2byte	0x1ab
 741 0466 B5060000 		.4byte	0x6b5
ARM GAS  /tmp/ccAZkZhH.s 			page 14


 742 046a 98       		.byte	0x98
 743 046b 00       		.byte	0
 744 046c 04       		.uleb128 0x4
 745 046d FE050000 		.4byte	.LASF76
 746 0471 08       		.byte	0x8
 747 0472 6D       		.byte	0x6d
 748 0473 CA000000 		.4byte	0xca
 749 0477 04       		.uleb128 0x4
 750 0478 FA000000 		.4byte	.LASF77
 751 047c 08       		.byte	0x8
 752 047d 79       		.byte	0x79
 753 047e CA000000 		.4byte	0xca
 754 0482 03       		.uleb128 0x3
 755 0483 04       		.byte	0x4
 756 0484 07       		.byte	0x7
 757 0485 01030000 		.4byte	.LASF78
 758 0489 0F       		.uleb128 0xf
 759 048a CA000000 		.4byte	0xca
 760 048e 04       		.uleb128 0x4
 761 048f BB010000 		.4byte	.LASF79
 762 0493 09       		.byte	0x9
 763 0494 65       		.byte	0x65
 764 0495 37030000 		.4byte	0x337
 765 0499 04       		.uleb128 0x4
 766 049a DC020000 		.4byte	.LASF80
 767 049e 09       		.byte	0x9
 768 049f 6D       		.byte	0x6d
 769 04a0 D5000000 		.4byte	0xd5
 770 04a4 05       		.uleb128 0x5
 771 04a5 59030000 		.4byte	.LASF81
 772 04a9 04       		.byte	0x4
 773 04aa 09       		.byte	0x9
 774 04ab 89       		.byte	0x89
 775 04ac BC040000 		.4byte	0x4bc
 776 04b0 07       		.uleb128 0x7
 777 04b1 737000   		.ascii	"sp\000"
 778 04b4 09       		.byte	0x9
 779 04b5 8A       		.byte	0x8a
 780 04b6 08060000 		.4byte	0x608
 781 04ba 00       		.byte	0
 782 04bb 00       		.byte	0
 783 04bc 0B       		.uleb128 0xb
 784 04bd 4C000000 		.4byte	.LASF82
 785 04c1 64       		.byte	0x64
 786 04c2 0A       		.byte	0xa
 787 04c3 5901     		.2byte	0x159
 788 04c5 08060000 		.4byte	0x608
 789 04c9 08       		.uleb128 0x8
 790 04ca 73313600 		.ascii	"s16\000"
 791 04ce 0A       		.byte	0xa
 792 04cf 5B01     		.2byte	0x15b
 793 04d1 8E040000 		.4byte	0x48e
 794 04d5 00       		.byte	0
 795 04d6 08       		.uleb128 0x8
 796 04d7 73313700 		.ascii	"s17\000"
 797 04db 0A       		.byte	0xa
 798 04dc 5C01     		.2byte	0x15c
ARM GAS  /tmp/ccAZkZhH.s 			page 15


 799 04de 8E040000 		.4byte	0x48e
 800 04e2 04       		.byte	0x4
 801 04e3 08       		.uleb128 0x8
 802 04e4 73313800 		.ascii	"s18\000"
 803 04e8 0A       		.byte	0xa
 804 04e9 5D01     		.2byte	0x15d
 805 04eb 8E040000 		.4byte	0x48e
 806 04ef 08       		.byte	0x8
 807 04f0 08       		.uleb128 0x8
 808 04f1 73313900 		.ascii	"s19\000"
 809 04f5 0A       		.byte	0xa
 810 04f6 5E01     		.2byte	0x15e
 811 04f8 8E040000 		.4byte	0x48e
 812 04fc 0C       		.byte	0xc
 813 04fd 08       		.uleb128 0x8
 814 04fe 73323000 		.ascii	"s20\000"
 815 0502 0A       		.byte	0xa
 816 0503 5F01     		.2byte	0x15f
 817 0505 8E040000 		.4byte	0x48e
 818 0509 10       		.byte	0x10
 819 050a 08       		.uleb128 0x8
 820 050b 73323100 		.ascii	"s21\000"
 821 050f 0A       		.byte	0xa
 822 0510 6001     		.2byte	0x160
 823 0512 8E040000 		.4byte	0x48e
 824 0516 14       		.byte	0x14
 825 0517 08       		.uleb128 0x8
 826 0518 73323200 		.ascii	"s22\000"
 827 051c 0A       		.byte	0xa
 828 051d 6101     		.2byte	0x161
 829 051f 8E040000 		.4byte	0x48e
 830 0523 18       		.byte	0x18
 831 0524 08       		.uleb128 0x8
 832 0525 73323300 		.ascii	"s23\000"
 833 0529 0A       		.byte	0xa
 834 052a 6201     		.2byte	0x162
 835 052c 8E040000 		.4byte	0x48e
 836 0530 1C       		.byte	0x1c
 837 0531 08       		.uleb128 0x8
 838 0532 73323400 		.ascii	"s24\000"
 839 0536 0A       		.byte	0xa
 840 0537 6301     		.2byte	0x163
 841 0539 8E040000 		.4byte	0x48e
 842 053d 20       		.byte	0x20
 843 053e 08       		.uleb128 0x8
 844 053f 73323500 		.ascii	"s25\000"
 845 0543 0A       		.byte	0xa
 846 0544 6401     		.2byte	0x164
 847 0546 8E040000 		.4byte	0x48e
 848 054a 24       		.byte	0x24
 849 054b 08       		.uleb128 0x8
 850 054c 73323600 		.ascii	"s26\000"
 851 0550 0A       		.byte	0xa
 852 0551 6501     		.2byte	0x165
 853 0553 8E040000 		.4byte	0x48e
 854 0557 28       		.byte	0x28
 855 0558 08       		.uleb128 0x8
ARM GAS  /tmp/ccAZkZhH.s 			page 16


 856 0559 73323700 		.ascii	"s27\000"
 857 055d 0A       		.byte	0xa
 858 055e 6601     		.2byte	0x166
 859 0560 8E040000 		.4byte	0x48e
 860 0564 2C       		.byte	0x2c
 861 0565 08       		.uleb128 0x8
 862 0566 73323800 		.ascii	"s28\000"
 863 056a 0A       		.byte	0xa
 864 056b 6701     		.2byte	0x167
 865 056d 8E040000 		.4byte	0x48e
 866 0571 30       		.byte	0x30
 867 0572 08       		.uleb128 0x8
 868 0573 73323900 		.ascii	"s29\000"
 869 0577 0A       		.byte	0xa
 870 0578 6801     		.2byte	0x168
 871 057a 8E040000 		.4byte	0x48e
 872 057e 34       		.byte	0x34
 873 057f 08       		.uleb128 0x8
 874 0580 73333000 		.ascii	"s30\000"
 875 0584 0A       		.byte	0xa
 876 0585 6901     		.2byte	0x169
 877 0587 8E040000 		.4byte	0x48e
 878 058b 38       		.byte	0x38
 879 058c 08       		.uleb128 0x8
 880 058d 73333100 		.ascii	"s31\000"
 881 0591 0A       		.byte	0xa
 882 0592 6A01     		.2byte	0x16a
 883 0594 8E040000 		.4byte	0x48e
 884 0598 3C       		.byte	0x3c
 885 0599 08       		.uleb128 0x8
 886 059a 723400   		.ascii	"r4\000"
 887 059d 0A       		.byte	0xa
 888 059e 6C01     		.2byte	0x16c
 889 05a0 8E040000 		.4byte	0x48e
 890 05a4 40       		.byte	0x40
 891 05a5 08       		.uleb128 0x8
 892 05a6 723500   		.ascii	"r5\000"
 893 05a9 0A       		.byte	0xa
 894 05aa 6D01     		.2byte	0x16d
 895 05ac 8E040000 		.4byte	0x48e
 896 05b0 44       		.byte	0x44
 897 05b1 08       		.uleb128 0x8
 898 05b2 723600   		.ascii	"r6\000"
 899 05b5 0A       		.byte	0xa
 900 05b6 6E01     		.2byte	0x16e
 901 05b8 8E040000 		.4byte	0x48e
 902 05bc 48       		.byte	0x48
 903 05bd 08       		.uleb128 0x8
 904 05be 723700   		.ascii	"r7\000"
 905 05c1 0A       		.byte	0xa
 906 05c2 6F01     		.2byte	0x16f
 907 05c4 8E040000 		.4byte	0x48e
 908 05c8 4C       		.byte	0x4c
 909 05c9 08       		.uleb128 0x8
 910 05ca 723800   		.ascii	"r8\000"
 911 05cd 0A       		.byte	0xa
 912 05ce 7001     		.2byte	0x170
ARM GAS  /tmp/ccAZkZhH.s 			page 17


 913 05d0 8E040000 		.4byte	0x48e
 914 05d4 50       		.byte	0x50
 915 05d5 08       		.uleb128 0x8
 916 05d6 723900   		.ascii	"r9\000"
 917 05d9 0A       		.byte	0xa
 918 05da 7101     		.2byte	0x171
 919 05dc 8E040000 		.4byte	0x48e
 920 05e0 54       		.byte	0x54
 921 05e1 08       		.uleb128 0x8
 922 05e2 72313000 		.ascii	"r10\000"
 923 05e6 0A       		.byte	0xa
 924 05e7 7201     		.2byte	0x172
 925 05e9 8E040000 		.4byte	0x48e
 926 05ed 58       		.byte	0x58
 927 05ee 08       		.uleb128 0x8
 928 05ef 72313100 		.ascii	"r11\000"
 929 05f3 0A       		.byte	0xa
 930 05f4 7301     		.2byte	0x173
 931 05f6 8E040000 		.4byte	0x48e
 932 05fa 5C       		.byte	0x5c
 933 05fb 08       		.uleb128 0x8
 934 05fc 6C7200   		.ascii	"lr\000"
 935 05ff 0A       		.byte	0xa
 936 0600 7401     		.2byte	0x174
 937 0602 8E040000 		.4byte	0x48e
 938 0606 60       		.byte	0x60
 939 0607 00       		.byte	0
 940 0608 0A       		.uleb128 0xa
 941 0609 04       		.byte	0x4
 942 060a BC040000 		.4byte	0x4bc
 943 060e 10       		.uleb128 0x10
 944 060f 04       		.byte	0x4
 945 0610 0B       		.byte	0xb
 946 0611 38       		.byte	0x38
 947 0612 23060000 		.4byte	0x623
 948 0616 06       		.uleb128 0x6
 949 0617 1B060000 		.4byte	.LASF83
 950 061b 0B       		.byte	0xb
 951 061c 3C       		.byte	0x3c
 952 061d EB000000 		.4byte	0xeb
 953 0621 00       		.byte	0
 954 0622 00       		.byte	0
 955 0623 04       		.uleb128 0x4
 956 0624 4A040000 		.4byte	.LASF84
 957 0628 0B       		.byte	0xb
 958 0629 3D       		.byte	0x3d
 959 062a 0E060000 		.4byte	0x60e
 960 062e 10       		.uleb128 0x10
 961 062f 18       		.byte	0x18
 962 0630 0B       		.byte	0xb
 963 0631 48       		.byte	0x48
 964 0632 71060000 		.4byte	0x671
 965 0636 06       		.uleb128 0x6
 966 0637 F9050000 		.4byte	.LASF85
 967 063b 0B       		.byte	0xb
 968 063c 49       		.byte	0x49
 969 063d EB000000 		.4byte	0xeb
ARM GAS  /tmp/ccAZkZhH.s 			page 18


 970 0641 00       		.byte	0
 971 0642 06       		.uleb128 0x6
 972 0643 85000000 		.4byte	.LASF86
 973 0647 0B       		.byte	0xb
 974 0648 4A       		.byte	0x4a
 975 0649 EB000000 		.4byte	0xeb
 976 064d 04       		.byte	0x4
 977 064e 06       		.uleb128 0x6
 978 064f 73020000 		.4byte	.LASF87
 979 0653 0B       		.byte	0xb
 980 0654 4B       		.byte	0x4b
 981 0655 EB000000 		.4byte	0xeb
 982 0659 08       		.byte	0x8
 983 065a 07       		.uleb128 0x7
 984 065b 6E00     		.ascii	"n\000"
 985 065d 0B       		.byte	0xb
 986 065e 4C       		.byte	0x4c
 987 065f 4E010000 		.4byte	0x14e
 988 0663 0C       		.byte	0xc
 989 0664 06       		.uleb128 0x6
 990 0665 74040000 		.4byte	.LASF88
 991 0669 0B       		.byte	0xb
 992 066a 4D       		.byte	0x4d
 993 066b F6000000 		.4byte	0xf6
 994 066f 10       		.byte	0x10
 995 0670 00       		.byte	0
 996 0671 04       		.uleb128 0x4
 997 0672 8B000000 		.4byte	.LASF89
 998 0676 0B       		.byte	0xb
 999 0677 4E       		.byte	0x4e
 1000 0678 2E060000 		.4byte	0x62e
 1001 067c 10       		.uleb128 0x10
 1002 067d 38       		.byte	0x38
 1003 067e 0C       		.byte	0xc
 1004 067f 38       		.byte	0x38
 1005 0680 B5060000 		.4byte	0x6b5
 1006 0684 06       		.uleb128 0x6
 1007 0685 24020000 		.4byte	.LASF90
 1008 0689 0C       		.byte	0xc
 1009 068a 39       		.byte	0x39
 1010 068b 4E010000 		.4byte	0x14e
 1011 068f 00       		.byte	0
 1012 0690 06       		.uleb128 0x6
 1013 0691 BD040000 		.4byte	.LASF91
 1014 0695 0C       		.byte	0xc
 1015 0696 3A       		.byte	0x3a
 1016 0697 4E010000 		.4byte	0x14e
 1017 069b 04       		.byte	0x4
 1018 069c 06       		.uleb128 0x6
 1019 069d C4060000 		.4byte	.LASF92
 1020 06a1 0C       		.byte	0xc
 1021 06a2 3B       		.byte	0x3b
 1022 06a3 71060000 		.4byte	0x671
 1023 06a7 08       		.byte	0x8
 1024 06a8 06       		.uleb128 0x6
 1025 06a9 AD020000 		.4byte	.LASF93
 1026 06ad 0C       		.byte	0xc
ARM GAS  /tmp/ccAZkZhH.s 			page 19


 1027 06ae 3D       		.byte	0x3d
 1028 06af 71060000 		.4byte	0x671
 1029 06b3 20       		.byte	0x20
 1030 06b4 00       		.byte	0
 1031 06b5 04       		.uleb128 0x4
 1032 06b6 49020000 		.4byte	.LASF94
 1033 06ba 0C       		.byte	0xc
 1034 06bb 3F       		.byte	0x3f
 1035 06bc 7C060000 		.4byte	0x67c
 1036 06c0 11       		.uleb128 0x11
 1037 06c1 04       		.byte	0x4
 1038 06c2 07       		.byte	0x7
 1039 06c3 C6       		.byte	0xc6
 1040 06c4 22070000 		.4byte	0x722
 1041 06c8 12       		.uleb128 0x12
 1042 06c9 19000000 		.4byte	.LASF95
 1043 06cd 07       		.byte	0x7
 1044 06ce CD       		.byte	0xcd
 1045 06cf 2D010000 		.4byte	0x12d
 1046 06d3 12       		.uleb128 0x12
 1047 06d4 BB000000 		.4byte	.LASF96
 1048 06d8 07       		.byte	0x7
 1049 06d9 D4       		.byte	0xd4
 1050 06da 2D010000 		.4byte	0x12d
 1051 06de 12       		.uleb128 0x12
 1052 06df 8D060000 		.4byte	.LASF97
 1053 06e3 07       		.byte	0x7
 1054 06e4 DB       		.byte	0xdb
 1055 06e5 37030000 		.4byte	0x337
 1056 06e9 12       		.uleb128 0x12
 1057 06ea 0D000000 		.4byte	.LASF98
 1058 06ee 07       		.byte	0x7
 1059 06ef E2       		.byte	0xe2
 1060 06f0 22070000 		.4byte	0x722
 1061 06f4 12       		.uleb128 0x12
 1062 06f5 CF000000 		.4byte	.LASF99
 1063 06f9 07       		.byte	0x7
 1064 06fa E7       		.byte	0xe7
 1065 06fb 2D010000 		.4byte	0x12d
 1066 06ff 12       		.uleb128 0x12
 1067 0700 1D020000 		.4byte	.LASF100
 1068 0704 07       		.byte	0x7
 1069 0705 F0       		.byte	0xf0
 1070 0706 4D070000 		.4byte	0x74d
 1071 070a 12       		.uleb128 0x12
 1072 070b 87050000 		.4byte	.LASF101
 1073 070f 07       		.byte	0x7
 1074 0710 F9       		.byte	0xf9
 1075 0711 84070000 		.4byte	0x784
 1076 0715 13       		.uleb128 0x13
 1077 0716 FF040000 		.4byte	.LASF102
 1078 071a 07       		.byte	0x7
 1079 071b 0101     		.2byte	0x101
 1080 071d 38010000 		.4byte	0x138
 1081 0721 00       		.byte	0
 1082 0722 0A       		.uleb128 0xa
 1083 0723 04       		.byte	0x4
ARM GAS  /tmp/ccAZkZhH.s 			page 20


 1084 0724 4F020000 		.4byte	0x24f
 1085 0728 05       		.uleb128 0x5
 1086 0729 37050000 		.4byte	.LASF103
 1087 072d 0C       		.byte	0xc
 1088 072e 0D       		.byte	0xd
 1089 072f 34       		.byte	0x34
 1090 0730 4D070000 		.4byte	0x74d
 1091 0734 06       		.uleb128 0x6
 1092 0735 2A020000 		.4byte	.LASF32
 1093 0739 0D       		.byte	0xd
 1094 073a 35       		.byte	0x35
 1095 073b 84020000 		.4byte	0x284
 1096 073f 00       		.byte	0
 1097 0740 07       		.uleb128 0x7
 1098 0741 636E7400 		.ascii	"cnt\000"
 1099 0745 0D       		.byte	0xd
 1100 0746 37       		.byte	0x37
 1101 0747 43010000 		.4byte	0x143
 1102 074b 08       		.byte	0x8
 1103 074c 00       		.byte	0
 1104 074d 0A       		.uleb128 0xa
 1105 074e 04       		.byte	0x4
 1106 074f 28070000 		.4byte	0x728
 1107 0753 05       		.uleb128 0x5
 1108 0754 70060000 		.4byte	.LASF104
 1109 0758 10       		.byte	0x10
 1110 0759 0E       		.byte	0xe
 1111 075a 39       		.byte	0x39
 1112 075b 84070000 		.4byte	0x784
 1113 075f 06       		.uleb128 0x6
 1114 0760 2A020000 		.4byte	.LASF32
 1115 0764 0E       		.byte	0xe
 1116 0765 3A       		.byte	0x3a
 1117 0766 84020000 		.4byte	0x284
 1118 076a 00       		.byte	0
 1119 076b 06       		.uleb128 0x6
 1120 076c 9E050000 		.4byte	.LASF105
 1121 0770 0E       		.byte	0xe
 1122 0771 3C       		.byte	0x3c
 1123 0772 5A020000 		.4byte	0x25a
 1124 0776 08       		.byte	0x8
 1125 0777 06       		.uleb128 0x6
 1126 0778 33010000 		.4byte	.LASF52
 1127 077c 0E       		.byte	0xe
 1128 077d 3E       		.byte	0x3e
 1129 077e B8070000 		.4byte	0x7b8
 1130 0782 0C       		.byte	0xc
 1131 0783 00       		.byte	0
 1132 0784 0A       		.uleb128 0xa
 1133 0785 04       		.byte	0x4
 1134 0786 53070000 		.4byte	0x753
 1135 078a 0A       		.uleb128 0xa
 1136 078b 04       		.byte	0x4
 1137 078c 97070000 		.4byte	0x797
 1138 0790 03       		.uleb128 0x3
 1139 0791 01       		.byte	0x1
 1140 0792 08       		.byte	0x8
ARM GAS  /tmp/ccAZkZhH.s 			page 21


 1141 0793 BD050000 		.4byte	.LASF106
 1142 0797 14       		.uleb128 0x14
 1143 0798 90070000 		.4byte	0x790
 1144 079c 0A       		.uleb128 0xa
 1145 079d 04       		.byte	0x4
 1146 079e 99040000 		.4byte	0x499
 1147 07a2 0A       		.uleb128 0xa
 1148 07a3 04       		.byte	0x4
 1149 07a4 39030000 		.4byte	0x339
 1150 07a8 0F       		.uleb128 0xf
 1151 07a9 8A070000 		.4byte	0x78a
 1152 07ad 04       		.uleb128 0x4
 1153 07ae DE010000 		.4byte	.LASF107
 1154 07b2 0E       		.byte	0xe
 1155 07b3 34       		.byte	0x34
 1156 07b4 53070000 		.4byte	0x753
 1157 07b8 0A       		.uleb128 0xa
 1158 07b9 04       		.byte	0x4
 1159 07ba AD070000 		.4byte	0x7ad
 1160 07be 03       		.uleb128 0x3
 1161 07bf 01       		.byte	0x1
 1162 07c0 02       		.byte	0x2
 1163 07c1 C6040000 		.4byte	.LASF108
 1164 07c5 04       		.uleb128 0x4
 1165 07c6 06020000 		.4byte	.LASF109
 1166 07ca 0F       		.byte	0xf
 1167 07cb 94       		.byte	0x94
 1168 07cc 26030000 		.4byte	0x326
 1169 07d0 10       		.uleb128 0x10
 1170 07d1 08       		.byte	0x8
 1171 07d2 0F       		.byte	0xf
 1172 07d3 9A       		.byte	0x9a
 1173 07d4 F0070000 		.4byte	0x7f0
 1174 07d8 07       		.uleb128 0x7
 1175 07d9 636200   		.ascii	"cb\000"
 1176 07dc 0F       		.byte	0xf
 1177 07dd A5       		.byte	0xa5
 1178 07de C5070000 		.4byte	0x7c5
 1179 07e2 00       		.byte	0
 1180 07e3 07       		.uleb128 0x7
 1181 07e4 61726700 		.ascii	"arg\000"
 1182 07e8 0F       		.byte	0xf
 1183 07e9 A9       		.byte	0xa9
 1184 07ea 37030000 		.4byte	0x337
 1185 07ee 04       		.byte	0x4
 1186 07ef 00       		.byte	0
 1187 07f0 04       		.uleb128 0x4
 1188 07f1 A2020000 		.4byte	.LASF110
 1189 07f5 0F       		.byte	0xf
 1190 07f6 AB       		.byte	0xab
 1191 07f7 D0070000 		.4byte	0x7d0
 1192 07fb 10       		.uleb128 0x10
 1193 07fc 04       		.byte	0x4
 1194 07fd 10       		.byte	0x10
 1195 07fe 5B       		.byte	0x5b
 1196 07ff 1C080000 		.4byte	0x81c
 1197 0803 07       		.uleb128 0x7
ARM GAS  /tmp/ccAZkZhH.s 			page 22


 1198 0804 73657400 		.ascii	"set\000"
 1199 0808 10       		.byte	0x10
 1200 0809 5C       		.byte	0x5c
 1201 080a B4000000 		.4byte	0xb4
 1202 080e 00       		.byte	0
 1203 080f 06       		.uleb128 0x6
 1204 0810 34030000 		.4byte	.LASF111
 1205 0814 10       		.byte	0x10
 1206 0815 5D       		.byte	0x5d
 1207 0816 B4000000 		.4byte	0xb4
 1208 081a 02       		.byte	0x2
 1209 081b 00       		.byte	0
 1210 081c 11       		.uleb128 0x11
 1211 081d 04       		.byte	0x4
 1212 081e 10       		.byte	0x10
 1213 081f 59       		.byte	0x59
 1214 0820 37080000 		.4byte	0x837
 1215 0824 15       		.uleb128 0x15
 1216 0825 5700     		.ascii	"W\000"
 1217 0827 10       		.byte	0x10
 1218 0828 5A       		.byte	0x5a
 1219 0829 CA000000 		.4byte	0xca
 1220 082d 15       		.uleb128 0x15
 1221 082e 4800     		.ascii	"H\000"
 1222 0830 10       		.byte	0x10
 1223 0831 5E       		.byte	0x5e
 1224 0832 FB070000 		.4byte	0x7fb
 1225 0836 00       		.byte	0
 1226 0837 10       		.uleb128 0x10
 1227 0838 28       		.byte	0x28
 1228 0839 10       		.byte	0x10
 1229 083a 51       		.byte	0x51
 1230 083b B8080000 		.4byte	0x8b8
 1231 083f 06       		.uleb128 0x6
 1232 0840 9E000000 		.4byte	.LASF112
 1233 0844 10       		.byte	0x10
 1234 0845 53       		.byte	0x53
 1235 0846 89040000 		.4byte	0x489
 1236 084a 00       		.byte	0
 1237 084b 06       		.uleb128 0x6
 1238 084c 36000000 		.4byte	.LASF113
 1239 0850 10       		.byte	0x10
 1240 0851 54       		.byte	0x54
 1241 0852 89040000 		.4byte	0x489
 1242 0856 04       		.byte	0x4
 1243 0857 06       		.uleb128 0x6
 1244 0858 A3010000 		.4byte	.LASF114
 1245 085c 10       		.byte	0x10
 1246 085d 55       		.byte	0x55
 1247 085e 89040000 		.4byte	0x489
 1248 0862 08       		.byte	0x8
 1249 0863 06       		.uleb128 0x6
 1250 0864 70010000 		.4byte	.LASF115
 1251 0868 10       		.byte	0x10
 1252 0869 56       		.byte	0x56
 1253 086a 89040000 		.4byte	0x489
 1254 086e 0C       		.byte	0xc
ARM GAS  /tmp/ccAZkZhH.s 			page 23


 1255 086f 07       		.uleb128 0x7
 1256 0870 49445200 		.ascii	"IDR\000"
 1257 0874 10       		.byte	0x10
 1258 0875 57       		.byte	0x57
 1259 0876 89040000 		.4byte	0x489
 1260 087a 10       		.byte	0x10
 1261 087b 07       		.uleb128 0x7
 1262 087c 4F445200 		.ascii	"ODR\000"
 1263 0880 10       		.byte	0x10
 1264 0881 58       		.byte	0x58
 1265 0882 89040000 		.4byte	0x489
 1266 0886 14       		.byte	0x14
 1267 0887 06       		.uleb128 0x6
 1268 0888 5B010000 		.4byte	.LASF116
 1269 088c 10       		.byte	0x10
 1270 088d 5F       		.byte	0x5f
 1271 088e B8080000 		.4byte	0x8b8
 1272 0892 18       		.byte	0x18
 1273 0893 06       		.uleb128 0x6
 1274 0894 94020000 		.4byte	.LASF117
 1275 0898 10       		.byte	0x10
 1276 0899 60       		.byte	0x60
 1277 089a 89040000 		.4byte	0x489
 1278 089e 1C       		.byte	0x1c
 1279 089f 06       		.uleb128 0x6
 1280 08a0 8D040000 		.4byte	.LASF118
 1281 08a4 10       		.byte	0x10
 1282 08a5 61       		.byte	0x61
 1283 08a6 89040000 		.4byte	0x489
 1284 08aa 20       		.byte	0x20
 1285 08ab 06       		.uleb128 0x6
 1286 08ac 6F040000 		.4byte	.LASF119
 1287 08b0 10       		.byte	0x10
 1288 08b1 62       		.byte	0x62
 1289 08b2 89040000 		.4byte	0x489
 1290 08b6 24       		.byte	0x24
 1291 08b7 00       		.byte	0
 1292 08b8 0F       		.uleb128 0xf
 1293 08b9 1C080000 		.4byte	0x81c
 1294 08bd 04       		.uleb128 0x4
 1295 08be CC010000 		.4byte	.LASF120
 1296 08c2 10       		.byte	0x10
 1297 08c3 63       		.byte	0x63
 1298 08c4 37080000 		.4byte	0x837
 1299 08c8 04       		.uleb128 0x4
 1300 08c9 78000000 		.4byte	.LASF121
 1301 08cd 11       		.byte	0x11
 1302 08ce C2       		.byte	0xc2
 1303 08cf CA000000 		.4byte	0xca
 1304 08d3 04       		.uleb128 0x4
 1305 08d4 BB060000 		.4byte	.LASF122
 1306 08d8 11       		.byte	0x11
 1307 08d9 C7       		.byte	0xc7
 1308 08da CA000000 		.4byte	0xca
 1309 08de 04       		.uleb128 0x4
 1310 08df CF060000 		.4byte	.LASF123
 1311 08e3 11       		.byte	0x11
ARM GAS  /tmp/ccAZkZhH.s 			page 24


 1312 08e4 CC       		.byte	0xcc
 1313 08e5 CA000000 		.4byte	0xca
 1314 08e9 04       		.uleb128 0x4
 1315 08ea 22060000 		.4byte	.LASF124
 1316 08ee 11       		.byte	0x11
 1317 08ef D9       		.byte	0xd9
 1318 08f0 F4080000 		.4byte	0x8f4
 1319 08f4 0A       		.uleb128 0xa
 1320 08f5 04       		.byte	0x4
 1321 08f6 BD080000 		.4byte	0x8bd
 1322 08fa 04       		.uleb128 0x4
 1323 08fb E2040000 		.4byte	.LASF125
 1324 08ff 11       		.byte	0x11
 1325 0900 DE       		.byte	0xde
 1326 0901 CA000000 		.4byte	0xca
 1327 0905 10       		.uleb128 0x10
 1328 0906 0C       		.byte	0xc
 1329 0907 0F       		.byte	0xf
 1330 0908 B7       		.byte	0xb7
 1331 0909 32090000 		.4byte	0x932
 1332 090d 06       		.uleb128 0x6
 1333 090e 68040000 		.4byte	.LASF126
 1334 0912 0F       		.byte	0xf
 1335 0913 BB       		.byte	0xbb
 1336 0914 E9080000 		.4byte	0x8e9
 1337 0918 00       		.byte	0
 1338 0919 06       		.uleb128 0x6
 1339 091a B6010000 		.4byte	.LASF127
 1340 091e 0F       		.byte	0xf
 1341 091f C1       		.byte	0xc1
 1342 0920 C8080000 		.4byte	0x8c8
 1343 0924 04       		.byte	0x4
 1344 0925 06       		.uleb128 0x6
 1345 0926 1B060000 		.4byte	.LASF83
 1346 092a 0F       		.byte	0xf
 1347 092b C5       		.byte	0xc5
 1348 092c E0000000 		.4byte	0xe0
 1349 0930 08       		.byte	0x8
 1350 0931 00       		.byte	0
 1351 0932 04       		.uleb128 0x4
 1352 0933 FA010000 		.4byte	.LASF128
 1353 0937 0F       		.byte	0xf
 1354 0938 C6       		.byte	0xc6
 1355 0939 05090000 		.4byte	0x905
 1356 093d 16       		.uleb128 0x16
 1357 093e CD050000 		.4byte	.LASF143
 1358 0942 01       		.byte	0x1
 1359 0943 41       		.byte	0x41
 1360 0944 C8080000 		.4byte	0x8c8
 1361 0948 00000000 		.4byte	.LFB323
 1362 094c 0E000000 		.4byte	.LFE323-.LFB323
 1363 0950 01       		.uleb128 0x1
 1364 0951 9C       		.byte	0x9c
 1365 0952 6F090000 		.4byte	0x96f
 1366 0956 17       		.uleb128 0x17
 1367 0957 62757300 		.ascii	"bus\000"
 1368 095b 01       		.byte	0x1
ARM GAS  /tmp/ccAZkZhH.s 			page 25


 1369 095c 41       		.byte	0x41
 1370 095d 6F090000 		.4byte	0x96f
 1371 0961 00000000 		.4byte	.LLST0
 1372 0965 18       		.uleb128 0x18
 1373 0966 1D050000 		.4byte	.LASF130
 1374 096a 8A090000 		.4byte	0x98a
 1375 096e 00       		.byte	0
 1376 096f 0A       		.uleb128 0xa
 1377 0970 04       		.byte	0x4
 1378 0971 75090000 		.4byte	0x975
 1379 0975 14       		.uleb128 0x14
 1380 0976 32090000 		.4byte	0x932
 1381 097a 19       		.uleb128 0x19
 1382 097b 97070000 		.4byte	0x797
 1383 097f 8A090000 		.4byte	0x98a
 1384 0983 1A       		.uleb128 0x1a
 1385 0984 82040000 		.4byte	0x482
 1386 0988 0A       		.byte	0xa
 1387 0989 00       		.byte	0
 1388 098a 14       		.uleb128 0x14
 1389 098b 7A090000 		.4byte	0x97a
 1390 098f 1B       		.uleb128 0x1b
 1391 0990 54060000 		.4byte	.LASF131
 1392 0994 01       		.byte	0x1
 1393 0995 5A       		.byte	0x5a
 1394 0996 00000000 		.4byte	.LFB324
 1395 099a 1E000000 		.4byte	.LFE324-.LFB324
 1396 099e 01       		.uleb128 0x1
 1397 099f 9C       		.byte	0x9c
 1398 09a0 DB090000 		.4byte	0x9db
 1399 09a4 1C       		.uleb128 0x1c
 1400 09a5 62757300 		.ascii	"bus\000"
 1401 09a9 01       		.byte	0x1
 1402 09aa 5A       		.byte	0x5a
 1403 09ab 6F090000 		.4byte	0x96f
 1404 09af 01       		.uleb128 0x1
 1405 09b0 50       		.byte	0x50
 1406 09b1 1D       		.uleb128 0x1d
 1407 09b2 7C010000 		.4byte	.LASF129
 1408 09b6 01       		.byte	0x1
 1409 09b7 5A       		.byte	0x5a
 1410 09b8 C8080000 		.4byte	0x8c8
 1411 09bc 21000000 		.4byte	.LLST1
 1412 09c0 18       		.uleb128 0x18
 1413 09c1 1D050000 		.4byte	.LASF130
 1414 09c5 EB090000 		.4byte	0x9eb
 1415 09c9 1E       		.uleb128 0x1e
 1416 09ca 00000000 		.4byte	.Ldebug_ranges0+0
 1417 09ce 1F       		.uleb128 0x1f
 1418 09cf 7700     		.ascii	"w\000"
 1419 09d1 01       		.byte	0x1
 1420 09d2 5E       		.byte	0x5e
 1421 09d3 CA000000 		.4byte	0xca
 1422 09d7 01       		.uleb128 0x1
 1423 09d8 53       		.byte	0x53
 1424 09d9 00       		.byte	0
 1425 09da 00       		.byte	0
ARM GAS  /tmp/ccAZkZhH.s 			page 26


 1426 09db 19       		.uleb128 0x19
 1427 09dc 97070000 		.4byte	0x797
 1428 09e0 EB090000 		.4byte	0x9eb
 1429 09e4 1A       		.uleb128 0x1a
 1430 09e5 82040000 		.4byte	0x482
 1431 09e9 0B       		.byte	0xb
 1432 09ea 00       		.byte	0
 1433 09eb 14       		.uleb128 0x14
 1434 09ec DB090000 		.4byte	0x9db
 1435 09f0 1B       		.uleb128 0x1b
 1436 09f1 7F040000 		.4byte	.LASF132
 1437 09f5 01       		.byte	0x1
 1438 09f6 71       		.byte	0x71
 1439 09f7 00000000 		.4byte	.LFB325
 1440 09fb 16000000 		.4byte	.LFE325-.LFB325
 1441 09ff 01       		.uleb128 0x1
 1442 0a00 9C       		.byte	0x9c
 1443 0a01 3E0A0000 		.4byte	0xa3e
 1444 0a05 17       		.uleb128 0x17
 1445 0a06 62757300 		.ascii	"bus\000"
 1446 0a0a 01       		.byte	0x1
 1447 0a0b 71       		.byte	0x71
 1448 0a0c 6F090000 		.4byte	0x96f
 1449 0a10 42000000 		.4byte	.LLST2
 1450 0a14 1D       		.uleb128 0x1d
 1451 0a15 C8050000 		.4byte	.LASF133
 1452 0a19 01       		.byte	0x1
 1453 0a1a 71       		.byte	0x71
 1454 0a1b D3080000 		.4byte	0x8d3
 1455 0a1f 63000000 		.4byte	.LLST3
 1456 0a23 18       		.uleb128 0x18
 1457 0a24 1D050000 		.4byte	.LASF130
 1458 0a28 4E0A0000 		.4byte	0xa4e
 1459 0a2c 20       		.uleb128 0x20
 1460 0a2d 16000000 		.4byte	.LVL8
 1461 0a31 300B0000 		.4byte	0xb30
 1462 0a35 21       		.uleb128 0x21
 1463 0a36 01       		.uleb128 0x1
 1464 0a37 52       		.byte	0x52
 1465 0a38 03       		.uleb128 0x3
 1466 0a39 F3       		.byte	0xf3
 1467 0a3a 01       		.uleb128 0x1
 1468 0a3b 51       		.byte	0x51
 1469 0a3c 00       		.byte	0
 1470 0a3d 00       		.byte	0
 1471 0a3e 19       		.uleb128 0x19
 1472 0a3f 97070000 		.4byte	0x797
 1473 0a43 4E0A0000 		.4byte	0xa4e
 1474 0a47 1A       		.uleb128 0x1a
 1475 0a48 82040000 		.4byte	0x482
 1476 0a4c 0D       		.byte	0xd
 1477 0a4d 00       		.byte	0
 1478 0a4e 14       		.uleb128 0x14
 1479 0a4f 3E0A0000 		.4byte	0xa3e
 1480 0a53 1B       		.uleb128 0x1b
 1481 0a54 46030000 		.4byte	.LASF134
 1482 0a58 01       		.byte	0x1
ARM GAS  /tmp/ccAZkZhH.s 			page 27


 1483 0a59 83       		.byte	0x83
 1484 0a5a 00000000 		.4byte	.LFB326
 1485 0a5e 14000000 		.4byte	.LFE326-.LFB326
 1486 0a62 01       		.uleb128 0x1
 1487 0a63 9C       		.byte	0x9c
 1488 0a64 A90A0000 		.4byte	0xaa9
 1489 0a68 1D       		.uleb128 0x1d
 1490 0a69 D9010000 		.4byte	.LASF135
 1491 0a6d 01       		.byte	0x1
 1492 0a6e 83       		.byte	0x83
 1493 0a6f E9080000 		.4byte	0x8e9
 1494 0a73 8F000000 		.4byte	.LLST4
 1495 0a77 1C       		.uleb128 0x1c
 1496 0a78 70616400 		.ascii	"pad\000"
 1497 0a7c 01       		.byte	0x1
 1498 0a7d 83       		.byte	0x83
 1499 0a7e FA080000 		.4byte	0x8fa
 1500 0a82 01       		.uleb128 0x1
 1501 0a83 51       		.byte	0x51
 1502 0a84 1C       		.uleb128 0x1c
 1503 0a85 636200   		.ascii	"cb\000"
 1504 0a88 01       		.byte	0x1
 1505 0a89 84       		.byte	0x84
 1506 0a8a C5070000 		.4byte	0x7c5
 1507 0a8e 01       		.uleb128 0x1
 1508 0a8f 52       		.byte	0x52
 1509 0a90 1C       		.uleb128 0x1c
 1510 0a91 61726700 		.ascii	"arg\000"
 1511 0a95 01       		.byte	0x1
 1512 0a96 84       		.byte	0x84
 1513 0a97 37030000 		.4byte	0x337
 1514 0a9b 01       		.uleb128 0x1
 1515 0a9c 53       		.byte	0x53
 1516 0a9d 22       		.uleb128 0x22
 1517 0a9e 70657000 		.ascii	"pep\000"
 1518 0aa2 01       		.byte	0x1
 1519 0aa3 86       		.byte	0x86
 1520 0aa4 A90A0000 		.4byte	0xaa9
 1521 0aa8 00       		.byte	0
 1522 0aa9 0A       		.uleb128 0xa
 1523 0aaa 04       		.byte	0x4
 1524 0aab F0070000 		.4byte	0x7f0
 1525 0aaf 1B       		.uleb128 0x1b
 1526 0ab0 E6010000 		.4byte	.LASF136
 1527 0ab4 01       		.byte	0x1
 1528 0ab5 94       		.byte	0x94
 1529 0ab6 00000000 		.4byte	.LFB327
 1530 0aba 18000000 		.4byte	.LFE327-.LFB327
 1531 0abe 01       		.uleb128 0x1
 1532 0abf 9C       		.byte	0x9c
 1533 0ac0 F80A0000 		.4byte	0xaf8
 1534 0ac4 1D       		.uleb128 0x1d
 1535 0ac5 9E010000 		.4byte	.LASF137
 1536 0ac9 01       		.byte	0x1
 1537 0aca 94       		.byte	0x94
 1538 0acb DE080000 		.4byte	0x8de
 1539 0acf B0000000 		.4byte	.LLST5
ARM GAS  /tmp/ccAZkZhH.s 			page 28


 1540 0ad3 1C       		.uleb128 0x1c
 1541 0ad4 636200   		.ascii	"cb\000"
 1542 0ad7 01       		.byte	0x1
 1543 0ad8 94       		.byte	0x94
 1544 0ad9 C5070000 		.4byte	0x7c5
 1545 0add 01       		.uleb128 0x1
 1546 0ade 51       		.byte	0x51
 1547 0adf 1C       		.uleb128 0x1c
 1548 0ae0 61726700 		.ascii	"arg\000"
 1549 0ae4 01       		.byte	0x1
 1550 0ae5 94       		.byte	0x94
 1551 0ae6 37030000 		.4byte	0x337
 1552 0aea 01       		.uleb128 0x1
 1553 0aeb 52       		.byte	0x52
 1554 0aec 22       		.uleb128 0x22
 1555 0aed 70657000 		.ascii	"pep\000"
 1556 0af1 01       		.byte	0x1
 1557 0af2 96       		.byte	0x96
 1558 0af3 A90A0000 		.4byte	0xaa9
 1559 0af7 00       		.byte	0
 1560 0af8 23       		.uleb128 0x23
 1561 0af9 ED000000 		.4byte	.LASF138
 1562 0afd 12       		.byte	0x12
 1563 0afe 0408     		.2byte	0x804
 1564 0b00 040B0000 		.4byte	0xb04
 1565 0b04 0F       		.uleb128 0xf
 1566 0b05 BF000000 		.4byte	0xbf
 1567 0b09 24       		.uleb128 0x24
 1568 0b0a 636800   		.ascii	"ch\000"
 1569 0b0d 07       		.byte	0x7
 1570 0b0e C701     		.2byte	0x1c7
 1571 0b10 06040000 		.4byte	0x406
 1572 0b14 19       		.uleb128 0x19
 1573 0b15 F0070000 		.4byte	0x7f0
 1574 0b19 240B0000 		.4byte	0xb24
 1575 0b1d 1A       		.uleb128 0x1a
 1576 0b1e 82040000 		.4byte	0x482
 1577 0b22 0F       		.byte	0xf
 1578 0b23 00       		.byte	0
 1579 0b24 23       		.uleb128 0x23
 1580 0b25 67020000 		.4byte	.LASF139
 1581 0b29 11       		.byte	0x11
 1582 0b2a EB01     		.2byte	0x1eb
 1583 0b2c 140B0000 		.4byte	0xb14
 1584 0b30 25       		.uleb128 0x25
 1585 0b31 2D060000 		.4byte	.LASF144
 1586 0b35 2D060000 		.4byte	.LASF144
 1587 0b39 11       		.byte	0x11
 1588 0b3a F301     		.2byte	0x1f3
 1589 0b3c 00       		.byte	0
 1590              		.section	.debug_abbrev,"",%progbits
 1591              	.Ldebug_abbrev0:
 1592 0000 01       		.uleb128 0x1
 1593 0001 11       		.uleb128 0x11
 1594 0002 01       		.byte	0x1
 1595 0003 25       		.uleb128 0x25
 1596 0004 0E       		.uleb128 0xe
ARM GAS  /tmp/ccAZkZhH.s 			page 29


 1597 0005 13       		.uleb128 0x13
 1598 0006 0B       		.uleb128 0xb
 1599 0007 03       		.uleb128 0x3
 1600 0008 0E       		.uleb128 0xe
 1601 0009 1B       		.uleb128 0x1b
 1602 000a 0E       		.uleb128 0xe
 1603 000b 55       		.uleb128 0x55
 1604 000c 17       		.uleb128 0x17
 1605 000d 11       		.uleb128 0x11
 1606 000e 01       		.uleb128 0x1
 1607 000f 10       		.uleb128 0x10
 1608 0010 17       		.uleb128 0x17
 1609 0011 00       		.byte	0
 1610 0012 00       		.byte	0
 1611 0013 02       		.uleb128 0x2
 1612 0014 24       		.uleb128 0x24
 1613 0015 00       		.byte	0
 1614 0016 0B       		.uleb128 0xb
 1615 0017 0B       		.uleb128 0xb
 1616 0018 3E       		.uleb128 0x3e
 1617 0019 0B       		.uleb128 0xb
 1618 001a 03       		.uleb128 0x3
 1619 001b 08       		.uleb128 0x8
 1620 001c 00       		.byte	0
 1621 001d 00       		.byte	0
 1622 001e 03       		.uleb128 0x3
 1623 001f 24       		.uleb128 0x24
 1624 0020 00       		.byte	0
 1625 0021 0B       		.uleb128 0xb
 1626 0022 0B       		.uleb128 0xb
 1627 0023 3E       		.uleb128 0x3e
 1628 0024 0B       		.uleb128 0xb
 1629 0025 03       		.uleb128 0x3
 1630 0026 0E       		.uleb128 0xe
 1631 0027 00       		.byte	0
 1632 0028 00       		.byte	0
 1633 0029 04       		.uleb128 0x4
 1634 002a 16       		.uleb128 0x16
 1635 002b 00       		.byte	0
 1636 002c 03       		.uleb128 0x3
 1637 002d 0E       		.uleb128 0xe
 1638 002e 3A       		.uleb128 0x3a
 1639 002f 0B       		.uleb128 0xb
 1640 0030 3B       		.uleb128 0x3b
 1641 0031 0B       		.uleb128 0xb
 1642 0032 49       		.uleb128 0x49
 1643 0033 13       		.uleb128 0x13
 1644 0034 00       		.byte	0
 1645 0035 00       		.byte	0
 1646 0036 05       		.uleb128 0x5
 1647 0037 13       		.uleb128 0x13
 1648 0038 01       		.byte	0x1
 1649 0039 03       		.uleb128 0x3
 1650 003a 0E       		.uleb128 0xe
 1651 003b 0B       		.uleb128 0xb
 1652 003c 0B       		.uleb128 0xb
 1653 003d 3A       		.uleb128 0x3a
ARM GAS  /tmp/ccAZkZhH.s 			page 30


 1654 003e 0B       		.uleb128 0xb
 1655 003f 3B       		.uleb128 0x3b
 1656 0040 0B       		.uleb128 0xb
 1657 0041 01       		.uleb128 0x1
 1658 0042 13       		.uleb128 0x13
 1659 0043 00       		.byte	0
 1660 0044 00       		.byte	0
 1661 0045 06       		.uleb128 0x6
 1662 0046 0D       		.uleb128 0xd
 1663 0047 00       		.byte	0
 1664 0048 03       		.uleb128 0x3
 1665 0049 0E       		.uleb128 0xe
 1666 004a 3A       		.uleb128 0x3a
 1667 004b 0B       		.uleb128 0xb
 1668 004c 3B       		.uleb128 0x3b
 1669 004d 0B       		.uleb128 0xb
 1670 004e 49       		.uleb128 0x49
 1671 004f 13       		.uleb128 0x13
 1672 0050 38       		.uleb128 0x38
 1673 0051 0B       		.uleb128 0xb
 1674 0052 00       		.byte	0
 1675 0053 00       		.byte	0
 1676 0054 07       		.uleb128 0x7
 1677 0055 0D       		.uleb128 0xd
 1678 0056 00       		.byte	0
 1679 0057 03       		.uleb128 0x3
 1680 0058 08       		.uleb128 0x8
 1681 0059 3A       		.uleb128 0x3a
 1682 005a 0B       		.uleb128 0xb
 1683 005b 3B       		.uleb128 0x3b
 1684 005c 0B       		.uleb128 0xb
 1685 005d 49       		.uleb128 0x49
 1686 005e 13       		.uleb128 0x13
 1687 005f 38       		.uleb128 0x38
 1688 0060 0B       		.uleb128 0xb
 1689 0061 00       		.byte	0
 1690 0062 00       		.byte	0
 1691 0063 08       		.uleb128 0x8
 1692 0064 0D       		.uleb128 0xd
 1693 0065 00       		.byte	0
 1694 0066 03       		.uleb128 0x3
 1695 0067 08       		.uleb128 0x8
 1696 0068 3A       		.uleb128 0x3a
 1697 0069 0B       		.uleb128 0xb
 1698 006a 3B       		.uleb128 0x3b
 1699 006b 05       		.uleb128 0x5
 1700 006c 49       		.uleb128 0x49
 1701 006d 13       		.uleb128 0x13
 1702 006e 38       		.uleb128 0x38
 1703 006f 0B       		.uleb128 0xb
 1704 0070 00       		.byte	0
 1705 0071 00       		.byte	0
 1706 0072 09       		.uleb128 0x9
 1707 0073 0D       		.uleb128 0xd
 1708 0074 00       		.byte	0
 1709 0075 03       		.uleb128 0x3
 1710 0076 0E       		.uleb128 0xe
ARM GAS  /tmp/ccAZkZhH.s 			page 31


 1711 0077 3A       		.uleb128 0x3a
 1712 0078 0B       		.uleb128 0xb
 1713 0079 3B       		.uleb128 0x3b
 1714 007a 05       		.uleb128 0x5
 1715 007b 49       		.uleb128 0x49
 1716 007c 13       		.uleb128 0x13
 1717 007d 38       		.uleb128 0x38
 1718 007e 0B       		.uleb128 0xb
 1719 007f 00       		.byte	0
 1720 0080 00       		.byte	0
 1721 0081 0A       		.uleb128 0xa
 1722 0082 0F       		.uleb128 0xf
 1723 0083 00       		.byte	0
 1724 0084 0B       		.uleb128 0xb
 1725 0085 0B       		.uleb128 0xb
 1726 0086 49       		.uleb128 0x49
 1727 0087 13       		.uleb128 0x13
 1728 0088 00       		.byte	0
 1729 0089 00       		.byte	0
 1730 008a 0B       		.uleb128 0xb
 1731 008b 13       		.uleb128 0x13
 1732 008c 01       		.byte	0x1
 1733 008d 03       		.uleb128 0x3
 1734 008e 0E       		.uleb128 0xe
 1735 008f 0B       		.uleb128 0xb
 1736 0090 0B       		.uleb128 0xb
 1737 0091 3A       		.uleb128 0x3a
 1738 0092 0B       		.uleb128 0xb
 1739 0093 3B       		.uleb128 0x3b
 1740 0094 05       		.uleb128 0x5
 1741 0095 01       		.uleb128 0x1
 1742 0096 13       		.uleb128 0x13
 1743 0097 00       		.byte	0
 1744 0098 00       		.byte	0
 1745 0099 0C       		.uleb128 0xc
 1746 009a 15       		.uleb128 0x15
 1747 009b 01       		.byte	0x1
 1748 009c 27       		.uleb128 0x27
 1749 009d 19       		.uleb128 0x19
 1750 009e 01       		.uleb128 0x1
 1751 009f 13       		.uleb128 0x13
 1752 00a0 00       		.byte	0
 1753 00a1 00       		.byte	0
 1754 00a2 0D       		.uleb128 0xd
 1755 00a3 05       		.uleb128 0x5
 1756 00a4 00       		.byte	0
 1757 00a5 49       		.uleb128 0x49
 1758 00a6 13       		.uleb128 0x13
 1759 00a7 00       		.byte	0
 1760 00a8 00       		.byte	0
 1761 00a9 0E       		.uleb128 0xe
 1762 00aa 0F       		.uleb128 0xf
 1763 00ab 00       		.byte	0
 1764 00ac 0B       		.uleb128 0xb
 1765 00ad 0B       		.uleb128 0xb
 1766 00ae 00       		.byte	0
 1767 00af 00       		.byte	0
ARM GAS  /tmp/ccAZkZhH.s 			page 32


 1768 00b0 0F       		.uleb128 0xf
 1769 00b1 35       		.uleb128 0x35
 1770 00b2 00       		.byte	0
 1771 00b3 49       		.uleb128 0x49
 1772 00b4 13       		.uleb128 0x13
 1773 00b5 00       		.byte	0
 1774 00b6 00       		.byte	0
 1775 00b7 10       		.uleb128 0x10
 1776 00b8 13       		.uleb128 0x13
 1777 00b9 01       		.byte	0x1
 1778 00ba 0B       		.uleb128 0xb
 1779 00bb 0B       		.uleb128 0xb
 1780 00bc 3A       		.uleb128 0x3a
 1781 00bd 0B       		.uleb128 0xb
 1782 00be 3B       		.uleb128 0x3b
 1783 00bf 0B       		.uleb128 0xb
 1784 00c0 01       		.uleb128 0x1
 1785 00c1 13       		.uleb128 0x13
 1786 00c2 00       		.byte	0
 1787 00c3 00       		.byte	0
 1788 00c4 11       		.uleb128 0x11
 1789 00c5 17       		.uleb128 0x17
 1790 00c6 01       		.byte	0x1
 1791 00c7 0B       		.uleb128 0xb
 1792 00c8 0B       		.uleb128 0xb
 1793 00c9 3A       		.uleb128 0x3a
 1794 00ca 0B       		.uleb128 0xb
 1795 00cb 3B       		.uleb128 0x3b
 1796 00cc 0B       		.uleb128 0xb
 1797 00cd 01       		.uleb128 0x1
 1798 00ce 13       		.uleb128 0x13
 1799 00cf 00       		.byte	0
 1800 00d0 00       		.byte	0
 1801 00d1 12       		.uleb128 0x12
 1802 00d2 0D       		.uleb128 0xd
 1803 00d3 00       		.byte	0
 1804 00d4 03       		.uleb128 0x3
 1805 00d5 0E       		.uleb128 0xe
 1806 00d6 3A       		.uleb128 0x3a
 1807 00d7 0B       		.uleb128 0xb
 1808 00d8 3B       		.uleb128 0x3b
 1809 00d9 0B       		.uleb128 0xb
 1810 00da 49       		.uleb128 0x49
 1811 00db 13       		.uleb128 0x13
 1812 00dc 00       		.byte	0
 1813 00dd 00       		.byte	0
 1814 00de 13       		.uleb128 0x13
 1815 00df 0D       		.uleb128 0xd
 1816 00e0 00       		.byte	0
 1817 00e1 03       		.uleb128 0x3
 1818 00e2 0E       		.uleb128 0xe
 1819 00e3 3A       		.uleb128 0x3a
 1820 00e4 0B       		.uleb128 0xb
 1821 00e5 3B       		.uleb128 0x3b
 1822 00e6 05       		.uleb128 0x5
 1823 00e7 49       		.uleb128 0x49
 1824 00e8 13       		.uleb128 0x13
ARM GAS  /tmp/ccAZkZhH.s 			page 33


 1825 00e9 00       		.byte	0
 1826 00ea 00       		.byte	0
 1827 00eb 14       		.uleb128 0x14
 1828 00ec 26       		.uleb128 0x26
 1829 00ed 00       		.byte	0
 1830 00ee 49       		.uleb128 0x49
 1831 00ef 13       		.uleb128 0x13
 1832 00f0 00       		.byte	0
 1833 00f1 00       		.byte	0
 1834 00f2 15       		.uleb128 0x15
 1835 00f3 0D       		.uleb128 0xd
 1836 00f4 00       		.byte	0
 1837 00f5 03       		.uleb128 0x3
 1838 00f6 08       		.uleb128 0x8
 1839 00f7 3A       		.uleb128 0x3a
 1840 00f8 0B       		.uleb128 0xb
 1841 00f9 3B       		.uleb128 0x3b
 1842 00fa 0B       		.uleb128 0xb
 1843 00fb 49       		.uleb128 0x49
 1844 00fc 13       		.uleb128 0x13
 1845 00fd 00       		.byte	0
 1846 00fe 00       		.byte	0
 1847 00ff 16       		.uleb128 0x16
 1848 0100 2E       		.uleb128 0x2e
 1849 0101 01       		.byte	0x1
 1850 0102 3F       		.uleb128 0x3f
 1851 0103 19       		.uleb128 0x19
 1852 0104 03       		.uleb128 0x3
 1853 0105 0E       		.uleb128 0xe
 1854 0106 3A       		.uleb128 0x3a
 1855 0107 0B       		.uleb128 0xb
 1856 0108 3B       		.uleb128 0x3b
 1857 0109 0B       		.uleb128 0xb
 1858 010a 27       		.uleb128 0x27
 1859 010b 19       		.uleb128 0x19
 1860 010c 49       		.uleb128 0x49
 1861 010d 13       		.uleb128 0x13
 1862 010e 11       		.uleb128 0x11
 1863 010f 01       		.uleb128 0x1
 1864 0110 12       		.uleb128 0x12
 1865 0111 06       		.uleb128 0x6
 1866 0112 40       		.uleb128 0x40
 1867 0113 18       		.uleb128 0x18
 1868 0114 9742     		.uleb128 0x2117
 1869 0116 19       		.uleb128 0x19
 1870 0117 01       		.uleb128 0x1
 1871 0118 13       		.uleb128 0x13
 1872 0119 00       		.byte	0
 1873 011a 00       		.byte	0
 1874 011b 17       		.uleb128 0x17
 1875 011c 05       		.uleb128 0x5
 1876 011d 00       		.byte	0
 1877 011e 03       		.uleb128 0x3
 1878 011f 08       		.uleb128 0x8
 1879 0120 3A       		.uleb128 0x3a
 1880 0121 0B       		.uleb128 0xb
 1881 0122 3B       		.uleb128 0x3b
ARM GAS  /tmp/ccAZkZhH.s 			page 34


 1882 0123 0B       		.uleb128 0xb
 1883 0124 49       		.uleb128 0x49
 1884 0125 13       		.uleb128 0x13
 1885 0126 02       		.uleb128 0x2
 1886 0127 17       		.uleb128 0x17
 1887 0128 00       		.byte	0
 1888 0129 00       		.byte	0
 1889 012a 18       		.uleb128 0x18
 1890 012b 34       		.uleb128 0x34
 1891 012c 00       		.byte	0
 1892 012d 03       		.uleb128 0x3
 1893 012e 0E       		.uleb128 0xe
 1894 012f 49       		.uleb128 0x49
 1895 0130 13       		.uleb128 0x13
 1896 0131 34       		.uleb128 0x34
 1897 0132 19       		.uleb128 0x19
 1898 0133 00       		.byte	0
 1899 0134 00       		.byte	0
 1900 0135 19       		.uleb128 0x19
 1901 0136 01       		.uleb128 0x1
 1902 0137 01       		.byte	0x1
 1903 0138 49       		.uleb128 0x49
 1904 0139 13       		.uleb128 0x13
 1905 013a 01       		.uleb128 0x1
 1906 013b 13       		.uleb128 0x13
 1907 013c 00       		.byte	0
 1908 013d 00       		.byte	0
 1909 013e 1A       		.uleb128 0x1a
 1910 013f 21       		.uleb128 0x21
 1911 0140 00       		.byte	0
 1912 0141 49       		.uleb128 0x49
 1913 0142 13       		.uleb128 0x13
 1914 0143 2F       		.uleb128 0x2f
 1915 0144 0B       		.uleb128 0xb
 1916 0145 00       		.byte	0
 1917 0146 00       		.byte	0
 1918 0147 1B       		.uleb128 0x1b
 1919 0148 2E       		.uleb128 0x2e
 1920 0149 01       		.byte	0x1
 1921 014a 3F       		.uleb128 0x3f
 1922 014b 19       		.uleb128 0x19
 1923 014c 03       		.uleb128 0x3
 1924 014d 0E       		.uleb128 0xe
 1925 014e 3A       		.uleb128 0x3a
 1926 014f 0B       		.uleb128 0xb
 1927 0150 3B       		.uleb128 0x3b
 1928 0151 0B       		.uleb128 0xb
 1929 0152 27       		.uleb128 0x27
 1930 0153 19       		.uleb128 0x19
 1931 0154 11       		.uleb128 0x11
 1932 0155 01       		.uleb128 0x1
 1933 0156 12       		.uleb128 0x12
 1934 0157 06       		.uleb128 0x6
 1935 0158 40       		.uleb128 0x40
 1936 0159 18       		.uleb128 0x18
 1937 015a 9742     		.uleb128 0x2117
 1938 015c 19       		.uleb128 0x19
ARM GAS  /tmp/ccAZkZhH.s 			page 35


 1939 015d 01       		.uleb128 0x1
 1940 015e 13       		.uleb128 0x13
 1941 015f 00       		.byte	0
 1942 0160 00       		.byte	0
 1943 0161 1C       		.uleb128 0x1c
 1944 0162 05       		.uleb128 0x5
 1945 0163 00       		.byte	0
 1946 0164 03       		.uleb128 0x3
 1947 0165 08       		.uleb128 0x8
 1948 0166 3A       		.uleb128 0x3a
 1949 0167 0B       		.uleb128 0xb
 1950 0168 3B       		.uleb128 0x3b
 1951 0169 0B       		.uleb128 0xb
 1952 016a 49       		.uleb128 0x49
 1953 016b 13       		.uleb128 0x13
 1954 016c 02       		.uleb128 0x2
 1955 016d 18       		.uleb128 0x18
 1956 016e 00       		.byte	0
 1957 016f 00       		.byte	0
 1958 0170 1D       		.uleb128 0x1d
 1959 0171 05       		.uleb128 0x5
 1960 0172 00       		.byte	0
 1961 0173 03       		.uleb128 0x3
 1962 0174 0E       		.uleb128 0xe
 1963 0175 3A       		.uleb128 0x3a
 1964 0176 0B       		.uleb128 0xb
 1965 0177 3B       		.uleb128 0x3b
 1966 0178 0B       		.uleb128 0xb
 1967 0179 49       		.uleb128 0x49
 1968 017a 13       		.uleb128 0x13
 1969 017b 02       		.uleb128 0x2
 1970 017c 17       		.uleb128 0x17
 1971 017d 00       		.byte	0
 1972 017e 00       		.byte	0
 1973 017f 1E       		.uleb128 0x1e
 1974 0180 0B       		.uleb128 0xb
 1975 0181 01       		.byte	0x1
 1976 0182 55       		.uleb128 0x55
 1977 0183 17       		.uleb128 0x17
 1978 0184 00       		.byte	0
 1979 0185 00       		.byte	0
 1980 0186 1F       		.uleb128 0x1f
 1981 0187 34       		.uleb128 0x34
 1982 0188 00       		.byte	0
 1983 0189 03       		.uleb128 0x3
 1984 018a 08       		.uleb128 0x8
 1985 018b 3A       		.uleb128 0x3a
 1986 018c 0B       		.uleb128 0xb
 1987 018d 3B       		.uleb128 0x3b
 1988 018e 0B       		.uleb128 0xb
 1989 018f 49       		.uleb128 0x49
 1990 0190 13       		.uleb128 0x13
 1991 0191 02       		.uleb128 0x2
 1992 0192 18       		.uleb128 0x18
 1993 0193 00       		.byte	0
 1994 0194 00       		.byte	0
 1995 0195 20       		.uleb128 0x20
ARM GAS  /tmp/ccAZkZhH.s 			page 36


 1996 0196 898201   		.uleb128 0x4109
 1997 0199 01       		.byte	0x1
 1998 019a 11       		.uleb128 0x11
 1999 019b 01       		.uleb128 0x1
 2000 019c 9542     		.uleb128 0x2115
 2001 019e 19       		.uleb128 0x19
 2002 019f 31       		.uleb128 0x31
 2003 01a0 13       		.uleb128 0x13
 2004 01a1 00       		.byte	0
 2005 01a2 00       		.byte	0
 2006 01a3 21       		.uleb128 0x21
 2007 01a4 8A8201   		.uleb128 0x410a
 2008 01a7 00       		.byte	0
 2009 01a8 02       		.uleb128 0x2
 2010 01a9 18       		.uleb128 0x18
 2011 01aa 9142     		.uleb128 0x2111
 2012 01ac 18       		.uleb128 0x18
 2013 01ad 00       		.byte	0
 2014 01ae 00       		.byte	0
 2015 01af 22       		.uleb128 0x22
 2016 01b0 34       		.uleb128 0x34
 2017 01b1 00       		.byte	0
 2018 01b2 03       		.uleb128 0x3
 2019 01b3 08       		.uleb128 0x8
 2020 01b4 3A       		.uleb128 0x3a
 2021 01b5 0B       		.uleb128 0xb
 2022 01b6 3B       		.uleb128 0x3b
 2023 01b7 0B       		.uleb128 0xb
 2024 01b8 49       		.uleb128 0x49
 2025 01b9 13       		.uleb128 0x13
 2026 01ba 00       		.byte	0
 2027 01bb 00       		.byte	0
 2028 01bc 23       		.uleb128 0x23
 2029 01bd 34       		.uleb128 0x34
 2030 01be 00       		.byte	0
 2031 01bf 03       		.uleb128 0x3
 2032 01c0 0E       		.uleb128 0xe
 2033 01c1 3A       		.uleb128 0x3a
 2034 01c2 0B       		.uleb128 0xb
 2035 01c3 3B       		.uleb128 0x3b
 2036 01c4 05       		.uleb128 0x5
 2037 01c5 49       		.uleb128 0x49
 2038 01c6 13       		.uleb128 0x13
 2039 01c7 3F       		.uleb128 0x3f
 2040 01c8 19       		.uleb128 0x19
 2041 01c9 3C       		.uleb128 0x3c
 2042 01ca 19       		.uleb128 0x19
 2043 01cb 00       		.byte	0
 2044 01cc 00       		.byte	0
 2045 01cd 24       		.uleb128 0x24
 2046 01ce 34       		.uleb128 0x34
 2047 01cf 00       		.byte	0
 2048 01d0 03       		.uleb128 0x3
 2049 01d1 08       		.uleb128 0x8
 2050 01d2 3A       		.uleb128 0x3a
 2051 01d3 0B       		.uleb128 0xb
 2052 01d4 3B       		.uleb128 0x3b
ARM GAS  /tmp/ccAZkZhH.s 			page 37


 2053 01d5 05       		.uleb128 0x5
 2054 01d6 49       		.uleb128 0x49
 2055 01d7 13       		.uleb128 0x13
 2056 01d8 3F       		.uleb128 0x3f
 2057 01d9 19       		.uleb128 0x19
 2058 01da 3C       		.uleb128 0x3c
 2059 01db 19       		.uleb128 0x19
 2060 01dc 00       		.byte	0
 2061 01dd 00       		.byte	0
 2062 01de 25       		.uleb128 0x25
 2063 01df 2E       		.uleb128 0x2e
 2064 01e0 00       		.byte	0
 2065 01e1 3F       		.uleb128 0x3f
 2066 01e2 19       		.uleb128 0x19
 2067 01e3 3C       		.uleb128 0x3c
 2068 01e4 19       		.uleb128 0x19
 2069 01e5 6E       		.uleb128 0x6e
 2070 01e6 0E       		.uleb128 0xe
 2071 01e7 03       		.uleb128 0x3
 2072 01e8 0E       		.uleb128 0xe
 2073 01e9 3A       		.uleb128 0x3a
 2074 01ea 0B       		.uleb128 0xb
 2075 01eb 3B       		.uleb128 0x3b
 2076 01ec 05       		.uleb128 0x5
 2077 01ed 00       		.byte	0
 2078 01ee 00       		.byte	0
 2079 01ef 00       		.byte	0
 2080              		.section	.debug_loc,"",%progbits
 2081              	.Ldebug_loc0:
 2082              	.LLST0:
 2083 0000 00000000 		.4byte	.LVL0
 2084 0004 08000000 		.4byte	.LVL1
 2085 0008 0100     		.2byte	0x1
 2086 000a 50       		.byte	0x50
 2087 000b 08000000 		.4byte	.LVL1
 2088 000f 0E000000 		.4byte	.LFE323
 2089 0013 0400     		.2byte	0x4
 2090 0015 F3       		.byte	0xf3
 2091 0016 01       		.uleb128 0x1
 2092 0017 50       		.byte	0x50
 2093 0018 9F       		.byte	0x9f
 2094 0019 00000000 		.4byte	0
 2095 001d 00000000 		.4byte	0
 2096              	.LLST1:
 2097 0021 00000000 		.4byte	.LVL2
 2098 0025 10000000 		.4byte	.LVL3
 2099 0029 0100     		.2byte	0x1
 2100 002b 51       		.byte	0x51
 2101 002c 10000000 		.4byte	.LVL3
 2102 0030 1E000000 		.4byte	.LFE324
 2103 0034 0400     		.2byte	0x4
 2104 0036 F3       		.byte	0xf3
 2105 0037 01       		.uleb128 0x1
 2106 0038 51       		.byte	0x51
 2107 0039 9F       		.byte	0x9f
 2108 003a 00000000 		.4byte	0
 2109 003e 00000000 		.4byte	0
ARM GAS  /tmp/ccAZkZhH.s 			page 38


 2110              	.LLST2:
 2111 0042 00000000 		.4byte	.LVL5
 2112 0046 08000000 		.4byte	.LVL6
 2113 004a 0100     		.2byte	0x1
 2114 004c 50       		.byte	0x50
 2115 004d 08000000 		.4byte	.LVL6
 2116 0051 16000000 		.4byte	.LFE325
 2117 0055 0400     		.2byte	0x4
 2118 0057 F3       		.byte	0xf3
 2119 0058 01       		.uleb128 0x1
 2120 0059 50       		.byte	0x50
 2121 005a 9F       		.byte	0x9f
 2122 005b 00000000 		.4byte	0
 2123 005f 00000000 		.4byte	0
 2124              	.LLST3:
 2125 0063 00000000 		.4byte	.LVL5
 2126 0067 0E000000 		.4byte	.LVL7
 2127 006b 0100     		.2byte	0x1
 2128 006d 51       		.byte	0x51
 2129 006e 0E000000 		.4byte	.LVL7
 2130 0072 15000000 		.4byte	.LVL8-1
 2131 0076 0100     		.2byte	0x1
 2132 0078 52       		.byte	0x52
 2133 0079 15000000 		.4byte	.LVL8-1
 2134 007d 16000000 		.4byte	.LFE325
 2135 0081 0400     		.2byte	0x4
 2136 0083 F3       		.byte	0xf3
 2137 0084 01       		.uleb128 0x1
 2138 0085 51       		.byte	0x51
 2139 0086 9F       		.byte	0x9f
 2140 0087 00000000 		.4byte	0
 2141 008b 00000000 		.4byte	0
 2142              	.LLST4:
 2143 008f 00000000 		.4byte	.LVL9
 2144 0093 02000000 		.4byte	.LVL10
 2145 0097 0100     		.2byte	0x1
 2146 0099 50       		.byte	0x50
 2147 009a 02000000 		.4byte	.LVL10
 2148 009e 14000000 		.4byte	.LFE326
 2149 00a2 0400     		.2byte	0x4
 2150 00a4 F3       		.byte	0xf3
 2151 00a5 01       		.uleb128 0x1
 2152 00a6 50       		.byte	0x50
 2153 00a7 9F       		.byte	0x9f
 2154 00a8 00000000 		.4byte	0
 2155 00ac 00000000 		.4byte	0
 2156              	.LLST5:
 2157 00b0 00000000 		.4byte	.LVL11
 2158 00b4 04000000 		.4byte	.LVL12
 2159 00b8 0100     		.2byte	0x1
 2160 00ba 50       		.byte	0x50
 2161 00bb 04000000 		.4byte	.LVL12
 2162 00bf 18000000 		.4byte	.LFE327
 2163 00c3 0400     		.2byte	0x4
 2164 00c5 F3       		.byte	0xf3
 2165 00c6 01       		.uleb128 0x1
 2166 00c7 50       		.byte	0x50
ARM GAS  /tmp/ccAZkZhH.s 			page 39


 2167 00c8 9F       		.byte	0x9f
 2168 00c9 00000000 		.4byte	0
 2169 00cd 00000000 		.4byte	0
 2170              		.section	.debug_aranges,"",%progbits
 2171 0000 3C000000 		.4byte	0x3c
 2172 0004 0200     		.2byte	0x2
 2173 0006 00000000 		.4byte	.Ldebug_info0
 2174 000a 04       		.byte	0x4
 2175 000b 00       		.byte	0
 2176 000c 0000     		.2byte	0
 2177 000e 0000     		.2byte	0
 2178 0010 00000000 		.4byte	.LFB323
 2179 0014 0E000000 		.4byte	.LFE323-.LFB323
 2180 0018 00000000 		.4byte	.LFB324
 2181 001c 1E000000 		.4byte	.LFE324-.LFB324
 2182 0020 00000000 		.4byte	.LFB325
 2183 0024 16000000 		.4byte	.LFE325-.LFB325
 2184 0028 00000000 		.4byte	.LFB326
 2185 002c 14000000 		.4byte	.LFE326-.LFB326
 2186 0030 00000000 		.4byte	.LFB327
 2187 0034 18000000 		.4byte	.LFE327-.LFB327
 2188 0038 00000000 		.4byte	0
 2189 003c 00000000 		.4byte	0
 2190              		.section	.debug_ranges,"",%progbits
 2191              	.Ldebug_ranges0:
 2192 0000 00000000 		.4byte	.LBB2
 2193 0004 02000000 		.4byte	.LBE2
 2194 0008 04000000 		.4byte	.LBB3
 2195 000c 1E000000 		.4byte	.LBE3
 2196 0010 00000000 		.4byte	0
 2197 0014 00000000 		.4byte	0
 2198 0018 00000000 		.4byte	.LFB323
 2199 001c 0E000000 		.4byte	.LFE323
 2200 0020 00000000 		.4byte	.LFB324
 2201 0024 1E000000 		.4byte	.LFE324
 2202 0028 00000000 		.4byte	.LFB325
 2203 002c 16000000 		.4byte	.LFE325
 2204 0030 00000000 		.4byte	.LFB326
 2205 0034 14000000 		.4byte	.LFE326
 2206 0038 00000000 		.4byte	.LFB327
 2207 003c 18000000 		.4byte	.LFE327
 2208 0040 00000000 		.4byte	0
 2209 0044 00000000 		.4byte	0
 2210              		.section	.debug_line,"",%progbits
 2211              	.Ldebug_line0:
 2212 0000 F3020000 		.section	.debug_str,"MS",%progbits,1
 2212      02009002 
 2212      00000201 
 2212      FB0E0D00 
 2212      01010101 
 2213              	.LASF56:
 2214 0000 72656164 		.ascii	"ready_list_t\000"
 2214      795F6C69 
 2214      73745F74 
 2214      00
 2215              	.LASF98:
 2216 000d 77747472 		.ascii	"wttrp\000"
ARM GAS  /tmp/ccAZkZhH.s 			page 40


 2216      7000
 2217              	.LASF62:
 2218 0013 64656C74 		.ascii	"delta\000"
 2218      6100
 2219              	.LASF95:
 2220 0019 7264796D 		.ascii	"rdymsg\000"
 2220      736700
 2221              	.LASF19:
 2222 0020 75696E74 		.ascii	"uint64_t\000"
 2222      36345F74 
 2222      00
 2223              	.LASF75:
 2224 0029 6B65726E 		.ascii	"kernel_stats\000"
 2224      656C5F73 
 2224      74617473 
 2224      00
 2225              	.LASF113:
 2226 0036 4F545950 		.ascii	"OTYPER\000"
 2226      455200
 2227              	.LASF6:
 2228 003d 5F5F7569 		.ascii	"__uint8_t\000"
 2228      6E74385F 
 2228      7400
 2229              	.LASF55:
 2230 0047 70726576 		.ascii	"prev\000"
 2230      00
 2231              	.LASF82:
 2232 004c 706F7274 		.ascii	"port_intctx\000"
 2232      5F696E74 
 2232      63747800 
 2233              	.LASF54:
 2234 0058 63685F74 		.ascii	"ch_threads_queue\000"
 2234      68726561 
 2234      64735F71 
 2234      75657565 
 2234      00
 2235              	.LASF67:
 2236 0069 73797374 		.ascii	"system_debug_t\000"
 2236      656D5F64 
 2236      65627567 
 2236      5F7400
 2237              	.LASF121:
 2238 0078 696F706F 		.ascii	"ioportmask_t\000"
 2238      72746D61 
 2238      736B5F74 
 2238      00
 2239              	.LASF86:
 2240 0085 776F7273 		.ascii	"worst\000"
 2240      7400
 2241              	.LASF89:
 2242 008b 74696D65 		.ascii	"time_measurement_t\000"
 2242      5F6D6561 
 2242      73757265 
 2242      6D656E74 
 2242      5F7400
 2243              	.LASF112:
 2244 009e 4D4F4445 		.ascii	"MODER\000"
ARM GAS  /tmp/ccAZkZhH.s 			page 41


 2244      5200
 2245              	.LASF14:
 2246 00a4 6C6F6E67 		.ascii	"long long unsigned int\000"
 2246      206C6F6E 
 2246      6720756E 
 2246      7369676E 
 2246      65642069 
 2247              	.LASF96:
 2248 00bb 65786974 		.ascii	"exitcode\000"
 2248      636F6465 
 2248      00
 2249              	.LASF74:
 2250 00c4 6D61696E 		.ascii	"mainthread\000"
 2250      74687265 
 2250      616400
 2251              	.LASF99:
 2252 00cf 73656E74 		.ascii	"sentmsg\000"
 2252      6D736700 
 2253              	.LASF64:
 2254 00d7 76697274 		.ascii	"virtual_timers_list_t\000"
 2254      75616C5F 
 2254      74696D65 
 2254      72735F6C 
 2254      6973745F 
 2255              	.LASF138:
 2256 00ed 49544D5F 		.ascii	"ITM_RxBuffer\000"
 2256      52784275 
 2256      66666572 
 2256      00
 2257              	.LASF77:
 2258 00fa 73797369 		.ascii	"sysinterval_t\000"
 2258      6E746572 
 2258      76616C5F 
 2258      7400
 2259              	.LASF141:
 2260 0108 2E2E2F2E 		.ascii	"../../modules/ChibiOS/os/hal/src/hal_pal.c\000"
 2260      2E2F6D6F 
 2260      64756C65 
 2260      732F4368 
 2260      6962694F 
 2261              	.LASF52:
 2262 0133 6E657874 		.ascii	"next\000"
 2262      00
 2263              	.LASF22:
 2264 0138 72747469 		.ascii	"rttime_t\000"
 2264      6D655F74 
 2264      00
 2265              	.LASF1:
 2266 0141 6C6F6E67 		.ascii	"long long int\000"
 2266      206C6F6E 
 2266      6720696E 
 2266      7400
 2267              	.LASF3:
 2268 014f 7369676E 		.ascii	"signed char\000"
 2268      65642063 
 2268      68617200 
 2269              	.LASF116:
ARM GAS  /tmp/ccAZkZhH.s 			page 42


 2270 015b 42535252 		.ascii	"BSRR\000"
 2270      00
 2271              	.LASF73:
 2272 0160 76746C69 		.ascii	"vtlist\000"
 2272      737400
 2273              	.LASF42:
 2274 0167 6D736771 		.ascii	"msgqueue\000"
 2274      75657565 
 2274      00
 2275              	.LASF115:
 2276 0170 50555044 		.ascii	"PUPDR\000"
 2276      5200
 2277              	.LASF38:
 2278 0176 73746174 		.ascii	"state\000"
 2278      6500
 2279              	.LASF129:
 2280 017c 62697473 		.ascii	"bits\000"
 2280      00
 2281              	.LASF10:
 2282 0181 6C6F6E67 		.ascii	"long int\000"
 2282      20696E74 
 2282      00
 2283              	.LASF24:
 2284 018a 74737461 		.ascii	"tstate_t\000"
 2284      74655F74 
 2284      00
 2285              	.LASF63:
 2286 0193 66756E63 		.ascii	"func\000"
 2286      00
 2287              	.LASF47:
 2288 0198 73746174 		.ascii	"stats\000"
 2288      7300
 2289              	.LASF137:
 2290 019e 6C696E65 		.ascii	"line\000"
 2290      00
 2291              	.LASF114:
 2292 01a3 4F535045 		.ascii	"OSPEEDR\000"
 2292      45445200 
 2293              	.LASF11:
 2294 01ab 5F5F7569 		.ascii	"__uint32_t\000"
 2294      6E743332 
 2294      5F7400
 2295              	.LASF127:
 2296 01b6 6D61736B 		.ascii	"mask\000"
 2296      00
 2297              	.LASF79:
 2298 01bb 72656761 		.ascii	"regarm_t\000"
 2298      726D5F74 
 2298      00
 2299              	.LASF41:
 2300 01c4 77616974 		.ascii	"waiting\000"
 2300      696E6700 
 2301              	.LASF120:
 2302 01cc 73746D33 		.ascii	"stm32_gpio_t\000"
 2302      325F6770 
 2302      696F5F74 
 2302      00
ARM GAS  /tmp/ccAZkZhH.s 			page 43


 2303              	.LASF135:
 2304 01d9 706F7274 		.ascii	"port\000"
 2304      00
 2305              	.LASF107:
 2306 01de 6D757465 		.ascii	"mutex_t\000"
 2306      785F7400 
 2307              	.LASF136:
 2308 01e6 70616C53 		.ascii	"palSetLineCallbackI\000"
 2308      65744C69 
 2308      6E654361 
 2308      6C6C6261 
 2308      636B4900 
 2309              	.LASF128:
 2310 01fa 494F4275 		.ascii	"IOBus\000"
 2310      7300
 2311              	.LASF29:
 2312 0200 636E745F 		.ascii	"cnt_t\000"
 2312      7400
 2313              	.LASF109:
 2314 0206 70616C63 		.ascii	"palcallback_t\000"
 2314      616C6C62 
 2314      61636B5F 
 2314      7400
 2315              	.LASF16:
 2316 0214 75696E74 		.ascii	"uint16_t\000"
 2316      31365F74 
 2316      00
 2317              	.LASF100:
 2318 021d 77747365 		.ascii	"wtsemp\000"
 2318      6D7000
 2319              	.LASF90:
 2320 0224 6E5F6972 		.ascii	"n_irq\000"
 2320      7100
 2321              	.LASF32:
 2322 022a 71756575 		.ascii	"queue\000"
 2322      6500
 2323              	.LASF46:
 2324 0230 6D706F6F 		.ascii	"mpool\000"
 2324      6C00
 2325              	.LASF8:
 2326 0236 73686F72 		.ascii	"short unsigned int\000"
 2326      7420756E 
 2326      7369676E 
 2326      65642069 
 2326      6E7400
 2327              	.LASF94:
 2328 0249 6B65726E 		.ascii	"kernel_stats_t\000"
 2328      656C5F73 
 2328      74617473 
 2328      5F7400
 2329              	.LASF36:
 2330 0258 6E616D65 		.ascii	"name\000"
 2330      00
 2331              	.LASF50:
 2332 025d 63685F74 		.ascii	"ch_thread\000"
 2332      68726561 
 2332      6400
ARM GAS  /tmp/ccAZkZhH.s 			page 44


 2333              	.LASF139:
 2334 0267 5F70616C 		.ascii	"_pal_events\000"
 2334      5F657665 
 2334      6E747300 
 2335              	.LASF87:
 2336 0273 6C617374 		.ascii	"last\000"
 2336      00
 2337              	.LASF30:
 2338 0278 75636E74 		.ascii	"ucnt_t\000"
 2338      5F7400
 2339              	.LASF43:
 2340 027f 6570656E 		.ascii	"epending\000"
 2340      64696E67 
 2340      00
 2341              	.LASF70:
 2342 0288 63685F73 		.ascii	"ch_system_t\000"
 2342      79737465 
 2342      6D5F7400 
 2343              	.LASF117:
 2344 0294 4C4F434B 		.ascii	"LOCKR\000"
 2344      5200
 2345              	.LASF23:
 2346 029a 746D6F64 		.ascii	"tmode_t\000"
 2346      655F7400 
 2347              	.LASF110:
 2348 02a2 70616C65 		.ascii	"palevent_t\000"
 2348      76656E74 
 2348      5F7400
 2349              	.LASF93:
 2350 02ad 6D5F6372 		.ascii	"m_crit_isr\000"
 2350      69745F69 
 2350      737200
 2351              	.LASF57:
 2352 02b8 63685F72 		.ascii	"ch_ready_list\000"
 2352      65616479 
 2352      5F6C6973 
 2352      7400
 2353              	.LASF28:
 2354 02c6 6576656E 		.ascii	"eventmask_t\000"
 2354      746D6173 
 2354      6B5F7400 
 2355              	.LASF9:
 2356 02d2 5F5F696E 		.ascii	"__int32_t\000"
 2356      7433325F 
 2356      7400
 2357              	.LASF80:
 2358 02dc 73746B61 		.ascii	"stkalign_t\000"
 2358      6C69676E 
 2358      5F7400
 2359              	.LASF34:
 2360 02e7 6E657765 		.ascii	"newer\000"
 2360      7200
 2361              	.LASF13:
 2362 02ed 5F5F7569 		.ascii	"__uint64_t\000"
 2362      6E743634 
 2362      5F7400
 2363              	.LASF45:
ARM GAS  /tmp/ccAZkZhH.s 			page 45


 2364 02f8 7265616C 		.ascii	"realprio\000"
 2364      7072696F 
 2364      00
 2365              	.LASF78:
 2366 0301 73697A65 		.ascii	"sizetype\000"
 2366      74797065 
 2366      00
 2367              	.LASF48:
 2368 030a 74687265 		.ascii	"thread_reference_t\000"
 2368      61645F72 
 2368      65666572 
 2368      656E6365 
 2368      5F7400
 2369              	.LASF65:
 2370 031d 63685F76 		.ascii	"ch_virtual_timers_list\000"
 2370      69727475 
 2370      616C5F74 
 2370      696D6572 
 2370      735F6C69 
 2371              	.LASF111:
 2372 0334 636C6561 		.ascii	"clear\000"
 2372      7200
 2373              	.LASF2:
 2374 033a 6C6F6E67 		.ascii	"long double\000"
 2374      20646F75 
 2374      626C6500 
 2375              	.LASF134:
 2376 0346 70616C53 		.ascii	"palSetPadCallbackI\000"
 2376      65745061 
 2376      6443616C 
 2376      6C626163 
 2376      6B4900
 2377              	.LASF81:
 2378 0359 706F7274 		.ascii	"port_context\000"
 2378      5F636F6E 
 2378      74657874 
 2378      00
 2379              	.LASF140:
 2380 0366 474E5520 		.ascii	"GNU C11 5.4.1 20160919 -mcpu=cortex-m4 -mfloat-abi="
 2380      43313120 
 2380      352E342E 
 2380      31203230 
 2380      31363039 
 2381 0399 68617264 		.ascii	"hard -mfpu=fpv4-sp-d16 -mno-thumb-interwork -mthumb"
 2381      202D6D66 
 2381      70753D66 
 2381      7076342D 
 2381      73702D64 
 2382 03cc 202D6720 		.ascii	" -g -Os -fomit-frame-pointer -falign-functions=16 -"
 2382      2D4F7320 
 2382      2D666F6D 
 2382      69742D66 
 2382      72616D65 
 2383 03ff 6666756E 		.ascii	"ffunction-sections -fdata-sections -fno-common -fsi"
 2383      6374696F 
 2383      6E2D7365 
 2383      6374696F 
ARM GAS  /tmp/ccAZkZhH.s 			page 46


 2383      6E73202D 
 2384 0432 6E676C65 		.ascii	"ngle-precision-constant\000"
 2384      2D707265 
 2384      63697369 
 2384      6F6E2D63 
 2384      6F6E7374 
 2385              	.LASF84:
 2386 044a 746D5F63 		.ascii	"tm_calibration_t\000"
 2386      616C6962 
 2386      72617469 
 2386      6F6E5F74 
 2386      00
 2387              	.LASF33:
 2388 045b 7072696F 		.ascii	"prio\000"
 2388      00
 2389              	.LASF58:
 2390 0460 63757272 		.ascii	"current\000"
 2390      656E7400 
 2391              	.LASF126:
 2392 0468 706F7274 		.ascii	"portid\000"
 2392      696400
 2393              	.LASF119:
 2394 046f 41465248 		.ascii	"AFRH\000"
 2394      00
 2395              	.LASF88:
 2396 0474 63756D75 		.ascii	"cumulative\000"
 2396      6C617469 
 2396      766500
 2397              	.LASF132:
 2398 047f 70616C53 		.ascii	"palSetBusMode\000"
 2398      65744275 
 2398      734D6F64 
 2398      6500
 2399              	.LASF118:
 2400 048d 4146524C 		.ascii	"AFRL\000"
 2400      00
 2401              	.LASF25:
 2402 0492 74726566 		.ascii	"trefs_t\000"
 2402      735F7400 
 2403              	.LASF40:
 2404 049a 72656673 		.ascii	"refs\000"
 2404      00
 2405              	.LASF60:
 2406 049f 76697274 		.ascii	"virtual_timer_t\000"
 2406      75616C5F 
 2406      74696D65 
 2406      725F7400 
 2407              	.LASF27:
 2408 04af 6D73675F 		.ascii	"msg_t\000"
 2408      7400
 2409              	.LASF26:
 2410 04b5 74707269 		.ascii	"tprio_t\000"
 2410      6F5F7400 
 2411              	.LASF91:
 2412 04bd 6E5F6374 		.ascii	"n_ctxswc\000"
 2412      78737763 
 2412      00
ARM GAS  /tmp/ccAZkZhH.s 			page 47


 2413              	.LASF108:
 2414 04c6 5F426F6F 		.ascii	"_Bool\000"
 2414      6C00
 2415              	.LASF17:
 2416 04cc 696E7433 		.ascii	"int32_t\000"
 2416      325F7400 
 2417              	.LASF4:
 2418 04d4 756E7369 		.ascii	"unsigned char\000"
 2418      676E6564 
 2418      20636861 
 2418      7200
 2419              	.LASF125:
 2420 04e2 696F7061 		.ascii	"iopadid_t\000"
 2420      6469645F 
 2420      7400
 2421              	.LASF5:
 2422 04ec 73686F72 		.ascii	"short int\000"
 2422      7420696E 
 2422      7400
 2423              	.LASF66:
 2424 04f6 6C617374 		.ascii	"lasttime\000"
 2424      74696D65 
 2424      00
 2425              	.LASF102:
 2426 04ff 65776D61 		.ascii	"ewmask\000"
 2426      736B00
 2427              	.LASF71:
 2428 0506 63685F73 		.ascii	"ch_system\000"
 2428      79737465 
 2428      6D00
 2429              	.LASF20:
 2430 0510 75696E74 		.ascii	"uint_fast8_t\000"
 2430      5F666173 
 2430      74385F74 
 2430      00
 2431              	.LASF130:
 2432 051d 5F5F6675 		.ascii	"__func__\000"
 2432      6E635F5F 
 2432      00
 2433              	.LASF61:
 2434 0526 63685F76 		.ascii	"ch_virtual_timer\000"
 2434      69727475 
 2434      616C5F74 
 2434      696D6572 
 2434      00
 2435              	.LASF103:
 2436 0537 63685F73 		.ascii	"ch_semaphore\000"
 2436      656D6170 
 2436      686F7265 
 2436      00
 2437              	.LASF142:
 2438 0544 2F686F6D 		.ascii	"/home/user/csse4011/project/4011-surfbee/ardupilot/"
 2438      652F7573 
 2438      65722F63 
 2438      73736534 
 2438      3031312F 
 2439 0577 6275696C 		.ascii	"build/stm32l475\000"
ARM GAS  /tmp/ccAZkZhH.s 			page 48


 2439      642F7374 
 2439      6D33326C 
 2439      34373500 
 2440              	.LASF101:
 2441 0587 77746D74 		.ascii	"wtmtxp\000"
 2441      787000
 2442              	.LASF51:
 2443 058e 63685F74 		.ascii	"ch_threads_list\000"
 2443      68726561 
 2443      64735F6C 
 2443      69737400 
 2444              	.LASF105:
 2445 059e 6F776E65 		.ascii	"owner\000"
 2445      7200
 2446              	.LASF12:
 2447 05a4 6C6F6E67 		.ascii	"long unsigned int\000"
 2447      20756E73 
 2447      69676E65 
 2447      6420696E 
 2447      7400
 2448              	.LASF37:
 2449 05b6 77616261 		.ascii	"wabase\000"
 2449      736500
 2450              	.LASF106:
 2451 05bd 63686172 		.ascii	"char\000"
 2451      00
 2452              	.LASF35:
 2453 05c2 6F6C6465 		.ascii	"older\000"
 2453      7200
 2454              	.LASF133:
 2455 05c8 6D6F6465 		.ascii	"mode\000"
 2455      00
 2456              	.LASF143:
 2457 05cd 70616C52 		.ascii	"palReadBus\000"
 2457      65616442 
 2457      757300
 2458              	.LASF0:
 2459 05d8 756E7369 		.ascii	"unsigned int\000"
 2459      676E6564 
 2459      20696E74 
 2459      00
 2460              	.LASF7:
 2461 05e5 5F5F7569 		.ascii	"__uint16_t\000"
 2461      6E743136 
 2461      5F7400
 2462              	.LASF31:
 2463 05f0 74687265 		.ascii	"thread_t\000"
 2463      61645F74 
 2463      00
 2464              	.LASF85:
 2465 05f9 62657374 		.ascii	"best\000"
 2465      00
 2466              	.LASF76:
 2467 05fe 73797374 		.ascii	"systime_t\000"
 2467      696D655F 
 2467      7400
 2468              	.LASF59:
ARM GAS  /tmp/ccAZkZhH.s 			page 49


 2469 0608 76746675 		.ascii	"vtfunc_t\000"
 2469      6E635F74 
 2469      00
 2470              	.LASF69:
 2471 0611 70616E69 		.ascii	"panic_msg\000"
 2471      635F6D73 
 2471      6700
 2472              	.LASF83:
 2473 061b 6F666673 		.ascii	"offset\000"
 2473      657400
 2474              	.LASF124:
 2475 0622 696F706F 		.ascii	"ioportid_t\000"
 2475      72746964 
 2475      5F7400
 2476              	.LASF144:
 2477 062d 5F70616C 		.ascii	"_pal_lld_setgroupmode\000"
 2477      5F6C6C64 
 2477      5F736574 
 2477      67726F75 
 2477      706D6F64 
 2478              	.LASF21:
 2479 0643 7274636E 		.ascii	"rtcnt_t\000"
 2479      745F7400 
 2480              	.LASF18:
 2481 064b 75696E74 		.ascii	"uint32_t\000"
 2481      33325F74 
 2481      00
 2482              	.LASF131:
 2483 0654 70616C57 		.ascii	"palWriteBus\000"
 2483      72697465 
 2483      42757300 
 2484              	.LASF53:
 2485 0660 74687265 		.ascii	"threads_queue_t\000"
 2485      6164735F 
 2485      71756575 
 2485      655F7400 
 2486              	.LASF104:
 2487 0670 63685F6D 		.ascii	"ch_mutex\000"
 2487      75746578 
 2487      00
 2488              	.LASF72:
 2489 0679 726C6973 		.ascii	"rlist\000"
 2489      7400
 2490              	.LASF15:
 2491 067f 75696E74 		.ascii	"uint8_t\000"
 2491      385F7400 
 2492              	.LASF39:
 2493 0687 666C6167 		.ascii	"flags\000"
 2493      7300
 2494              	.LASF97:
 2495 068d 77746F62 		.ascii	"wtobjp\000"
 2495      6A7000
 2496              	.LASF49:
 2497 0694 74687265 		.ascii	"threads_list_t\000"
 2497      6164735F 
 2497      6C697374 
 2497      5F7400
ARM GAS  /tmp/ccAZkZhH.s 			page 50


 2498              	.LASF68:
 2499 06a3 63685F73 		.ascii	"ch_system_debug\000"
 2499      79737465 
 2499      6D5F6465 
 2499      62756700 
 2500              	.LASF44:
 2501 06b3 6D74786C 		.ascii	"mtxlist\000"
 2501      69737400 
 2502              	.LASF122:
 2503 06bb 696F6D6F 		.ascii	"iomode_t\000"
 2503      64655F74 
 2503      00
 2504              	.LASF92:
 2505 06c4 6D5F6372 		.ascii	"m_crit_thd\000"
 2505      69745F74 
 2505      686400
 2506              	.LASF123:
 2507 06cf 696F6C69 		.ascii	"ioline_t\000"
 2507      6E655F74 
 2507      00
 2508              		.ident	"GCC: (15:5.4.1+svn241155-1) 5.4.1 20160919"
ARM GAS  /tmp/ccAZkZhH.s 			page 51


DEFINED SYMBOLS
                            *ABS*:0000000000000000 hal_pal.c
     /tmp/ccAZkZhH.s:22     .text.palReadBus:0000000000000000 $t
     /tmp/ccAZkZhH.s:27     .text.palReadBus:0000000000000000 palReadBus
     /tmp/ccAZkZhH.s:50     .text.palWriteBus:0000000000000000 $t
     /tmp/ccAZkZhH.s:55     .text.palWriteBus:0000000000000000 palWriteBus
     /tmp/ccAZkZhH.s:91     .text.palSetBusMode:0000000000000000 $t
     /tmp/ccAZkZhH.s:96     .text.palSetBusMode:0000000000000000 palSetBusMode
     /tmp/ccAZkZhH.s:126    .text.palSetPadCallbackI:0000000000000000 $t
     /tmp/ccAZkZhH.s:131    .text.palSetPadCallbackI:0000000000000000 palSetPadCallbackI
     /tmp/ccAZkZhH.s:150    .text.palSetPadCallbackI:0000000000000010 $d
     /tmp/ccAZkZhH.s:155    .text.palSetLineCallbackI:0000000000000000 $t
     /tmp/ccAZkZhH.s:160    .text.palSetLineCallbackI:0000000000000000 palSetLineCallbackI
     /tmp/ccAZkZhH.s:181    .text.palSetLineCallbackI:0000000000000014 $d
                     .debug_frame:0000000000000010 $d

UNDEFINED SYMBOLS
_pal_lld_setgroupmode
_pal_events
