ARM GAS  /tmp/ccNWwosq.s 			page 1


   1              		.syntax unified
   2              		.cpu cortex-m4
   3              		.eabi_attribute 27, 1
   4              		.eabi_attribute 28, 1
   5              		.fpu fpv4-sp-d16
   6              		.eabi_attribute 20, 1
   7              		.eabi_attribute 21, 1
   8              		.eabi_attribute 23, 3
   9              		.eabi_attribute 24, 1
  10              		.eabi_attribute 25, 1
  11              		.eabi_attribute 26, 1
  12              		.eabi_attribute 30, 4
  13              		.eabi_attribute 34, 1
  14              		.eabi_attribute 18, 4
  15              		.thumb
  16              		.syntax unified
  17              		.file	"hal_wdg.c"
  18              		.text
  19              	.Ltext0:
  20              		.cfi_sections	.debug_frame
  21              	.Letext0:
  22              		.file 1 "/usr/include/newlib/machine/_default_types.h"
  23              		.file 2 "/usr/include/newlib/sys/_stdint.h"
  24              		.file 3 "../../modules/ChibiOS/os/common/ports/ARMCMx/compilers/GCC/chtypes.h"
  25              		.file 4 "../../modules/ChibiOS/os/rt/include/chsystypes.h"
  26              		.file 5 "../../modules/ChibiOS/os/rt/include/chschd.h"
  27              		.file 6 "../../modules/ChibiOS/os/rt/include/chtime.h"
  28              		.file 7 "../../modules/ChibiOS/os/common/ports/ARMCMx/chcore.h"
  29              		.file 8 "../../modules/ChibiOS/os/common/ports/ARMCMx/chcore_v7m.h"
  30              		.file 9 "../../modules/ChibiOS/os/rt/include/chtm.h"
  31              		.file 10 "../../modules/ChibiOS/os/rt/include/chstats.h"
  32              		.file 11 "../../modules/ChibiOS/os/rt/include/chsem.h"
  33              		.file 12 "../../modules/ChibiOS/os/rt/include/chmtx.h"
  34              		.file 13 "../../modules/ChibiOS/os/common/ext/ARM/CMSIS/Core/Include/core_cm4.h"
  35              		.section	.debug_info,"",%progbits
  36              	.Ldebug_info0:
  37 0000 B0070000 		.4byte	0x7b0
  38 0004 0400     		.2byte	0x4
  39 0006 00000000 		.4byte	.Ldebug_abbrev0
  40 000a 04       		.byte	0x4
  41 000b 01       		.uleb128 0x1
  42 000c 71000000 		.4byte	.LASF107
  43 0010 0C       		.byte	0xc
  44 0011 85010000 		.4byte	.LASF108
  45 0015 6D040000 		.4byte	.LASF109
  46 0019 00000000 		.4byte	.Ldebug_line0
  47 001d 02       		.uleb128 0x2
  48 001e 04       		.byte	0x4
  49 001f 05       		.byte	0x5
  50 0020 696E7400 		.ascii	"int\000"
  51 0024 03       		.uleb128 0x3
  52 0025 04       		.byte	0x4
  53 0026 07       		.byte	0x7
  54 0027 92020000 		.4byte	.LASF0
  55 002b 03       		.uleb128 0x3
  56 002c 08       		.byte	0x8
  57 002d 05       		.byte	0x5
ARM GAS  /tmp/ccNWwosq.s 			page 2


  58 002e FD010000 		.4byte	.LASF1
  59 0032 03       		.uleb128 0x3
  60 0033 08       		.byte	0x8
  61 0034 04       		.byte	0x4
  62 0035 94030000 		.4byte	.LASF2
  63 0039 03       		.uleb128 0x3
  64 003a 01       		.byte	0x1
  65 003b 06       		.byte	0x6
  66 003c 0B020000 		.4byte	.LASF3
  67 0040 04       		.uleb128 0x4
  68 0041 36000000 		.4byte	.LASF7
  69 0045 01       		.byte	0x1
  70 0046 1D       		.byte	0x1d
  71 0047 4B000000 		.4byte	0x4b
  72 004b 03       		.uleb128 0x3
  73 004c 01       		.byte	0x1
  74 004d 08       		.byte	0x8
  75 004e 1D040000 		.4byte	.LASF4
  76 0052 03       		.uleb128 0x3
  77 0053 02       		.byte	0x2
  78 0054 05       		.byte	0x5
  79 0055 2B040000 		.4byte	.LASF5
  80 0059 03       		.uleb128 0x3
  81 005a 02       		.byte	0x2
  82 005b 07       		.byte	0x7
  83 005c B8020000 		.4byte	.LASF6
  84 0060 04       		.uleb128 0x4
  85 0061 3D030000 		.4byte	.LASF8
  86 0065 01       		.byte	0x1
  87 0066 3F       		.byte	0x3f
  88 0067 6B000000 		.4byte	0x6b
  89 006b 03       		.uleb128 0x3
  90 006c 04       		.byte	0x4
  91 006d 05       		.byte	0x5
  92 006e 2D020000 		.4byte	.LASF9
  93 0072 04       		.uleb128 0x4
  94 0073 4A020000 		.4byte	.LASF10
  95 0077 01       		.byte	0x1
  96 0078 41       		.byte	0x41
  97 0079 7D000000 		.4byte	0x7d
  98 007d 03       		.uleb128 0x3
  99 007e 04       		.byte	0x4
 100 007f 07       		.byte	0x7
 101 0080 CD040000 		.4byte	.LASF11
 102 0084 04       		.uleb128 0x4
 103 0085 CB030000 		.4byte	.LASF12
 104 0089 01       		.byte	0x1
 105 008a 5B       		.byte	0x5b
 106 008b 8F000000 		.4byte	0x8f
 107 008f 03       		.uleb128 0x3
 108 0090 08       		.byte	0x8
 109 0091 07       		.byte	0x7
 110 0092 6E010000 		.4byte	.LASF13
 111 0096 04       		.uleb128 0x4
 112 0097 53050000 		.4byte	.LASF14
 113 009b 02       		.byte	0x2
 114 009c 18       		.byte	0x18
ARM GAS  /tmp/ccNWwosq.s 			page 3


 115 009d 40000000 		.4byte	0x40
 116 00a1 04       		.uleb128 0x4
 117 00a2 15040000 		.4byte	.LASF15
 118 00a6 02       		.byte	0x2
 119 00a7 2C       		.byte	0x2c
 120 00a8 60000000 		.4byte	0x60
 121 00ac 04       		.uleb128 0x4
 122 00ad 2B050000 		.4byte	.LASF16
 123 00b1 02       		.byte	0x2
 124 00b2 30       		.byte	0x30
 125 00b3 72000000 		.4byte	0x72
 126 00b7 04       		.uleb128 0x4
 127 00b8 20000000 		.4byte	.LASF17
 128 00bc 02       		.byte	0x2
 129 00bd 3C       		.byte	0x3c
 130 00be 84000000 		.4byte	0x84
 131 00c2 04       		.uleb128 0x4
 132 00c3 23050000 		.4byte	.LASF18
 133 00c7 03       		.byte	0x3
 134 00c8 27       		.byte	0x27
 135 00c9 AC000000 		.4byte	0xac
 136 00cd 04       		.uleb128 0x4
 137 00ce F4010000 		.4byte	.LASF19
 138 00d2 03       		.byte	0x3
 139 00d3 28       		.byte	0x28
 140 00d4 B7000000 		.4byte	0xb7
 141 00d8 04       		.uleb128 0x4
 142 00d9 10030000 		.4byte	.LASF20
 143 00dd 03       		.byte	0x3
 144 00de 2A       		.byte	0x2a
 145 00df 96000000 		.4byte	0x96
 146 00e3 04       		.uleb128 0x4
 147 00e4 36020000 		.4byte	.LASF21
 148 00e8 03       		.byte	0x3
 149 00e9 2B       		.byte	0x2b
 150 00ea 96000000 		.4byte	0x96
 151 00ee 04       		.uleb128 0x4
 152 00ef E1030000 		.4byte	.LASF22
 153 00f3 03       		.byte	0x3
 154 00f4 2C       		.byte	0x2c
 155 00f5 96000000 		.4byte	0x96
 156 00f9 04       		.uleb128 0x4
 157 00fa FE030000 		.4byte	.LASF23
 158 00fe 03       		.byte	0x3
 159 00ff 2E       		.byte	0x2e
 160 0100 AC000000 		.4byte	0xac
 161 0104 04       		.uleb128 0x4
 162 0105 E9020000 		.4byte	.LASF24
 163 0109 03       		.byte	0x3
 164 010a 2F       		.byte	0x2f
 165 010b A1000000 		.4byte	0xa1
 166 010f 04       		.uleb128 0x4
 167 0110 31030000 		.4byte	.LASF25
 168 0114 03       		.byte	0x3
 169 0115 31       		.byte	0x31
 170 0116 AC000000 		.4byte	0xac
 171 011a 04       		.uleb128 0x4
ARM GAS  /tmp/ccNWwosq.s 			page 4


 172 011b 8C020000 		.4byte	.LASF26
 173 011f 03       		.byte	0x3
 174 0120 33       		.byte	0x33
 175 0121 A1000000 		.4byte	0xa1
 176 0125 04       		.uleb128 0x4
 177 0126 F4020000 		.4byte	.LASF27
 178 012a 03       		.byte	0x3
 179 012b 34       		.byte	0x34
 180 012c AC000000 		.4byte	0xac
 181 0130 04       		.uleb128 0x4
 182 0131 F1040000 		.4byte	.LASF28
 183 0135 04       		.byte	0x4
 184 0136 34       		.byte	0x34
 185 0137 3B010000 		.4byte	0x13b
 186 013b 05       		.uleb128 0x5
 187 013c DF020000 		.4byte	.LASF47
 188 0140 60       		.byte	0x60
 189 0141 05       		.byte	0x5
 190 0142 8E       		.byte	0x8e
 191 0143 26020000 		.4byte	0x226
 192 0147 06       		.uleb128 0x6
 193 0148 AC020000 		.4byte	.LASF29
 194 014c 05       		.byte	0x5
 195 014d 8F       		.byte	0x8f
 196 014e 5B020000 		.4byte	0x25b
 197 0152 00       		.byte	0
 198 0153 06       		.uleb128 0x6
 199 0154 BE030000 		.4byte	.LASF30
 200 0158 05       		.byte	0x5
 201 0159 90       		.byte	0x90
 202 015a F9000000 		.4byte	0xf9
 203 015e 08       		.byte	0x8
 204 015f 07       		.uleb128 0x7
 205 0160 63747800 		.ascii	"ctx\000"
 206 0164 05       		.byte	0x5
 207 0165 91       		.byte	0x91
 208 0166 76040000 		.4byte	0x476
 209 016a 0C       		.byte	0xc
 210 016b 06       		.uleb128 0x6
 211 016c 52030000 		.4byte	.LASF31
 212 0170 05       		.byte	0x5
 213 0171 93       		.byte	0x93
 214 0172 31020000 		.4byte	0x231
 215 0176 10       		.byte	0x10
 216 0177 06       		.uleb128 0x6
 217 0178 EB040000 		.4byte	.LASF32
 218 017c 05       		.byte	0x5
 219 017d 94       		.byte	0x94
 220 017e 31020000 		.4byte	0x231
 221 0182 14       		.byte	0x14
 222 0183 06       		.uleb128 0x6
 223 0184 DA020000 		.4byte	.LASF33
 224 0188 05       		.byte	0x5
 225 0189 9B       		.byte	0x9b
 226 018a 5C070000 		.4byte	0x75c
 227 018e 18       		.byte	0x18
 228 018f 06       		.uleb128 0x6
ARM GAS  /tmp/ccNWwosq.s 			page 5


 229 0190 DF040000 		.4byte	.LASF34
 230 0194 05       		.byte	0x5
 231 0195 A4       		.byte	0xa4
 232 0196 6E070000 		.4byte	0x76e
 233 019a 1C       		.byte	0x1c
 234 019b 06       		.uleb128 0x6
 235 019c 27020000 		.4byte	.LASF35
 236 01a0 05       		.byte	0x5
 237 01a1 A9       		.byte	0xa9
 238 01a2 E3000000 		.4byte	0xe3
 239 01a6 20       		.byte	0x20
 240 01a7 06       		.uleb128 0x6
 241 01a8 5B050000 		.4byte	.LASF36
 242 01ac 05       		.byte	0x5
 243 01ad AD       		.byte	0xad
 244 01ae D8000000 		.4byte	0xd8
 245 01b2 21       		.byte	0x21
 246 01b3 06       		.uleb128 0x6
 247 01b4 E9030000 		.4byte	.LASF37
 248 01b8 05       		.byte	0x5
 249 01b9 B2       		.byte	0xb2
 250 01ba EE000000 		.4byte	0xee
 251 01be 22       		.byte	0x22
 252 01bf 08       		.uleb128 0x8
 253 01c0 7500     		.ascii	"u\000"
 254 01c2 05       		.byte	0x5
 255 01c3 0301     		.2byte	0x103
 256 01c5 92060000 		.4byte	0x692
 257 01c9 24       		.byte	0x24
 258 01ca 09       		.uleb128 0x9
 259 01cb 6E020000 		.4byte	.LASF38
 260 01cf 05       		.byte	0x5
 261 01d0 0801     		.2byte	0x108
 262 01d2 37020000 		.4byte	0x237
 263 01d6 28       		.byte	0x28
 264 01d7 09       		.uleb128 0x9
 265 01d8 1E020000 		.4byte	.LASF39
 266 01dc 05       		.byte	0x5
 267 01dd 0E01     		.2byte	0x10e
 268 01df 5B020000 		.4byte	0x25b
 269 01e3 2C       		.byte	0x2c
 270 01e4 09       		.uleb128 0x9
 271 01e5 FB020000 		.4byte	.LASF40
 272 01e9 05       		.byte	0x5
 273 01ea 1401     		.2byte	0x114
 274 01ec 0F010000 		.4byte	0x10f
 275 01f0 34       		.byte	0x34
 276 01f1 09       		.uleb128 0x9
 277 01f2 77050000 		.4byte	.LASF41
 278 01f6 05       		.byte	0x5
 279 01f7 1B01     		.2byte	0x11b
 280 01f9 56070000 		.4byte	0x756
 281 01fd 38       		.byte	0x38
 282 01fe 09       		.uleb128 0x9
 283 01ff 58030000 		.4byte	.LASF42
 284 0203 05       		.byte	0x5
 285 0204 1F01     		.2byte	0x11f
ARM GAS  /tmp/ccNWwosq.s 			page 6


 286 0206 F9000000 		.4byte	0xf9
 287 020a 3C       		.byte	0x3c
 288 020b 09       		.uleb128 0x9
 289 020c B2020000 		.4byte	.LASF43
 290 0210 05       		.byte	0x5
 291 0211 2601     		.2byte	0x126
 292 0213 0E030000 		.4byte	0x30e
 293 0217 40       		.byte	0x40
 294 0218 09       		.uleb128 0x9
 295 0219 44020000 		.4byte	.LASF44
 296 021d 05       		.byte	0x5
 297 021e 2C01     		.2byte	0x12c
 298 0220 43060000 		.4byte	0x643
 299 0224 48       		.byte	0x48
 300 0225 00       		.byte	0
 301 0226 04       		.uleb128 0x4
 302 0227 6A030000 		.4byte	.LASF45
 303 022b 04       		.byte	0x4
 304 022c 39       		.byte	0x39
 305 022d 31020000 		.4byte	0x231
 306 0231 0A       		.uleb128 0xa
 307 0232 04       		.byte	0x4
 308 0233 30010000 		.4byte	0x130
 309 0237 04       		.uleb128 0x4
 310 0238 68050000 		.4byte	.LASF46
 311 023c 04       		.byte	0x4
 312 023d 3E       		.byte	0x3e
 313 023e 42020000 		.4byte	0x242
 314 0242 05       		.uleb128 0x5
 315 0243 B7040000 		.4byte	.LASF48
 316 0247 04       		.byte	0x4
 317 0248 05       		.byte	0x5
 318 0249 7C       		.byte	0x7c
 319 024a 5B020000 		.4byte	0x25b
 320 024e 06       		.uleb128 0x6
 321 024f EF010000 		.4byte	.LASF49
 322 0253 05       		.byte	0x5
 323 0254 7D       		.byte	0x7d
 324 0255 31020000 		.4byte	0x231
 325 0259 00       		.byte	0
 326 025a 00       		.byte	0
 327 025b 04       		.uleb128 0x4
 328 025c 34050000 		.4byte	.LASF50
 329 0260 04       		.byte	0x4
 330 0261 45       		.byte	0x45
 331 0262 66020000 		.4byte	0x266
 332 0266 05       		.uleb128 0x5
 333 0267 51000000 		.4byte	.LASF51
 334 026b 08       		.byte	0x8
 335 026c 05       		.byte	0x5
 336 026d 83       		.byte	0x83
 337 026e 8B020000 		.4byte	0x28b
 338 0272 06       		.uleb128 0x6
 339 0273 EF010000 		.4byte	.LASF49
 340 0277 05       		.byte	0x5
 341 0278 84       		.byte	0x84
 342 0279 31020000 		.4byte	0x231
ARM GAS  /tmp/ccNWwosq.s 			page 7


 343 027d 00       		.byte	0
 344 027e 06       		.uleb128 0x6
 345 027f 40000000 		.4byte	.LASF52
 346 0283 05       		.byte	0x5
 347 0284 85       		.byte	0x85
 348 0285 31020000 		.4byte	0x231
 349 0289 04       		.byte	0x4
 350 028a 00       		.byte	0
 351 028b 04       		.uleb128 0x4
 352 028c 00000000 		.4byte	.LASF53
 353 0290 04       		.byte	0x4
 354 0291 4C       		.byte	0x4c
 355 0292 96020000 		.4byte	0x296
 356 0296 0B       		.uleb128 0xb
 357 0297 23030000 		.4byte	.LASF54
 358 029b 1C       		.byte	0x1c
 359 029c 05       		.byte	0x5
 360 029d 5E01     		.2byte	0x15e
 361 029f F2020000 		.4byte	0x2f2
 362 02a3 09       		.uleb128 0x9
 363 02a4 AC020000 		.4byte	.LASF29
 364 02a8 05       		.byte	0x5
 365 02a9 5F01     		.2byte	0x15f
 366 02ab 5B020000 		.4byte	0x25b
 367 02af 00       		.byte	0
 368 02b0 09       		.uleb128 0x9
 369 02b1 BE030000 		.4byte	.LASF30
 370 02b5 05       		.byte	0x5
 371 02b6 6001     		.2byte	0x160
 372 02b8 F9000000 		.4byte	0xf9
 373 02bc 08       		.byte	0x8
 374 02bd 08       		.uleb128 0x8
 375 02be 63747800 		.ascii	"ctx\000"
 376 02c2 05       		.byte	0x5
 377 02c3 6201     		.2byte	0x162
 378 02c5 76040000 		.4byte	0x476
 379 02c9 0C       		.byte	0xc
 380 02ca 09       		.uleb128 0x9
 381 02cb 52030000 		.4byte	.LASF31
 382 02cf 05       		.byte	0x5
 383 02d0 6501     		.2byte	0x165
 384 02d2 31020000 		.4byte	0x231
 385 02d6 10       		.byte	0x10
 386 02d7 09       		.uleb128 0x9
 387 02d8 EB040000 		.4byte	.LASF32
 388 02dc 05       		.byte	0x5
 389 02dd 6601     		.2byte	0x166
 390 02df 31020000 		.4byte	0x231
 391 02e3 14       		.byte	0x14
 392 02e4 09       		.uleb128 0x9
 393 02e5 C3030000 		.4byte	.LASF55
 394 02e9 05       		.byte	0x5
 395 02ea 6901     		.2byte	0x169
 396 02ec 31020000 		.4byte	0x231
 397 02f0 18       		.byte	0x18
 398 02f1 00       		.byte	0
 399 02f2 04       		.uleb128 0x4
ARM GAS  /tmp/ccNWwosq.s 			page 8


 400 02f3 09050000 		.4byte	.LASF56
 401 02f7 04       		.byte	0x4
 402 02f8 51       		.byte	0x51
 403 02f9 FD020000 		.4byte	0x2fd
 404 02fd 0A       		.uleb128 0xa
 405 02fe 04       		.byte	0x4
 406 02ff 03030000 		.4byte	0x303
 407 0303 0C       		.uleb128 0xc
 408 0304 0E030000 		.4byte	0x30e
 409 0308 0D       		.uleb128 0xd
 410 0309 0E030000 		.4byte	0x30e
 411 030d 00       		.byte	0
 412 030e 0E       		.uleb128 0xe
 413 030f 04       		.byte	0x4
 414 0310 04       		.uleb128 0x4
 415 0311 EE030000 		.4byte	.LASF57
 416 0315 04       		.byte	0x4
 417 0316 56       		.byte	0x56
 418 0317 1B030000 		.4byte	0x31b
 419 031b 0B       		.uleb128 0xb
 420 031c 4F040000 		.4byte	.LASF58
 421 0320 14       		.byte	0x14
 422 0321 05       		.byte	0x5
 423 0322 3901     		.2byte	0x139
 424 0324 6A030000 		.4byte	0x36a
 425 0328 09       		.uleb128 0x9
 426 0329 EF010000 		.4byte	.LASF49
 427 032d 05       		.byte	0x5
 428 032e 3A01     		.2byte	0x13a
 429 0330 74070000 		.4byte	0x774
 430 0334 00       		.byte	0
 431 0335 09       		.uleb128 0x9
 432 0336 40000000 		.4byte	.LASF52
 433 033a 05       		.byte	0x5
 434 033b 3B01     		.2byte	0x13b
 435 033d 74070000 		.4byte	0x774
 436 0341 04       		.byte	0x4
 437 0342 09       		.uleb128 0x9
 438 0343 13000000 		.4byte	.LASF59
 439 0347 05       		.byte	0x5
 440 0348 3C01     		.2byte	0x13c
 441 034a 4E040000 		.4byte	0x44e
 442 034e 08       		.byte	0x8
 443 034f 09       		.uleb128 0x9
 444 0350 3F020000 		.4byte	.LASF60
 445 0354 05       		.byte	0x5
 446 0355 3D01     		.2byte	0x13d
 447 0357 F2020000 		.4byte	0x2f2
 448 035b 0C       		.byte	0xc
 449 035c 08       		.uleb128 0x8
 450 035d 70617200 		.ascii	"par\000"
 451 0361 05       		.byte	0x5
 452 0362 3F01     		.2byte	0x13f
 453 0364 0E030000 		.4byte	0x30e
 454 0368 10       		.byte	0x10
 455 0369 00       		.byte	0
 456 036a 04       		.uleb128 0x4
ARM GAS  /tmp/ccNWwosq.s 			page 9


 457 036b CC010000 		.4byte	.LASF61
 458 036f 04       		.byte	0x4
 459 0370 5B       		.byte	0x5b
 460 0371 75030000 		.4byte	0x375
 461 0375 0B       		.uleb128 0xb
 462 0376 7D030000 		.4byte	.LASF62
 463 037a 10       		.byte	0x10
 464 037b 05       		.byte	0x5
 465 037c 4901     		.2byte	0x149
 466 037e B7030000 		.4byte	0x3b7
 467 0382 09       		.uleb128 0x9
 468 0383 EF010000 		.4byte	.LASF49
 469 0387 05       		.byte	0x5
 470 0388 4A01     		.2byte	0x14a
 471 038a 74070000 		.4byte	0x774
 472 038e 00       		.byte	0
 473 038f 09       		.uleb128 0x9
 474 0390 40000000 		.4byte	.LASF52
 475 0394 05       		.byte	0x5
 476 0395 4C01     		.2byte	0x14c
 477 0397 74070000 		.4byte	0x774
 478 039b 04       		.byte	0x4
 479 039c 09       		.uleb128 0x9
 480 039d 13000000 		.4byte	.LASF59
 481 03a1 05       		.byte	0x5
 482 03a2 4E01     		.2byte	0x14e
 483 03a4 4E040000 		.4byte	0x44e
 484 03a8 08       		.byte	0x8
 485 03a9 09       		.uleb128 0x9
 486 03aa 35040000 		.4byte	.LASF63
 487 03ae 05       		.byte	0x5
 488 03af 5601     		.2byte	0x156
 489 03b1 43040000 		.4byte	0x443
 490 03b5 0C       		.byte	0xc
 491 03b6 00       		.byte	0
 492 03b7 04       		.uleb128 0x4
 493 03b8 62000000 		.4byte	.LASF64
 494 03bc 04       		.byte	0x4
 495 03bd 60       		.byte	0x60
 496 03be C2030000 		.4byte	0x3c2
 497 03c2 0B       		.uleb128 0xb
 498 03c3 5E020000 		.4byte	.LASF65
 499 03c7 04       		.byte	0x4
 500 03c8 05       		.byte	0x5
 501 03c9 7001     		.2byte	0x170
 502 03cb DD030000 		.4byte	0x3dd
 503 03cf 09       		.uleb128 0x9
 504 03d0 12050000 		.4byte	.LASF66
 505 03d4 05       		.byte	0x5
 506 03d5 7801     		.2byte	0x178
 507 03d7 7A070000 		.4byte	0x77a
 508 03db 00       		.byte	0
 509 03dc 00       		.byte	0
 510 03dd 04       		.uleb128 0x4
 511 03de 04030000 		.4byte	.LASF67
 512 03e2 04       		.byte	0x4
 513 03e3 65       		.byte	0x65
ARM GAS  /tmp/ccNWwosq.s 			page 10


 514 03e4 E8030000 		.4byte	0x3e8
 515 03e8 0B       		.uleb128 0xb
 516 03e9 45040000 		.4byte	.LASF68
 517 03ed D0       		.byte	0xd0
 518 03ee 05       		.byte	0x5
 519 03ef 9001     		.2byte	0x190
 520 03f1 43040000 		.4byte	0x443
 521 03f5 09       		.uleb128 0x9
 522 03f6 4D050000 		.4byte	.LASF69
 523 03fa 05       		.byte	0x5
 524 03fb 9401     		.2byte	0x194
 525 03fd 8B020000 		.4byte	0x28b
 526 0401 00       		.byte	0
 527 0402 09       		.uleb128 0x9
 528 0403 17020000 		.4byte	.LASF70
 529 0407 05       		.byte	0x5
 530 0408 9801     		.2byte	0x198
 531 040a 6A030000 		.4byte	0x36a
 532 040e 1C       		.byte	0x1c
 533 040f 08       		.uleb128 0x8
 534 0410 64626700 		.ascii	"dbg\000"
 535 0414 05       		.byte	0x5
 536 0415 9C01     		.2byte	0x19c
 537 0417 B7030000 		.4byte	0x3b7
 538 041b 2C       		.byte	0x2c
 539 041c 09       		.uleb128 0x9
 540 041d B9010000 		.4byte	.LASF71
 541 0421 05       		.byte	0x5
 542 0422 A001     		.2byte	0x1a0
 543 0424 30010000 		.4byte	0x130
 544 0428 30       		.byte	0x30
 545 0429 08       		.uleb128 0x8
 546 042a 746D00   		.ascii	"tm\000"
 547 042d 05       		.byte	0x5
 548 042e A501     		.2byte	0x1a5
 549 0430 F5050000 		.4byte	0x5f5
 550 0434 90       		.byte	0x90
 551 0435 09       		.uleb128 0x9
 552 0436 29000000 		.4byte	.LASF72
 553 043a 05       		.byte	0x5
 554 043b AB01     		.2byte	0x1ab
 555 043d 87060000 		.4byte	0x687
 556 0441 98       		.byte	0x98
 557 0442 00       		.byte	0
 558 0443 04       		.uleb128 0x4
 559 0444 FF040000 		.4byte	.LASF73
 560 0448 06       		.byte	0x6
 561 0449 6D       		.byte	0x6d
 562 044a AC000000 		.4byte	0xac
 563 044e 04       		.uleb128 0x4
 564 044f 7E020000 		.4byte	.LASF74
 565 0453 06       		.byte	0x6
 566 0454 79       		.byte	0x79
 567 0455 AC000000 		.4byte	0xac
 568 0459 03       		.uleb128 0x3
 569 045a 04       		.byte	0x4
 570 045b 07       		.byte	0x7
ARM GAS  /tmp/ccNWwosq.s 			page 11


 571 045c 61030000 		.4byte	.LASF75
 572 0460 04       		.uleb128 0x4
 573 0461 55020000 		.4byte	.LASF76
 574 0465 07       		.byte	0x7
 575 0466 65       		.byte	0x65
 576 0467 0E030000 		.4byte	0x30e
 577 046b 04       		.uleb128 0x4
 578 046c 47030000 		.4byte	.LASF77
 579 0470 07       		.byte	0x7
 580 0471 6D       		.byte	0x6d
 581 0472 B7000000 		.4byte	0xb7
 582 0476 05       		.uleb128 0x5
 583 0477 A0030000 		.4byte	.LASF78
 584 047b 04       		.byte	0x4
 585 047c 07       		.byte	0x7
 586 047d 89       		.byte	0x89
 587 047e 8E040000 		.4byte	0x48e
 588 0482 07       		.uleb128 0x7
 589 0483 737000   		.ascii	"sp\000"
 590 0486 07       		.byte	0x7
 591 0487 8A       		.byte	0x8a
 592 0488 DA050000 		.4byte	0x5da
 593 048c 00       		.byte	0
 594 048d 00       		.byte	0
 595 048e 0B       		.uleb128 0xb
 596 048f 45000000 		.4byte	.LASF79
 597 0493 64       		.byte	0x64
 598 0494 08       		.byte	0x8
 599 0495 5901     		.2byte	0x159
 600 0497 DA050000 		.4byte	0x5da
 601 049b 08       		.uleb128 0x8
 602 049c 73313600 		.ascii	"s16\000"
 603 04a0 08       		.byte	0x8
 604 04a1 5B01     		.2byte	0x15b
 605 04a3 60040000 		.4byte	0x460
 606 04a7 00       		.byte	0
 607 04a8 08       		.uleb128 0x8
 608 04a9 73313700 		.ascii	"s17\000"
 609 04ad 08       		.byte	0x8
 610 04ae 5C01     		.2byte	0x15c
 611 04b0 60040000 		.4byte	0x460
 612 04b4 04       		.byte	0x4
 613 04b5 08       		.uleb128 0x8
 614 04b6 73313800 		.ascii	"s18\000"
 615 04ba 08       		.byte	0x8
 616 04bb 5D01     		.2byte	0x15d
 617 04bd 60040000 		.4byte	0x460
 618 04c1 08       		.byte	0x8
 619 04c2 08       		.uleb128 0x8
 620 04c3 73313900 		.ascii	"s19\000"
 621 04c7 08       		.byte	0x8
 622 04c8 5E01     		.2byte	0x15e
 623 04ca 60040000 		.4byte	0x460
 624 04ce 0C       		.byte	0xc
 625 04cf 08       		.uleb128 0x8
 626 04d0 73323000 		.ascii	"s20\000"
 627 04d4 08       		.byte	0x8
ARM GAS  /tmp/ccNWwosq.s 			page 12


 628 04d5 5F01     		.2byte	0x15f
 629 04d7 60040000 		.4byte	0x460
 630 04db 10       		.byte	0x10
 631 04dc 08       		.uleb128 0x8
 632 04dd 73323100 		.ascii	"s21\000"
 633 04e1 08       		.byte	0x8
 634 04e2 6001     		.2byte	0x160
 635 04e4 60040000 		.4byte	0x460
 636 04e8 14       		.byte	0x14
 637 04e9 08       		.uleb128 0x8
 638 04ea 73323200 		.ascii	"s22\000"
 639 04ee 08       		.byte	0x8
 640 04ef 6101     		.2byte	0x161
 641 04f1 60040000 		.4byte	0x460
 642 04f5 18       		.byte	0x18
 643 04f6 08       		.uleb128 0x8
 644 04f7 73323300 		.ascii	"s23\000"
 645 04fb 08       		.byte	0x8
 646 04fc 6201     		.2byte	0x162
 647 04fe 60040000 		.4byte	0x460
 648 0502 1C       		.byte	0x1c
 649 0503 08       		.uleb128 0x8
 650 0504 73323400 		.ascii	"s24\000"
 651 0508 08       		.byte	0x8
 652 0509 6301     		.2byte	0x163
 653 050b 60040000 		.4byte	0x460
 654 050f 20       		.byte	0x20
 655 0510 08       		.uleb128 0x8
 656 0511 73323500 		.ascii	"s25\000"
 657 0515 08       		.byte	0x8
 658 0516 6401     		.2byte	0x164
 659 0518 60040000 		.4byte	0x460
 660 051c 24       		.byte	0x24
 661 051d 08       		.uleb128 0x8
 662 051e 73323600 		.ascii	"s26\000"
 663 0522 08       		.byte	0x8
 664 0523 6501     		.2byte	0x165
 665 0525 60040000 		.4byte	0x460
 666 0529 28       		.byte	0x28
 667 052a 08       		.uleb128 0x8
 668 052b 73323700 		.ascii	"s27\000"
 669 052f 08       		.byte	0x8
 670 0530 6601     		.2byte	0x166
 671 0532 60040000 		.4byte	0x460
 672 0536 2C       		.byte	0x2c
 673 0537 08       		.uleb128 0x8
 674 0538 73323800 		.ascii	"s28\000"
 675 053c 08       		.byte	0x8
 676 053d 6701     		.2byte	0x167
 677 053f 60040000 		.4byte	0x460
 678 0543 30       		.byte	0x30
 679 0544 08       		.uleb128 0x8
 680 0545 73323900 		.ascii	"s29\000"
 681 0549 08       		.byte	0x8
 682 054a 6801     		.2byte	0x168
 683 054c 60040000 		.4byte	0x460
 684 0550 34       		.byte	0x34
ARM GAS  /tmp/ccNWwosq.s 			page 13


 685 0551 08       		.uleb128 0x8
 686 0552 73333000 		.ascii	"s30\000"
 687 0556 08       		.byte	0x8
 688 0557 6901     		.2byte	0x169
 689 0559 60040000 		.4byte	0x460
 690 055d 38       		.byte	0x38
 691 055e 08       		.uleb128 0x8
 692 055f 73333100 		.ascii	"s31\000"
 693 0563 08       		.byte	0x8
 694 0564 6A01     		.2byte	0x16a
 695 0566 60040000 		.4byte	0x460
 696 056a 3C       		.byte	0x3c
 697 056b 08       		.uleb128 0x8
 698 056c 723400   		.ascii	"r4\000"
 699 056f 08       		.byte	0x8
 700 0570 6C01     		.2byte	0x16c
 701 0572 60040000 		.4byte	0x460
 702 0576 40       		.byte	0x40
 703 0577 08       		.uleb128 0x8
 704 0578 723500   		.ascii	"r5\000"
 705 057b 08       		.byte	0x8
 706 057c 6D01     		.2byte	0x16d
 707 057e 60040000 		.4byte	0x460
 708 0582 44       		.byte	0x44
 709 0583 08       		.uleb128 0x8
 710 0584 723600   		.ascii	"r6\000"
 711 0587 08       		.byte	0x8
 712 0588 6E01     		.2byte	0x16e
 713 058a 60040000 		.4byte	0x460
 714 058e 48       		.byte	0x48
 715 058f 08       		.uleb128 0x8
 716 0590 723700   		.ascii	"r7\000"
 717 0593 08       		.byte	0x8
 718 0594 6F01     		.2byte	0x16f
 719 0596 60040000 		.4byte	0x460
 720 059a 4C       		.byte	0x4c
 721 059b 08       		.uleb128 0x8
 722 059c 723800   		.ascii	"r8\000"
 723 059f 08       		.byte	0x8
 724 05a0 7001     		.2byte	0x170
 725 05a2 60040000 		.4byte	0x460
 726 05a6 50       		.byte	0x50
 727 05a7 08       		.uleb128 0x8
 728 05a8 723900   		.ascii	"r9\000"
 729 05ab 08       		.byte	0x8
 730 05ac 7101     		.2byte	0x171
 731 05ae 60040000 		.4byte	0x460
 732 05b2 54       		.byte	0x54
 733 05b3 08       		.uleb128 0x8
 734 05b4 72313000 		.ascii	"r10\000"
 735 05b8 08       		.byte	0x8
 736 05b9 7201     		.2byte	0x172
 737 05bb 60040000 		.4byte	0x460
 738 05bf 58       		.byte	0x58
 739 05c0 08       		.uleb128 0x8
 740 05c1 72313100 		.ascii	"r11\000"
 741 05c5 08       		.byte	0x8
ARM GAS  /tmp/ccNWwosq.s 			page 14


 742 05c6 7301     		.2byte	0x173
 743 05c8 60040000 		.4byte	0x460
 744 05cc 5C       		.byte	0x5c
 745 05cd 08       		.uleb128 0x8
 746 05ce 6C7200   		.ascii	"lr\000"
 747 05d1 08       		.byte	0x8
 748 05d2 7401     		.2byte	0x174
 749 05d4 60040000 		.4byte	0x460
 750 05d8 60       		.byte	0x60
 751 05d9 00       		.byte	0
 752 05da 0A       		.uleb128 0xa
 753 05db 04       		.byte	0x4
 754 05dc 8E040000 		.4byte	0x48e
 755 05e0 0F       		.uleb128 0xf
 756 05e1 04       		.byte	0x4
 757 05e2 09       		.byte	0x9
 758 05e3 38       		.byte	0x38
 759 05e4 F5050000 		.4byte	0x5f5
 760 05e8 06       		.uleb128 0x6
 761 05e9 1C050000 		.4byte	.LASF80
 762 05ed 09       		.byte	0x9
 763 05ee 3C       		.byte	0x3c
 764 05ef C2000000 		.4byte	0xc2
 765 05f3 00       		.byte	0
 766 05f4 00       		.byte	0
 767 05f5 04       		.uleb128 0x4
 768 05f6 AD030000 		.4byte	.LASF81
 769 05fa 09       		.byte	0x9
 770 05fb 3D       		.byte	0x3d
 771 05fc E0050000 		.4byte	0x5e0
 772 0600 0F       		.uleb128 0xf
 773 0601 18       		.byte	0x18
 774 0602 09       		.byte	0x9
 775 0603 48       		.byte	0x48
 776 0604 43060000 		.4byte	0x643
 777 0608 06       		.uleb128 0x6
 778 0609 FA040000 		.4byte	.LASF82
 779 060d 09       		.byte	0x9
 780 060e 49       		.byte	0x49
 781 060f C2000000 		.4byte	0xc2
 782 0613 00       		.byte	0
 783 0614 06       		.uleb128 0x6
 784 0615 55010000 		.4byte	.LASF83
 785 0619 09       		.byte	0x9
 786 061a 4A       		.byte	0x4a
 787 061b C2000000 		.4byte	0xc2
 788 061f 04       		.byte	0x4
 789 0620 06       		.uleb128 0x6
 790 0621 EF020000 		.4byte	.LASF84
 791 0625 09       		.byte	0x9
 792 0626 4B       		.byte	0x4b
 793 0627 C2000000 		.4byte	0xc2
 794 062b 08       		.byte	0x8
 795 062c 07       		.uleb128 0x7
 796 062d 6E00     		.ascii	"n\000"
 797 062f 09       		.byte	0x9
 798 0630 4C       		.byte	0x4c
ARM GAS  /tmp/ccNWwosq.s 			page 15


 799 0631 25010000 		.4byte	0x125
 800 0635 0C       		.byte	0xc
 801 0636 06       		.uleb128 0x6
 802 0637 D6030000 		.4byte	.LASF85
 803 063b 09       		.byte	0x9
 804 063c 4D       		.byte	0x4d
 805 063d CD000000 		.4byte	0xcd
 806 0641 10       		.byte	0x10
 807 0642 00       		.byte	0
 808 0643 04       		.uleb128 0x4
 809 0644 5B010000 		.4byte	.LASF86
 810 0648 09       		.byte	0x9
 811 0649 4E       		.byte	0x4e
 812 064a 00060000 		.4byte	0x600
 813 064e 0F       		.uleb128 0xf
 814 064f 38       		.byte	0x38
 815 0650 0A       		.byte	0xa
 816 0651 38       		.byte	0x38
 817 0652 87060000 		.4byte	0x687
 818 0656 06       		.uleb128 0x6
 819 0657 A6020000 		.4byte	.LASF87
 820 065b 0A       		.byte	0xa
 821 065c 39       		.byte	0x39
 822 065d 25010000 		.4byte	0x125
 823 0661 00       		.byte	0
 824 0662 06       		.uleb128 0x6
 825 0663 06040000 		.4byte	.LASF88
 826 0667 0A       		.byte	0xa
 827 0668 3A       		.byte	0x3a
 828 0669 25010000 		.4byte	0x125
 829 066d 04       		.byte	0x4
 830 066e 06       		.uleb128 0x6
 831 066f 7F050000 		.4byte	.LASF89
 832 0673 0A       		.byte	0xa
 833 0674 3B       		.byte	0x3b
 834 0675 43060000 		.4byte	0x643
 835 0679 08       		.byte	0x8
 836 067a 06       		.uleb128 0x6
 837 067b 18030000 		.4byte	.LASF90
 838 067f 0A       		.byte	0xa
 839 0680 3D       		.byte	0x3d
 840 0681 43060000 		.4byte	0x643
 841 0685 20       		.byte	0x20
 842 0686 00       		.byte	0
 843 0687 04       		.uleb128 0x4
 844 0688 CB020000 		.4byte	.LASF91
 845 068c 0A       		.byte	0xa
 846 068d 3F       		.byte	0x3f
 847 068e 4E060000 		.4byte	0x64e
 848 0692 10       		.uleb128 0x10
 849 0693 04       		.byte	0x4
 850 0694 05       		.byte	0x5
 851 0695 C6       		.byte	0xc6
 852 0696 F4060000 		.4byte	0x6f4
 853 069a 11       		.uleb128 0x11
 854 069b 19000000 		.4byte	.LASF92
 855 069f 05       		.byte	0x5
ARM GAS  /tmp/ccNWwosq.s 			page 16


 856 06a0 CD       		.byte	0xcd
 857 06a1 04010000 		.4byte	0x104
 858 06a5 11       		.uleb128 0x11
 859 06a6 B0010000 		.4byte	.LASF93
 860 06aa 05       		.byte	0x5
 861 06ab D4       		.byte	0xd4
 862 06ac 04010000 		.4byte	0x104
 863 06b0 11       		.uleb128 0x11
 864 06b1 61050000 		.4byte	.LASF94
 865 06b5 05       		.byte	0x5
 866 06b6 DB       		.byte	0xdb
 867 06b7 0E030000 		.4byte	0x30e
 868 06bb 11       		.uleb128 0x11
 869 06bc 0D000000 		.4byte	.LASF95
 870 06c0 05       		.byte	0x5
 871 06c1 E2       		.byte	0xe2
 872 06c2 F4060000 		.4byte	0x6f4
 873 06c6 11       		.uleb128 0x11
 874 06c7 C4010000 		.4byte	.LASF96
 875 06cb 05       		.byte	0x5
 876 06cc E7       		.byte	0xe7
 877 06cd 04010000 		.4byte	0x104
 878 06d1 11       		.uleb128 0x11
 879 06d2 9F020000 		.4byte	.LASF97
 880 06d6 05       		.byte	0x5
 881 06d7 F0       		.byte	0xf0
 882 06d8 1F070000 		.4byte	0x71f
 883 06dc 11       		.uleb128 0x11
 884 06dd B0040000 		.4byte	.LASF98
 885 06e1 05       		.byte	0x5
 886 06e2 F9       		.byte	0xf9
 887 06e3 56070000 		.4byte	0x756
 888 06e7 12       		.uleb128 0x12
 889 06e8 3E040000 		.4byte	.LASF99
 890 06ec 05       		.byte	0x5
 891 06ed 0101     		.2byte	0x101
 892 06ef 0F010000 		.4byte	0x10f
 893 06f3 00       		.byte	0
 894 06f4 0A       		.uleb128 0xa
 895 06f5 04       		.byte	0x4
 896 06f6 26020000 		.4byte	0x226
 897 06fa 05       		.uleb128 0x5
 898 06fb 60040000 		.4byte	.LASF100
 899 06ff 0C       		.byte	0xc
 900 0700 0B       		.byte	0xb
 901 0701 34       		.byte	0x34
 902 0702 1F070000 		.4byte	0x71f
 903 0706 06       		.uleb128 0x6
 904 0707 AC020000 		.4byte	.LASF29
 905 070b 0B       		.byte	0xb
 906 070c 35       		.byte	0x35
 907 070d 5B020000 		.4byte	0x25b
 908 0711 00       		.byte	0
 909 0712 07       		.uleb128 0x7
 910 0713 636E7400 		.ascii	"cnt\000"
 911 0717 0B       		.byte	0xb
 912 0718 37       		.byte	0x37
ARM GAS  /tmp/ccNWwosq.s 			page 17


 913 0719 1A010000 		.4byte	0x11a
 914 071d 08       		.byte	0x8
 915 071e 00       		.byte	0
 916 071f 0A       		.uleb128 0xa
 917 0720 04       		.byte	0x4
 918 0721 FA060000 		.4byte	0x6fa
 919 0725 05       		.uleb128 0x5
 920 0726 44050000 		.4byte	.LASF101
 921 072a 10       		.byte	0x10
 922 072b 0C       		.byte	0xc
 923 072c 39       		.byte	0x39
 924 072d 56070000 		.4byte	0x756
 925 0731 06       		.uleb128 0x6
 926 0732 AC020000 		.4byte	.LASF29
 927 0736 0C       		.byte	0xc
 928 0737 3A       		.byte	0x3a
 929 0738 5B020000 		.4byte	0x25b
 930 073c 00       		.byte	0
 931 073d 06       		.uleb128 0x6
 932 073e C7040000 		.4byte	.LASF102
 933 0742 0C       		.byte	0xc
 934 0743 3C       		.byte	0x3c
 935 0744 31020000 		.4byte	0x231
 936 0748 08       		.byte	0x8
 937 0749 06       		.uleb128 0x6
 938 074a EF010000 		.4byte	.LASF49
 939 074e 0C       		.byte	0xc
 940 074f 3E       		.byte	0x3e
 941 0750 8A070000 		.4byte	0x78a
 942 0754 0C       		.byte	0xc
 943 0755 00       		.byte	0
 944 0756 0A       		.uleb128 0xa
 945 0757 04       		.byte	0x4
 946 0758 25070000 		.4byte	0x725
 947 075c 0A       		.uleb128 0xa
 948 075d 04       		.byte	0x4
 949 075e 69070000 		.4byte	0x769
 950 0762 03       		.uleb128 0x3
 951 0763 01       		.byte	0x1
 952 0764 08       		.byte	0x8
 953 0765 E6040000 		.4byte	.LASF103
 954 0769 13       		.uleb128 0x13
 955 076a 62070000 		.4byte	0x762
 956 076e 0A       		.uleb128 0xa
 957 076f 04       		.byte	0x4
 958 0770 6B040000 		.4byte	0x46b
 959 0774 0A       		.uleb128 0xa
 960 0775 04       		.byte	0x4
 961 0776 10030000 		.4byte	0x310
 962 077a 14       		.uleb128 0x14
 963 077b 5C070000 		.4byte	0x75c
 964 077f 04       		.uleb128 0x4
 965 0780 76020000 		.4byte	.LASF104
 966 0784 0C       		.byte	0xc
 967 0785 34       		.byte	0x34
 968 0786 25070000 		.4byte	0x725
 969 078a 0A       		.uleb128 0xa
ARM GAS  /tmp/ccNWwosq.s 			page 18


 970 078b 04       		.byte	0x4
 971 078c 7F070000 		.4byte	0x77f
 972 0790 03       		.uleb128 0x3
 973 0791 01       		.byte	0x1
 974 0792 02       		.byte	0x2
 975 0793 0F040000 		.4byte	.LASF105
 976 0797 15       		.uleb128 0x15
 977 0798 E2010000 		.4byte	.LASF106
 978 079c 0D       		.byte	0xd
 979 079d 0408     		.2byte	0x804
 980 079f A3070000 		.4byte	0x7a3
 981 07a3 14       		.uleb128 0x14
 982 07a4 A1000000 		.4byte	0xa1
 983 07a8 16       		.uleb128 0x16
 984 07a9 636800   		.ascii	"ch\000"
 985 07ac 05       		.byte	0x5
 986 07ad C701     		.2byte	0x1c7
 987 07af DD030000 		.4byte	0x3dd
 988 07b3 00       		.byte	0
 989              		.section	.debug_abbrev,"",%progbits
 990              	.Ldebug_abbrev0:
 991 0000 01       		.uleb128 0x1
 992 0001 11       		.uleb128 0x11
 993 0002 01       		.byte	0x1
 994 0003 25       		.uleb128 0x25
 995 0004 0E       		.uleb128 0xe
 996 0005 13       		.uleb128 0x13
 997 0006 0B       		.uleb128 0xb
 998 0007 03       		.uleb128 0x3
 999 0008 0E       		.uleb128 0xe
 1000 0009 1B       		.uleb128 0x1b
 1001 000a 0E       		.uleb128 0xe
 1002 000b 10       		.uleb128 0x10
 1003 000c 17       		.uleb128 0x17
 1004 000d 00       		.byte	0
 1005 000e 00       		.byte	0
 1006 000f 02       		.uleb128 0x2
 1007 0010 24       		.uleb128 0x24
 1008 0011 00       		.byte	0
 1009 0012 0B       		.uleb128 0xb
 1010 0013 0B       		.uleb128 0xb
 1011 0014 3E       		.uleb128 0x3e
 1012 0015 0B       		.uleb128 0xb
 1013 0016 03       		.uleb128 0x3
 1014 0017 08       		.uleb128 0x8
 1015 0018 00       		.byte	0
 1016 0019 00       		.byte	0
 1017 001a 03       		.uleb128 0x3
 1018 001b 24       		.uleb128 0x24
 1019 001c 00       		.byte	0
 1020 001d 0B       		.uleb128 0xb
 1021 001e 0B       		.uleb128 0xb
 1022 001f 3E       		.uleb128 0x3e
 1023 0020 0B       		.uleb128 0xb
 1024 0021 03       		.uleb128 0x3
 1025 0022 0E       		.uleb128 0xe
 1026 0023 00       		.byte	0
ARM GAS  /tmp/ccNWwosq.s 			page 19


 1027 0024 00       		.byte	0
 1028 0025 04       		.uleb128 0x4
 1029 0026 16       		.uleb128 0x16
 1030 0027 00       		.byte	0
 1031 0028 03       		.uleb128 0x3
 1032 0029 0E       		.uleb128 0xe
 1033 002a 3A       		.uleb128 0x3a
 1034 002b 0B       		.uleb128 0xb
 1035 002c 3B       		.uleb128 0x3b
 1036 002d 0B       		.uleb128 0xb
 1037 002e 49       		.uleb128 0x49
 1038 002f 13       		.uleb128 0x13
 1039 0030 00       		.byte	0
 1040 0031 00       		.byte	0
 1041 0032 05       		.uleb128 0x5
 1042 0033 13       		.uleb128 0x13
 1043 0034 01       		.byte	0x1
 1044 0035 03       		.uleb128 0x3
 1045 0036 0E       		.uleb128 0xe
 1046 0037 0B       		.uleb128 0xb
 1047 0038 0B       		.uleb128 0xb
 1048 0039 3A       		.uleb128 0x3a
 1049 003a 0B       		.uleb128 0xb
 1050 003b 3B       		.uleb128 0x3b
 1051 003c 0B       		.uleb128 0xb
 1052 003d 01       		.uleb128 0x1
 1053 003e 13       		.uleb128 0x13
 1054 003f 00       		.byte	0
 1055 0040 00       		.byte	0
 1056 0041 06       		.uleb128 0x6
 1057 0042 0D       		.uleb128 0xd
 1058 0043 00       		.byte	0
 1059 0044 03       		.uleb128 0x3
 1060 0045 0E       		.uleb128 0xe
 1061 0046 3A       		.uleb128 0x3a
 1062 0047 0B       		.uleb128 0xb
 1063 0048 3B       		.uleb128 0x3b
 1064 0049 0B       		.uleb128 0xb
 1065 004a 49       		.uleb128 0x49
 1066 004b 13       		.uleb128 0x13
 1067 004c 38       		.uleb128 0x38
 1068 004d 0B       		.uleb128 0xb
 1069 004e 00       		.byte	0
 1070 004f 00       		.byte	0
 1071 0050 07       		.uleb128 0x7
 1072 0051 0D       		.uleb128 0xd
 1073 0052 00       		.byte	0
 1074 0053 03       		.uleb128 0x3
 1075 0054 08       		.uleb128 0x8
 1076 0055 3A       		.uleb128 0x3a
 1077 0056 0B       		.uleb128 0xb
 1078 0057 3B       		.uleb128 0x3b
 1079 0058 0B       		.uleb128 0xb
 1080 0059 49       		.uleb128 0x49
 1081 005a 13       		.uleb128 0x13
 1082 005b 38       		.uleb128 0x38
 1083 005c 0B       		.uleb128 0xb
ARM GAS  /tmp/ccNWwosq.s 			page 20


 1084 005d 00       		.byte	0
 1085 005e 00       		.byte	0
 1086 005f 08       		.uleb128 0x8
 1087 0060 0D       		.uleb128 0xd
 1088 0061 00       		.byte	0
 1089 0062 03       		.uleb128 0x3
 1090 0063 08       		.uleb128 0x8
 1091 0064 3A       		.uleb128 0x3a
 1092 0065 0B       		.uleb128 0xb
 1093 0066 3B       		.uleb128 0x3b
 1094 0067 05       		.uleb128 0x5
 1095 0068 49       		.uleb128 0x49
 1096 0069 13       		.uleb128 0x13
 1097 006a 38       		.uleb128 0x38
 1098 006b 0B       		.uleb128 0xb
 1099 006c 00       		.byte	0
 1100 006d 00       		.byte	0
 1101 006e 09       		.uleb128 0x9
 1102 006f 0D       		.uleb128 0xd
 1103 0070 00       		.byte	0
 1104 0071 03       		.uleb128 0x3
 1105 0072 0E       		.uleb128 0xe
 1106 0073 3A       		.uleb128 0x3a
 1107 0074 0B       		.uleb128 0xb
 1108 0075 3B       		.uleb128 0x3b
 1109 0076 05       		.uleb128 0x5
 1110 0077 49       		.uleb128 0x49
 1111 0078 13       		.uleb128 0x13
 1112 0079 38       		.uleb128 0x38
 1113 007a 0B       		.uleb128 0xb
 1114 007b 00       		.byte	0
 1115 007c 00       		.byte	0
 1116 007d 0A       		.uleb128 0xa
 1117 007e 0F       		.uleb128 0xf
 1118 007f 00       		.byte	0
 1119 0080 0B       		.uleb128 0xb
 1120 0081 0B       		.uleb128 0xb
 1121 0082 49       		.uleb128 0x49
 1122 0083 13       		.uleb128 0x13
 1123 0084 00       		.byte	0
 1124 0085 00       		.byte	0
 1125 0086 0B       		.uleb128 0xb
 1126 0087 13       		.uleb128 0x13
 1127 0088 01       		.byte	0x1
 1128 0089 03       		.uleb128 0x3
 1129 008a 0E       		.uleb128 0xe
 1130 008b 0B       		.uleb128 0xb
 1131 008c 0B       		.uleb128 0xb
 1132 008d 3A       		.uleb128 0x3a
 1133 008e 0B       		.uleb128 0xb
 1134 008f 3B       		.uleb128 0x3b
 1135 0090 05       		.uleb128 0x5
 1136 0091 01       		.uleb128 0x1
 1137 0092 13       		.uleb128 0x13
 1138 0093 00       		.byte	0
 1139 0094 00       		.byte	0
 1140 0095 0C       		.uleb128 0xc
ARM GAS  /tmp/ccNWwosq.s 			page 21


 1141 0096 15       		.uleb128 0x15
 1142 0097 01       		.byte	0x1
 1143 0098 27       		.uleb128 0x27
 1144 0099 19       		.uleb128 0x19
 1145 009a 01       		.uleb128 0x1
 1146 009b 13       		.uleb128 0x13
 1147 009c 00       		.byte	0
 1148 009d 00       		.byte	0
 1149 009e 0D       		.uleb128 0xd
 1150 009f 05       		.uleb128 0x5
 1151 00a0 00       		.byte	0
 1152 00a1 49       		.uleb128 0x49
 1153 00a2 13       		.uleb128 0x13
 1154 00a3 00       		.byte	0
 1155 00a4 00       		.byte	0
 1156 00a5 0E       		.uleb128 0xe
 1157 00a6 0F       		.uleb128 0xf
 1158 00a7 00       		.byte	0
 1159 00a8 0B       		.uleb128 0xb
 1160 00a9 0B       		.uleb128 0xb
 1161 00aa 00       		.byte	0
 1162 00ab 00       		.byte	0
 1163 00ac 0F       		.uleb128 0xf
 1164 00ad 13       		.uleb128 0x13
 1165 00ae 01       		.byte	0x1
 1166 00af 0B       		.uleb128 0xb
 1167 00b0 0B       		.uleb128 0xb
 1168 00b1 3A       		.uleb128 0x3a
 1169 00b2 0B       		.uleb128 0xb
 1170 00b3 3B       		.uleb128 0x3b
 1171 00b4 0B       		.uleb128 0xb
 1172 00b5 01       		.uleb128 0x1
 1173 00b6 13       		.uleb128 0x13
 1174 00b7 00       		.byte	0
 1175 00b8 00       		.byte	0
 1176 00b9 10       		.uleb128 0x10
 1177 00ba 17       		.uleb128 0x17
 1178 00bb 01       		.byte	0x1
 1179 00bc 0B       		.uleb128 0xb
 1180 00bd 0B       		.uleb128 0xb
 1181 00be 3A       		.uleb128 0x3a
 1182 00bf 0B       		.uleb128 0xb
 1183 00c0 3B       		.uleb128 0x3b
 1184 00c1 0B       		.uleb128 0xb
 1185 00c2 01       		.uleb128 0x1
 1186 00c3 13       		.uleb128 0x13
 1187 00c4 00       		.byte	0
 1188 00c5 00       		.byte	0
 1189 00c6 11       		.uleb128 0x11
 1190 00c7 0D       		.uleb128 0xd
 1191 00c8 00       		.byte	0
 1192 00c9 03       		.uleb128 0x3
 1193 00ca 0E       		.uleb128 0xe
 1194 00cb 3A       		.uleb128 0x3a
 1195 00cc 0B       		.uleb128 0xb
 1196 00cd 3B       		.uleb128 0x3b
 1197 00ce 0B       		.uleb128 0xb
ARM GAS  /tmp/ccNWwosq.s 			page 22


 1198 00cf 49       		.uleb128 0x49
 1199 00d0 13       		.uleb128 0x13
 1200 00d1 00       		.byte	0
 1201 00d2 00       		.byte	0
 1202 00d3 12       		.uleb128 0x12
 1203 00d4 0D       		.uleb128 0xd
 1204 00d5 00       		.byte	0
 1205 00d6 03       		.uleb128 0x3
 1206 00d7 0E       		.uleb128 0xe
 1207 00d8 3A       		.uleb128 0x3a
 1208 00d9 0B       		.uleb128 0xb
 1209 00da 3B       		.uleb128 0x3b
 1210 00db 05       		.uleb128 0x5
 1211 00dc 49       		.uleb128 0x49
 1212 00dd 13       		.uleb128 0x13
 1213 00de 00       		.byte	0
 1214 00df 00       		.byte	0
 1215 00e0 13       		.uleb128 0x13
 1216 00e1 26       		.uleb128 0x26
 1217 00e2 00       		.byte	0
 1218 00e3 49       		.uleb128 0x49
 1219 00e4 13       		.uleb128 0x13
 1220 00e5 00       		.byte	0
 1221 00e6 00       		.byte	0
 1222 00e7 14       		.uleb128 0x14
 1223 00e8 35       		.uleb128 0x35
 1224 00e9 00       		.byte	0
 1225 00ea 49       		.uleb128 0x49
 1226 00eb 13       		.uleb128 0x13
 1227 00ec 00       		.byte	0
 1228 00ed 00       		.byte	0
 1229 00ee 15       		.uleb128 0x15
 1230 00ef 34       		.uleb128 0x34
 1231 00f0 00       		.byte	0
 1232 00f1 03       		.uleb128 0x3
 1233 00f2 0E       		.uleb128 0xe
 1234 00f3 3A       		.uleb128 0x3a
 1235 00f4 0B       		.uleb128 0xb
 1236 00f5 3B       		.uleb128 0x3b
 1237 00f6 05       		.uleb128 0x5
 1238 00f7 49       		.uleb128 0x49
 1239 00f8 13       		.uleb128 0x13
 1240 00f9 3F       		.uleb128 0x3f
 1241 00fa 19       		.uleb128 0x19
 1242 00fb 3C       		.uleb128 0x3c
 1243 00fc 19       		.uleb128 0x19
 1244 00fd 00       		.byte	0
 1245 00fe 00       		.byte	0
 1246 00ff 16       		.uleb128 0x16
 1247 0100 34       		.uleb128 0x34
 1248 0101 00       		.byte	0
 1249 0102 03       		.uleb128 0x3
 1250 0103 08       		.uleb128 0x8
 1251 0104 3A       		.uleb128 0x3a
 1252 0105 0B       		.uleb128 0xb
 1253 0106 3B       		.uleb128 0x3b
 1254 0107 05       		.uleb128 0x5
ARM GAS  /tmp/ccNWwosq.s 			page 23


 1255 0108 49       		.uleb128 0x49
 1256 0109 13       		.uleb128 0x13
 1257 010a 3F       		.uleb128 0x3f
 1258 010b 19       		.uleb128 0x19
 1259 010c 3C       		.uleb128 0x3c
 1260 010d 19       		.uleb128 0x19
 1261 010e 00       		.byte	0
 1262 010f 00       		.byte	0
 1263 0110 00       		.byte	0
 1264              		.section	.debug_aranges,"",%progbits
 1265 0000 14000000 		.4byte	0x14
 1266 0004 0200     		.2byte	0x2
 1267 0006 00000000 		.4byte	.Ldebug_info0
 1268 000a 04       		.byte	0x4
 1269 000b 00       		.byte	0
 1270 000c 0000     		.2byte	0
 1271 000e 0000     		.2byte	0
 1272 0010 00000000 		.4byte	0
 1273 0014 00000000 		.4byte	0
 1274              		.section	.debug_line,"",%progbits
 1275              	.Ldebug_line0:
 1276 0000 C1010000 		.section	.debug_str,"MS",%progbits,1
 1276      0200BB01 
 1276      00000201 
 1276      FB0E0D00 
 1276      01010101 
 1277              	.LASF53:
 1278 0000 72656164 		.ascii	"ready_list_t\000"
 1278      795F6C69 
 1278      73745F74 
 1278      00
 1279              	.LASF95:
 1280 000d 77747472 		.ascii	"wttrp\000"
 1280      7000
 1281              	.LASF59:
 1282 0013 64656C74 		.ascii	"delta\000"
 1282      6100
 1283              	.LASF92:
 1284 0019 7264796D 		.ascii	"rdymsg\000"
 1284      736700
 1285              	.LASF17:
 1286 0020 75696E74 		.ascii	"uint64_t\000"
 1286      36345F74 
 1286      00
 1287              	.LASF72:
 1288 0029 6B65726E 		.ascii	"kernel_stats\000"
 1288      656C5F73 
 1288      74617473 
 1288      00
 1289              	.LASF7:
 1290 0036 5F5F7569 		.ascii	"__uint8_t\000"
 1290      6E74385F 
 1290      7400
 1291              	.LASF52:
 1292 0040 70726576 		.ascii	"prev\000"
 1292      00
 1293              	.LASF79:
ARM GAS  /tmp/ccNWwosq.s 			page 24


 1294 0045 706F7274 		.ascii	"port_intctx\000"
 1294      5F696E74 
 1294      63747800 
 1295              	.LASF51:
 1296 0051 63685F74 		.ascii	"ch_threads_queue\000"
 1296      68726561 
 1296      64735F71 
 1296      75657565 
 1296      00
 1297              	.LASF64:
 1298 0062 73797374 		.ascii	"system_debug_t\000"
 1298      656D5F64 
 1298      65627567 
 1298      5F7400
 1299              	.LASF107:
 1300 0071 474E5520 		.ascii	"GNU C11 5.4.1 20160919 -mcpu=cortex-m4 -mfloat-abi="
 1300      43313120 
 1300      352E342E 
 1300      31203230 
 1300      31363039 
 1301 00a4 68617264 		.ascii	"hard -mfpu=fpv4-sp-d16 -mno-thumb-interwork -mthumb"
 1301      202D6D66 
 1301      70753D66 
 1301      7076342D 
 1301      73702D64 
 1302 00d7 202D6720 		.ascii	" -g -Os -fomit-frame-pointer -falign-functions=16 -"
 1302      2D4F7320 
 1302      2D666F6D 
 1302      69742D66 
 1302      72616D65 
 1303 010a 6666756E 		.ascii	"ffunction-sections -fdata-sections -fno-common -fsi"
 1303      6374696F 
 1303      6E2D7365 
 1303      6374696F 
 1303      6E73202D 
 1304 013d 6E676C65 		.ascii	"ngle-precision-constant\000"
 1304      2D707265 
 1304      63697369 
 1304      6F6E2D63 
 1304      6F6E7374 
 1305              	.LASF83:
 1306 0155 776F7273 		.ascii	"worst\000"
 1306      7400
 1307              	.LASF86:
 1308 015b 74696D65 		.ascii	"time_measurement_t\000"
 1308      5F6D6561 
 1308      73757265 
 1308      6D656E74 
 1308      5F7400
 1309              	.LASF13:
 1310 016e 6C6F6E67 		.ascii	"long long unsigned int\000"
 1310      206C6F6E 
 1310      6720756E 
 1310      7369676E 
 1310      65642069 
 1311              	.LASF108:
 1312 0185 2E2E2F2E 		.ascii	"../../modules/ChibiOS/os/hal/src/hal_wdg.c\000"
ARM GAS  /tmp/ccNWwosq.s 			page 25


 1312      2E2F6D6F 
 1312      64756C65 
 1312      732F4368 
 1312      6962694F 
 1313              	.LASF93:
 1314 01b0 65786974 		.ascii	"exitcode\000"
 1314      636F6465 
 1314      00
 1315              	.LASF71:
 1316 01b9 6D61696E 		.ascii	"mainthread\000"
 1316      74687265 
 1316      616400
 1317              	.LASF96:
 1318 01c4 73656E74 		.ascii	"sentmsg\000"
 1318      6D736700 
 1319              	.LASF61:
 1320 01cc 76697274 		.ascii	"virtual_timers_list_t\000"
 1320      75616C5F 
 1320      74696D65 
 1320      72735F6C 
 1320      6973745F 
 1321              	.LASF106:
 1322 01e2 49544D5F 		.ascii	"ITM_RxBuffer\000"
 1322      52784275 
 1322      66666572 
 1322      00
 1323              	.LASF49:
 1324 01ef 6E657874 		.ascii	"next\000"
 1324      00
 1325              	.LASF19:
 1326 01f4 72747469 		.ascii	"rttime_t\000"
 1326      6D655F74 
 1326      00
 1327              	.LASF1:
 1328 01fd 6C6F6E67 		.ascii	"long long int\000"
 1328      206C6F6E 
 1328      6720696E 
 1328      7400
 1329              	.LASF3:
 1330 020b 7369676E 		.ascii	"signed char\000"
 1330      65642063 
 1330      68617200 
 1331              	.LASF70:
 1332 0217 76746C69 		.ascii	"vtlist\000"
 1332      737400
 1333              	.LASF39:
 1334 021e 6D736771 		.ascii	"msgqueue\000"
 1334      75657565 
 1334      00
 1335              	.LASF35:
 1336 0227 73746174 		.ascii	"state\000"
 1336      6500
 1337              	.LASF9:
 1338 022d 6C6F6E67 		.ascii	"long int\000"
 1338      20696E74 
 1338      00
 1339              	.LASF21:
ARM GAS  /tmp/ccNWwosq.s 			page 26


 1340 0236 74737461 		.ascii	"tstate_t\000"
 1340      74655F74 
 1340      00
 1341              	.LASF60:
 1342 023f 66756E63 		.ascii	"func\000"
 1342      00
 1343              	.LASF44:
 1344 0244 73746174 		.ascii	"stats\000"
 1344      7300
 1345              	.LASF10:
 1346 024a 5F5F7569 		.ascii	"__uint32_t\000"
 1346      6E743332 
 1346      5F7400
 1347              	.LASF76:
 1348 0255 72656761 		.ascii	"regarm_t\000"
 1348      726D5F74 
 1348      00
 1349              	.LASF65:
 1350 025e 63685F73 		.ascii	"ch_system_debug\000"
 1350      79737465 
 1350      6D5F6465 
 1350      62756700 
 1351              	.LASF38:
 1352 026e 77616974 		.ascii	"waiting\000"
 1352      696E6700 
 1353              	.LASF104:
 1354 0276 6D757465 		.ascii	"mutex_t\000"
 1354      785F7400 
 1355              	.LASF74:
 1356 027e 73797369 		.ascii	"sysinterval_t\000"
 1356      6E746572 
 1356      76616C5F 
 1356      7400
 1357              	.LASF26:
 1358 028c 636E745F 		.ascii	"cnt_t\000"
 1358      7400
 1359              	.LASF0:
 1360 0292 756E7369 		.ascii	"unsigned int\000"
 1360      676E6564 
 1360      20696E74 
 1360      00
 1361              	.LASF97:
 1362 029f 77747365 		.ascii	"wtsemp\000"
 1362      6D7000
 1363              	.LASF87:
 1364 02a6 6E5F6972 		.ascii	"n_irq\000"
 1364      7100
 1365              	.LASF29:
 1366 02ac 71756575 		.ascii	"queue\000"
 1366      6500
 1367              	.LASF43:
 1368 02b2 6D706F6F 		.ascii	"mpool\000"
 1368      6C00
 1369              	.LASF6:
 1370 02b8 73686F72 		.ascii	"short unsigned int\000"
 1370      7420756E 
 1370      7369676E 
ARM GAS  /tmp/ccNWwosq.s 			page 27


 1370      65642069 
 1370      6E7400
 1371              	.LASF91:
 1372 02cb 6B65726E 		.ascii	"kernel_stats_t\000"
 1372      656C5F73 
 1372      74617473 
 1372      5F7400
 1373              	.LASF33:
 1374 02da 6E616D65 		.ascii	"name\000"
 1374      00
 1375              	.LASF47:
 1376 02df 63685F74 		.ascii	"ch_thread\000"
 1376      68726561 
 1376      6400
 1377              	.LASF24:
 1378 02e9 6D73675F 		.ascii	"msg_t\000"
 1378      7400
 1379              	.LASF84:
 1380 02ef 6C617374 		.ascii	"last\000"
 1380      00
 1381              	.LASF27:
 1382 02f4 75636E74 		.ascii	"ucnt_t\000"
 1382      5F7400
 1383              	.LASF40:
 1384 02fb 6570656E 		.ascii	"epending\000"
 1384      64696E67 
 1384      00
 1385              	.LASF67:
 1386 0304 63685F73 		.ascii	"ch_system_t\000"
 1386      79737465 
 1386      6D5F7400 
 1387              	.LASF20:
 1388 0310 746D6F64 		.ascii	"tmode_t\000"
 1388      655F7400 
 1389              	.LASF90:
 1390 0318 6D5F6372 		.ascii	"m_crit_isr\000"
 1390      69745F69 
 1390      737200
 1391              	.LASF54:
 1392 0323 63685F72 		.ascii	"ch_ready_list\000"
 1392      65616479 
 1392      5F6C6973 
 1392      7400
 1393              	.LASF25:
 1394 0331 6576656E 		.ascii	"eventmask_t\000"
 1394      746D6173 
 1394      6B5F7400 
 1395              	.LASF8:
 1396 033d 5F5F696E 		.ascii	"__int32_t\000"
 1396      7433325F 
 1396      7400
 1397              	.LASF77:
 1398 0347 73746B61 		.ascii	"stkalign_t\000"
 1398      6C69676E 
 1398      5F7400
 1399              	.LASF31:
 1400 0352 6E657765 		.ascii	"newer\000"
ARM GAS  /tmp/ccNWwosq.s 			page 28


 1400      7200
 1401              	.LASF42:
 1402 0358 7265616C 		.ascii	"realprio\000"
 1402      7072696F 
 1402      00
 1403              	.LASF75:
 1404 0361 73697A65 		.ascii	"sizetype\000"
 1404      74797065 
 1404      00
 1405              	.LASF45:
 1406 036a 74687265 		.ascii	"thread_reference_t\000"
 1406      61645F72 
 1406      65666572 
 1406      656E6365 
 1406      5F7400
 1407              	.LASF62:
 1408 037d 63685F76 		.ascii	"ch_virtual_timers_list\000"
 1408      69727475 
 1408      616C5F74 
 1408      696D6572 
 1408      735F6C69 
 1409              	.LASF2:
 1410 0394 6C6F6E67 		.ascii	"long double\000"
 1410      20646F75 
 1410      626C6500 
 1411              	.LASF78:
 1412 03a0 706F7274 		.ascii	"port_context\000"
 1412      5F636F6E 
 1412      74657874 
 1412      00
 1413              	.LASF81:
 1414 03ad 746D5F63 		.ascii	"tm_calibration_t\000"
 1414      616C6962 
 1414      72617469 
 1414      6F6E5F74 
 1414      00
 1415              	.LASF30:
 1416 03be 7072696F 		.ascii	"prio\000"
 1416      00
 1417              	.LASF55:
 1418 03c3 63757272 		.ascii	"current\000"
 1418      656E7400 
 1419              	.LASF12:
 1420 03cb 5F5F7569 		.ascii	"__uint64_t\000"
 1420      6E743634 
 1420      5F7400
 1421              	.LASF85:
 1422 03d6 63756D75 		.ascii	"cumulative\000"
 1422      6C617469 
 1422      766500
 1423              	.LASF22:
 1424 03e1 74726566 		.ascii	"trefs_t\000"
 1424      735F7400 
 1425              	.LASF37:
 1426 03e9 72656673 		.ascii	"refs\000"
 1426      00
 1427              	.LASF57:
ARM GAS  /tmp/ccNWwosq.s 			page 29


 1428 03ee 76697274 		.ascii	"virtual_timer_t\000"
 1428      75616C5F 
 1428      74696D65 
 1428      725F7400 
 1429              	.LASF23:
 1430 03fe 74707269 		.ascii	"tprio_t\000"
 1430      6F5F7400 
 1431              	.LASF88:
 1432 0406 6E5F6374 		.ascii	"n_ctxswc\000"
 1432      78737763 
 1432      00
 1433              	.LASF105:
 1434 040f 5F426F6F 		.ascii	"_Bool\000"
 1434      6C00
 1435              	.LASF15:
 1436 0415 696E7433 		.ascii	"int32_t\000"
 1436      325F7400 
 1437              	.LASF4:
 1438 041d 756E7369 		.ascii	"unsigned char\000"
 1438      676E6564 
 1438      20636861 
 1438      7200
 1439              	.LASF5:
 1440 042b 73686F72 		.ascii	"short int\000"
 1440      7420696E 
 1440      7400
 1441              	.LASF63:
 1442 0435 6C617374 		.ascii	"lasttime\000"
 1442      74696D65 
 1442      00
 1443              	.LASF99:
 1444 043e 65776D61 		.ascii	"ewmask\000"
 1444      736B00
 1445              	.LASF68:
 1446 0445 63685F73 		.ascii	"ch_system\000"
 1446      79737465 
 1446      6D00
 1447              	.LASF58:
 1448 044f 63685F76 		.ascii	"ch_virtual_timer\000"
 1448      69727475 
 1448      616C5F74 
 1448      696D6572 
 1448      00
 1449              	.LASF100:
 1450 0460 63685F73 		.ascii	"ch_semaphore\000"
 1450      656D6170 
 1450      686F7265 
 1450      00
 1451              	.LASF109:
 1452 046d 2F686F6D 		.ascii	"/home/user/csse4011/project/4011-surfbee/ardupilot/"
 1452      652F7573 
 1452      65722F63 
 1452      73736534 
 1452      3031312F 
 1453 04a0 6275696C 		.ascii	"build/stm32l475\000"
 1453      642F7374 
 1453      6D33326C 
ARM GAS  /tmp/ccNWwosq.s 			page 30


 1453      34373500 
 1454              	.LASF98:
 1455 04b0 77746D74 		.ascii	"wtmtxp\000"
 1455      787000
 1456              	.LASF48:
 1457 04b7 63685F74 		.ascii	"ch_threads_list\000"
 1457      68726561 
 1457      64735F6C 
 1457      69737400 
 1458              	.LASF102:
 1459 04c7 6F776E65 		.ascii	"owner\000"
 1459      7200
 1460              	.LASF11:
 1461 04cd 6C6F6E67 		.ascii	"long unsigned int\000"
 1461      20756E73 
 1461      69676E65 
 1461      6420696E 
 1461      7400
 1462              	.LASF34:
 1463 04df 77616261 		.ascii	"wabase\000"
 1463      736500
 1464              	.LASF103:
 1465 04e6 63686172 		.ascii	"char\000"
 1465      00
 1466              	.LASF32:
 1467 04eb 6F6C6465 		.ascii	"older\000"
 1467      7200
 1468              	.LASF28:
 1469 04f1 74687265 		.ascii	"thread_t\000"
 1469      61645F74 
 1469      00
 1470              	.LASF82:
 1471 04fa 62657374 		.ascii	"best\000"
 1471      00
 1472              	.LASF73:
 1473 04ff 73797374 		.ascii	"systime_t\000"
 1473      696D655F 
 1473      7400
 1474              	.LASF56:
 1475 0509 76746675 		.ascii	"vtfunc_t\000"
 1475      6E635F74 
 1475      00
 1476              	.LASF66:
 1477 0512 70616E69 		.ascii	"panic_msg\000"
 1477      635F6D73 
 1477      6700
 1478              	.LASF80:
 1479 051c 6F666673 		.ascii	"offset\000"
 1479      657400
 1480              	.LASF18:
 1481 0523 7274636E 		.ascii	"rtcnt_t\000"
 1481      745F7400 
 1482              	.LASF16:
 1483 052b 75696E74 		.ascii	"uint32_t\000"
 1483      33325F74 
 1483      00
 1484              	.LASF50:
ARM GAS  /tmp/ccNWwosq.s 			page 31


 1485 0534 74687265 		.ascii	"threads_queue_t\000"
 1485      6164735F 
 1485      71756575 
 1485      655F7400 
 1486              	.LASF101:
 1487 0544 63685F6D 		.ascii	"ch_mutex\000"
 1487      75746578 
 1487      00
 1488              	.LASF69:
 1489 054d 726C6973 		.ascii	"rlist\000"
 1489      7400
 1490              	.LASF14:
 1491 0553 75696E74 		.ascii	"uint8_t\000"
 1491      385F7400 
 1492              	.LASF36:
 1493 055b 666C6167 		.ascii	"flags\000"
 1493      7300
 1494              	.LASF94:
 1495 0561 77746F62 		.ascii	"wtobjp\000"
 1495      6A7000
 1496              	.LASF46:
 1497 0568 74687265 		.ascii	"threads_list_t\000"
 1497      6164735F 
 1497      6C697374 
 1497      5F7400
 1498              	.LASF41:
 1499 0577 6D74786C 		.ascii	"mtxlist\000"
 1499      69737400 
 1500              	.LASF89:
 1501 057f 6D5F6372 		.ascii	"m_crit_thd\000"
 1501      69745F74 
 1501      686400
 1502              		.ident	"GCC: (15:5.4.1+svn241155-1) 5.4.1 20160919"
ARM GAS  /tmp/ccNWwosq.s 			page 32


DEFINED SYMBOLS
                            *ABS*:0000000000000000 hal_wdg.c

NO UNDEFINED SYMBOLS
