ARM GAS  /tmp/cczZZMrf.s 			page 1


   1              		.syntax unified
   2              		.cpu cortex-m4
   3              		.eabi_attribute 27, 1
   4              		.eabi_attribute 28, 1
   5              		.fpu fpv4-sp-d16
   6              		.eabi_attribute 20, 1
   7              		.eabi_attribute 21, 1
   8              		.eabi_attribute 23, 3
   9              		.eabi_attribute 24, 1
  10              		.eabi_attribute 25, 1
  11              		.eabi_attribute 26, 1
  12              		.eabi_attribute 30, 4
  13              		.eabi_attribute 34, 1
  14              		.eabi_attribute 18, 4
  15              		.thumb
  16              		.syntax unified
  17              		.file	"memstreams.c"
  18              		.text
  19              	.Ltext0:
  20              		.cfi_sections	.debug_frame
  21              		.section	.text._put,"ax",%progbits
  22              		.align	1
  23              		.thumb
  24              		.thumb_func
  25              		.type	_put, %function
  26              	_put:
  27              	.LFB325:
  28              		.file 1 "../../modules/ChibiOS/os/hal/lib/streams/memstreams.c"
  29              		.loc 1 67 0
  30              		.cfi_startproc
  31              		@ args = 0, pretend = 0, frame = 0
  32              		@ frame_needed = 0, uses_anonymous_args = 0
  33              		@ link register save eliminated.
  34              	.LVL0:
  35              		.loc 1 70 0
  36 0000 C368     		ldr	r3, [r0, #12]
  37 0002 8268     		ldr	r2, [r0, #8]
  38 0004 9A42     		cmp	r2, r3
  39              		.loc 1 72 0
  40 0006 1FBF     		itttt	ne
  41 0008 4268     		ldrne	r2, [r0, #4]
  42 000a D154     		strbne	r1, [r2, r3]
  43              		.loc 1 73 0
  44 000c C368     		ldrne	r3, [r0, #12]
  45 000e 0133     		addne	r3, r3, #1
  46 0010 1ABF     		itte	ne
  47 0012 C360     		strne	r3, [r0, #12]
  48              		.loc 1 74 0
  49 0014 0020     		movne	r0, #0
  50              	.LVL1:
  51              		.loc 1 71 0
  52 0016 6FF00100 		mvneq	r0, #1
  53              		.loc 1 75 0
  54 001a 7047     		bx	lr
  55              		.cfi_endproc
  56              	.LFE325:
  57              		.size	_put, .-_put
ARM GAS  /tmp/cczZZMrf.s 			page 2


  58              		.section	.text._get,"ax",%progbits
  59              		.align	1
  60              		.thumb
  61              		.thumb_func
  62              		.type	_get, %function
  63              	_get:
  64              	.LFB326:
  65              		.loc 1 77 0
  66              		.cfi_startproc
  67              		@ args = 0, pretend = 0, frame = 0
  68              		@ frame_needed = 0, uses_anonymous_args = 0
  69              		@ link register save eliminated.
  70              	.LVL2:
  71              		.loc 1 81 0
  72 0000 0369     		ldr	r3, [r0, #16]
  73 0002 C268     		ldr	r2, [r0, #12]
  74 0004 9A42     		cmp	r2, r3
  75              		.loc 1 83 0
  76 0006 1FBF     		itttt	ne
  77 0008 4268     		ldrne	r2, [r0, #4]
  78 000a D25C     		ldrbne	r2, [r2, r3]	@ zero_extendqisi2
  79              	.LVL3:
  80              		.loc 1 84 0
  81 000c 0133     		addne	r3, r3, #1
  82 000e 0361     		strne	r3, [r0, #16]
  83              		.loc 1 85 0
  84 0010 14BF     		ite	ne
  85 0012 1046     		movne	r0, r2
  86              	.LVL4:
  87              		.loc 1 82 0
  88 0014 6FF00100 		mvneq	r0, #1
  89              		.loc 1 86 0
  90 0018 7047     		bx	lr
  91              		.cfi_endproc
  92              	.LFE326:
  93              		.size	_get, .-_get
  94              		.section	.text._reads,"ax",%progbits
  95              		.align	1
  96              		.thumb
  97              		.thumb_func
  98              		.type	_reads, %function
  99              	_reads:
 100              	.LFB324:
 101              		.loc 1 57 0
 102              		.cfi_startproc
 103              		@ args = 0, pretend = 0, frame = 0
 104              		@ frame_needed = 0, uses_anonymous_args = 0
 105              	.LVL5:
 106 0000 38B5     		push	{r3, r4, r5, lr}
 107              		.cfi_def_cfa_offset 16
 108              		.cfi_offset 3, -16
 109              		.cfi_offset 4, -12
 110              		.cfi_offset 5, -8
 111              		.cfi_offset 14, -4
 112              		.loc 1 57 0
 113 0002 0546     		mov	r5, r0
 114              	.LVL6:
ARM GAS  /tmp/cczZZMrf.s 			page 3


 115 0004 0846     		mov	r0, r1
 116              	.LVL7:
 117              		.loc 1 60 0
 118 0006 2B69     		ldr	r3, [r5, #16]
 119 0008 EC68     		ldr	r4, [r5, #12]
 120              		.loc 1 62 0
 121 000a 6968     		ldr	r1, [r5, #4]
 122              	.LVL8:
 123              		.loc 1 60 0
 124 000c E41A     		subs	r4, r4, r3
 125 000e 9442     		cmp	r4, r2
 126 0010 28BF     		it	cs
 127 0012 1446     		movcs	r4, r2
 128              	.LVL9:
 129              		.loc 1 62 0
 130 0014 1944     		add	r1, r1, r3
 131 0016 2246     		mov	r2, r4
 132 0018 FFF7FEFF 		bl	memcpy
 133              	.LVL10:
 134              		.loc 1 63 0
 135 001c 2B69     		ldr	r3, [r5, #16]
 136 001e 2344     		add	r3, r3, r4
 137 0020 2B61     		str	r3, [r5, #16]
 138              		.loc 1 65 0
 139 0022 2046     		mov	r0, r4
 140 0024 38BD     		pop	{r3, r4, r5, pc}
 141              		.cfi_endproc
 142              	.LFE324:
 143              		.size	_reads, .-_reads
 144              		.section	.text._writes,"ax",%progbits
 145              		.align	1
 146              		.thumb
 147              		.thumb_func
 148              		.type	_writes, %function
 149              	_writes:
 150              	.LFB323:
 151              		.loc 1 47 0
 152              		.cfi_startproc
 153              		@ args = 0, pretend = 0, frame = 0
 154              		@ frame_needed = 0, uses_anonymous_args = 0
 155              	.LVL11:
 156 0000 38B5     		push	{r3, r4, r5, lr}
 157              		.cfi_def_cfa_offset 16
 158              		.cfi_offset 3, -16
 159              		.cfi_offset 4, -12
 160              		.cfi_offset 5, -8
 161              		.cfi_offset 14, -4
 162              		.loc 1 50 0
 163 0002 C368     		ldr	r3, [r0, #12]
 164 0004 8468     		ldr	r4, [r0, #8]
 165 0006 E41A     		subs	r4, r4, r3
 166              		.loc 1 47 0
 167 0008 0546     		mov	r5, r0
 168 000a 9442     		cmp	r4, r2
 169              		.loc 1 52 0
 170 000c 4068     		ldr	r0, [r0, #4]
 171              	.LVL12:
ARM GAS  /tmp/cczZZMrf.s 			page 4


 172 000e 28BF     		it	cs
 173 0010 1446     		movcs	r4, r2
 174              	.LVL13:
 175 0012 2246     		mov	r2, r4
 176 0014 1844     		add	r0, r0, r3
 177 0016 FFF7FEFF 		bl	memcpy
 178              	.LVL14:
 179              		.loc 1 53 0
 180 001a EB68     		ldr	r3, [r5, #12]
 181 001c 2344     		add	r3, r3, r4
 182 001e EB60     		str	r3, [r5, #12]
 183              		.loc 1 55 0
 184 0020 2046     		mov	r0, r4
 185 0022 38BD     		pop	{r3, r4, r5, pc}
 186              		.cfi_endproc
 187              	.LFE323:
 188              		.size	_writes, .-_writes
 189              		.section	.text.msObjectInit,"ax",%progbits
 190              		.align	1
 191              		.global	msObjectInit
 192              		.thumb
 193              		.thumb_func
 194              		.type	msObjectInit, %function
 195              	msObjectInit:
 196              	.LFB327:
 197              		.loc 1 105 0
 198              		.cfi_startproc
 199              		@ args = 0, pretend = 0, frame = 0
 200              		@ frame_needed = 0, uses_anonymous_args = 0
 201              	.LVL15:
 202 0000 10B5     		push	{r4, lr}
 203              		.cfi_def_cfa_offset 8
 204              		.cfi_offset 4, -8
 205              		.cfi_offset 14, -4
 206              		.loc 1 110 0
 207 0002 C360     		str	r3, [r0, #12]
 208              		.loc 1 107 0
 209 0004 034C     		ldr	r4, .L10
 210 0006 0460     		str	r4, [r0]
 211              		.loc 1 111 0
 212 0008 0023     		movs	r3, #0
 213              	.LVL16:
 214              		.loc 1 108 0
 215 000a 4160     		str	r1, [r0, #4]
 216              		.loc 1 109 0
 217 000c 8260     		str	r2, [r0, #8]
 218              		.loc 1 111 0
 219 000e 0361     		str	r3, [r0, #16]
 220 0010 10BD     		pop	{r4, pc}
 221              	.L11:
 222 0012 00BF     		.align	2
 223              	.L10:
 224 0014 00000000 		.word	.LANCHOR0
 225              		.cfi_endproc
 226              	.LFE327:
 227              		.size	msObjectInit, .-msObjectInit
 228              		.section	.rodata.vmt,"a",%progbits
ARM GAS  /tmp/cczZZMrf.s 			page 5


 229              		.align	2
 230              		.set	.LANCHOR0,. + 0
 231              		.type	vmt, %object
 232              		.size	vmt, 20
 233              	vmt:
 234 0000 00000000 		.word	0
 235 0004 00000000 		.word	_writes
 236 0008 00000000 		.word	_reads
 237 000c 00000000 		.word	_put
 238 0010 00000000 		.word	_get
 239              		.text
 240              	.Letext0:
 241              		.file 2 "/usr/lib/gcc/arm-none-eabi/5.4.1/include/stddef.h"
 242              		.file 3 "/usr/include/newlib/machine/_default_types.h"
 243              		.file 4 "/usr/include/newlib/sys/_stdint.h"
 244              		.file 5 "../../modules/ChibiOS/os/common/ports/ARMCMx/compilers/GCC/chtypes.h"
 245              		.file 6 "../../modules/ChibiOS/os/rt/include/chsystypes.h"
 246              		.file 7 "../../modules/ChibiOS/os/rt/include/chschd.h"
 247              		.file 8 "../../modules/ChibiOS/os/rt/include/chtime.h"
 248              		.file 9 "../../modules/ChibiOS/os/common/ports/ARMCMx/chcore.h"
 249              		.file 10 "../../modules/ChibiOS/os/common/ports/ARMCMx/chcore_v7m.h"
 250              		.file 11 "../../modules/ChibiOS/os/rt/include/chtm.h"
 251              		.file 12 "../../modules/ChibiOS/os/rt/include/chstats.h"
 252              		.file 13 "../../modules/ChibiOS/os/rt/include/chsem.h"
 253              		.file 14 "../../modules/ChibiOS/os/rt/include/chmtx.h"
 254              		.file 15 "../../modules/ChibiOS/os/hal/lib/streams/memstreams.h"
 255              		.file 16 "../../modules/ChibiOS/os/common/ext/ARM/CMSIS/Core/Include/core_cm4.h"
 256              		.section	.debug_info,"",%progbits
 257              	.Ldebug_info0:
 258 0000 A70A0000 		.4byte	0xaa7
 259 0004 0400     		.2byte	0x4
 260 0006 00000000 		.4byte	.Ldebug_abbrev0
 261 000a 04       		.byte	0x4
 262 000b 01       		.uleb128 0x1
 263 000c 5C000000 		.4byte	.LASF119
 264 0010 0C       		.byte	0xc
 265 0011 0D050000 		.4byte	.LASF120
 266 0015 87040000 		.4byte	.LASF121
 267 0019 00000000 		.4byte	.Ldebug_ranges0+0
 268 001d 00000000 		.4byte	0
 269 0021 00000000 		.4byte	.Ldebug_line0
 270 0025 02       		.uleb128 0x2
 271 0026 04       		.byte	0x4
 272 0027 05       		.byte	0x5
 273 0028 696E7400 		.ascii	"int\000"
 274 002c 03       		.uleb128 0x3
 275 002d 16000000 		.4byte	.LASF4
 276 0031 02       		.byte	0x2
 277 0032 D8       		.byte	0xd8
 278 0033 37000000 		.4byte	0x37
 279 0037 04       		.uleb128 0x4
 280 0038 04       		.byte	0x4
 281 0039 07       		.byte	0x7
 282 003a 68020000 		.4byte	.LASF0
 283 003e 04       		.uleb128 0x4
 284 003f 08       		.byte	0x8
 285 0040 05       		.byte	0x5
ARM GAS  /tmp/cczZZMrf.s 			page 6


 286 0041 AC010000 		.4byte	.LASF1
 287 0045 04       		.uleb128 0x4
 288 0046 08       		.byte	0x8
 289 0047 04       		.byte	0x4
 290 0048 EF040000 		.4byte	.LASF2
 291 004c 04       		.uleb128 0x4
 292 004d 01       		.byte	0x1
 293 004e 06       		.byte	0x6
 294 004f BA010000 		.4byte	.LASF3
 295 0053 03       		.uleb128 0x3
 296 0054 3A000000 		.4byte	.LASF5
 297 0058 03       		.byte	0x3
 298 0059 1D       		.byte	0x1d
 299 005a 5E000000 		.4byte	0x5e
 300 005e 04       		.uleb128 0x4
 301 005f 01       		.byte	0x1
 302 0060 08       		.byte	0x8
 303 0061 37040000 		.4byte	.LASF6
 304 0065 04       		.uleb128 0x4
 305 0066 02       		.byte	0x2
 306 0067 05       		.byte	0x5
 307 0068 45040000 		.4byte	.LASF7
 308 006c 04       		.uleb128 0x4
 309 006d 02       		.byte	0x2
 310 006e 07       		.byte	0x7
 311 006f 9C020000 		.4byte	.LASF8
 312 0073 03       		.uleb128 0x3
 313 0074 1C030000 		.4byte	.LASF9
 314 0078 03       		.byte	0x3
 315 0079 3F       		.byte	0x3f
 316 007a 7E000000 		.4byte	0x7e
 317 007e 04       		.uleb128 0x4
 318 007f 04       		.byte	0x4
 319 0080 05       		.byte	0x5
 320 0081 F3010000 		.4byte	.LASF10
 321 0085 03       		.uleb128 0x3
 322 0086 20020000 		.4byte	.LASF11
 323 008a 03       		.byte	0x3
 324 008b 41       		.byte	0x41
 325 008c 90000000 		.4byte	0x90
 326 0090 04       		.uleb128 0x4
 327 0091 04       		.byte	0x4
 328 0092 07       		.byte	0x7
 329 0093 C6010000 		.4byte	.LASF12
 330 0097 03       		.uleb128 0x3
 331 0098 E0030000 		.4byte	.LASF13
 332 009c 03       		.byte	0x3
 333 009d 5B       		.byte	0x5b
 334 009e A2000000 		.4byte	0xa2
 335 00a2 04       		.uleb128 0x4
 336 00a3 08       		.byte	0x8
 337 00a4 07       		.byte	0x7
 338 00a5 59010000 		.4byte	.LASF14
 339 00a9 04       		.uleb128 0x4
 340 00aa 04       		.byte	0x4
 341 00ab 07       		.byte	0x7
 342 00ac B3050000 		.4byte	.LASF15
ARM GAS  /tmp/cczZZMrf.s 			page 7


 343 00b0 05       		.uleb128 0x5
 344 00b1 04       		.byte	0x4
 345 00b2 04       		.uleb128 0x4
 346 00b3 01       		.byte	0x1
 347 00b4 08       		.byte	0x8
 348 00b5 02050000 		.4byte	.LASF16
 349 00b9 06       		.uleb128 0x6
 350 00ba 04       		.byte	0x4
 351 00bb BF000000 		.4byte	0xbf
 352 00bf 07       		.uleb128 0x7
 353 00c0 B2000000 		.4byte	0xb2
 354 00c4 03       		.uleb128 0x3
 355 00c5 A0050000 		.4byte	.LASF17
 356 00c9 04       		.byte	0x4
 357 00ca 18       		.byte	0x18
 358 00cb 53000000 		.4byte	0x53
 359 00cf 03       		.uleb128 0x3
 360 00d0 2F040000 		.4byte	.LASF18
 361 00d4 04       		.byte	0x4
 362 00d5 2C       		.byte	0x2c
 363 00d6 73000000 		.4byte	0x73
 364 00da 03       		.uleb128 0x3
 365 00db 01060000 		.4byte	.LASF19
 366 00df 04       		.byte	0x4
 367 00e0 30       		.byte	0x30
 368 00e1 85000000 		.4byte	0x85
 369 00e5 03       		.uleb128 0x3
 370 00e6 24000000 		.4byte	.LASF20
 371 00ea 04       		.byte	0x4
 372 00eb 3C       		.byte	0x3c
 373 00ec 97000000 		.4byte	0x97
 374 00f0 03       		.uleb128 0x3
 375 00f1 63030000 		.4byte	.LASF21
 376 00f5 05       		.byte	0x5
 377 00f6 27       		.byte	0x27
 378 00f7 DA000000 		.4byte	0xda
 379 00fb 03       		.uleb128 0x3
 380 00fc 00000000 		.4byte	.LASF22
 381 0100 05       		.byte	0x5
 382 0101 28       		.byte	0x28
 383 0102 E5000000 		.4byte	0xe5
 384 0106 03       		.uleb128 0x3
 385 0107 EF020000 		.4byte	.LASF23
 386 010b 05       		.byte	0x5
 387 010c 2A       		.byte	0x2a
 388 010d C4000000 		.4byte	0xc4
 389 0111 03       		.uleb128 0x3
 390 0112 FC010000 		.4byte	.LASF24
 391 0116 05       		.byte	0x5
 392 0117 2B       		.byte	0x2b
 393 0118 C4000000 		.4byte	0xc4
 394 011c 03       		.uleb128 0x3
 395 011d D1040000 		.4byte	.LASF25
 396 0121 05       		.byte	0x5
 397 0122 2C       		.byte	0x2c
 398 0123 C4000000 		.4byte	0xc4
 399 0127 03       		.uleb128 0x3
ARM GAS  /tmp/cczZZMrf.s 			page 8


 400 0128 0B040000 		.4byte	.LASF26
 401 012c 05       		.byte	0x5
 402 012d 2E       		.byte	0x2e
 403 012e DA000000 		.4byte	0xda
 404 0132 03       		.uleb128 0x3
 405 0133 C8020000 		.4byte	.LASF27
 406 0137 05       		.byte	0x5
 407 0138 2F       		.byte	0x2f
 408 0139 CF000000 		.4byte	0xcf
 409 013d 03       		.uleb128 0x3
 410 013e 10030000 		.4byte	.LASF28
 411 0142 05       		.byte	0x5
 412 0143 31       		.byte	0x31
 413 0144 DA000000 		.4byte	0xda
 414 0148 03       		.uleb128 0x3
 415 0149 62020000 		.4byte	.LASF29
 416 014d 05       		.byte	0x5
 417 014e 33       		.byte	0x33
 418 014f CF000000 		.4byte	0xcf
 419 0153 03       		.uleb128 0x3
 420 0154 D3020000 		.4byte	.LASF30
 421 0158 05       		.byte	0x5
 422 0159 34       		.byte	0x34
 423 015a DA000000 		.4byte	0xda
 424 015e 03       		.uleb128 0x3
 425 015f 43050000 		.4byte	.LASF31
 426 0163 06       		.byte	0x6
 427 0164 34       		.byte	0x34
 428 0165 69010000 		.4byte	0x169
 429 0169 08       		.uleb128 0x8
 430 016a BE020000 		.4byte	.LASF50
 431 016e 60       		.byte	0x60
 432 016f 07       		.byte	0x7
 433 0170 8E       		.byte	0x8e
 434 0171 54020000 		.4byte	0x254
 435 0175 09       		.uleb128 0x9
 436 0176 91020000 		.4byte	.LASF32
 437 017a 07       		.byte	0x7
 438 017b 8F       		.byte	0x8f
 439 017c 89020000 		.4byte	0x289
 440 0180 00       		.byte	0
 441 0181 09       		.uleb128 0x9
 442 0182 C6030000 		.4byte	.LASF33
 443 0186 07       		.byte	0x7
 444 0187 90       		.byte	0x90
 445 0188 27010000 		.4byte	0x127
 446 018c 08       		.byte	0x8
 447 018d 0A       		.uleb128 0xa
 448 018e 63747800 		.ascii	"ctx\000"
 449 0192 07       		.byte	0x7
 450 0193 91       		.byte	0x91
 451 0194 9B040000 		.4byte	0x49b
 452 0198 0C       		.byte	0xc
 453 0199 09       		.uleb128 0x9
 454 019a 47030000 		.4byte	.LASF34
 455 019e 07       		.byte	0x7
 456 019f 93       		.byte	0x93
ARM GAS  /tmp/cczZZMrf.s 			page 9


 457 01a0 5F020000 		.4byte	0x25f
 458 01a4 10       		.byte	0x10
 459 01a5 09       		.uleb128 0x9
 460 01a6 07050000 		.4byte	.LASF35
 461 01aa 07       		.byte	0x7
 462 01ab 94       		.byte	0x94
 463 01ac 5F020000 		.4byte	0x25f
 464 01b0 14       		.byte	0x14
 465 01b1 09       		.uleb128 0x9
 466 01b2 97020000 		.4byte	.LASF36
 467 01b6 07       		.byte	0x7
 468 01b7 9B       		.byte	0x9b
 469 01b8 B9000000 		.4byte	0xb9
 470 01bc 18       		.byte	0x18
 471 01bd 09       		.uleb128 0x9
 472 01be FB040000 		.4byte	.LASF37
 473 01c2 07       		.byte	0x7
 474 01c3 A4       		.byte	0xa4
 475 01c4 81070000 		.4byte	0x781
 476 01c8 1C       		.byte	0x1c
 477 01c9 09       		.uleb128 0x9
 478 01ca ED010000 		.4byte	.LASF38
 479 01ce 07       		.byte	0x7
 480 01cf A9       		.byte	0xa9
 481 01d0 11010000 		.4byte	0x111
 482 01d4 20       		.byte	0x20
 483 01d5 09       		.uleb128 0x9
 484 01d6 A8050000 		.4byte	.LASF39
 485 01da 07       		.byte	0x7
 486 01db AD       		.byte	0xad
 487 01dc 06010000 		.4byte	0x106
 488 01e0 21       		.byte	0x21
 489 01e1 09       		.uleb128 0x9
 490 01e2 F6030000 		.4byte	.LASF40
 491 01e6 07       		.byte	0x7
 492 01e7 B2       		.byte	0xb2
 493 01e8 1C010000 		.4byte	0x11c
 494 01ec 22       		.byte	0x22
 495 01ed 0B       		.uleb128 0xb
 496 01ee 7500     		.ascii	"u\000"
 497 01f0 07       		.byte	0x7
 498 01f1 0301     		.2byte	0x103
 499 01f3 B7060000 		.4byte	0x6b7
 500 01f7 24       		.byte	0x24
 501 01f8 0C       		.uleb128 0xc
 502 01f9 44020000 		.4byte	.LASF41
 503 01fd 07       		.byte	0x7
 504 01fe 0801     		.2byte	0x108
 505 0200 65020000 		.4byte	0x265
 506 0204 28       		.byte	0x28
 507 0205 0C       		.uleb128 0xc
 508 0206 E4010000 		.4byte	.LASF42
 509 020a 07       		.byte	0x7
 510 020b 0E01     		.2byte	0x10e
 511 020d 89020000 		.4byte	0x289
 512 0211 2C       		.byte	0x2c
 513 0212 0C       		.uleb128 0xc
ARM GAS  /tmp/cczZZMrf.s 			page 10


 514 0213 DA020000 		.4byte	.LASF43
 515 0217 07       		.byte	0x7
 516 0218 1401     		.2byte	0x114
 517 021a 3D010000 		.4byte	0x13d
 518 021e 34       		.byte	0x34
 519 021f 0C       		.uleb128 0xc
 520 0220 E9050000 		.4byte	.LASF44
 521 0224 07       		.byte	0x7
 522 0225 1B01     		.2byte	0x11b
 523 0227 7B070000 		.4byte	0x77b
 524 022b 38       		.byte	0x38
 525 022c 0C       		.uleb128 0xc
 526 022d 5A030000 		.4byte	.LASF45
 527 0231 07       		.byte	0x7
 528 0232 1F01     		.2byte	0x11f
 529 0234 27010000 		.4byte	0x127
 530 0238 3C       		.byte	0x3c
 531 0239 0C       		.uleb128 0xc
 532 023a 7B050000 		.4byte	.LASF46
 533 023e 07       		.byte	0x7
 534 023f 2601     		.2byte	0x126
 535 0241 B0000000 		.4byte	0xb0
 536 0245 40       		.byte	0x40
 537 0246 0C       		.uleb128 0xc
 538 0247 11020000 		.4byte	.LASF47
 539 024b 07       		.byte	0x7
 540 024c 2C01     		.2byte	0x12c
 541 024e 68060000 		.4byte	0x668
 542 0252 48       		.byte	0x48
 543 0253 00       		.byte	0
 544 0254 03       		.uleb128 0x3
 545 0255 6B030000 		.4byte	.LASF48
 546 0259 06       		.byte	0x6
 547 025a 39       		.byte	0x39
 548 025b 5F020000 		.4byte	0x25f
 549 025f 06       		.uleb128 0x6
 550 0260 04       		.byte	0x4
 551 0261 5E010000 		.4byte	0x15e
 552 0265 03       		.uleb128 0x3
 553 0266 C1050000 		.4byte	.LASF49
 554 026a 06       		.byte	0x6
 555 026b 3E       		.byte	0x3e
 556 026c 70020000 		.4byte	0x270
 557 0270 08       		.uleb128 0x8
 558 0271 D9040000 		.4byte	.LASF51
 559 0275 04       		.byte	0x4
 560 0276 07       		.byte	0x7
 561 0277 7C       		.byte	0x7c
 562 0278 89020000 		.4byte	0x289
 563 027c 09       		.uleb128 0x9
 564 027d 96010000 		.4byte	.LASF52
 565 0281 07       		.byte	0x7
 566 0282 7D       		.byte	0x7d
 567 0283 5F020000 		.4byte	0x25f
 568 0287 00       		.byte	0
 569 0288 00       		.byte	0
 570 0289 03       		.uleb128 0x3
ARM GAS  /tmp/cczZZMrf.s 			page 11


 571 028a 81050000 		.4byte	.LASF53
 572 028e 06       		.byte	0x6
 573 028f 45       		.byte	0x45
 574 0290 94020000 		.4byte	0x294
 575 0294 08       		.uleb128 0x8
 576 0295 9B010000 		.4byte	.LASF54
 577 0299 08       		.byte	0x8
 578 029a 07       		.byte	0x7
 579 029b 83       		.byte	0x83
 580 029c B9020000 		.4byte	0x2b9
 581 02a0 09       		.uleb128 0x9
 582 02a1 96010000 		.4byte	.LASF52
 583 02a5 07       		.byte	0x7
 584 02a6 84       		.byte	0x84
 585 02a7 5F020000 		.4byte	0x25f
 586 02ab 00       		.byte	0
 587 02ac 09       		.uleb128 0x9
 588 02ad 44000000 		.4byte	.LASF55
 589 02b1 07       		.byte	0x7
 590 02b2 85       		.byte	0x85
 591 02b3 5F020000 		.4byte	0x25f
 592 02b7 04       		.byte	0x4
 593 02b8 00       		.byte	0
 594 02b9 03       		.uleb128 0x3
 595 02ba 09000000 		.4byte	.LASF56
 596 02be 06       		.byte	0x6
 597 02bf 4C       		.byte	0x4c
 598 02c0 C4020000 		.4byte	0x2c4
 599 02c4 0D       		.uleb128 0xd
 600 02c5 02030000 		.4byte	.LASF57
 601 02c9 1C       		.byte	0x1c
 602 02ca 07       		.byte	0x7
 603 02cb 5E01     		.2byte	0x15e
 604 02cd 20030000 		.4byte	0x320
 605 02d1 0C       		.uleb128 0xc
 606 02d2 91020000 		.4byte	.LASF32
 607 02d6 07       		.byte	0x7
 608 02d7 5F01     		.2byte	0x15f
 609 02d9 89020000 		.4byte	0x289
 610 02dd 00       		.byte	0
 611 02de 0C       		.uleb128 0xc
 612 02df C6030000 		.4byte	.LASF33
 613 02e3 07       		.byte	0x7
 614 02e4 6001     		.2byte	0x160
 615 02e6 27010000 		.4byte	0x127
 616 02ea 08       		.byte	0x8
 617 02eb 0B       		.uleb128 0xb
 618 02ec 63747800 		.ascii	"ctx\000"
 619 02f0 07       		.byte	0x7
 620 02f1 6201     		.2byte	0x162
 621 02f3 9B040000 		.4byte	0x49b
 622 02f7 0C       		.byte	0xc
 623 02f8 0C       		.uleb128 0xc
 624 02f9 47030000 		.4byte	.LASF34
 625 02fd 07       		.byte	0x7
 626 02fe 6501     		.2byte	0x165
 627 0300 5F020000 		.4byte	0x25f
ARM GAS  /tmp/cczZZMrf.s 			page 12


 628 0304 10       		.byte	0x10
 629 0305 0C       		.uleb128 0xc
 630 0306 07050000 		.4byte	.LASF35
 631 030a 07       		.byte	0x7
 632 030b 6601     		.2byte	0x166
 633 030d 5F020000 		.4byte	0x25f
 634 0311 14       		.byte	0x14
 635 0312 0C       		.uleb128 0xc
 636 0313 CB030000 		.4byte	.LASF58
 637 0317 07       		.byte	0x7
 638 0318 6901     		.2byte	0x169
 639 031a 5F020000 		.4byte	0x25f
 640 031e 18       		.byte	0x18
 641 031f 00       		.byte	0
 642 0320 03       		.uleb128 0x3
 643 0321 D0050000 		.4byte	.LASF59
 644 0325 06       		.byte	0x6
 645 0326 51       		.byte	0x51
 646 0327 2B030000 		.4byte	0x32b
 647 032b 06       		.uleb128 0x6
 648 032c 04       		.byte	0x4
 649 032d 31030000 		.4byte	0x331
 650 0331 0E       		.uleb128 0xe
 651 0332 3C030000 		.4byte	0x33c
 652 0336 0F       		.uleb128 0xf
 653 0337 B0000000 		.4byte	0xb0
 654 033b 00       		.byte	0
 655 033c 03       		.uleb128 0x3
 656 033d FB030000 		.4byte	.LASF60
 657 0341 06       		.byte	0x6
 658 0342 56       		.byte	0x56
 659 0343 47030000 		.4byte	0x347
 660 0347 0D       		.uleb128 0xd
 661 0348 69040000 		.4byte	.LASF61
 662 034c 14       		.byte	0x14
 663 034d 07       		.byte	0x7
 664 034e 3901     		.2byte	0x139
 665 0350 96030000 		.4byte	0x396
 666 0354 0C       		.uleb128 0xc
 667 0355 96010000 		.4byte	.LASF52
 668 0359 07       		.byte	0x7
 669 035a 3A01     		.2byte	0x13a
 670 035c 87070000 		.4byte	0x787
 671 0360 00       		.byte	0
 672 0361 0C       		.uleb128 0xc
 673 0362 44000000 		.4byte	.LASF55
 674 0366 07       		.byte	0x7
 675 0367 3B01     		.2byte	0x13b
 676 0369 87070000 		.4byte	0x787
 677 036d 04       		.byte	0x4
 678 036e 0C       		.uleb128 0xc
 679 036f 83010000 		.4byte	.LASF62
 680 0373 07       		.byte	0x7
 681 0374 3C01     		.2byte	0x13c
 682 0376 7A040000 		.4byte	0x47a
 683 037a 08       		.byte	0x8
 684 037b 0C       		.uleb128 0xc
ARM GAS  /tmp/cczZZMrf.s 			page 13


 685 037c 05020000 		.4byte	.LASF63
 686 0380 07       		.byte	0x7
 687 0381 3D01     		.2byte	0x13d
 688 0383 20030000 		.4byte	0x320
 689 0387 0C       		.byte	0xc
 690 0388 0B       		.uleb128 0xb
 691 0389 70617200 		.ascii	"par\000"
 692 038d 07       		.byte	0x7
 693 038e 3F01     		.2byte	0x13f
 694 0390 B0000000 		.4byte	0xb0
 695 0394 10       		.byte	0x10
 696 0395 00       		.byte	0
 697 0396 03       		.uleb128 0x3
 698 0397 26030000 		.4byte	.LASF64
 699 039b 06       		.byte	0x6
 700 039c 5B       		.byte	0x5b
 701 039d A1030000 		.4byte	0x3a1
 702 03a1 0D       		.uleb128 0xd
 703 03a2 7E030000 		.4byte	.LASF65
 704 03a6 10       		.byte	0x10
 705 03a7 07       		.byte	0x7
 706 03a8 4901     		.2byte	0x149
 707 03aa E3030000 		.4byte	0x3e3
 708 03ae 0C       		.uleb128 0xc
 709 03af 96010000 		.4byte	.LASF52
 710 03b3 07       		.byte	0x7
 711 03b4 4A01     		.2byte	0x14a
 712 03b6 87070000 		.4byte	0x787
 713 03ba 00       		.byte	0
 714 03bb 0C       		.uleb128 0xc
 715 03bc 44000000 		.4byte	.LASF55
 716 03c0 07       		.byte	0x7
 717 03c1 4C01     		.2byte	0x14c
 718 03c3 87070000 		.4byte	0x787
 719 03c7 04       		.byte	0x4
 720 03c8 0C       		.uleb128 0xc
 721 03c9 83010000 		.4byte	.LASF62
 722 03cd 07       		.byte	0x7
 723 03ce 4E01     		.2byte	0x14e
 724 03d0 7A040000 		.4byte	0x47a
 725 03d4 08       		.byte	0x8
 726 03d5 0C       		.uleb128 0xc
 727 03d6 4F040000 		.4byte	.LASF66
 728 03da 07       		.byte	0x7
 729 03db 5601     		.2byte	0x156
 730 03dd 6F040000 		.4byte	0x46f
 731 03e1 0C       		.byte	0xc
 732 03e2 00       		.byte	0
 733 03e3 03       		.uleb128 0x3
 734 03e4 7C020000 		.4byte	.LASF67
 735 03e8 06       		.byte	0x6
 736 03e9 60       		.byte	0x60
 737 03ea EE030000 		.4byte	0x3ee
 738 03ee 0D       		.uleb128 0xd
 739 03ef 34020000 		.4byte	.LASF68
 740 03f3 04       		.byte	0x4
 741 03f4 07       		.byte	0x7
ARM GAS  /tmp/cczZZMrf.s 			page 14


 742 03f5 7001     		.2byte	0x170
 743 03f7 09040000 		.4byte	0x409
 744 03fb 0C       		.uleb128 0xc
 745 03fc 62050000 		.4byte	.LASF69
 746 0400 07       		.byte	0x7
 747 0401 7801     		.2byte	0x178
 748 0403 8D070000 		.4byte	0x78d
 749 0407 00       		.byte	0
 750 0408 00       		.byte	0
 751 0409 03       		.uleb128 0x3
 752 040a E3020000 		.4byte	.LASF70
 753 040e 06       		.byte	0x6
 754 040f 65       		.byte	0x65
 755 0410 14040000 		.4byte	0x414
 756 0414 0D       		.uleb128 0xd
 757 0415 5F040000 		.4byte	.LASF71
 758 0419 D0       		.byte	0xd0
 759 041a 07       		.byte	0x7
 760 041b 9001     		.2byte	0x190
 761 041d 6F040000 		.4byte	0x46f
 762 0421 0C       		.uleb128 0xc
 763 0422 9A050000 		.4byte	.LASF72
 764 0426 07       		.byte	0x7
 765 0427 9401     		.2byte	0x194
 766 0429 B9020000 		.4byte	0x2b9
 767 042d 00       		.byte	0
 768 042e 0C       		.uleb128 0xc
 769 042f 55000000 		.4byte	.LASF73
 770 0433 07       		.byte	0x7
 771 0434 9801     		.2byte	0x198
 772 0436 96030000 		.4byte	0x396
 773 043a 1C       		.byte	0x1c
 774 043b 0B       		.uleb128 0xb
 775 043c 64626700 		.ascii	"dbg\000"
 776 0440 07       		.byte	0x7
 777 0441 9C01     		.2byte	0x19c
 778 0443 E3030000 		.4byte	0x3e3
 779 0447 2C       		.byte	0x2c
 780 0448 0C       		.uleb128 0xc
 781 0449 70010000 		.4byte	.LASF74
 782 044d 07       		.byte	0x7
 783 044e A001     		.2byte	0x1a0
 784 0450 5E010000 		.4byte	0x15e
 785 0454 30       		.byte	0x30
 786 0455 0B       		.uleb128 0xb
 787 0456 746D00   		.ascii	"tm\000"
 788 0459 07       		.byte	0x7
 789 045a A501     		.2byte	0x1a5
 790 045c 1A060000 		.4byte	0x61a
 791 0460 90       		.byte	0x90
 792 0461 0C       		.uleb128 0xc
 793 0462 2D000000 		.4byte	.LASF75
 794 0466 07       		.byte	0x7
 795 0467 AB01     		.2byte	0x1ab
 796 0469 AC060000 		.4byte	0x6ac
 797 046d 98       		.byte	0x98
 798 046e 00       		.byte	0
ARM GAS  /tmp/cczZZMrf.s 			page 15


 799 046f 03       		.uleb128 0x3
 800 0470 51050000 		.4byte	.LASF76
 801 0474 08       		.byte	0x8
 802 0475 6D       		.byte	0x6d
 803 0476 DA000000 		.4byte	0xda
 804 047a 03       		.uleb128 0x3
 805 047b 54020000 		.4byte	.LASF77
 806 047f 08       		.byte	0x8
 807 0480 79       		.byte	0x79
 808 0481 DA000000 		.4byte	0xda
 809 0485 03       		.uleb128 0x3
 810 0486 2B020000 		.4byte	.LASF78
 811 048a 09       		.byte	0x9
 812 048b 65       		.byte	0x65
 813 048c B0000000 		.4byte	0xb0
 814 0490 03       		.uleb128 0x3
 815 0491 3C030000 		.4byte	.LASF79
 816 0495 09       		.byte	0x9
 817 0496 6D       		.byte	0x6d
 818 0497 E5000000 		.4byte	0xe5
 819 049b 08       		.uleb128 0x8
 820 049c A8030000 		.4byte	.LASF80
 821 04a0 04       		.byte	0x4
 822 04a1 09       		.byte	0x9
 823 04a2 89       		.byte	0x89
 824 04a3 B3040000 		.4byte	0x4b3
 825 04a7 0A       		.uleb128 0xa
 826 04a8 737000   		.ascii	"sp\000"
 827 04ab 09       		.byte	0x9
 828 04ac 8A       		.byte	0x8a
 829 04ad FF050000 		.4byte	0x5ff
 830 04b1 00       		.byte	0
 831 04b2 00       		.byte	0
 832 04b3 0D       		.uleb128 0xd
 833 04b4 49000000 		.4byte	.LASF81
 834 04b8 64       		.byte	0x64
 835 04b9 0A       		.byte	0xa
 836 04ba 5901     		.2byte	0x159
 837 04bc FF050000 		.4byte	0x5ff
 838 04c0 0B       		.uleb128 0xb
 839 04c1 73313600 		.ascii	"s16\000"
 840 04c5 0A       		.byte	0xa
 841 04c6 5B01     		.2byte	0x15b
 842 04c8 85040000 		.4byte	0x485
 843 04cc 00       		.byte	0
 844 04cd 0B       		.uleb128 0xb
 845 04ce 73313700 		.ascii	"s17\000"
 846 04d2 0A       		.byte	0xa
 847 04d3 5C01     		.2byte	0x15c
 848 04d5 85040000 		.4byte	0x485
 849 04d9 04       		.byte	0x4
 850 04da 0B       		.uleb128 0xb
 851 04db 73313800 		.ascii	"s18\000"
 852 04df 0A       		.byte	0xa
 853 04e0 5D01     		.2byte	0x15d
 854 04e2 85040000 		.4byte	0x485
 855 04e6 08       		.byte	0x8
ARM GAS  /tmp/cczZZMrf.s 			page 16


 856 04e7 0B       		.uleb128 0xb
 857 04e8 73313900 		.ascii	"s19\000"
 858 04ec 0A       		.byte	0xa
 859 04ed 5E01     		.2byte	0x15e
 860 04ef 85040000 		.4byte	0x485
 861 04f3 0C       		.byte	0xc
 862 04f4 0B       		.uleb128 0xb
 863 04f5 73323000 		.ascii	"s20\000"
 864 04f9 0A       		.byte	0xa
 865 04fa 5F01     		.2byte	0x15f
 866 04fc 85040000 		.4byte	0x485
 867 0500 10       		.byte	0x10
 868 0501 0B       		.uleb128 0xb
 869 0502 73323100 		.ascii	"s21\000"
 870 0506 0A       		.byte	0xa
 871 0507 6001     		.2byte	0x160
 872 0509 85040000 		.4byte	0x485
 873 050d 14       		.byte	0x14
 874 050e 0B       		.uleb128 0xb
 875 050f 73323200 		.ascii	"s22\000"
 876 0513 0A       		.byte	0xa
 877 0514 6101     		.2byte	0x161
 878 0516 85040000 		.4byte	0x485
 879 051a 18       		.byte	0x18
 880 051b 0B       		.uleb128 0xb
 881 051c 73323300 		.ascii	"s23\000"
 882 0520 0A       		.byte	0xa
 883 0521 6201     		.2byte	0x162
 884 0523 85040000 		.4byte	0x485
 885 0527 1C       		.byte	0x1c
 886 0528 0B       		.uleb128 0xb
 887 0529 73323400 		.ascii	"s24\000"
 888 052d 0A       		.byte	0xa
 889 052e 6301     		.2byte	0x163
 890 0530 85040000 		.4byte	0x485
 891 0534 20       		.byte	0x20
 892 0535 0B       		.uleb128 0xb
 893 0536 73323500 		.ascii	"s25\000"
 894 053a 0A       		.byte	0xa
 895 053b 6401     		.2byte	0x164
 896 053d 85040000 		.4byte	0x485
 897 0541 24       		.byte	0x24
 898 0542 0B       		.uleb128 0xb
 899 0543 73323600 		.ascii	"s26\000"
 900 0547 0A       		.byte	0xa
 901 0548 6501     		.2byte	0x165
 902 054a 85040000 		.4byte	0x485
 903 054e 28       		.byte	0x28
 904 054f 0B       		.uleb128 0xb
 905 0550 73323700 		.ascii	"s27\000"
 906 0554 0A       		.byte	0xa
 907 0555 6601     		.2byte	0x166
 908 0557 85040000 		.4byte	0x485
 909 055b 2C       		.byte	0x2c
 910 055c 0B       		.uleb128 0xb
 911 055d 73323800 		.ascii	"s28\000"
 912 0561 0A       		.byte	0xa
ARM GAS  /tmp/cczZZMrf.s 			page 17


 913 0562 6701     		.2byte	0x167
 914 0564 85040000 		.4byte	0x485
 915 0568 30       		.byte	0x30
 916 0569 0B       		.uleb128 0xb
 917 056a 73323900 		.ascii	"s29\000"
 918 056e 0A       		.byte	0xa
 919 056f 6801     		.2byte	0x168
 920 0571 85040000 		.4byte	0x485
 921 0575 34       		.byte	0x34
 922 0576 0B       		.uleb128 0xb
 923 0577 73333000 		.ascii	"s30\000"
 924 057b 0A       		.byte	0xa
 925 057c 6901     		.2byte	0x169
 926 057e 85040000 		.4byte	0x485
 927 0582 38       		.byte	0x38
 928 0583 0B       		.uleb128 0xb
 929 0584 73333100 		.ascii	"s31\000"
 930 0588 0A       		.byte	0xa
 931 0589 6A01     		.2byte	0x16a
 932 058b 85040000 		.4byte	0x485
 933 058f 3C       		.byte	0x3c
 934 0590 0B       		.uleb128 0xb
 935 0591 723400   		.ascii	"r4\000"
 936 0594 0A       		.byte	0xa
 937 0595 6C01     		.2byte	0x16c
 938 0597 85040000 		.4byte	0x485
 939 059b 40       		.byte	0x40
 940 059c 0B       		.uleb128 0xb
 941 059d 723500   		.ascii	"r5\000"
 942 05a0 0A       		.byte	0xa
 943 05a1 6D01     		.2byte	0x16d
 944 05a3 85040000 		.4byte	0x485
 945 05a7 44       		.byte	0x44
 946 05a8 0B       		.uleb128 0xb
 947 05a9 723600   		.ascii	"r6\000"
 948 05ac 0A       		.byte	0xa
 949 05ad 6E01     		.2byte	0x16e
 950 05af 85040000 		.4byte	0x485
 951 05b3 48       		.byte	0x48
 952 05b4 0B       		.uleb128 0xb
 953 05b5 723700   		.ascii	"r7\000"
 954 05b8 0A       		.byte	0xa
 955 05b9 6F01     		.2byte	0x16f
 956 05bb 85040000 		.4byte	0x485
 957 05bf 4C       		.byte	0x4c
 958 05c0 0B       		.uleb128 0xb
 959 05c1 723800   		.ascii	"r8\000"
 960 05c4 0A       		.byte	0xa
 961 05c5 7001     		.2byte	0x170
 962 05c7 85040000 		.4byte	0x485
 963 05cb 50       		.byte	0x50
 964 05cc 0B       		.uleb128 0xb
 965 05cd 723900   		.ascii	"r9\000"
 966 05d0 0A       		.byte	0xa
 967 05d1 7101     		.2byte	0x171
 968 05d3 85040000 		.4byte	0x485
 969 05d7 54       		.byte	0x54
ARM GAS  /tmp/cczZZMrf.s 			page 18


 970 05d8 0B       		.uleb128 0xb
 971 05d9 72313000 		.ascii	"r10\000"
 972 05dd 0A       		.byte	0xa
 973 05de 7201     		.2byte	0x172
 974 05e0 85040000 		.4byte	0x485
 975 05e4 58       		.byte	0x58
 976 05e5 0B       		.uleb128 0xb
 977 05e6 72313100 		.ascii	"r11\000"
 978 05ea 0A       		.byte	0xa
 979 05eb 7301     		.2byte	0x173
 980 05ed 85040000 		.4byte	0x485
 981 05f1 5C       		.byte	0x5c
 982 05f2 0B       		.uleb128 0xb
 983 05f3 6C7200   		.ascii	"lr\000"
 984 05f6 0A       		.byte	0xa
 985 05f7 7401     		.2byte	0x174
 986 05f9 85040000 		.4byte	0x485
 987 05fd 60       		.byte	0x60
 988 05fe 00       		.byte	0
 989 05ff 06       		.uleb128 0x6
 990 0600 04       		.byte	0x4
 991 0601 B3040000 		.4byte	0x4b3
 992 0605 10       		.uleb128 0x10
 993 0606 04       		.byte	0x4
 994 0607 0B       		.byte	0xb
 995 0608 38       		.byte	0x38
 996 0609 1A060000 		.4byte	0x61a
 997 060d 09       		.uleb128 0x9
 998 060e 6C050000 		.4byte	.LASF82
 999 0612 0B       		.byte	0xb
 1000 0613 3C       		.byte	0x3c
 1001 0614 F0000000 		.4byte	0xf0
 1002 0618 00       		.byte	0
 1003 0619 00       		.byte	0
 1004 061a 03       		.uleb128 0x3
 1005 061b B5030000 		.4byte	.LASF83
 1006 061f 0B       		.byte	0xb
 1007 0620 3D       		.byte	0x3d
 1008 0621 05060000 		.4byte	0x605
 1009 0625 10       		.uleb128 0x10
 1010 0626 18       		.byte	0x18
 1011 0627 0B       		.byte	0xb
 1012 0628 48       		.byte	0x48
 1013 0629 68060000 		.4byte	0x668
 1014 062d 09       		.uleb128 0x9
 1015 062e 4C050000 		.4byte	.LASF84
 1016 0632 0B       		.byte	0xb
 1017 0633 49       		.byte	0x49
 1018 0634 F0000000 		.4byte	0xf0
 1019 0638 00       		.byte	0
 1020 0639 09       		.uleb128 0x9
 1021 063a 40010000 		.4byte	.LASF85
 1022 063e 0B       		.byte	0xb
 1023 063f 4A       		.byte	0x4a
 1024 0640 F0000000 		.4byte	0xf0
 1025 0644 04       		.byte	0x4
 1026 0645 09       		.uleb128 0x9
ARM GAS  /tmp/cczZZMrf.s 			page 19


 1027 0646 CE020000 		.4byte	.LASF86
 1028 064a 0B       		.byte	0xb
 1029 064b 4B       		.byte	0x4b
 1030 064c F0000000 		.4byte	0xf0
 1031 0650 08       		.byte	0x8
 1032 0651 0A       		.uleb128 0xa
 1033 0652 6E00     		.ascii	"n\000"
 1034 0654 0B       		.byte	0xb
 1035 0655 4C       		.byte	0x4c
 1036 0656 53010000 		.4byte	0x153
 1037 065a 0C       		.byte	0xc
 1038 065b 09       		.uleb128 0x9
 1039 065c EB030000 		.4byte	.LASF87
 1040 0660 0B       		.byte	0xb
 1041 0661 4D       		.byte	0x4d
 1042 0662 FB000000 		.4byte	0xfb
 1043 0666 10       		.byte	0x10
 1044 0667 00       		.byte	0
 1045 0668 03       		.uleb128 0x3
 1046 0669 46010000 		.4byte	.LASF88
 1047 066d 0B       		.byte	0xb
 1048 066e 4E       		.byte	0x4e
 1049 066f 25060000 		.4byte	0x625
 1050 0673 10       		.uleb128 0x10
 1051 0674 38       		.byte	0x38
 1052 0675 0C       		.byte	0xc
 1053 0676 38       		.byte	0x38
 1054 0677 AC060000 		.4byte	0x6ac
 1055 067b 09       		.uleb128 0x9
 1056 067c 8B020000 		.4byte	.LASF89
 1057 0680 0C       		.byte	0xc
 1058 0681 39       		.byte	0x39
 1059 0682 53010000 		.4byte	0x153
 1060 0686 00       		.byte	0
 1061 0687 09       		.uleb128 0x9
 1062 0688 20040000 		.4byte	.LASF90
 1063 068c 0C       		.byte	0xc
 1064 068d 3A       		.byte	0x3a
 1065 068e 53010000 		.4byte	0x153
 1066 0692 04       		.byte	0x4
 1067 0693 09       		.uleb128 0x9
 1068 0694 F1050000 		.4byte	.LASF91
 1069 0698 0C       		.byte	0xc
 1070 0699 3B       		.byte	0x3b
 1071 069a 68060000 		.4byte	0x668
 1072 069e 08       		.byte	0x8
 1073 069f 09       		.uleb128 0x9
 1074 06a0 F7020000 		.4byte	.LASF92
 1075 06a4 0C       		.byte	0xc
 1076 06a5 3D       		.byte	0x3d
 1077 06a6 68060000 		.4byte	0x668
 1078 06aa 20       		.byte	0x20
 1079 06ab 00       		.byte	0
 1080 06ac 03       		.uleb128 0x3
 1081 06ad AF020000 		.4byte	.LASF93
 1082 06b1 0C       		.byte	0xc
 1083 06b2 3F       		.byte	0x3f
ARM GAS  /tmp/cczZZMrf.s 			page 20


 1084 06b3 73060000 		.4byte	0x673
 1085 06b7 11       		.uleb128 0x11
 1086 06b8 04       		.byte	0x4
 1087 06b9 07       		.byte	0x7
 1088 06ba C6       		.byte	0xc6
 1089 06bb 19070000 		.4byte	0x719
 1090 06bf 12       		.uleb128 0x12
 1091 06c0 1D000000 		.4byte	.LASF94
 1092 06c4 07       		.byte	0x7
 1093 06c5 CD       		.byte	0xcd
 1094 06c6 32010000 		.4byte	0x132
 1095 06ca 12       		.uleb128 0x12
 1096 06cb 17020000 		.4byte	.LASF95
 1097 06cf 07       		.byte	0x7
 1098 06d0 D4       		.byte	0xd4
 1099 06d1 32010000 		.4byte	0x132
 1100 06d5 12       		.uleb128 0x12
 1101 06d6 DD010000 		.4byte	.LASF96
 1102 06da 07       		.byte	0x7
 1103 06db DB       		.byte	0xdb
 1104 06dc B0000000 		.4byte	0xb0
 1105 06e0 12       		.uleb128 0x12
 1106 06e1 95030000 		.4byte	.LASF97
 1107 06e5 07       		.byte	0x7
 1108 06e6 E2       		.byte	0xe2
 1109 06e7 19070000 		.4byte	0x719
 1110 06eb 12       		.uleb128 0x12
 1111 06ec 7B010000 		.4byte	.LASF98
 1112 06f0 07       		.byte	0x7
 1113 06f1 E7       		.byte	0xe7
 1114 06f2 32010000 		.4byte	0x132
 1115 06f6 12       		.uleb128 0x12
 1116 06f7 75020000 		.4byte	.LASF99
 1117 06fb 07       		.byte	0x7
 1118 06fc F0       		.byte	0xf0
 1119 06fd 44070000 		.4byte	0x744
 1120 0701 12       		.uleb128 0x12
 1121 0702 CA040000 		.4byte	.LASF100
 1122 0706 07       		.byte	0x7
 1123 0707 F9       		.byte	0xf9
 1124 0708 7B070000 		.4byte	0x77b
 1125 070c 13       		.uleb128 0x13
 1126 070d 58040000 		.4byte	.LASF101
 1127 0711 07       		.byte	0x7
 1128 0712 0101     		.2byte	0x101
 1129 0714 3D010000 		.4byte	0x13d
 1130 0718 00       		.byte	0
 1131 0719 06       		.uleb128 0x6
 1132 071a 04       		.byte	0x4
 1133 071b 54020000 		.4byte	0x254
 1134 071f 08       		.uleb128 0x8
 1135 0720 7A040000 		.4byte	.LASF102
 1136 0724 0C       		.byte	0xc
 1137 0725 0D       		.byte	0xd
 1138 0726 34       		.byte	0x34
 1139 0727 44070000 		.4byte	0x744
 1140 072b 09       		.uleb128 0x9
ARM GAS  /tmp/cczZZMrf.s 			page 21


 1141 072c 91020000 		.4byte	.LASF32
 1142 0730 0D       		.byte	0xd
 1143 0731 35       		.byte	0x35
 1144 0732 89020000 		.4byte	0x289
 1145 0736 00       		.byte	0
 1146 0737 0A       		.uleb128 0xa
 1147 0738 636E7400 		.ascii	"cnt\000"
 1148 073c 0D       		.byte	0xd
 1149 073d 37       		.byte	0x37
 1150 073e 48010000 		.4byte	0x148
 1151 0742 08       		.byte	0x8
 1152 0743 00       		.byte	0
 1153 0744 06       		.uleb128 0x6
 1154 0745 04       		.byte	0x4
 1155 0746 1F070000 		.4byte	0x71f
 1156 074a 08       		.uleb128 0x8
 1157 074b 91050000 		.4byte	.LASF103
 1158 074f 10       		.byte	0x10
 1159 0750 0E       		.byte	0xe
 1160 0751 39       		.byte	0x39
 1161 0752 7B070000 		.4byte	0x77b
 1162 0756 09       		.uleb128 0x9
 1163 0757 91020000 		.4byte	.LASF32
 1164 075b 0E       		.byte	0xe
 1165 075c 3A       		.byte	0x3a
 1166 075d 89020000 		.4byte	0x289
 1167 0761 00       		.byte	0
 1168 0762 09       		.uleb128 0x9
 1169 0763 E9040000 		.4byte	.LASF104
 1170 0767 0E       		.byte	0xe
 1171 0768 3C       		.byte	0x3c
 1172 0769 5F020000 		.4byte	0x25f
 1173 076d 08       		.byte	0x8
 1174 076e 09       		.uleb128 0x9
 1175 076f 96010000 		.4byte	.LASF52
 1176 0773 0E       		.byte	0xe
 1177 0774 3E       		.byte	0x3e
 1178 0775 9D070000 		.4byte	0x79d
 1179 0779 0C       		.byte	0xc
 1180 077a 00       		.byte	0
 1181 077b 06       		.uleb128 0x6
 1182 077c 04       		.byte	0x4
 1183 077d 4A070000 		.4byte	0x74a
 1184 0781 06       		.uleb128 0x6
 1185 0782 04       		.byte	0x4
 1186 0783 90040000 		.4byte	0x490
 1187 0787 06       		.uleb128 0x6
 1188 0788 04       		.byte	0x4
 1189 0789 3C030000 		.4byte	0x33c
 1190 078d 14       		.uleb128 0x14
 1191 078e B9000000 		.4byte	0xb9
 1192 0792 03       		.uleb128 0x3
 1193 0793 4C020000 		.4byte	.LASF105
 1194 0797 0E       		.byte	0xe
 1195 0798 34       		.byte	0x34
 1196 0799 4A070000 		.4byte	0x74a
 1197 079d 06       		.uleb128 0x6
ARM GAS  /tmp/cczZZMrf.s 			page 22


 1198 079e 04       		.byte	0x4
 1199 079f 92070000 		.4byte	0x792
 1200 07a3 04       		.uleb128 0x4
 1201 07a4 01       		.byte	0x1
 1202 07a5 02       		.byte	0x2
 1203 07a6 29040000 		.4byte	.LASF106
 1204 07aa 06       		.uleb128 0x6
 1205 07ab 04       		.byte	0x4
 1206 07ac C4000000 		.4byte	0xc4
 1207 07b0 15       		.uleb128 0x15
 1208 07b1 2C000000 		.4byte	0x2c
 1209 07b5 C9070000 		.4byte	0x7c9
 1210 07b9 0F       		.uleb128 0xf
 1211 07ba B0000000 		.4byte	0xb0
 1212 07be 0F       		.uleb128 0xf
 1213 07bf C9070000 		.4byte	0x7c9
 1214 07c3 0F       		.uleb128 0xf
 1215 07c4 2C000000 		.4byte	0x2c
 1216 07c8 00       		.byte	0
 1217 07c9 06       		.uleb128 0x6
 1218 07ca 04       		.byte	0x4
 1219 07cb CF070000 		.4byte	0x7cf
 1220 07cf 07       		.uleb128 0x7
 1221 07d0 C4000000 		.4byte	0xc4
 1222 07d4 06       		.uleb128 0x6
 1223 07d5 04       		.byte	0x4
 1224 07d6 B0070000 		.4byte	0x7b0
 1225 07da 15       		.uleb128 0x15
 1226 07db 2C000000 		.4byte	0x2c
 1227 07df F3070000 		.4byte	0x7f3
 1228 07e3 0F       		.uleb128 0xf
 1229 07e4 B0000000 		.4byte	0xb0
 1230 07e8 0F       		.uleb128 0xf
 1231 07e9 AA070000 		.4byte	0x7aa
 1232 07ed 0F       		.uleb128 0xf
 1233 07ee 2C000000 		.4byte	0x2c
 1234 07f2 00       		.byte	0
 1235 07f3 06       		.uleb128 0x6
 1236 07f4 04       		.byte	0x4
 1237 07f5 DA070000 		.4byte	0x7da
 1238 07f9 15       		.uleb128 0x15
 1239 07fa 32010000 		.4byte	0x132
 1240 07fe 0D080000 		.4byte	0x80d
 1241 0802 0F       		.uleb128 0xf
 1242 0803 B0000000 		.4byte	0xb0
 1243 0807 0F       		.uleb128 0xf
 1244 0808 C4000000 		.4byte	0xc4
 1245 080c 00       		.byte	0
 1246 080d 06       		.uleb128 0x6
 1247 080e 04       		.byte	0x4
 1248 080f F9070000 		.4byte	0x7f9
 1249 0813 15       		.uleb128 0x15
 1250 0814 32010000 		.4byte	0x132
 1251 0818 22080000 		.4byte	0x822
 1252 081c 0F       		.uleb128 0xf
 1253 081d B0000000 		.4byte	0xb0
 1254 0821 00       		.byte	0
ARM GAS  /tmp/cczZZMrf.s 			page 23


 1255 0822 06       		.uleb128 0x6
 1256 0823 04       		.byte	0x4
 1257 0824 13080000 		.4byte	0x813
 1258 0828 08       		.uleb128 0x8
 1259 0829 D3030000 		.4byte	.LASF107
 1260 082d 14       		.byte	0x14
 1261 082e 0F       		.byte	0xf
 1262 082f 3D       		.byte	0x3d
 1263 0830 71080000 		.4byte	0x871
 1264 0834 09       		.uleb128 0x9
 1265 0835 D9050000 		.4byte	.LASF108
 1266 0839 0F       		.byte	0xf
 1267 083a 3E       		.byte	0x3e
 1268 083b 2C000000 		.4byte	0x2c
 1269 083f 00       		.byte	0
 1270 0840 09       		.uleb128 0x9
 1271 0841 4D030000 		.4byte	.LASF109
 1272 0845 0F       		.byte	0xf
 1273 0846 3E       		.byte	0x3e
 1274 0847 D4070000 		.4byte	0x7d4
 1275 084b 04       		.byte	0x4
 1276 084c 09       		.uleb128 0x9
 1277 084d BC050000 		.4byte	.LASF110
 1278 0851 0F       		.byte	0xf
 1279 0852 3E       		.byte	0x3e
 1280 0853 F3070000 		.4byte	0x7f3
 1281 0857 08       		.byte	0x8
 1282 0858 0A       		.uleb128 0xa
 1283 0859 70757400 		.ascii	"put\000"
 1284 085d 0F       		.byte	0xf
 1285 085e 3E       		.byte	0x3e
 1286 085f 0D080000 		.4byte	0x80d
 1287 0863 0C       		.byte	0xc
 1288 0864 0A       		.uleb128 0xa
 1289 0865 67657400 		.ascii	"get\000"
 1290 0869 0F       		.byte	0xf
 1291 086a 3E       		.byte	0x3e
 1292 086b 22080000 		.4byte	0x822
 1293 086f 10       		.byte	0x10
 1294 0870 00       		.byte	0
 1295 0871 10       		.uleb128 0x10
 1296 0872 14       		.byte	0x14
 1297 0873 0F       		.byte	0xf
 1298 0874 46       		.byte	0x46
 1299 0875 B6080000 		.4byte	0x8b6
 1300 0879 0A       		.uleb128 0xa
 1301 087a 766D7400 		.ascii	"vmt\000"
 1302 087e 0F       		.byte	0xf
 1303 087f 48       		.byte	0x48
 1304 0880 B6080000 		.4byte	0x8b6
 1305 0884 00       		.byte	0
 1306 0885 09       		.uleb128 0x9
 1307 0886 5B050000 		.4byte	.LASF111
 1308 088a 0F       		.byte	0xf
 1309 088b 49       		.byte	0x49
 1310 088c AA070000 		.4byte	0x7aa
 1311 0890 04       		.byte	0x4
ARM GAS  /tmp/cczZZMrf.s 			page 24


 1312 0891 09       		.uleb128 0x9
 1313 0892 D8010000 		.4byte	.LASF112
 1314 0896 0F       		.byte	0xf
 1315 0897 49       		.byte	0x49
 1316 0898 2C000000 		.4byte	0x2c
 1317 089c 08       		.byte	0x8
 1318 089d 0A       		.uleb128 0xa
 1319 089e 656F7300 		.ascii	"eos\000"
 1320 08a2 0F       		.byte	0xf
 1321 08a3 49       		.byte	0x49
 1322 08a4 2C000000 		.4byte	0x2c
 1323 08a8 0C       		.byte	0xc
 1324 08a9 09       		.uleb128 0x9
 1325 08aa 6C050000 		.4byte	.LASF82
 1326 08ae 0F       		.byte	0xf
 1327 08af 49       		.byte	0x49
 1328 08b0 2C000000 		.4byte	0x2c
 1329 08b4 10       		.byte	0x10
 1330 08b5 00       		.byte	0
 1331 08b6 06       		.uleb128 0x6
 1332 08b7 04       		.byte	0x4
 1333 08b8 BC080000 		.4byte	0x8bc
 1334 08bc 07       		.uleb128 0x7
 1335 08bd 28080000 		.4byte	0x828
 1336 08c1 03       		.uleb128 0x3
 1337 08c2 13040000 		.4byte	.LASF113
 1338 08c6 0F       		.byte	0xf
 1339 08c7 4A       		.byte	0x4a
 1340 08c8 71080000 		.4byte	0x871
 1341 08cc 16       		.uleb128 0x16
 1342 08cd FC050000 		.4byte	.LASF114
 1343 08d1 01       		.byte	0x1
 1344 08d2 43       		.byte	0x43
 1345 08d3 32010000 		.4byte	0x132
 1346 08d7 00000000 		.4byte	.LFB325
 1347 08db 1C000000 		.4byte	.LFE325-.LFB325
 1348 08df 01       		.uleb128 0x1
 1349 08e0 9C       		.byte	0x9c
 1350 08e1 0E090000 		.4byte	0x90e
 1351 08e5 17       		.uleb128 0x17
 1352 08e6 697000   		.ascii	"ip\000"
 1353 08e9 01       		.byte	0x1
 1354 08ea 43       		.byte	0x43
 1355 08eb B0000000 		.4byte	0xb0
 1356 08ef 00000000 		.4byte	.LLST0
 1357 08f3 18       		.uleb128 0x18
 1358 08f4 6200     		.ascii	"b\000"
 1359 08f6 01       		.byte	0x1
 1360 08f7 43       		.byte	0x43
 1361 08f8 C4000000 		.4byte	0xc4
 1362 08fc 01       		.uleb128 0x1
 1363 08fd 51       		.byte	0x51
 1364 08fe 19       		.uleb128 0x19
 1365 08ff 6D737000 		.ascii	"msp\000"
 1366 0903 01       		.byte	0x1
 1367 0904 44       		.byte	0x44
 1368 0905 0E090000 		.4byte	0x90e
ARM GAS  /tmp/cczZZMrf.s 			page 25


 1369 0909 21000000 		.4byte	.LLST1
 1370 090d 00       		.byte	0
 1371 090e 06       		.uleb128 0x6
 1372 090f 04       		.byte	0x4
 1373 0910 C1080000 		.4byte	0x8c1
 1374 0914 16       		.uleb128 0x16
 1375 0915 AE050000 		.4byte	.LASF115
 1376 0919 01       		.byte	0x1
 1377 091a 4D       		.byte	0x4d
 1378 091b 32010000 		.4byte	0x132
 1379 091f 00000000 		.4byte	.LFB326
 1380 0923 1A000000 		.4byte	.LFE326-.LFB326
 1381 0927 01       		.uleb128 0x1
 1382 0928 9C       		.byte	0x9c
 1383 0929 56090000 		.4byte	0x956
 1384 092d 17       		.uleb128 0x17
 1385 092e 697000   		.ascii	"ip\000"
 1386 0931 01       		.byte	0x1
 1387 0932 4D       		.byte	0x4d
 1388 0933 B0000000 		.4byte	0xb0
 1389 0937 42000000 		.4byte	.LLST2
 1390 093b 1A       		.uleb128 0x1a
 1391 093c 6200     		.ascii	"b\000"
 1392 093e 01       		.byte	0x1
 1393 093f 4E       		.byte	0x4e
 1394 0940 C4000000 		.4byte	0xc4
 1395 0944 01       		.uleb128 0x1
 1396 0945 52       		.byte	0x52
 1397 0946 19       		.uleb128 0x19
 1398 0947 6D737000 		.ascii	"msp\000"
 1399 094b 01       		.byte	0x1
 1400 094c 4F       		.byte	0x4f
 1401 094d 0E090000 		.4byte	0x90e
 1402 0951 63000000 		.4byte	.LLST3
 1403 0955 00       		.byte	0
 1404 0956 16       		.uleb128 0x16
 1405 0957 53030000 		.4byte	.LASF116
 1406 095b 01       		.byte	0x1
 1407 095c 39       		.byte	0x39
 1408 095d 2C000000 		.4byte	0x2c
 1409 0961 00000000 		.4byte	.LFB324
 1410 0965 26000000 		.4byte	.LFE324-.LFB324
 1411 0969 01       		.uleb128 0x1
 1412 096a 9C       		.byte	0x9c
 1413 096b BF090000 		.4byte	0x9bf
 1414 096f 17       		.uleb128 0x17
 1415 0970 697000   		.ascii	"ip\000"
 1416 0973 01       		.byte	0x1
 1417 0974 39       		.byte	0x39
 1418 0975 B0000000 		.4byte	0xb0
 1419 0979 84000000 		.4byte	.LLST4
 1420 097d 17       		.uleb128 0x17
 1421 097e 627000   		.ascii	"bp\000"
 1422 0981 01       		.byte	0x1
 1423 0982 39       		.byte	0x39
 1424 0983 AA070000 		.4byte	0x7aa
 1425 0987 A2000000 		.4byte	.LLST5
ARM GAS  /tmp/cczZZMrf.s 			page 26


 1426 098b 17       		.uleb128 0x17
 1427 098c 6E00     		.ascii	"n\000"
 1428 098e 01       		.byte	0x1
 1429 098f 39       		.byte	0x39
 1430 0990 2C000000 		.4byte	0x2c
 1431 0994 CE000000 		.4byte	.LLST6
 1432 0998 19       		.uleb128 0x19
 1433 0999 6D737000 		.ascii	"msp\000"
 1434 099d 01       		.byte	0x1
 1435 099e 3A       		.byte	0x3a
 1436 099f 0E090000 		.4byte	0x90e
 1437 09a3 EC000000 		.4byte	.LLST7
 1438 09a7 1B       		.uleb128 0x1b
 1439 09a8 1C000000 		.4byte	.LVL10
 1440 09ac A10A0000 		.4byte	0xaa1
 1441 09b0 1C       		.uleb128 0x1c
 1442 09b1 01       		.uleb128 0x1
 1443 09b2 50       		.byte	0x50
 1444 09b3 03       		.uleb128 0x3
 1445 09b4 F3       		.byte	0xf3
 1446 09b5 01       		.uleb128 0x1
 1447 09b6 51       		.byte	0x51
 1448 09b7 1C       		.uleb128 0x1c
 1449 09b8 01       		.uleb128 0x1
 1450 09b9 52       		.byte	0x52
 1451 09ba 02       		.uleb128 0x2
 1452 09bb 74       		.byte	0x74
 1453 09bc 00       		.sleb128 0
 1454 09bd 00       		.byte	0
 1455 09be 00       		.byte	0
 1456 09bf 16       		.uleb128 0x16
 1457 09c0 73050000 		.4byte	.LASF117
 1458 09c4 01       		.byte	0x1
 1459 09c5 2F       		.byte	0x2f
 1460 09c6 2C000000 		.4byte	0x2c
 1461 09ca 00000000 		.4byte	.LFB323
 1462 09ce 24000000 		.4byte	.LFE323-.LFB323
 1463 09d2 01       		.uleb128 0x1
 1464 09d3 9C       		.byte	0x9c
 1465 09d4 280A0000 		.4byte	0xa28
 1466 09d8 17       		.uleb128 0x17
 1467 09d9 697000   		.ascii	"ip\000"
 1468 09dc 01       		.byte	0x1
 1469 09dd 2F       		.byte	0x2f
 1470 09de B0000000 		.4byte	0xb0
 1471 09e2 0A010000 		.4byte	.LLST8
 1472 09e6 17       		.uleb128 0x17
 1473 09e7 627000   		.ascii	"bp\000"
 1474 09ea 01       		.byte	0x1
 1475 09eb 2F       		.byte	0x2f
 1476 09ec C9070000 		.4byte	0x7c9
 1477 09f0 28010000 		.4byte	.LLST9
 1478 09f4 17       		.uleb128 0x17
 1479 09f5 6E00     		.ascii	"n\000"
 1480 09f7 01       		.byte	0x1
 1481 09f8 2F       		.byte	0x2f
 1482 09f9 2C000000 		.4byte	0x2c
ARM GAS  /tmp/cczZZMrf.s 			page 27


 1483 09fd 49010000 		.4byte	.LLST10
 1484 0a01 19       		.uleb128 0x19
 1485 0a02 6D737000 		.ascii	"msp\000"
 1486 0a06 01       		.byte	0x1
 1487 0a07 30       		.byte	0x30
 1488 0a08 0E090000 		.4byte	0x90e
 1489 0a0c 0A010000 		.4byte	.LLST8
 1490 0a10 1B       		.uleb128 0x1b
 1491 0a11 1A000000 		.4byte	.LVL14
 1492 0a15 A10A0000 		.4byte	0xaa1
 1493 0a19 1C       		.uleb128 0x1c
 1494 0a1a 01       		.uleb128 0x1
 1495 0a1b 51       		.byte	0x51
 1496 0a1c 03       		.uleb128 0x3
 1497 0a1d F3       		.byte	0xf3
 1498 0a1e 01       		.uleb128 0x1
 1499 0a1f 51       		.byte	0x51
 1500 0a20 1C       		.uleb128 0x1c
 1501 0a21 01       		.uleb128 0x1
 1502 0a22 52       		.byte	0x52
 1503 0a23 02       		.uleb128 0x2
 1504 0a24 74       		.byte	0x74
 1505 0a25 00       		.sleb128 0
 1506 0a26 00       		.byte	0
 1507 0a27 00       		.byte	0
 1508 0a28 1D       		.uleb128 0x1d
 1509 0a29 9B030000 		.4byte	.LASF122
 1510 0a2d 01       		.byte	0x1
 1511 0a2e 68       		.byte	0x68
 1512 0a2f 00000000 		.4byte	.LFB327
 1513 0a33 18000000 		.4byte	.LFE327-.LFB327
 1514 0a37 01       		.uleb128 0x1
 1515 0a38 9C       		.byte	0x9c
 1516 0a39 740A0000 		.4byte	0xa74
 1517 0a3d 18       		.uleb128 0x18
 1518 0a3e 6D737000 		.ascii	"msp\000"
 1519 0a42 01       		.byte	0x1
 1520 0a43 68       		.byte	0x68
 1521 0a44 0E090000 		.4byte	0x90e
 1522 0a48 01       		.uleb128 0x1
 1523 0a49 50       		.byte	0x50
 1524 0a4a 1E       		.uleb128 0x1e
 1525 0a4b 5B050000 		.4byte	.LASF111
 1526 0a4f 01       		.byte	0x1
 1527 0a50 68       		.byte	0x68
 1528 0a51 AA070000 		.4byte	0x7aa
 1529 0a55 01       		.uleb128 0x1
 1530 0a56 51       		.byte	0x51
 1531 0a57 1E       		.uleb128 0x1e
 1532 0a58 D8010000 		.4byte	.LASF112
 1533 0a5c 01       		.byte	0x1
 1534 0a5d 69       		.byte	0x69
 1535 0a5e 2C000000 		.4byte	0x2c
 1536 0a62 01       		.uleb128 0x1
 1537 0a63 52       		.byte	0x52
 1538 0a64 17       		.uleb128 0x17
 1539 0a65 656F7300 		.ascii	"eos\000"
ARM GAS  /tmp/cczZZMrf.s 			page 28


 1540 0a69 01       		.byte	0x1
 1541 0a6a 69       		.byte	0x69
 1542 0a6b 2C000000 		.4byte	0x2c
 1543 0a6f 67010000 		.4byte	.LLST12
 1544 0a73 00       		.byte	0
 1545 0a74 1A       		.uleb128 0x1a
 1546 0a75 766D7400 		.ascii	"vmt\000"
 1547 0a79 01       		.byte	0x1
 1548 0a7a 58       		.byte	0x58
 1549 0a7b BC080000 		.4byte	0x8bc
 1550 0a7f 05       		.uleb128 0x5
 1551 0a80 03       		.byte	0x3
 1552 0a81 00000000 		.4byte	vmt
 1553 0a85 1F       		.uleb128 0x1f
 1554 0a86 89010000 		.4byte	.LASF118
 1555 0a8a 10       		.byte	0x10
 1556 0a8b 0408     		.2byte	0x804
 1557 0a8d 910A0000 		.4byte	0xa91
 1558 0a91 14       		.uleb128 0x14
 1559 0a92 CF000000 		.4byte	0xcf
 1560 0a96 20       		.uleb128 0x20
 1561 0a97 636800   		.ascii	"ch\000"
 1562 0a9a 07       		.byte	0x7
 1563 0a9b C701     		.2byte	0x1c7
 1564 0a9d 09040000 		.4byte	0x409
 1565 0aa1 21       		.uleb128 0x21
 1566 0aa2 0A020000 		.4byte	.LASF123
 1567 0aa6 0A020000 		.4byte	.LASF123
 1568 0aaa 00       		.byte	0
 1569              		.section	.debug_abbrev,"",%progbits
 1570              	.Ldebug_abbrev0:
 1571 0000 01       		.uleb128 0x1
 1572 0001 11       		.uleb128 0x11
 1573 0002 01       		.byte	0x1
 1574 0003 25       		.uleb128 0x25
 1575 0004 0E       		.uleb128 0xe
 1576 0005 13       		.uleb128 0x13
 1577 0006 0B       		.uleb128 0xb
 1578 0007 03       		.uleb128 0x3
 1579 0008 0E       		.uleb128 0xe
 1580 0009 1B       		.uleb128 0x1b
 1581 000a 0E       		.uleb128 0xe
 1582 000b 55       		.uleb128 0x55
 1583 000c 17       		.uleb128 0x17
 1584 000d 11       		.uleb128 0x11
 1585 000e 01       		.uleb128 0x1
 1586 000f 10       		.uleb128 0x10
 1587 0010 17       		.uleb128 0x17
 1588 0011 00       		.byte	0
 1589 0012 00       		.byte	0
 1590 0013 02       		.uleb128 0x2
 1591 0014 24       		.uleb128 0x24
 1592 0015 00       		.byte	0
 1593 0016 0B       		.uleb128 0xb
 1594 0017 0B       		.uleb128 0xb
 1595 0018 3E       		.uleb128 0x3e
 1596 0019 0B       		.uleb128 0xb
ARM GAS  /tmp/cczZZMrf.s 			page 29


 1597 001a 03       		.uleb128 0x3
 1598 001b 08       		.uleb128 0x8
 1599 001c 00       		.byte	0
 1600 001d 00       		.byte	0
 1601 001e 03       		.uleb128 0x3
 1602 001f 16       		.uleb128 0x16
 1603 0020 00       		.byte	0
 1604 0021 03       		.uleb128 0x3
 1605 0022 0E       		.uleb128 0xe
 1606 0023 3A       		.uleb128 0x3a
 1607 0024 0B       		.uleb128 0xb
 1608 0025 3B       		.uleb128 0x3b
 1609 0026 0B       		.uleb128 0xb
 1610 0027 49       		.uleb128 0x49
 1611 0028 13       		.uleb128 0x13
 1612 0029 00       		.byte	0
 1613 002a 00       		.byte	0
 1614 002b 04       		.uleb128 0x4
 1615 002c 24       		.uleb128 0x24
 1616 002d 00       		.byte	0
 1617 002e 0B       		.uleb128 0xb
 1618 002f 0B       		.uleb128 0xb
 1619 0030 3E       		.uleb128 0x3e
 1620 0031 0B       		.uleb128 0xb
 1621 0032 03       		.uleb128 0x3
 1622 0033 0E       		.uleb128 0xe
 1623 0034 00       		.byte	0
 1624 0035 00       		.byte	0
 1625 0036 05       		.uleb128 0x5
 1626 0037 0F       		.uleb128 0xf
 1627 0038 00       		.byte	0
 1628 0039 0B       		.uleb128 0xb
 1629 003a 0B       		.uleb128 0xb
 1630 003b 00       		.byte	0
 1631 003c 00       		.byte	0
 1632 003d 06       		.uleb128 0x6
 1633 003e 0F       		.uleb128 0xf
 1634 003f 00       		.byte	0
 1635 0040 0B       		.uleb128 0xb
 1636 0041 0B       		.uleb128 0xb
 1637 0042 49       		.uleb128 0x49
 1638 0043 13       		.uleb128 0x13
 1639 0044 00       		.byte	0
 1640 0045 00       		.byte	0
 1641 0046 07       		.uleb128 0x7
 1642 0047 26       		.uleb128 0x26
 1643 0048 00       		.byte	0
 1644 0049 49       		.uleb128 0x49
 1645 004a 13       		.uleb128 0x13
 1646 004b 00       		.byte	0
 1647 004c 00       		.byte	0
 1648 004d 08       		.uleb128 0x8
 1649 004e 13       		.uleb128 0x13
 1650 004f 01       		.byte	0x1
 1651 0050 03       		.uleb128 0x3
 1652 0051 0E       		.uleb128 0xe
 1653 0052 0B       		.uleb128 0xb
ARM GAS  /tmp/cczZZMrf.s 			page 30


 1654 0053 0B       		.uleb128 0xb
 1655 0054 3A       		.uleb128 0x3a
 1656 0055 0B       		.uleb128 0xb
 1657 0056 3B       		.uleb128 0x3b
 1658 0057 0B       		.uleb128 0xb
 1659 0058 01       		.uleb128 0x1
 1660 0059 13       		.uleb128 0x13
 1661 005a 00       		.byte	0
 1662 005b 00       		.byte	0
 1663 005c 09       		.uleb128 0x9
 1664 005d 0D       		.uleb128 0xd
 1665 005e 00       		.byte	0
 1666 005f 03       		.uleb128 0x3
 1667 0060 0E       		.uleb128 0xe
 1668 0061 3A       		.uleb128 0x3a
 1669 0062 0B       		.uleb128 0xb
 1670 0063 3B       		.uleb128 0x3b
 1671 0064 0B       		.uleb128 0xb
 1672 0065 49       		.uleb128 0x49
 1673 0066 13       		.uleb128 0x13
 1674 0067 38       		.uleb128 0x38
 1675 0068 0B       		.uleb128 0xb
 1676 0069 00       		.byte	0
 1677 006a 00       		.byte	0
 1678 006b 0A       		.uleb128 0xa
 1679 006c 0D       		.uleb128 0xd
 1680 006d 00       		.byte	0
 1681 006e 03       		.uleb128 0x3
 1682 006f 08       		.uleb128 0x8
 1683 0070 3A       		.uleb128 0x3a
 1684 0071 0B       		.uleb128 0xb
 1685 0072 3B       		.uleb128 0x3b
 1686 0073 0B       		.uleb128 0xb
 1687 0074 49       		.uleb128 0x49
 1688 0075 13       		.uleb128 0x13
 1689 0076 38       		.uleb128 0x38
 1690 0077 0B       		.uleb128 0xb
 1691 0078 00       		.byte	0
 1692 0079 00       		.byte	0
 1693 007a 0B       		.uleb128 0xb
 1694 007b 0D       		.uleb128 0xd
 1695 007c 00       		.byte	0
 1696 007d 03       		.uleb128 0x3
 1697 007e 08       		.uleb128 0x8
 1698 007f 3A       		.uleb128 0x3a
 1699 0080 0B       		.uleb128 0xb
 1700 0081 3B       		.uleb128 0x3b
 1701 0082 05       		.uleb128 0x5
 1702 0083 49       		.uleb128 0x49
 1703 0084 13       		.uleb128 0x13
 1704 0085 38       		.uleb128 0x38
 1705 0086 0B       		.uleb128 0xb
 1706 0087 00       		.byte	0
 1707 0088 00       		.byte	0
 1708 0089 0C       		.uleb128 0xc
 1709 008a 0D       		.uleb128 0xd
 1710 008b 00       		.byte	0
ARM GAS  /tmp/cczZZMrf.s 			page 31


 1711 008c 03       		.uleb128 0x3
 1712 008d 0E       		.uleb128 0xe
 1713 008e 3A       		.uleb128 0x3a
 1714 008f 0B       		.uleb128 0xb
 1715 0090 3B       		.uleb128 0x3b
 1716 0091 05       		.uleb128 0x5
 1717 0092 49       		.uleb128 0x49
 1718 0093 13       		.uleb128 0x13
 1719 0094 38       		.uleb128 0x38
 1720 0095 0B       		.uleb128 0xb
 1721 0096 00       		.byte	0
 1722 0097 00       		.byte	0
 1723 0098 0D       		.uleb128 0xd
 1724 0099 13       		.uleb128 0x13
 1725 009a 01       		.byte	0x1
 1726 009b 03       		.uleb128 0x3
 1727 009c 0E       		.uleb128 0xe
 1728 009d 0B       		.uleb128 0xb
 1729 009e 0B       		.uleb128 0xb
 1730 009f 3A       		.uleb128 0x3a
 1731 00a0 0B       		.uleb128 0xb
 1732 00a1 3B       		.uleb128 0x3b
 1733 00a2 05       		.uleb128 0x5
 1734 00a3 01       		.uleb128 0x1
 1735 00a4 13       		.uleb128 0x13
 1736 00a5 00       		.byte	0
 1737 00a6 00       		.byte	0
 1738 00a7 0E       		.uleb128 0xe
 1739 00a8 15       		.uleb128 0x15
 1740 00a9 01       		.byte	0x1
 1741 00aa 27       		.uleb128 0x27
 1742 00ab 19       		.uleb128 0x19
 1743 00ac 01       		.uleb128 0x1
 1744 00ad 13       		.uleb128 0x13
 1745 00ae 00       		.byte	0
 1746 00af 00       		.byte	0
 1747 00b0 0F       		.uleb128 0xf
 1748 00b1 05       		.uleb128 0x5
 1749 00b2 00       		.byte	0
 1750 00b3 49       		.uleb128 0x49
 1751 00b4 13       		.uleb128 0x13
 1752 00b5 00       		.byte	0
 1753 00b6 00       		.byte	0
 1754 00b7 10       		.uleb128 0x10
 1755 00b8 13       		.uleb128 0x13
 1756 00b9 01       		.byte	0x1
 1757 00ba 0B       		.uleb128 0xb
 1758 00bb 0B       		.uleb128 0xb
 1759 00bc 3A       		.uleb128 0x3a
 1760 00bd 0B       		.uleb128 0xb
 1761 00be 3B       		.uleb128 0x3b
 1762 00bf 0B       		.uleb128 0xb
 1763 00c0 01       		.uleb128 0x1
 1764 00c1 13       		.uleb128 0x13
 1765 00c2 00       		.byte	0
 1766 00c3 00       		.byte	0
 1767 00c4 11       		.uleb128 0x11
ARM GAS  /tmp/cczZZMrf.s 			page 32


 1768 00c5 17       		.uleb128 0x17
 1769 00c6 01       		.byte	0x1
 1770 00c7 0B       		.uleb128 0xb
 1771 00c8 0B       		.uleb128 0xb
 1772 00c9 3A       		.uleb128 0x3a
 1773 00ca 0B       		.uleb128 0xb
 1774 00cb 3B       		.uleb128 0x3b
 1775 00cc 0B       		.uleb128 0xb
 1776 00cd 01       		.uleb128 0x1
 1777 00ce 13       		.uleb128 0x13
 1778 00cf 00       		.byte	0
 1779 00d0 00       		.byte	0
 1780 00d1 12       		.uleb128 0x12
 1781 00d2 0D       		.uleb128 0xd
 1782 00d3 00       		.byte	0
 1783 00d4 03       		.uleb128 0x3
 1784 00d5 0E       		.uleb128 0xe
 1785 00d6 3A       		.uleb128 0x3a
 1786 00d7 0B       		.uleb128 0xb
 1787 00d8 3B       		.uleb128 0x3b
 1788 00d9 0B       		.uleb128 0xb
 1789 00da 49       		.uleb128 0x49
 1790 00db 13       		.uleb128 0x13
 1791 00dc 00       		.byte	0
 1792 00dd 00       		.byte	0
 1793 00de 13       		.uleb128 0x13
 1794 00df 0D       		.uleb128 0xd
 1795 00e0 00       		.byte	0
 1796 00e1 03       		.uleb128 0x3
 1797 00e2 0E       		.uleb128 0xe
 1798 00e3 3A       		.uleb128 0x3a
 1799 00e4 0B       		.uleb128 0xb
 1800 00e5 3B       		.uleb128 0x3b
 1801 00e6 05       		.uleb128 0x5
 1802 00e7 49       		.uleb128 0x49
 1803 00e8 13       		.uleb128 0x13
 1804 00e9 00       		.byte	0
 1805 00ea 00       		.byte	0
 1806 00eb 14       		.uleb128 0x14
 1807 00ec 35       		.uleb128 0x35
 1808 00ed 00       		.byte	0
 1809 00ee 49       		.uleb128 0x49
 1810 00ef 13       		.uleb128 0x13
 1811 00f0 00       		.byte	0
 1812 00f1 00       		.byte	0
 1813 00f2 15       		.uleb128 0x15
 1814 00f3 15       		.uleb128 0x15
 1815 00f4 01       		.byte	0x1
 1816 00f5 27       		.uleb128 0x27
 1817 00f6 19       		.uleb128 0x19
 1818 00f7 49       		.uleb128 0x49
 1819 00f8 13       		.uleb128 0x13
 1820 00f9 01       		.uleb128 0x1
 1821 00fa 13       		.uleb128 0x13
 1822 00fb 00       		.byte	0
 1823 00fc 00       		.byte	0
 1824 00fd 16       		.uleb128 0x16
ARM GAS  /tmp/cczZZMrf.s 			page 33


 1825 00fe 2E       		.uleb128 0x2e
 1826 00ff 01       		.byte	0x1
 1827 0100 03       		.uleb128 0x3
 1828 0101 0E       		.uleb128 0xe
 1829 0102 3A       		.uleb128 0x3a
 1830 0103 0B       		.uleb128 0xb
 1831 0104 3B       		.uleb128 0x3b
 1832 0105 0B       		.uleb128 0xb
 1833 0106 27       		.uleb128 0x27
 1834 0107 19       		.uleb128 0x19
 1835 0108 49       		.uleb128 0x49
 1836 0109 13       		.uleb128 0x13
 1837 010a 11       		.uleb128 0x11
 1838 010b 01       		.uleb128 0x1
 1839 010c 12       		.uleb128 0x12
 1840 010d 06       		.uleb128 0x6
 1841 010e 40       		.uleb128 0x40
 1842 010f 18       		.uleb128 0x18
 1843 0110 9742     		.uleb128 0x2117
 1844 0112 19       		.uleb128 0x19
 1845 0113 01       		.uleb128 0x1
 1846 0114 13       		.uleb128 0x13
 1847 0115 00       		.byte	0
 1848 0116 00       		.byte	0
 1849 0117 17       		.uleb128 0x17
 1850 0118 05       		.uleb128 0x5
 1851 0119 00       		.byte	0
 1852 011a 03       		.uleb128 0x3
 1853 011b 08       		.uleb128 0x8
 1854 011c 3A       		.uleb128 0x3a
 1855 011d 0B       		.uleb128 0xb
 1856 011e 3B       		.uleb128 0x3b
 1857 011f 0B       		.uleb128 0xb
 1858 0120 49       		.uleb128 0x49
 1859 0121 13       		.uleb128 0x13
 1860 0122 02       		.uleb128 0x2
 1861 0123 17       		.uleb128 0x17
 1862 0124 00       		.byte	0
 1863 0125 00       		.byte	0
 1864 0126 18       		.uleb128 0x18
 1865 0127 05       		.uleb128 0x5
 1866 0128 00       		.byte	0
 1867 0129 03       		.uleb128 0x3
 1868 012a 08       		.uleb128 0x8
 1869 012b 3A       		.uleb128 0x3a
 1870 012c 0B       		.uleb128 0xb
 1871 012d 3B       		.uleb128 0x3b
 1872 012e 0B       		.uleb128 0xb
 1873 012f 49       		.uleb128 0x49
 1874 0130 13       		.uleb128 0x13
 1875 0131 02       		.uleb128 0x2
 1876 0132 18       		.uleb128 0x18
 1877 0133 00       		.byte	0
 1878 0134 00       		.byte	0
 1879 0135 19       		.uleb128 0x19
 1880 0136 34       		.uleb128 0x34
 1881 0137 00       		.byte	0
ARM GAS  /tmp/cczZZMrf.s 			page 34


 1882 0138 03       		.uleb128 0x3
 1883 0139 08       		.uleb128 0x8
 1884 013a 3A       		.uleb128 0x3a
 1885 013b 0B       		.uleb128 0xb
 1886 013c 3B       		.uleb128 0x3b
 1887 013d 0B       		.uleb128 0xb
 1888 013e 49       		.uleb128 0x49
 1889 013f 13       		.uleb128 0x13
 1890 0140 02       		.uleb128 0x2
 1891 0141 17       		.uleb128 0x17
 1892 0142 00       		.byte	0
 1893 0143 00       		.byte	0
 1894 0144 1A       		.uleb128 0x1a
 1895 0145 34       		.uleb128 0x34
 1896 0146 00       		.byte	0
 1897 0147 03       		.uleb128 0x3
 1898 0148 08       		.uleb128 0x8
 1899 0149 3A       		.uleb128 0x3a
 1900 014a 0B       		.uleb128 0xb
 1901 014b 3B       		.uleb128 0x3b
 1902 014c 0B       		.uleb128 0xb
 1903 014d 49       		.uleb128 0x49
 1904 014e 13       		.uleb128 0x13
 1905 014f 02       		.uleb128 0x2
 1906 0150 18       		.uleb128 0x18
 1907 0151 00       		.byte	0
 1908 0152 00       		.byte	0
 1909 0153 1B       		.uleb128 0x1b
 1910 0154 898201   		.uleb128 0x4109
 1911 0157 01       		.byte	0x1
 1912 0158 11       		.uleb128 0x11
 1913 0159 01       		.uleb128 0x1
 1914 015a 31       		.uleb128 0x31
 1915 015b 13       		.uleb128 0x13
 1916 015c 00       		.byte	0
 1917 015d 00       		.byte	0
 1918 015e 1C       		.uleb128 0x1c
 1919 015f 8A8201   		.uleb128 0x410a
 1920 0162 00       		.byte	0
 1921 0163 02       		.uleb128 0x2
 1922 0164 18       		.uleb128 0x18
 1923 0165 9142     		.uleb128 0x2111
 1924 0167 18       		.uleb128 0x18
 1925 0168 00       		.byte	0
 1926 0169 00       		.byte	0
 1927 016a 1D       		.uleb128 0x1d
 1928 016b 2E       		.uleb128 0x2e
 1929 016c 01       		.byte	0x1
 1930 016d 3F       		.uleb128 0x3f
 1931 016e 19       		.uleb128 0x19
 1932 016f 03       		.uleb128 0x3
 1933 0170 0E       		.uleb128 0xe
 1934 0171 3A       		.uleb128 0x3a
 1935 0172 0B       		.uleb128 0xb
 1936 0173 3B       		.uleb128 0x3b
 1937 0174 0B       		.uleb128 0xb
 1938 0175 27       		.uleb128 0x27
ARM GAS  /tmp/cczZZMrf.s 			page 35


 1939 0176 19       		.uleb128 0x19
 1940 0177 11       		.uleb128 0x11
 1941 0178 01       		.uleb128 0x1
 1942 0179 12       		.uleb128 0x12
 1943 017a 06       		.uleb128 0x6
 1944 017b 40       		.uleb128 0x40
 1945 017c 18       		.uleb128 0x18
 1946 017d 9742     		.uleb128 0x2117
 1947 017f 19       		.uleb128 0x19
 1948 0180 01       		.uleb128 0x1
 1949 0181 13       		.uleb128 0x13
 1950 0182 00       		.byte	0
 1951 0183 00       		.byte	0
 1952 0184 1E       		.uleb128 0x1e
 1953 0185 05       		.uleb128 0x5
 1954 0186 00       		.byte	0
 1955 0187 03       		.uleb128 0x3
 1956 0188 0E       		.uleb128 0xe
 1957 0189 3A       		.uleb128 0x3a
 1958 018a 0B       		.uleb128 0xb
 1959 018b 3B       		.uleb128 0x3b
 1960 018c 0B       		.uleb128 0xb
 1961 018d 49       		.uleb128 0x49
 1962 018e 13       		.uleb128 0x13
 1963 018f 02       		.uleb128 0x2
 1964 0190 18       		.uleb128 0x18
 1965 0191 00       		.byte	0
 1966 0192 00       		.byte	0
 1967 0193 1F       		.uleb128 0x1f
 1968 0194 34       		.uleb128 0x34
 1969 0195 00       		.byte	0
 1970 0196 03       		.uleb128 0x3
 1971 0197 0E       		.uleb128 0xe
 1972 0198 3A       		.uleb128 0x3a
 1973 0199 0B       		.uleb128 0xb
 1974 019a 3B       		.uleb128 0x3b
 1975 019b 05       		.uleb128 0x5
 1976 019c 49       		.uleb128 0x49
 1977 019d 13       		.uleb128 0x13
 1978 019e 3F       		.uleb128 0x3f
 1979 019f 19       		.uleb128 0x19
 1980 01a0 3C       		.uleb128 0x3c
 1981 01a1 19       		.uleb128 0x19
 1982 01a2 00       		.byte	0
 1983 01a3 00       		.byte	0
 1984 01a4 20       		.uleb128 0x20
 1985 01a5 34       		.uleb128 0x34
 1986 01a6 00       		.byte	0
 1987 01a7 03       		.uleb128 0x3
 1988 01a8 08       		.uleb128 0x8
 1989 01a9 3A       		.uleb128 0x3a
 1990 01aa 0B       		.uleb128 0xb
 1991 01ab 3B       		.uleb128 0x3b
 1992 01ac 05       		.uleb128 0x5
 1993 01ad 49       		.uleb128 0x49
 1994 01ae 13       		.uleb128 0x13
 1995 01af 3F       		.uleb128 0x3f
ARM GAS  /tmp/cczZZMrf.s 			page 36


 1996 01b0 19       		.uleb128 0x19
 1997 01b1 3C       		.uleb128 0x3c
 1998 01b2 19       		.uleb128 0x19
 1999 01b3 00       		.byte	0
 2000 01b4 00       		.byte	0
 2001 01b5 21       		.uleb128 0x21
 2002 01b6 2E       		.uleb128 0x2e
 2003 01b7 00       		.byte	0
 2004 01b8 3F       		.uleb128 0x3f
 2005 01b9 19       		.uleb128 0x19
 2006 01ba 3C       		.uleb128 0x3c
 2007 01bb 19       		.uleb128 0x19
 2008 01bc 6E       		.uleb128 0x6e
 2009 01bd 0E       		.uleb128 0xe
 2010 01be 03       		.uleb128 0x3
 2011 01bf 0E       		.uleb128 0xe
 2012 01c0 00       		.byte	0
 2013 01c1 00       		.byte	0
 2014 01c2 00       		.byte	0
 2015              		.section	.debug_loc,"",%progbits
 2016              	.Ldebug_loc0:
 2017              	.LLST0:
 2018 0000 00000000 		.4byte	.LVL0
 2019 0004 16000000 		.4byte	.LVL1
 2020 0008 0100     		.2byte	0x1
 2021 000a 50       		.byte	0x50
 2022 000b 16000000 		.4byte	.LVL1
 2023 000f 1C000000 		.4byte	.LFE325
 2024 0013 0400     		.2byte	0x4
 2025 0015 F3       		.byte	0xf3
 2026 0016 01       		.uleb128 0x1
 2027 0017 50       		.byte	0x50
 2028 0018 9F       		.byte	0x9f
 2029 0019 00000000 		.4byte	0
 2030 001d 00000000 		.4byte	0
 2031              	.LLST1:
 2032 0021 00000000 		.4byte	.LVL0
 2033 0025 16000000 		.4byte	.LVL1
 2034 0029 0100     		.2byte	0x1
 2035 002b 50       		.byte	0x50
 2036 002c 16000000 		.4byte	.LVL1
 2037 0030 1C000000 		.4byte	.LFE325
 2038 0034 0400     		.2byte	0x4
 2039 0036 F3       		.byte	0xf3
 2040 0037 01       		.uleb128 0x1
 2041 0038 50       		.byte	0x50
 2042 0039 9F       		.byte	0x9f
 2043 003a 00000000 		.4byte	0
 2044 003e 00000000 		.4byte	0
 2045              	.LLST2:
 2046 0042 00000000 		.4byte	.LVL2
 2047 0046 14000000 		.4byte	.LVL4
 2048 004a 0100     		.2byte	0x1
 2049 004c 50       		.byte	0x50
 2050 004d 14000000 		.4byte	.LVL4
 2051 0051 1A000000 		.4byte	.LFE326
 2052 0055 0400     		.2byte	0x4
ARM GAS  /tmp/cczZZMrf.s 			page 37


 2053 0057 F3       		.byte	0xf3
 2054 0058 01       		.uleb128 0x1
 2055 0059 50       		.byte	0x50
 2056 005a 9F       		.byte	0x9f
 2057 005b 00000000 		.4byte	0
 2058 005f 00000000 		.4byte	0
 2059              	.LLST3:
 2060 0063 00000000 		.4byte	.LVL2
 2061 0067 14000000 		.4byte	.LVL4
 2062 006b 0100     		.2byte	0x1
 2063 006d 50       		.byte	0x50
 2064 006e 14000000 		.4byte	.LVL4
 2065 0072 1A000000 		.4byte	.LFE326
 2066 0076 0400     		.2byte	0x4
 2067 0078 F3       		.byte	0xf3
 2068 0079 01       		.uleb128 0x1
 2069 007a 50       		.byte	0x50
 2070 007b 9F       		.byte	0x9f
 2071 007c 00000000 		.4byte	0
 2072 0080 00000000 		.4byte	0
 2073              	.LLST4:
 2074 0084 00000000 		.4byte	.LVL5
 2075 0088 06000000 		.4byte	.LVL7
 2076 008c 0100     		.2byte	0x1
 2077 008e 50       		.byte	0x50
 2078 008f 06000000 		.4byte	.LVL7
 2079 0093 26000000 		.4byte	.LFE324
 2080 0097 0100     		.2byte	0x1
 2081 0099 55       		.byte	0x55
 2082 009a 00000000 		.4byte	0
 2083 009e 00000000 		.4byte	0
 2084              	.LLST5:
 2085 00a2 00000000 		.4byte	.LVL5
 2086 00a6 0C000000 		.4byte	.LVL8
 2087 00aa 0100     		.2byte	0x1
 2088 00ac 51       		.byte	0x51
 2089 00ad 0C000000 		.4byte	.LVL8
 2090 00b1 1B000000 		.4byte	.LVL10-1
 2091 00b5 0100     		.2byte	0x1
 2092 00b7 50       		.byte	0x50
 2093 00b8 1B000000 		.4byte	.LVL10-1
 2094 00bc 26000000 		.4byte	.LFE324
 2095 00c0 0400     		.2byte	0x4
 2096 00c2 F3       		.byte	0xf3
 2097 00c3 01       		.uleb128 0x1
 2098 00c4 51       		.byte	0x51
 2099 00c5 9F       		.byte	0x9f
 2100 00c6 00000000 		.4byte	0
 2101 00ca 00000000 		.4byte	0
 2102              	.LLST6:
 2103 00ce 00000000 		.4byte	.LVL5
 2104 00d2 14000000 		.4byte	.LVL9
 2105 00d6 0100     		.2byte	0x1
 2106 00d8 52       		.byte	0x52
 2107 00d9 14000000 		.4byte	.LVL9
 2108 00dd 26000000 		.4byte	.LFE324
 2109 00e1 0100     		.2byte	0x1
ARM GAS  /tmp/cczZZMrf.s 			page 38


 2110 00e3 54       		.byte	0x54
 2111 00e4 00000000 		.4byte	0
 2112 00e8 00000000 		.4byte	0
 2113              	.LLST7:
 2114 00ec 04000000 		.4byte	.LVL6
 2115 00f0 06000000 		.4byte	.LVL7
 2116 00f4 0100     		.2byte	0x1
 2117 00f6 50       		.byte	0x50
 2118 00f7 06000000 		.4byte	.LVL7
 2119 00fb 26000000 		.4byte	.LFE324
 2120 00ff 0100     		.2byte	0x1
 2121 0101 55       		.byte	0x55
 2122 0102 00000000 		.4byte	0
 2123 0106 00000000 		.4byte	0
 2124              	.LLST8:
 2125 010a 00000000 		.4byte	.LVL11
 2126 010e 0E000000 		.4byte	.LVL12
 2127 0112 0100     		.2byte	0x1
 2128 0114 50       		.byte	0x50
 2129 0115 0E000000 		.4byte	.LVL12
 2130 0119 24000000 		.4byte	.LFE323
 2131 011d 0100     		.2byte	0x1
 2132 011f 55       		.byte	0x55
 2133 0120 00000000 		.4byte	0
 2134 0124 00000000 		.4byte	0
 2135              	.LLST9:
 2136 0128 00000000 		.4byte	.LVL11
 2137 012c 19000000 		.4byte	.LVL14-1
 2138 0130 0100     		.2byte	0x1
 2139 0132 51       		.byte	0x51
 2140 0133 19000000 		.4byte	.LVL14-1
 2141 0137 24000000 		.4byte	.LFE323
 2142 013b 0400     		.2byte	0x4
 2143 013d F3       		.byte	0xf3
 2144 013e 01       		.uleb128 0x1
 2145 013f 51       		.byte	0x51
 2146 0140 9F       		.byte	0x9f
 2147 0141 00000000 		.4byte	0
 2148 0145 00000000 		.4byte	0
 2149              	.LLST10:
 2150 0149 00000000 		.4byte	.LVL11
 2151 014d 12000000 		.4byte	.LVL13
 2152 0151 0100     		.2byte	0x1
 2153 0153 52       		.byte	0x52
 2154 0154 12000000 		.4byte	.LVL13
 2155 0158 24000000 		.4byte	.LFE323
 2156 015c 0100     		.2byte	0x1
 2157 015e 54       		.byte	0x54
 2158 015f 00000000 		.4byte	0
 2159 0163 00000000 		.4byte	0
 2160              	.LLST12:
 2161 0167 00000000 		.4byte	.LVL15
 2162 016b 0A000000 		.4byte	.LVL16
 2163 016f 0100     		.2byte	0x1
 2164 0171 53       		.byte	0x53
 2165 0172 0A000000 		.4byte	.LVL16
 2166 0176 18000000 		.4byte	.LFE327
ARM GAS  /tmp/cczZZMrf.s 			page 39


 2167 017a 0200     		.2byte	0x2
 2168 017c 70       		.byte	0x70
 2169 017d 0C       		.sleb128 12
 2170 017e 00000000 		.4byte	0
 2171 0182 00000000 		.4byte	0
 2172              		.section	.debug_aranges,"",%progbits
 2173 0000 3C000000 		.4byte	0x3c
 2174 0004 0200     		.2byte	0x2
 2175 0006 00000000 		.4byte	.Ldebug_info0
 2176 000a 04       		.byte	0x4
 2177 000b 00       		.byte	0
 2178 000c 0000     		.2byte	0
 2179 000e 0000     		.2byte	0
 2180 0010 00000000 		.4byte	.LFB325
 2181 0014 1C000000 		.4byte	.LFE325-.LFB325
 2182 0018 00000000 		.4byte	.LFB326
 2183 001c 1A000000 		.4byte	.LFE326-.LFB326
 2184 0020 00000000 		.4byte	.LFB324
 2185 0024 26000000 		.4byte	.LFE324-.LFB324
 2186 0028 00000000 		.4byte	.LFB323
 2187 002c 24000000 		.4byte	.LFE323-.LFB323
 2188 0030 00000000 		.4byte	.LFB327
 2189 0034 18000000 		.4byte	.LFE327-.LFB327
 2190 0038 00000000 		.4byte	0
 2191 003c 00000000 		.4byte	0
 2192              		.section	.debug_ranges,"",%progbits
 2193              	.Ldebug_ranges0:
 2194 0000 00000000 		.4byte	.LFB325
 2195 0004 1C000000 		.4byte	.LFE325
 2196 0008 00000000 		.4byte	.LFB326
 2197 000c 1A000000 		.4byte	.LFE326
 2198 0010 00000000 		.4byte	.LFB324
 2199 0014 26000000 		.4byte	.LFE324
 2200 0018 00000000 		.4byte	.LFB323
 2201 001c 24000000 		.4byte	.LFE323
 2202 0020 00000000 		.4byte	.LFB327
 2203 0024 18000000 		.4byte	.LFE327
 2204 0028 00000000 		.4byte	0
 2205 002c 00000000 		.4byte	0
 2206              		.section	.debug_line,"",%progbits
 2207              	.Ldebug_line0:
 2208 0000 AB020000 		.section	.debug_str,"MS",%progbits,1
 2208      02003902 
 2208      00000201 
 2208      FB0E0D00 
 2208      01010101 
 2209              	.LASF22:
 2210 0000 72747469 		.ascii	"rttime_t\000"
 2210      6D655F74 
 2210      00
 2211              	.LASF56:
 2212 0009 72656164 		.ascii	"ready_list_t\000"
 2212      795F6C69 
 2212      73745F74 
 2212      00
 2213              	.LASF4:
 2214 0016 73697A65 		.ascii	"size_t\000"
ARM GAS  /tmp/cczZZMrf.s 			page 40


 2214      5F7400
 2215              	.LASF94:
 2216 001d 7264796D 		.ascii	"rdymsg\000"
 2216      736700
 2217              	.LASF20:
 2218 0024 75696E74 		.ascii	"uint64_t\000"
 2218      36345F74 
 2218      00
 2219              	.LASF75:
 2220 002d 6B65726E 		.ascii	"kernel_stats\000"
 2220      656C5F73 
 2220      74617473 
 2220      00
 2221              	.LASF5:
 2222 003a 5F5F7569 		.ascii	"__uint8_t\000"
 2222      6E74385F 
 2222      7400
 2223              	.LASF55:
 2224 0044 70726576 		.ascii	"prev\000"
 2224      00
 2225              	.LASF81:
 2226 0049 706F7274 		.ascii	"port_intctx\000"
 2226      5F696E74 
 2226      63747800 
 2227              	.LASF73:
 2228 0055 76746C69 		.ascii	"vtlist\000"
 2228      737400
 2229              	.LASF119:
 2230 005c 474E5520 		.ascii	"GNU C11 5.4.1 20160919 -mcpu=cortex-m4 -mfloat-abi="
 2230      43313120 
 2230      352E342E 
 2230      31203230 
 2230      31363039 
 2231 008f 68617264 		.ascii	"hard -mfpu=fpv4-sp-d16 -mno-thumb-interwork -mthumb"
 2231      202D6D66 
 2231      70753D66 
 2231      7076342D 
 2231      73702D64 
 2232 00c2 202D6720 		.ascii	" -g -Os -fomit-frame-pointer -falign-functions=16 -"
 2232      2D4F7320 
 2232      2D666F6D 
 2232      69742D66 
 2232      72616D65 
 2233 00f5 6666756E 		.ascii	"ffunction-sections -fdata-sections -fno-common -fsi"
 2233      6374696F 
 2233      6E2D7365 
 2233      6374696F 
 2233      6E73202D 
 2234 0128 6E676C65 		.ascii	"ngle-precision-constant\000"
 2234      2D707265 
 2234      63697369 
 2234      6F6E2D63 
 2234      6F6E7374 
 2235              	.LASF85:
 2236 0140 776F7273 		.ascii	"worst\000"
 2236      7400
 2237              	.LASF88:
ARM GAS  /tmp/cczZZMrf.s 			page 41


 2238 0146 74696D65 		.ascii	"time_measurement_t\000"
 2238      5F6D6561 
 2238      73757265 
 2238      6D656E74 
 2238      5F7400
 2239              	.LASF14:
 2240 0159 6C6F6E67 		.ascii	"long long unsigned int\000"
 2240      206C6F6E 
 2240      6720756E 
 2240      7369676E 
 2240      65642069 
 2241              	.LASF74:
 2242 0170 6D61696E 		.ascii	"mainthread\000"
 2242      74687265 
 2242      616400
 2243              	.LASF98:
 2244 017b 73656E74 		.ascii	"sentmsg\000"
 2244      6D736700 
 2245              	.LASF62:
 2246 0183 64656C74 		.ascii	"delta\000"
 2246      6100
 2247              	.LASF118:
 2248 0189 49544D5F 		.ascii	"ITM_RxBuffer\000"
 2248      52784275 
 2248      66666572 
 2248      00
 2249              	.LASF52:
 2250 0196 6E657874 		.ascii	"next\000"
 2250      00
 2251              	.LASF54:
 2252 019b 63685F74 		.ascii	"ch_threads_queue\000"
 2252      68726561 
 2252      64735F71 
 2252      75657565 
 2252      00
 2253              	.LASF1:
 2254 01ac 6C6F6E67 		.ascii	"long long int\000"
 2254      206C6F6E 
 2254      6720696E 
 2254      7400
 2255              	.LASF3:
 2256 01ba 7369676E 		.ascii	"signed char\000"
 2256      65642063 
 2256      68617200 
 2257              	.LASF12:
 2258 01c6 6C6F6E67 		.ascii	"long unsigned int\000"
 2258      20756E73 
 2258      69676E65 
 2258      6420696E 
 2258      7400
 2259              	.LASF112:
 2260 01d8 73697A65 		.ascii	"size\000"
 2260      00
 2261              	.LASF96:
 2262 01dd 77746F62 		.ascii	"wtobjp\000"
 2262      6A7000
 2263              	.LASF42:
ARM GAS  /tmp/cczZZMrf.s 			page 42


 2264 01e4 6D736771 		.ascii	"msgqueue\000"
 2264      75657565 
 2264      00
 2265              	.LASF38:
 2266 01ed 73746174 		.ascii	"state\000"
 2266      6500
 2267              	.LASF10:
 2268 01f3 6C6F6E67 		.ascii	"long int\000"
 2268      20696E74 
 2268      00
 2269              	.LASF24:
 2270 01fc 74737461 		.ascii	"tstate_t\000"
 2270      74655F74 
 2270      00
 2271              	.LASF63:
 2272 0205 66756E63 		.ascii	"func\000"
 2272      00
 2273              	.LASF123:
 2274 020a 6D656D63 		.ascii	"memcpy\000"
 2274      707900
 2275              	.LASF47:
 2276 0211 73746174 		.ascii	"stats\000"
 2276      7300
 2277              	.LASF95:
 2278 0217 65786974 		.ascii	"exitcode\000"
 2278      636F6465 
 2278      00
 2279              	.LASF11:
 2280 0220 5F5F7569 		.ascii	"__uint32_t\000"
 2280      6E743332 
 2280      5F7400
 2281              	.LASF78:
 2282 022b 72656761 		.ascii	"regarm_t\000"
 2282      726D5F74 
 2282      00
 2283              	.LASF68:
 2284 0234 63685F73 		.ascii	"ch_system_debug\000"
 2284      79737465 
 2284      6D5F6465 
 2284      62756700 
 2285              	.LASF41:
 2286 0244 77616974 		.ascii	"waiting\000"
 2286      696E6700 
 2287              	.LASF105:
 2288 024c 6D757465 		.ascii	"mutex_t\000"
 2288      785F7400 
 2289              	.LASF77:
 2290 0254 73797369 		.ascii	"sysinterval_t\000"
 2290      6E746572 
 2290      76616C5F 
 2290      7400
 2291              	.LASF29:
 2292 0262 636E745F 		.ascii	"cnt_t\000"
 2292      7400
 2293              	.LASF0:
 2294 0268 756E7369 		.ascii	"unsigned int\000"
 2294      676E6564 
ARM GAS  /tmp/cczZZMrf.s 			page 43


 2294      20696E74 
 2294      00
 2295              	.LASF99:
 2296 0275 77747365 		.ascii	"wtsemp\000"
 2296      6D7000
 2297              	.LASF67:
 2298 027c 73797374 		.ascii	"system_debug_t\000"
 2298      656D5F64 
 2298      65627567 
 2298      5F7400
 2299              	.LASF89:
 2300 028b 6E5F6972 		.ascii	"n_irq\000"
 2300      7100
 2301              	.LASF32:
 2302 0291 71756575 		.ascii	"queue\000"
 2302      6500
 2303              	.LASF36:
 2304 0297 6E616D65 		.ascii	"name\000"
 2304      00
 2305              	.LASF8:
 2306 029c 73686F72 		.ascii	"short unsigned int\000"
 2306      7420756E 
 2306      7369676E 
 2306      65642069 
 2306      6E7400
 2307              	.LASF93:
 2308 02af 6B65726E 		.ascii	"kernel_stats_t\000"
 2308      656C5F73 
 2308      74617473 
 2308      5F7400
 2309              	.LASF50:
 2310 02be 63685F74 		.ascii	"ch_thread\000"
 2310      68726561 
 2310      6400
 2311              	.LASF27:
 2312 02c8 6D73675F 		.ascii	"msg_t\000"
 2312      7400
 2313              	.LASF86:
 2314 02ce 6C617374 		.ascii	"last\000"
 2314      00
 2315              	.LASF30:
 2316 02d3 75636E74 		.ascii	"ucnt_t\000"
 2316      5F7400
 2317              	.LASF43:
 2318 02da 6570656E 		.ascii	"epending\000"
 2318      64696E67 
 2318      00
 2319              	.LASF70:
 2320 02e3 63685F73 		.ascii	"ch_system_t\000"
 2320      79737465 
 2320      6D5F7400 
 2321              	.LASF23:
 2322 02ef 746D6F64 		.ascii	"tmode_t\000"
 2322      655F7400 
 2323              	.LASF92:
 2324 02f7 6D5F6372 		.ascii	"m_crit_isr\000"
 2324      69745F69 
ARM GAS  /tmp/cczZZMrf.s 			page 44


 2324      737200
 2325              	.LASF57:
 2326 0302 63685F72 		.ascii	"ch_ready_list\000"
 2326      65616479 
 2326      5F6C6973 
 2326      7400
 2327              	.LASF28:
 2328 0310 6576656E 		.ascii	"eventmask_t\000"
 2328      746D6173 
 2328      6B5F7400 
 2329              	.LASF9:
 2330 031c 5F5F696E 		.ascii	"__int32_t\000"
 2330      7433325F 
 2330      7400
 2331              	.LASF64:
 2332 0326 76697274 		.ascii	"virtual_timers_list_t\000"
 2332      75616C5F 
 2332      74696D65 
 2332      72735F6C 
 2332      6973745F 
 2333              	.LASF79:
 2334 033c 73746B61 		.ascii	"stkalign_t\000"
 2334      6C69676E 
 2334      5F7400
 2335              	.LASF34:
 2336 0347 6E657765 		.ascii	"newer\000"
 2336      7200
 2337              	.LASF109:
 2338 034d 77726974 		.ascii	"write\000"
 2338      6500
 2339              	.LASF116:
 2340 0353 5F726561 		.ascii	"_reads\000"
 2340      647300
 2341              	.LASF45:
 2342 035a 7265616C 		.ascii	"realprio\000"
 2342      7072696F 
 2342      00
 2343              	.LASF21:
 2344 0363 7274636E 		.ascii	"rtcnt_t\000"
 2344      745F7400 
 2345              	.LASF48:
 2346 036b 74687265 		.ascii	"thread_reference_t\000"
 2346      61645F72 
 2346      65666572 
 2346      656E6365 
 2346      5F7400
 2347              	.LASF65:
 2348 037e 63685F76 		.ascii	"ch_virtual_timers_list\000"
 2348      69727475 
 2348      616C5F74 
 2348      696D6572 
 2348      735F6C69 
 2349              	.LASF97:
 2350 0395 77747472 		.ascii	"wttrp\000"
 2350      7000
 2351              	.LASF122:
 2352 039b 6D734F62 		.ascii	"msObjectInit\000"
ARM GAS  /tmp/cczZZMrf.s 			page 45


 2352      6A656374 
 2352      496E6974 
 2352      00
 2353              	.LASF80:
 2354 03a8 706F7274 		.ascii	"port_context\000"
 2354      5F636F6E 
 2354      74657874 
 2354      00
 2355              	.LASF83:
 2356 03b5 746D5F63 		.ascii	"tm_calibration_t\000"
 2356      616C6962 
 2356      72617469 
 2356      6F6E5F74 
 2356      00
 2357              	.LASF33:
 2358 03c6 7072696F 		.ascii	"prio\000"
 2358      00
 2359              	.LASF58:
 2360 03cb 63757272 		.ascii	"current\000"
 2360      656E7400 
 2361              	.LASF107:
 2362 03d3 4D656D53 		.ascii	"MemStreamVMT\000"
 2362      74726561 
 2362      6D564D54 
 2362      00
 2363              	.LASF13:
 2364 03e0 5F5F7569 		.ascii	"__uint64_t\000"
 2364      6E743634 
 2364      5F7400
 2365              	.LASF87:
 2366 03eb 63756D75 		.ascii	"cumulative\000"
 2366      6C617469 
 2366      766500
 2367              	.LASF40:
 2368 03f6 72656673 		.ascii	"refs\000"
 2368      00
 2369              	.LASF60:
 2370 03fb 76697274 		.ascii	"virtual_timer_t\000"
 2370      75616C5F 
 2370      74696D65 
 2370      725F7400 
 2371              	.LASF26:
 2372 040b 74707269 		.ascii	"tprio_t\000"
 2372      6F5F7400 
 2373              	.LASF113:
 2374 0413 4D656D6F 		.ascii	"MemoryStream\000"
 2374      72795374 
 2374      7265616D 
 2374      00
 2375              	.LASF90:
 2376 0420 6E5F6374 		.ascii	"n_ctxswc\000"
 2376      78737763 
 2376      00
 2377              	.LASF106:
 2378 0429 5F426F6F 		.ascii	"_Bool\000"
 2378      6C00
 2379              	.LASF18:
ARM GAS  /tmp/cczZZMrf.s 			page 46


 2380 042f 696E7433 		.ascii	"int32_t\000"
 2380      325F7400 
 2381              	.LASF6:
 2382 0437 756E7369 		.ascii	"unsigned char\000"
 2382      676E6564 
 2382      20636861 
 2382      7200
 2383              	.LASF7:
 2384 0445 73686F72 		.ascii	"short int\000"
 2384      7420696E 
 2384      7400
 2385              	.LASF66:
 2386 044f 6C617374 		.ascii	"lasttime\000"
 2386      74696D65 
 2386      00
 2387              	.LASF101:
 2388 0458 65776D61 		.ascii	"ewmask\000"
 2388      736B00
 2389              	.LASF71:
 2390 045f 63685F73 		.ascii	"ch_system\000"
 2390      79737465 
 2390      6D00
 2391              	.LASF61:
 2392 0469 63685F76 		.ascii	"ch_virtual_timer\000"
 2392      69727475 
 2392      616C5F74 
 2392      696D6572 
 2392      00
 2393              	.LASF102:
 2394 047a 63685F73 		.ascii	"ch_semaphore\000"
 2394      656D6170 
 2394      686F7265 
 2394      00
 2395              	.LASF121:
 2396 0487 2F686F6D 		.ascii	"/home/user/csse4011/project/4011-surfbee/ardupilot/"
 2396      652F7573 
 2396      65722F63 
 2396      73736534 
 2396      3031312F 
 2397 04ba 6275696C 		.ascii	"build/stm32l475\000"
 2397      642F7374 
 2397      6D33326C 
 2397      34373500 
 2398              	.LASF100:
 2399 04ca 77746D74 		.ascii	"wtmtxp\000"
 2399      787000
 2400              	.LASF25:
 2401 04d1 74726566 		.ascii	"trefs_t\000"
 2401      735F7400 
 2402              	.LASF51:
 2403 04d9 63685F74 		.ascii	"ch_threads_list\000"
 2403      68726561 
 2403      64735F6C 
 2403      69737400 
 2404              	.LASF104:
 2405 04e9 6F776E65 		.ascii	"owner\000"
 2405      7200
ARM GAS  /tmp/cczZZMrf.s 			page 47


 2406              	.LASF2:
 2407 04ef 6C6F6E67 		.ascii	"long double\000"
 2407      20646F75 
 2407      626C6500 
 2408              	.LASF37:
 2409 04fb 77616261 		.ascii	"wabase\000"
 2409      736500
 2410              	.LASF16:
 2411 0502 63686172 		.ascii	"char\000"
 2411      00
 2412              	.LASF35:
 2413 0507 6F6C6465 		.ascii	"older\000"
 2413      7200
 2414              	.LASF120:
 2415 050d 2E2E2F2E 		.ascii	"../../modules/ChibiOS/os/hal/lib/streams/memstreams"
 2415      2E2F6D6F 
 2415      64756C65 
 2415      732F4368 
 2415      6962694F 
 2416 0540 2E6300   		.ascii	".c\000"
 2417              	.LASF31:
 2418 0543 74687265 		.ascii	"thread_t\000"
 2418      61645F74 
 2418      00
 2419              	.LASF84:
 2420 054c 62657374 		.ascii	"best\000"
 2420      00
 2421              	.LASF76:
 2422 0551 73797374 		.ascii	"systime_t\000"
 2422      696D655F 
 2422      7400
 2423              	.LASF111:
 2424 055b 62756666 		.ascii	"buffer\000"
 2424      657200
 2425              	.LASF69:
 2426 0562 70616E69 		.ascii	"panic_msg\000"
 2426      635F6D73 
 2426      6700
 2427              	.LASF82:
 2428 056c 6F666673 		.ascii	"offset\000"
 2428      657400
 2429              	.LASF117:
 2430 0573 5F777269 		.ascii	"_writes\000"
 2430      74657300 
 2431              	.LASF46:
 2432 057b 6D706F6F 		.ascii	"mpool\000"
 2432      6C00
 2433              	.LASF53:
 2434 0581 74687265 		.ascii	"threads_queue_t\000"
 2434      6164735F 
 2434      71756575 
 2434      655F7400 
 2435              	.LASF103:
 2436 0591 63685F6D 		.ascii	"ch_mutex\000"
 2436      75746578 
 2436      00
 2437              	.LASF72:
ARM GAS  /tmp/cczZZMrf.s 			page 48


 2438 059a 726C6973 		.ascii	"rlist\000"
 2438      7400
 2439              	.LASF17:
 2440 05a0 75696E74 		.ascii	"uint8_t\000"
 2440      385F7400 
 2441              	.LASF39:
 2442 05a8 666C6167 		.ascii	"flags\000"
 2442      7300
 2443              	.LASF115:
 2444 05ae 5F676574 		.ascii	"_get\000"
 2444      00
 2445              	.LASF15:
 2446 05b3 73697A65 		.ascii	"sizetype\000"
 2446      74797065 
 2446      00
 2447              	.LASF110:
 2448 05bc 72656164 		.ascii	"read\000"
 2448      00
 2449              	.LASF49:
 2450 05c1 74687265 		.ascii	"threads_list_t\000"
 2450      6164735F 
 2450      6C697374 
 2450      5F7400
 2451              	.LASF59:
 2452 05d0 76746675 		.ascii	"vtfunc_t\000"
 2452      6E635F74 
 2452      00
 2453              	.LASF108:
 2454 05d9 696E7374 		.ascii	"instance_offset\000"
 2454      616E6365 
 2454      5F6F6666 
 2454      73657400 
 2455              	.LASF44:
 2456 05e9 6D74786C 		.ascii	"mtxlist\000"
 2456      69737400 
 2457              	.LASF91:
 2458 05f1 6D5F6372 		.ascii	"m_crit_thd\000"
 2458      69745F74 
 2458      686400
 2459              	.LASF114:
 2460 05fc 5F707574 		.ascii	"_put\000"
 2460      00
 2461              	.LASF19:
 2462 0601 75696E74 		.ascii	"uint32_t\000"
 2462      33325F74 
 2462      00
 2463              		.ident	"GCC: (15:5.4.1+svn241155-1) 5.4.1 20160919"
ARM GAS  /tmp/cczZZMrf.s 			page 49


DEFINED SYMBOLS
                            *ABS*:0000000000000000 memstreams.c
     /tmp/cczZZMrf.s:22     .text._put:0000000000000000 $t
     /tmp/cczZZMrf.s:26     .text._put:0000000000000000 _put
     /tmp/cczZZMrf.s:59     .text._get:0000000000000000 $t
     /tmp/cczZZMrf.s:63     .text._get:0000000000000000 _get
     /tmp/cczZZMrf.s:95     .text._reads:0000000000000000 $t
     /tmp/cczZZMrf.s:99     .text._reads:0000000000000000 _reads
     /tmp/cczZZMrf.s:145    .text._writes:0000000000000000 $t
     /tmp/cczZZMrf.s:149    .text._writes:0000000000000000 _writes
     /tmp/cczZZMrf.s:190    .text.msObjectInit:0000000000000000 $t
     /tmp/cczZZMrf.s:195    .text.msObjectInit:0000000000000000 msObjectInit
     /tmp/cczZZMrf.s:224    .text.msObjectInit:0000000000000014 $d
     /tmp/cczZZMrf.s:229    .rodata.vmt:0000000000000000 $d
     /tmp/cczZZMrf.s:233    .rodata.vmt:0000000000000000 vmt
                     .debug_frame:0000000000000010 $d

UNDEFINED SYMBOLS
memcpy
