ARM GAS  /tmp/cckoY1of.s 			page 1


   1              		.syntax unified
   2              		.cpu cortex-m4
   3              		.eabi_attribute 27, 1
   4              		.eabi_attribute 28, 1
   5              		.fpu fpv4-sp-d16
   6              		.eabi_attribute 20, 1
   7              		.eabi_attribute 21, 1
   8              		.eabi_attribute 23, 3
   9              		.eabi_attribute 24, 1
  10              		.eabi_attribute 25, 1
  11              		.eabi_attribute 26, 1
  12              		.eabi_attribute 30, 6
  13              		.eabi_attribute 34, 1
  14              		.eabi_attribute 18, 4
  15              		.thumb
  16              		.syntax unified
  17              		.file	"syscalls_cpp.cpp"
  18              		.text
  19              	.Ltext0:
  20              		.cfi_sections	.debug_frame
  21              		.section	.text._ZL11osalSysHaltPKc,"ax",%progbits
  22              		.align	2
  23              		.p2align 4,,15
  24              		.thumb
  25              		.thumb_func
  26              		.type	_ZL11osalSysHaltPKc, %function
  27              	_ZL11osalSysHaltPKc:
  28              		.fnstart
  29              	.LFB291:
  30              		.file 1 "../../modules/ChibiOS/os/hal/osal/rt/osal.h"
  31              		.loc 1 478 0
  32              		.cfi_startproc
  33              		@ args = 0, pretend = 0, frame = 8
  34              		@ frame_needed = 0, uses_anonymous_args = 0
  35 0000 00B5     		push	{lr}
  36              		.save {lr}
  37              		.cfi_def_cfa_offset 4
  38              		.cfi_offset 14, -4
  39              		.pad #12
  40 0002 83B0     		sub	sp, sp, #12
  41              		.cfi_def_cfa_offset 16
  42 0004 0190     		str	r0, [sp, #4]
  43              		.loc 1 480 0
  44 0006 0198     		ldr	r0, [sp, #4]
  45 0008 FFF7FEFF 		bl	chSysHalt
  46              		.loc 1 481 0
  47 000c 00BF     		nop
  48 000e 03B0     		add	sp, sp, #12
  49              		.cfi_def_cfa_offset 4
  50              		@ sp needed
  51 0010 5DF804FB 		ldr	pc, [sp], #4
  52              		.cfi_endproc
  53              	.LFE291:
  54              		.fnend
  55              		.size	_ZL11osalSysHaltPKc, .-_ZL11osalSysHaltPKc
  56              		.global	__dso_handle
  57              		.section	.bss.__dso_handle,"aw",%nobits
ARM GAS  /tmp/cckoY1of.s 			page 2


  58              		.align	2
  59              		.type	__dso_handle, %object
  60              		.size	__dso_handle, 4
  61              	__dso_handle:
  62 0000 00000000 		.space	4
  63              		.section	.rodata
  64              		.align	2
  65              	.LC0:
  66 0000 556E7265 		.ascii	"Unrealized\000"
  66      616C697A 
  66      656400
  67              		.section	.text._exit,"ax",%progbits
  68              		.align	2
  69              		.p2align 4,,15
  70              		.global	_exit
  71              		.thumb
  72              		.thumb_func
  73              		.type	_exit, %function
  74              	_exit:
  75              		.fnstart
  76              	.LFB323:
  77              		.file 2 "../../modules/ChibiOS/os/various/cpp_wrappers/syscalls_cpp.cpp"
  78              		.loc 2 12 0
  79              		.cfi_startproc
  80              		@ args = 0, pretend = 0, frame = 8
  81              		@ frame_needed = 0, uses_anonymous_args = 0
  82 0000 00B5     		push	{lr}
  83              		.save {lr}
  84              		.cfi_def_cfa_offset 4
  85              		.cfi_offset 14, -4
  86              		.pad #12
  87 0002 83B0     		sub	sp, sp, #12
  88              		.cfi_def_cfa_offset 16
  89 0004 0190     		str	r0, [sp, #4]
  90              		.loc 2 14 0
  91 0006 0248     		ldr	r0, .L4
  92 0008 FFF7FEFF 		bl	_ZL11osalSysHaltPKc
  93              	.L3:
  94              		.loc 2 15 0 discriminator 1
  95 000c FEE7     		b	.L3
  96              	.L5:
  97 000e 00BF     		.align	2
  98              	.L4:
  99 0010 00000000 		.word	.LC0
 100              		.cfi_endproc
 101              	.LFE323:
 102              		.fnend
 103              		.size	_exit, .-_exit
 104              		.section	.text._kill,"ax",%progbits
 105              		.align	2
 106              		.p2align 4,,15
 107              		.global	_kill
 108              		.thumb
 109              		.thumb_func
 110              		.type	_kill, %function
 111              	_kill:
 112              		.fnstart
ARM GAS  /tmp/cckoY1of.s 			page 3


 113              	.LFB324:
 114              		.loc 2 20 0
 115              		.cfi_startproc
 116              		@ args = 0, pretend = 0, frame = 8
 117              		@ frame_needed = 0, uses_anonymous_args = 0
 118              		@ link register save eliminated.
 119 0000 82B0     		sub	sp, sp, #8
 120              		.cfi_def_cfa_offset 8
 121 0002 0190     		str	r0, [sp, #4]
 122 0004 0091     		str	r1, [sp]
 123              		.loc 2 23 0
 124 0006 044B     		ldr	r3, .L8
 125 0008 1622     		movs	r2, #22
 126 000a 1A60     		str	r2, [r3]
 127              		.loc 2 24 0
 128 000c 4FF0FF33 		mov	r3, #-1
 129              		.loc 2 25 0
 130 0010 1846     		mov	r0, r3
 131 0012 02B0     		add	sp, sp, #8
 132              		.cfi_def_cfa_offset 0
 133              		@ sp needed
 134 0014 7047     		bx	lr
 135              	.L9:
 136 0016 00BF     		.align	2
 137              	.L8:
 138 0018 00000000 		.word	errno
 139              		.cfi_endproc
 140              	.LFE324:
 141              		.cantunwind
 142              		.fnend
 143              		.size	_kill, .-_kill
 144              		.section	.text._open_r,"ax",%progbits
 145              		.align	2
 146              		.p2align 4,,15
 147              		.global	_open_r
 148              		.thumb
 149              		.thumb_func
 150              		.type	_open_r, %function
 151              	_open_r:
 152              		.fnstart
 153              	.LFB325:
 154              		.loc 2 27 0
 155              		.cfi_startproc
 156              		@ args = 0, pretend = 0, frame = 0
 157              		@ frame_needed = 0, uses_anonymous_args = 0
 158              		@ link register save eliminated.
 159              		.loc 2 28 0
 160 0000 00BF     		nop
 161              		.loc 2 29 0
 162 0002 7047     		bx	lr
 163              		.cfi_endproc
 164              	.LFE325:
 165              		.cantunwind
 166              		.fnend
 167              		.size	_open_r, .-_open_r
 168              		.section	.rodata
 169 000b 00       		.align	2
ARM GAS  /tmp/cckoY1of.s 			page 4


 170              	.LC1:
 171 000c 50757265 		.ascii	"Pure virtual function call.\000"
 171      20766972 
 171      7475616C 
 171      2066756E 
 171      6374696F 
 172              		.section	.text.__cxa_pure_virtual,"ax",%progbits
 173              		.align	2
 174              		.p2align 4,,15
 175              		.global	__cxa_pure_virtual
 176              		.thumb
 177              		.thumb_func
 178              		.type	__cxa_pure_virtual, %function
 179              	__cxa_pure_virtual:
 180              		.fnstart
 181              	.LFB326:
 182              		.loc 2 31 0
 183              		.cfi_startproc
 184              		@ args = 0, pretend = 0, frame = 0
 185              		@ frame_needed = 0, uses_anonymous_args = 0
 186 0000 08B5     		push	{r3, lr}
 187              		.save {r3, lr}
 188              		.cfi_def_cfa_offset 8
 189              		.cfi_offset 3, -8
 190              		.cfi_offset 14, -4
 191              		.loc 2 32 0
 192 0002 0248     		ldr	r0, .L13
 193 0004 FFF7FEFF 		bl	_ZL11osalSysHaltPKc
 194              		.loc 2 33 0
 195 0008 00BF     		nop
 196 000a 08BD     		pop	{r3, pc}
 197              	.L14:
 198              		.align	2
 199              	.L13:
 200 000c 0C000000 		.word	.LC1
 201              		.cfi_endproc
 202              	.LFE326:
 203              		.fnend
 204              		.size	__cxa_pure_virtual, .-__cxa_pure_virtual
 205              		.text
 206              	.Letext0:
 207              		.file 3 "/usr/include/newlib/machine/_default_types.h"
 208              		.file 4 "/usr/include/newlib/sys/_stdint.h"
 209              		.file 5 "../../modules/ChibiOS/os/common/ports/ARMCMx/compilers/GCC/chtypes.h"
 210              		.file 6 "../../modules/ChibiOS/os/rt/include/chsystypes.h"
 211              		.file 7 "../../modules/ChibiOS/os/rt/include/chschd.h"
 212              		.file 8 "../../modules/ChibiOS/os/rt/include/chtime.h"
 213              		.file 9 "../../modules/ChibiOS/os/common/ext/ST/STM32F4xx/stm32f4xx.h"
 214              		.file 10 "../../modules/ChibiOS/os/common/ports/ARMCMx/chcore.h"
 215              		.file 11 "../../modules/ChibiOS/os/common/ports/ARMCMx/chcore_v7m.h"
 216              		.file 12 "../../modules/ChibiOS/os/rt/include/chtm.h"
 217              		.file 13 "../../modules/ChibiOS/os/rt/include/chstats.h"
 218              		.file 14 "../../modules/ChibiOS/os/rt/include/chsem.h"
 219              		.file 15 "../../modules/ChibiOS/os/rt/include/chmtx.h"
 220              		.file 16 "../../modules/ChibiOS/os/common/ext/ARM/CMSIS/Core/Include/core_cm4.h"
 221              		.file 17 "../../modules/ChibiOS/os/various/cpp_wrappers/syscalls_cpp.hpp"
 222              		.section	.debug_info,"",%progbits
ARM GAS  /tmp/cckoY1of.s 			page 5


 223              	.Ldebug_info0:
 224 0000 FF080000 		.4byte	0x8ff
 225 0004 0400     		.2byte	0x4
 226 0006 00000000 		.4byte	.Ldebug_abbrev0
 227 000a 04       		.byte	0x4
 228 000b 01       		.uleb128 0x1
 229 000c DC010000 		.4byte	.LASF129
 230 0010 04       		.byte	0x4
 231 0011 7B040000 		.4byte	.LASF130
 232 0015 0A050000 		.4byte	.LASF131
 233 0019 00000000 		.4byte	.Ldebug_ranges0+0
 234 001d 00000000 		.4byte	0
 235 0021 00000000 		.4byte	.Ldebug_line0
 236 0025 02       		.uleb128 0x2
 237 0026 01       		.byte	0x1
 238 0027 06       		.byte	0x6
 239 0028 16010000 		.4byte	.LASF0
 240 002c 03       		.uleb128 0x3
 241 002d 48000000 		.4byte	.LASF4
 242 0031 03       		.byte	0x3
 243 0032 1D       		.byte	0x1d
 244 0033 37000000 		.4byte	0x37
 245 0037 02       		.uleb128 0x2
 246 0038 01       		.byte	0x1
 247 0039 08       		.byte	0x8
 248 003a 6D040000 		.4byte	.LASF1
 249 003e 02       		.uleb128 0x2
 250 003f 02       		.byte	0x2
 251 0040 05       		.byte	0x5
 252 0041 BA040000 		.4byte	.LASF2
 253 0045 02       		.uleb128 0x2
 254 0046 02       		.byte	0x2
 255 0047 07       		.byte	0x7
 256 0048 0E060000 		.4byte	.LASF3
 257 004c 03       		.uleb128 0x3
 258 004d 56030000 		.4byte	.LASF5
 259 0051 03       		.byte	0x3
 260 0052 3F       		.byte	0x3f
 261 0053 57000000 		.4byte	0x57
 262 0057 02       		.uleb128 0x2
 263 0058 04       		.byte	0x4
 264 0059 05       		.byte	0x5
 265 005a 38010000 		.4byte	.LASF6
 266 005e 03       		.uleb128 0x3
 267 005f 6E010000 		.4byte	.LASF7
 268 0063 03       		.byte	0x3
 269 0064 41       		.byte	0x41
 270 0065 69000000 		.4byte	0x69
 271 0069 02       		.uleb128 0x2
 272 006a 04       		.byte	0x4
 273 006b 07       		.byte	0x7
 274 006c 85050000 		.4byte	.LASF8
 275 0070 02       		.uleb128 0x2
 276 0071 08       		.byte	0x8
 277 0072 05       		.byte	0x5
 278 0073 08010000 		.4byte	.LASF9
 279 0077 03       		.uleb128 0x3
ARM GAS  /tmp/cckoY1of.s 			page 6


 280 0078 1B040000 		.4byte	.LASF10
 281 007c 03       		.byte	0x3
 282 007d 5B       		.byte	0x5b
 283 007e 82000000 		.4byte	0x82
 284 0082 02       		.uleb128 0x2
 285 0083 08       		.byte	0x8
 286 0084 07       		.byte	0x7
 287 0085 A4000000 		.4byte	.LASF11
 288 0089 04       		.uleb128 0x4
 289 008a 04       		.byte	0x4
 290 008b 05       		.byte	0x5
 291 008c 696E7400 		.ascii	"int\000"
 292 0090 02       		.uleb128 0x2
 293 0091 04       		.byte	0x4
 294 0092 07       		.byte	0x7
 295 0093 B6010000 		.4byte	.LASF12
 296 0097 03       		.uleb128 0x3
 297 0098 6B060000 		.4byte	.LASF13
 298 009c 04       		.byte	0x4
 299 009d 18       		.byte	0x18
 300 009e 2C000000 		.4byte	0x2c
 301 00a2 03       		.uleb128 0x3
 302 00a3 65040000 		.4byte	.LASF14
 303 00a7 04       		.byte	0x4
 304 00a8 2C       		.byte	0x2c
 305 00a9 4C000000 		.4byte	0x4c
 306 00ad 03       		.uleb128 0x3
 307 00ae 29060000 		.4byte	.LASF15
 308 00b2 04       		.byte	0x4
 309 00b3 30       		.byte	0x30
 310 00b4 5E000000 		.4byte	0x5e
 311 00b8 03       		.uleb128 0x3
 312 00b9 32000000 		.4byte	.LASF16
 313 00bd 04       		.byte	0x4
 314 00be 3C       		.byte	0x3c
 315 00bf 77000000 		.4byte	0x77
 316 00c3 02       		.uleb128 0x2
 317 00c4 08       		.byte	0x8
 318 00c5 04       		.byte	0x4
 319 00c6 CF050000 		.4byte	.LASF17
 320 00ca 05       		.uleb128 0x5
 321 00cb 60030000 		.4byte	.LASF132
 322 00cf 03       		.uleb128 0x3
 323 00d0 21060000 		.4byte	.LASF18
 324 00d4 05       		.byte	0x5
 325 00d5 27       		.byte	0x27
 326 00d6 AD000000 		.4byte	0xad
 327 00da 03       		.uleb128 0x3
 328 00db FF000000 		.4byte	.LASF19
 329 00df 05       		.byte	0x5
 330 00e0 28       		.byte	0x28
 331 00e1 B8000000 		.4byte	0xb8
 332 00e5 03       		.uleb128 0x3
 333 00e6 24030000 		.4byte	.LASF20
 334 00ea 05       		.byte	0x5
 335 00eb 2A       		.byte	0x2a
 336 00ec 97000000 		.4byte	0x97
ARM GAS  /tmp/cckoY1of.s 			page 7


 337 00f0 03       		.uleb128 0x3
 338 00f1 48010000 		.4byte	.LASF21
 339 00f5 05       		.byte	0x5
 340 00f6 2B       		.byte	0x2b
 341 00f7 97000000 		.4byte	0x97
 342 00fb 03       		.uleb128 0x3
 343 00fc 31040000 		.4byte	.LASF22
 344 0100 05       		.byte	0x5
 345 0101 2C       		.byte	0x2c
 346 0102 97000000 		.4byte	0x97
 347 0106 03       		.uleb128 0x3
 348 0107 54040000 		.4byte	.LASF23
 349 010b 05       		.byte	0x5
 350 010c 2E       		.byte	0x2e
 351 010d AD000000 		.4byte	0xad
 352 0111 03       		.uleb128 0x3
 353 0112 F9020000 		.4byte	.LASF24
 354 0116 05       		.byte	0x5
 355 0117 2F       		.byte	0x2f
 356 0118 A2000000 		.4byte	0xa2
 357 011c 03       		.uleb128 0x3
 358 011d 4A030000 		.4byte	.LASF25
 359 0121 05       		.byte	0x5
 360 0122 31       		.byte	0x31
 361 0123 AD000000 		.4byte	0xad
 362 0127 03       		.uleb128 0x3
 363 0128 B0010000 		.4byte	.LASF26
 364 012c 05       		.byte	0x5
 365 012d 33       		.byte	0x33
 366 012e A2000000 		.4byte	0xa2
 367 0132 03       		.uleb128 0x3
 368 0133 04030000 		.4byte	.LASF27
 369 0137 05       		.byte	0x5
 370 0138 34       		.byte	0x34
 371 0139 AD000000 		.4byte	0xad
 372 013d 03       		.uleb128 0x3
 373 013e C1050000 		.4byte	.LASF28
 374 0142 06       		.byte	0x6
 375 0143 34       		.byte	0x34
 376 0144 48010000 		.4byte	0x148
 377 0148 06       		.uleb128 0x6
 378 0149 EF020000 		.4byte	.LASF55
 379 014d 60       		.byte	0x60
 380 014e 07       		.byte	0x7
 381 014f 8E       		.byte	0x8e
 382 0150 95020000 		.4byte	0x295
 383 0154 07       		.uleb128 0x7
 384 0155 04       		.byte	0x4
 385 0156 07       		.byte	0x7
 386 0157 C6       		.byte	0xc6
 387 0158 B6010000 		.4byte	0x1b6
 388 015c 08       		.uleb128 0x8
 389 015d E5040000 		.4byte	.LASF29
 390 0161 07       		.byte	0x7
 391 0162 CD       		.byte	0xcd
 392 0163 11010000 		.4byte	0x111
 393 0167 08       		.uleb128 0x8
ARM GAS  /tmp/cckoY1of.s 			page 8


 394 0168 BB000000 		.4byte	.LASF30
 395 016c 07       		.byte	0x7
 396 016d D4       		.byte	0xd4
 397 016e 11010000 		.4byte	0x111
 398 0172 08       		.uleb128 0x8
 399 0173 92060000 		.4byte	.LASF31
 400 0177 07       		.byte	0x7
 401 0178 DB       		.byte	0xdb
 402 0179 7D030000 		.4byte	0x37d
 403 017d 08       		.uleb128 0x8
 404 017e 1B000000 		.4byte	.LASF32
 405 0182 07       		.byte	0x7
 406 0183 E2       		.byte	0xe2
 407 0184 85070000 		.4byte	0x785
 408 0188 08       		.uleb128 0x8
 409 0189 CF000000 		.4byte	.LASF33
 410 018d 07       		.byte	0x7
 411 018e E7       		.byte	0xe7
 412 018f 11010000 		.4byte	0x111
 413 0193 08       		.uleb128 0x8
 414 0194 C3010000 		.4byte	.LASF34
 415 0198 07       		.byte	0x7
 416 0199 F0       		.byte	0xf0
 417 019a B0070000 		.4byte	0x7b0
 418 019e 08       		.uleb128 0x8
 419 019f 4D050000 		.4byte	.LASF35
 420 01a3 07       		.byte	0x7
 421 01a4 F9       		.byte	0xf9
 422 01a5 E7070000 		.4byte	0x7e7
 423 01a9 09       		.uleb128 0x9
 424 01aa CD040000 		.4byte	.LASF36
 425 01ae 07       		.byte	0x7
 426 01af 0101     		.2byte	0x101
 427 01b1 1C010000 		.4byte	0x11c
 428 01b5 00       		.byte	0
 429 01b6 0A       		.uleb128 0xa
 430 01b7 D0010000 		.4byte	.LASF37
 431 01bb 07       		.byte	0x7
 432 01bc 8F       		.byte	0x8f
 433 01bd CA020000 		.4byte	0x2ca
 434 01c1 00       		.byte	0
 435 01c2 0A       		.uleb128 0xa
 436 01c3 0E040000 		.4byte	.LASF38
 437 01c7 07       		.byte	0x7
 438 01c8 90       		.byte	0x90
 439 01c9 06010000 		.4byte	0x106
 440 01cd 08       		.byte	0x8
 441 01ce 0B       		.uleb128 0xb
 442 01cf 63747800 		.ascii	"ctx\000"
 443 01d3 07       		.byte	0x7
 444 01d4 91       		.byte	0x91
 445 01d5 5D050000 		.4byte	0x55d
 446 01d9 0C       		.byte	0xc
 447 01da 0A       		.uleb128 0xa
 448 01db 83030000 		.4byte	.LASF39
 449 01df 07       		.byte	0x7
 450 01e0 93       		.byte	0x93
ARM GAS  /tmp/cckoY1of.s 			page 9


 451 01e1 A0020000 		.4byte	0x2a0
 452 01e5 10       		.byte	0x10
 453 01e6 0A       		.uleb128 0xa
 454 01e7 AF050000 		.4byte	.LASF40
 455 01eb 07       		.byte	0x7
 456 01ec 94       		.byte	0x94
 457 01ed A0020000 		.4byte	0x2a0
 458 01f1 14       		.byte	0x14
 459 01f2 0A       		.uleb128 0xa
 460 01f3 EA020000 		.4byte	.LASF41
 461 01f7 07       		.byte	0x7
 462 01f8 9B       		.byte	0x9b
 463 01f9 ED070000 		.4byte	0x7ed
 464 01fd 18       		.byte	0x18
 465 01fe 0A       		.uleb128 0xa
 466 01ff 97050000 		.4byte	.LASF42
 467 0203 07       		.byte	0x7
 468 0204 A4       		.byte	0xa4
 469 0205 FF070000 		.4byte	0x7ff
 470 0209 1C       		.byte	0x1c
 471 020a 0A       		.uleb128 0xa
 472 020b 32010000 		.4byte	.LASF43
 473 020f 07       		.byte	0x7
 474 0210 A9       		.byte	0xa9
 475 0211 F0000000 		.4byte	0xf0
 476 0215 20       		.byte	0x20
 477 0216 0A       		.uleb128 0xa
 478 0217 7B060000 		.4byte	.LASF44
 479 021b 07       		.byte	0x7
 480 021c AD       		.byte	0xad
 481 021d E5000000 		.4byte	0xe5
 482 0221 21       		.byte	0x21
 483 0222 0A       		.uleb128 0xa
 484 0223 39040000 		.4byte	.LASF45
 485 0227 07       		.byte	0x7
 486 0228 B2       		.byte	0xb2
 487 0229 FB000000 		.4byte	0xfb
 488 022d 22       		.byte	0x22
 489 022e 0C       		.uleb128 0xc
 490 022f 7500     		.ascii	"u\000"
 491 0231 07       		.byte	0x7
 492 0232 0301     		.2byte	0x103
 493 0234 54010000 		.4byte	0x154
 494 0238 24       		.byte	0x24
 495 0239 0D       		.uleb128 0xd
 496 023a 92010000 		.4byte	.LASF46
 497 023e 07       		.byte	0x7
 498 023f 0801     		.2byte	0x108
 499 0241 A6020000 		.4byte	0x2a6
 500 0245 28       		.byte	0x28
 501 0246 0D       		.uleb128 0xd
 502 0247 29010000 		.4byte	.LASF47
 503 024b 07       		.byte	0x7
 504 024c 0E01     		.2byte	0x10e
 505 024e CA020000 		.4byte	0x2ca
 506 0252 2C       		.byte	0x2c
 507 0253 0D       		.uleb128 0xd
ARM GAS  /tmp/cckoY1of.s 			page 10


 508 0254 42060000 		.4byte	.LASF48
 509 0258 07       		.byte	0x7
 510 0259 1401     		.2byte	0x114
 511 025b 1C010000 		.4byte	0x11c
 512 025f 34       		.byte	0x34
 513 0260 0D       		.uleb128 0xd
 514 0261 A8060000 		.4byte	.LASF49
 515 0265 07       		.byte	0x7
 516 0266 1B01     		.2byte	0x11b
 517 0268 E7070000 		.4byte	0x7e7
 518 026c 38       		.byte	0x38
 519 026d 0D       		.uleb128 0xd
 520 026e 89030000 		.4byte	.LASF50
 521 0272 07       		.byte	0x7
 522 0273 1F01     		.2byte	0x11f
 523 0275 06010000 		.4byte	0x106
 524 0279 3C       		.byte	0x3c
 525 027a 0D       		.uleb128 0xd
 526 027b D6010000 		.4byte	.LASF51
 527 027f 07       		.byte	0x7
 528 0280 2601     		.2byte	0x126
 529 0282 7D030000 		.4byte	0x37d
 530 0286 40       		.byte	0x40
 531 0287 0D       		.uleb128 0xd
 532 0288 56010000 		.4byte	.LASF52
 533 028c 07       		.byte	0x7
 534 028d 2C01     		.2byte	0x12c
 535 028f 32070000 		.4byte	0x732
 536 0293 48       		.byte	0x48
 537 0294 00       		.byte	0
 538 0295 03       		.uleb128 0x3
 539 0296 9B030000 		.4byte	.LASF53
 540 029a 06       		.byte	0x6
 541 029b 39       		.byte	0x39
 542 029c A0020000 		.4byte	0x2a0
 543 02a0 0E       		.uleb128 0xe
 544 02a1 04       		.byte	0x4
 545 02a2 3D010000 		.4byte	0x13d
 546 02a6 03       		.uleb128 0x3
 547 02a7 99060000 		.4byte	.LASF54
 548 02ab 06       		.byte	0x6
 549 02ac 3E       		.byte	0x3e
 550 02ad B1020000 		.4byte	0x2b1
 551 02b1 06       		.uleb128 0x6
 552 02b2 54050000 		.4byte	.LASF56
 553 02b6 04       		.byte	0x4
 554 02b7 07       		.byte	0x7
 555 02b8 7C       		.byte	0x7c
 556 02b9 CA020000 		.4byte	0x2ca
 557 02bd 0A       		.uleb128 0xa
 558 02be FA000000 		.4byte	.LASF57
 559 02c2 07       		.byte	0x7
 560 02c3 7D       		.byte	0x7d
 561 02c4 A0020000 		.4byte	0x2a0
 562 02c8 00       		.byte	0
 563 02c9 00       		.byte	0
 564 02ca 03       		.uleb128 0x3
ARM GAS  /tmp/cckoY1of.s 			page 11


 565 02cb 32060000 		.4byte	.LASF58
 566 02cf 06       		.byte	0x6
 567 02d0 45       		.byte	0x45
 568 02d1 D5020000 		.4byte	0x2d5
 569 02d5 06       		.uleb128 0x6
 570 02d6 63000000 		.4byte	.LASF59
 571 02da 08       		.byte	0x8
 572 02db 07       		.byte	0x7
 573 02dc 83       		.byte	0x83
 574 02dd FA020000 		.4byte	0x2fa
 575 02e1 0A       		.uleb128 0xa
 576 02e2 FA000000 		.4byte	.LASF57
 577 02e6 07       		.byte	0x7
 578 02e7 84       		.byte	0x84
 579 02e8 A0020000 		.4byte	0x2a0
 580 02ec 00       		.byte	0
 581 02ed 0A       		.uleb128 0xa
 582 02ee 52000000 		.4byte	.LASF60
 583 02f2 07       		.byte	0x7
 584 02f3 85       		.byte	0x85
 585 02f4 A0020000 		.4byte	0x2a0
 586 02f8 04       		.byte	0x4
 587 02f9 00       		.byte	0
 588 02fa 03       		.uleb128 0x3
 589 02fb 00000000 		.4byte	.LASF61
 590 02ff 06       		.byte	0x6
 591 0300 4C       		.byte	0x4c
 592 0301 05030000 		.4byte	0x305
 593 0305 0F       		.uleb128 0xf
 594 0306 3C030000 		.4byte	.LASF62
 595 030a 1C       		.byte	0x1c
 596 030b 07       		.byte	0x7
 597 030c 5E01     		.2byte	0x15e
 598 030e 61030000 		.4byte	0x361
 599 0312 0D       		.uleb128 0xd
 600 0313 D0010000 		.4byte	.LASF37
 601 0317 07       		.byte	0x7
 602 0318 5F01     		.2byte	0x15f
 603 031a CA020000 		.4byte	0x2ca
 604 031e 00       		.byte	0
 605 031f 0D       		.uleb128 0xd
 606 0320 0E040000 		.4byte	.LASF38
 607 0324 07       		.byte	0x7
 608 0325 6001     		.2byte	0x160
 609 0327 06010000 		.4byte	0x106
 610 032b 08       		.byte	0x8
 611 032c 0C       		.uleb128 0xc
 612 032d 63747800 		.ascii	"ctx\000"
 613 0331 07       		.byte	0x7
 614 0332 6201     		.2byte	0x162
 615 0334 5D050000 		.4byte	0x55d
 616 0338 0C       		.byte	0xc
 617 0339 0D       		.uleb128 0xd
 618 033a 83030000 		.4byte	.LASF39
 619 033e 07       		.byte	0x7
 620 033f 6501     		.2byte	0x165
 621 0341 A0020000 		.4byte	0x2a0
ARM GAS  /tmp/cckoY1of.s 			page 12


 622 0345 10       		.byte	0x10
 623 0346 0D       		.uleb128 0xd
 624 0347 AF050000 		.4byte	.LASF40
 625 034b 07       		.byte	0x7
 626 034c 6601     		.2byte	0x166
 627 034e A0020000 		.4byte	0x2a0
 628 0352 14       		.byte	0x14
 629 0353 0D       		.uleb128 0xd
 630 0354 13040000 		.4byte	.LASF63
 631 0358 07       		.byte	0x7
 632 0359 6901     		.2byte	0x169
 633 035b A0020000 		.4byte	0x2a0
 634 035f 18       		.byte	0x18
 635 0360 00       		.byte	0
 636 0361 03       		.uleb128 0x3
 637 0362 E5050000 		.4byte	.LASF64
 638 0366 06       		.byte	0x6
 639 0367 51       		.byte	0x51
 640 0368 6C030000 		.4byte	0x36c
 641 036c 0E       		.uleb128 0xe
 642 036d 04       		.byte	0x4
 643 036e 72030000 		.4byte	0x372
 644 0372 10       		.uleb128 0x10
 645 0373 7D030000 		.4byte	0x37d
 646 0377 11       		.uleb128 0x11
 647 0378 7D030000 		.4byte	0x37d
 648 037c 00       		.byte	0
 649 037d 12       		.uleb128 0x12
 650 037e 04       		.byte	0x4
 651 037f 03       		.uleb128 0x3
 652 0380 3E040000 		.4byte	.LASF65
 653 0384 06       		.byte	0x6
 654 0385 56       		.byte	0x56
 655 0386 8A030000 		.4byte	0x38a
 656 038a 0F       		.uleb128 0xf
 657 038b EC040000 		.4byte	.LASF66
 658 038f 14       		.byte	0x14
 659 0390 07       		.byte	0x7
 660 0391 3901     		.2byte	0x139
 661 0393 D9030000 		.4byte	0x3d9
 662 0397 0D       		.uleb128 0xd
 663 0398 FA000000 		.4byte	.LASF57
 664 039c 07       		.byte	0x7
 665 039d 3A01     		.2byte	0x13a
 666 039f 05080000 		.4byte	0x805
 667 03a3 00       		.byte	0
 668 03a4 0D       		.uleb128 0xd
 669 03a5 52000000 		.4byte	.LASF60
 670 03a9 07       		.byte	0x7
 671 03aa 3B01     		.2byte	0x13b
 672 03ac 05080000 		.4byte	0x805
 673 03b0 04       		.byte	0x4
 674 03b1 0D       		.uleb128 0xd
 675 03b2 21000000 		.4byte	.LASF67
 676 03b6 07       		.byte	0x7
 677 03b7 3C01     		.2byte	0x13c
 678 03b9 BD040000 		.4byte	0x4bd
ARM GAS  /tmp/cckoY1of.s 			page 13


 679 03bd 08       		.byte	0x8
 680 03be 0D       		.uleb128 0xd
 681 03bf 51010000 		.4byte	.LASF68
 682 03c3 07       		.byte	0x7
 683 03c4 3D01     		.2byte	0x13d
 684 03c6 61030000 		.4byte	0x361
 685 03ca 0C       		.byte	0xc
 686 03cb 0C       		.uleb128 0xc
 687 03cc 70617200 		.ascii	"par\000"
 688 03d0 07       		.byte	0x7
 689 03d1 3F01     		.2byte	0x13f
 690 03d3 7D030000 		.4byte	0x37d
 691 03d7 10       		.byte	0x10
 692 03d8 00       		.byte	0
 693 03d9 03       		.uleb128 0x3
 694 03da D7000000 		.4byte	.LASF69
 695 03de 06       		.byte	0x6
 696 03df 5B       		.byte	0x5b
 697 03e0 E4030000 		.4byte	0x3e4
 698 03e4 0F       		.uleb128 0xf
 699 03e5 AE030000 		.4byte	.LASF70
 700 03e9 10       		.byte	0x10
 701 03ea 07       		.byte	0x7
 702 03eb 4901     		.2byte	0x149
 703 03ed 26040000 		.4byte	0x426
 704 03f1 0D       		.uleb128 0xd
 705 03f2 FA000000 		.4byte	.LASF57
 706 03f6 07       		.byte	0x7
 707 03f7 4A01     		.2byte	0x14a
 708 03f9 05080000 		.4byte	0x805
 709 03fd 00       		.byte	0
 710 03fe 0D       		.uleb128 0xd
 711 03ff 52000000 		.4byte	.LASF60
 712 0403 07       		.byte	0x7
 713 0404 4C01     		.2byte	0x14c
 714 0406 05080000 		.4byte	0x805
 715 040a 04       		.byte	0x4
 716 040b 0D       		.uleb128 0xd
 717 040c 21000000 		.4byte	.LASF67
 718 0410 07       		.byte	0x7
 719 0411 4E01     		.2byte	0x14e
 720 0413 BD040000 		.4byte	0x4bd
 721 0417 08       		.byte	0x8
 722 0418 0D       		.uleb128 0xd
 723 0419 C4040000 		.4byte	.LASF71
 724 041d 07       		.byte	0x7
 725 041e 5601     		.2byte	0x156
 726 0420 B2040000 		.4byte	0x4b2
 727 0424 0C       		.byte	0xc
 728 0425 00       		.byte	0
 729 0426 03       		.uleb128 0x3
 730 0427 74000000 		.4byte	.LASF72
 731 042b 06       		.byte	0x6
 732 042c 60       		.byte	0x60
 733 042d 31040000 		.4byte	0x431
 734 0431 0F       		.uleb128 0xf
 735 0432 82010000 		.4byte	.LASF73
ARM GAS  /tmp/cckoY1of.s 			page 14


 736 0436 04       		.byte	0x4
 737 0437 07       		.byte	0x7
 738 0438 7001     		.2byte	0x170
 739 043a 4C040000 		.4byte	0x44c
 740 043e 0D       		.uleb128 0xd
 741 043f EE050000 		.4byte	.LASF74
 742 0443 07       		.byte	0x7
 743 0444 7801     		.2byte	0x178
 744 0446 0B080000 		.4byte	0x80b
 745 044a 00       		.byte	0
 746 044b 00       		.byte	0
 747 044c 03       		.uleb128 0x3
 748 044d 18030000 		.4byte	.LASF75
 749 0451 06       		.byte	0x6
 750 0452 65       		.byte	0x65
 751 0453 57040000 		.4byte	0x457
 752 0457 0F       		.uleb128 0xf
 753 0458 D4040000 		.4byte	.LASF76
 754 045c D0       		.byte	0xd0
 755 045d 07       		.byte	0x7
 756 045e 9001     		.2byte	0x190
 757 0460 B2040000 		.4byte	0x4b2
 758 0464 0D       		.uleb128 0xd
 759 0465 65060000 		.4byte	.LASF77
 760 0469 07       		.byte	0x7
 761 046a 9401     		.2byte	0x194
 762 046c FA020000 		.4byte	0x2fa
 763 0470 00       		.byte	0
 764 0471 0D       		.uleb128 0xd
 765 0472 22010000 		.4byte	.LASF78
 766 0476 07       		.byte	0x7
 767 0477 9801     		.2byte	0x198
 768 0479 D9030000 		.4byte	0x3d9
 769 047d 1C       		.byte	0x1c
 770 047e 0C       		.uleb128 0xc
 771 047f 64626700 		.ascii	"dbg\000"
 772 0483 07       		.byte	0x7
 773 0484 9C01     		.2byte	0x19c
 774 0486 26040000 		.4byte	0x426
 775 048a 2C       		.byte	0x2c
 776 048b 0D       		.uleb128 0xd
 777 048c C4000000 		.4byte	.LASF79
 778 0490 07       		.byte	0x7
 779 0491 A001     		.2byte	0x1a0
 780 0493 3D010000 		.4byte	0x13d
 781 0497 30       		.byte	0x30
 782 0498 0C       		.uleb128 0xc
 783 0499 746D00   		.ascii	"tm\000"
 784 049c 07       		.byte	0x7
 785 049d A501     		.2byte	0x1a5
 786 049f E0060000 		.4byte	0x6e0
 787 04a3 90       		.byte	0x90
 788 04a4 0D       		.uleb128 0xd
 789 04a5 3B000000 		.4byte	.LASF80
 790 04a9 07       		.byte	0x7
 791 04aa AB01     		.2byte	0x1ab
 792 04ac 7A070000 		.4byte	0x77a
ARM GAS  /tmp/cckoY1of.s 			page 15


 793 04b0 98       		.byte	0x98
 794 04b1 00       		.byte	0
 795 04b2 03       		.uleb128 0x3
 796 04b3 DB050000 		.4byte	.LASF81
 797 04b7 08       		.byte	0x8
 798 04b8 6D       		.byte	0x6d
 799 04b9 AD000000 		.4byte	0xad
 800 04bd 03       		.uleb128 0x3
 801 04be A2010000 		.4byte	.LASF82
 802 04c2 08       		.byte	0x8
 803 04c3 79       		.byte	0x79
 804 04c4 AD000000 		.4byte	0xad
 805 04c8 02       		.uleb128 0x2
 806 04c9 04       		.byte	0x4
 807 04ca 07       		.byte	0x7
 808 04cb 92030000 		.4byte	.LASF83
 809 04cf 13       		.uleb128 0x13
 810 04d0 01       		.byte	0x1
 811 04d1 37000000 		.4byte	0x37
 812 04d5 09       		.byte	0x9
 813 04d6 CC       		.byte	0xcc
 814 04d7 0B030000 		.4byte	.LASF86
 815 04db EC040000 		.4byte	0x4ec
 816 04df 14       		.uleb128 0x14
 817 04e0 4E040000 		.4byte	.LASF84
 818 04e4 00       		.byte	0
 819 04e5 15       		.uleb128 0x15
 820 04e6 53455400 		.ascii	"SET\000"
 821 04ea 01       		.byte	0x1
 822 04eb 00       		.byte	0
 823 04ec 03       		.uleb128 0x3
 824 04ed 27000000 		.4byte	.LASF85
 825 04f1 09       		.byte	0x9
 826 04f2 CF       		.byte	0xcf
 827 04f3 CF040000 		.4byte	0x4cf
 828 04f7 13       		.uleb128 0x13
 829 04f8 01       		.byte	0x1
 830 04f9 37000000 		.4byte	0x37
 831 04fd 09       		.byte	0x9
 832 04fe D2       		.byte	0xd2
 833 04ff 5C010000 		.4byte	.LASF87
 834 0503 14050000 		.4byte	0x514
 835 0507 14       		.uleb128 0x14
 836 0508 89000000 		.4byte	.LASF88
 837 050c 00       		.byte	0
 838 050d 14       		.uleb128 0x14
 839 050e 41010000 		.4byte	.LASF89
 840 0512 01       		.byte	0x1
 841 0513 00       		.byte	0
 842 0514 03       		.uleb128 0x3
 843 0515 ED030000 		.4byte	.LASF90
 844 0519 09       		.byte	0x9
 845 051a D5       		.byte	0xd5
 846 051b F7040000 		.4byte	0x4f7
 847 051f 13       		.uleb128 0x13
 848 0520 01       		.byte	0x1
 849 0521 37000000 		.4byte	0x37
ARM GAS  /tmp/cckoY1of.s 			page 16


 850 0525 09       		.byte	0x9
 851 0526 D9       		.byte	0xd9
 852 0527 0D000000 		.4byte	.LASF91
 853 052b 3C050000 		.4byte	0x53c
 854 052f 14       		.uleb128 0x14
 855 0530 C5030000 		.4byte	.LASF92
 856 0534 00       		.byte	0
 857 0535 14       		.uleb128 0x14
 858 0536 73060000 		.4byte	.LASF93
 859 053a 01       		.byte	0x1
 860 053b 00       		.byte	0
 861 053c 03       		.uleb128 0x3
 862 053d B5050000 		.4byte	.LASF94
 863 0541 09       		.byte	0x9
 864 0542 DC       		.byte	0xdc
 865 0543 1F050000 		.4byte	0x51f
 866 0547 03       		.uleb128 0x3
 867 0548 79010000 		.4byte	.LASF95
 868 054c 0A       		.byte	0xa
 869 054d 65       		.byte	0x65
 870 054e 7D030000 		.4byte	0x37d
 871 0552 03       		.uleb128 0x3
 872 0553 78030000 		.4byte	.LASF96
 873 0557 0A       		.byte	0xa
 874 0558 6D       		.byte	0x6d
 875 0559 B8000000 		.4byte	0xb8
 876 055d 06       		.uleb128 0x6
 877 055e E0030000 		.4byte	.LASF97
 878 0562 04       		.byte	0x4
 879 0563 0A       		.byte	0xa
 880 0564 89       		.byte	0x89
 881 0565 75050000 		.4byte	0x575
 882 0569 0B       		.uleb128 0xb
 883 056a 737000   		.ascii	"sp\000"
 884 056d 0A       		.byte	0xa
 885 056e 8A       		.byte	0x8a
 886 056f C1060000 		.4byte	0x6c1
 887 0573 00       		.byte	0
 888 0574 00       		.byte	0
 889 0575 0F       		.uleb128 0xf
 890 0576 57000000 		.4byte	.LASF98
 891 057a 64       		.byte	0x64
 892 057b 0B       		.byte	0xb
 893 057c 5901     		.2byte	0x159
 894 057e C1060000 		.4byte	0x6c1
 895 0582 0C       		.uleb128 0xc
 896 0583 73313600 		.ascii	"s16\000"
 897 0587 0B       		.byte	0xb
 898 0588 5B01     		.2byte	0x15b
 899 058a 47050000 		.4byte	0x547
 900 058e 00       		.byte	0
 901 058f 0C       		.uleb128 0xc
 902 0590 73313700 		.ascii	"s17\000"
 903 0594 0B       		.byte	0xb
 904 0595 5C01     		.2byte	0x15c
 905 0597 47050000 		.4byte	0x547
 906 059b 04       		.byte	0x4
ARM GAS  /tmp/cckoY1of.s 			page 17


 907 059c 0C       		.uleb128 0xc
 908 059d 73313800 		.ascii	"s18\000"
 909 05a1 0B       		.byte	0xb
 910 05a2 5D01     		.2byte	0x15d
 911 05a4 47050000 		.4byte	0x547
 912 05a8 08       		.byte	0x8
 913 05a9 0C       		.uleb128 0xc
 914 05aa 73313900 		.ascii	"s19\000"
 915 05ae 0B       		.byte	0xb
 916 05af 5E01     		.2byte	0x15e
 917 05b1 47050000 		.4byte	0x547
 918 05b5 0C       		.byte	0xc
 919 05b6 0C       		.uleb128 0xc
 920 05b7 73323000 		.ascii	"s20\000"
 921 05bb 0B       		.byte	0xb
 922 05bc 5F01     		.2byte	0x15f
 923 05be 47050000 		.4byte	0x547
 924 05c2 10       		.byte	0x10
 925 05c3 0C       		.uleb128 0xc
 926 05c4 73323100 		.ascii	"s21\000"
 927 05c8 0B       		.byte	0xb
 928 05c9 6001     		.2byte	0x160
 929 05cb 47050000 		.4byte	0x547
 930 05cf 14       		.byte	0x14
 931 05d0 0C       		.uleb128 0xc
 932 05d1 73323200 		.ascii	"s22\000"
 933 05d5 0B       		.byte	0xb
 934 05d6 6101     		.2byte	0x161
 935 05d8 47050000 		.4byte	0x547
 936 05dc 18       		.byte	0x18
 937 05dd 0C       		.uleb128 0xc
 938 05de 73323300 		.ascii	"s23\000"
 939 05e2 0B       		.byte	0xb
 940 05e3 6201     		.2byte	0x162
 941 05e5 47050000 		.4byte	0x547
 942 05e9 1C       		.byte	0x1c
 943 05ea 0C       		.uleb128 0xc
 944 05eb 73323400 		.ascii	"s24\000"
 945 05ef 0B       		.byte	0xb
 946 05f0 6301     		.2byte	0x163
 947 05f2 47050000 		.4byte	0x547
 948 05f6 20       		.byte	0x20
 949 05f7 0C       		.uleb128 0xc
 950 05f8 73323500 		.ascii	"s25\000"
 951 05fc 0B       		.byte	0xb
 952 05fd 6401     		.2byte	0x164
 953 05ff 47050000 		.4byte	0x547
 954 0603 24       		.byte	0x24
 955 0604 0C       		.uleb128 0xc
 956 0605 73323600 		.ascii	"s26\000"
 957 0609 0B       		.byte	0xb
 958 060a 6501     		.2byte	0x165
 959 060c 47050000 		.4byte	0x547
 960 0610 28       		.byte	0x28
 961 0611 0C       		.uleb128 0xc
 962 0612 73323700 		.ascii	"s27\000"
 963 0616 0B       		.byte	0xb
ARM GAS  /tmp/cckoY1of.s 			page 18


 964 0617 6601     		.2byte	0x166
 965 0619 47050000 		.4byte	0x547
 966 061d 2C       		.byte	0x2c
 967 061e 0C       		.uleb128 0xc
 968 061f 73323800 		.ascii	"s28\000"
 969 0623 0B       		.byte	0xb
 970 0624 6701     		.2byte	0x167
 971 0626 47050000 		.4byte	0x547
 972 062a 30       		.byte	0x30
 973 062b 0C       		.uleb128 0xc
 974 062c 73323900 		.ascii	"s29\000"
 975 0630 0B       		.byte	0xb
 976 0631 6801     		.2byte	0x168
 977 0633 47050000 		.4byte	0x547
 978 0637 34       		.byte	0x34
 979 0638 0C       		.uleb128 0xc
 980 0639 73333000 		.ascii	"s30\000"
 981 063d 0B       		.byte	0xb
 982 063e 6901     		.2byte	0x169
 983 0640 47050000 		.4byte	0x547
 984 0644 38       		.byte	0x38
 985 0645 0C       		.uleb128 0xc
 986 0646 73333100 		.ascii	"s31\000"
 987 064a 0B       		.byte	0xb
 988 064b 6A01     		.2byte	0x16a
 989 064d 47050000 		.4byte	0x547
 990 0651 3C       		.byte	0x3c
 991 0652 0C       		.uleb128 0xc
 992 0653 723400   		.ascii	"r4\000"
 993 0656 0B       		.byte	0xb
 994 0657 6C01     		.2byte	0x16c
 995 0659 47050000 		.4byte	0x547
 996 065d 40       		.byte	0x40
 997 065e 0C       		.uleb128 0xc
 998 065f 723500   		.ascii	"r5\000"
 999 0662 0B       		.byte	0xb
 1000 0663 6D01     		.2byte	0x16d
 1001 0665 47050000 		.4byte	0x547
 1002 0669 44       		.byte	0x44
 1003 066a 0C       		.uleb128 0xc
 1004 066b 723600   		.ascii	"r6\000"
 1005 066e 0B       		.byte	0xb
 1006 066f 6E01     		.2byte	0x16e
 1007 0671 47050000 		.4byte	0x547
 1008 0675 48       		.byte	0x48
 1009 0676 0C       		.uleb128 0xc
 1010 0677 723700   		.ascii	"r7\000"
 1011 067a 0B       		.byte	0xb
 1012 067b 6F01     		.2byte	0x16f
 1013 067d 47050000 		.4byte	0x547
 1014 0681 4C       		.byte	0x4c
 1015 0682 0C       		.uleb128 0xc
 1016 0683 723800   		.ascii	"r8\000"
 1017 0686 0B       		.byte	0xb
 1018 0687 7001     		.2byte	0x170
 1019 0689 47050000 		.4byte	0x547
 1020 068d 50       		.byte	0x50
ARM GAS  /tmp/cckoY1of.s 			page 19


 1021 068e 0C       		.uleb128 0xc
 1022 068f 723900   		.ascii	"r9\000"
 1023 0692 0B       		.byte	0xb
 1024 0693 7101     		.2byte	0x171
 1025 0695 47050000 		.4byte	0x547
 1026 0699 54       		.byte	0x54
 1027 069a 0C       		.uleb128 0xc
 1028 069b 72313000 		.ascii	"r10\000"
 1029 069f 0B       		.byte	0xb
 1030 06a0 7201     		.2byte	0x172
 1031 06a2 47050000 		.4byte	0x547
 1032 06a6 58       		.byte	0x58
 1033 06a7 0C       		.uleb128 0xc
 1034 06a8 72313100 		.ascii	"r11\000"
 1035 06ac 0B       		.byte	0xb
 1036 06ad 7301     		.2byte	0x173
 1037 06af 47050000 		.4byte	0x547
 1038 06b3 5C       		.byte	0x5c
 1039 06b4 0C       		.uleb128 0xc
 1040 06b5 6C7200   		.ascii	"lr\000"
 1041 06b8 0B       		.byte	0xb
 1042 06b9 7401     		.2byte	0x174
 1043 06bb 47050000 		.4byte	0x547
 1044 06bf 60       		.byte	0x60
 1045 06c0 00       		.byte	0
 1046 06c1 0E       		.uleb128 0xe
 1047 06c2 04       		.byte	0x4
 1048 06c3 75050000 		.4byte	0x575
 1049 06c7 16       		.uleb128 0x16
 1050 06c8 04       		.byte	0x4
 1051 06c9 0C       		.byte	0xc
 1052 06ca 38       		.byte	0x38
 1053 06cb 4B060000 		.4byte	.LASF101
 1054 06cf E0060000 		.4byte	0x6e0
 1055 06d3 0A       		.uleb128 0xa
 1056 06d4 F8050000 		.4byte	.LASF99
 1057 06d8 0C       		.byte	0xc
 1058 06d9 3C       		.byte	0x3c
 1059 06da CF000000 		.4byte	0xcf
 1060 06de 00       		.byte	0
 1061 06df 00       		.byte	0
 1062 06e0 03       		.uleb128 0x3
 1063 06e1 FD030000 		.4byte	.LASF100
 1064 06e5 0C       		.byte	0xc
 1065 06e6 3D       		.byte	0x3d
 1066 06e7 C7060000 		.4byte	0x6c7
 1067 06eb 16       		.uleb128 0x16
 1068 06ec 18       		.byte	0x18
 1069 06ed 0C       		.byte	0xc
 1070 06ee 48       		.byte	0x48
 1071 06ef CB030000 		.4byte	.LASF102
 1072 06f3 32070000 		.4byte	0x732
 1073 06f7 0A       		.uleb128 0xa
 1074 06f8 CA050000 		.4byte	.LASF103
 1075 06fc 0C       		.byte	0xc
 1076 06fd 49       		.byte	0x49
 1077 06fe CF000000 		.4byte	0xcf
ARM GAS  /tmp/cckoY1of.s 			page 20


 1078 0702 00       		.byte	0
 1079 0703 0A       		.uleb128 0xa
 1080 0704 83000000 		.4byte	.LASF104
 1081 0708 0C       		.byte	0xc
 1082 0709 4A       		.byte	0x4a
 1083 070a CF000000 		.4byte	0xcf
 1084 070e 04       		.byte	0x4
 1085 070f 0A       		.uleb128 0xa
 1086 0710 FF020000 		.4byte	.LASF105
 1087 0714 0C       		.byte	0xc
 1088 0715 4B       		.byte	0x4b
 1089 0716 CF000000 		.4byte	0xcf
 1090 071a 08       		.byte	0x8
 1091 071b 0B       		.uleb128 0xb
 1092 071c 6E00     		.ascii	"n\000"
 1093 071e 0C       		.byte	0xc
 1094 071f 4C       		.byte	0x4c
 1095 0720 32010000 		.4byte	0x132
 1096 0724 0C       		.byte	0xc
 1097 0725 0A       		.uleb128 0xa
 1098 0726 26040000 		.4byte	.LASF106
 1099 072a 0C       		.byte	0xc
 1100 072b 4D       		.byte	0x4d
 1101 072c DA000000 		.4byte	0xda
 1102 0730 10       		.byte	0x10
 1103 0731 00       		.byte	0
 1104 0732 03       		.uleb128 0x3
 1105 0733 91000000 		.4byte	.LASF107
 1106 0737 0C       		.byte	0xc
 1107 0738 4E       		.byte	0x4e
 1108 0739 EB060000 		.4byte	0x6eb
 1109 073d 16       		.uleb128 0x16
 1110 073e 38       		.byte	0x38
 1111 073f 0D       		.byte	0xd
 1112 0740 38       		.byte	0x38
 1113 0741 81060000 		.4byte	.LASF108
 1114 0745 7A070000 		.4byte	0x77a
 1115 0749 0A       		.uleb128 0xa
 1116 074a CA010000 		.4byte	.LASF109
 1117 074e 0D       		.byte	0xd
 1118 074f 39       		.byte	0x39
 1119 0750 32010000 		.4byte	0x132
 1120 0754 00       		.byte	0
 1121 0755 0A       		.uleb128 0xa
 1122 0756 5C040000 		.4byte	.LASF110
 1123 075a 0D       		.byte	0xd
 1124 075b 3A       		.byte	0x3a
 1125 075c 32010000 		.4byte	0x132
 1126 0760 04       		.byte	0x4
 1127 0761 0A       		.uleb128 0xa
 1128 0762 BD060000 		.4byte	.LASF111
 1129 0766 0D       		.byte	0xd
 1130 0767 3B       		.byte	0x3b
 1131 0768 32070000 		.4byte	0x732
 1132 076c 08       		.byte	0x8
 1133 076d 0A       		.uleb128 0xa
 1134 076e 31030000 		.4byte	.LASF112
ARM GAS  /tmp/cckoY1of.s 			page 21


 1135 0772 0D       		.byte	0xd
 1136 0773 3D       		.byte	0x3d
 1137 0774 32070000 		.4byte	0x732
 1138 0778 20       		.byte	0x20
 1139 0779 00       		.byte	0
 1140 077a 03       		.uleb128 0x3
 1141 077b DB020000 		.4byte	.LASF113
 1142 077f 0D       		.byte	0xd
 1143 0780 3F       		.byte	0x3f
 1144 0781 3D070000 		.4byte	0x73d
 1145 0785 0E       		.uleb128 0xe
 1146 0786 04       		.byte	0x4
 1147 0787 95020000 		.4byte	0x295
 1148 078b 06       		.uleb128 0x6
 1149 078c FD040000 		.4byte	.LASF114
 1150 0790 0C       		.byte	0xc
 1151 0791 0E       		.byte	0xe
 1152 0792 34       		.byte	0x34
 1153 0793 B0070000 		.4byte	0x7b0
 1154 0797 0A       		.uleb128 0xa
 1155 0798 D0010000 		.4byte	.LASF37
 1156 079c 0E       		.byte	0xe
 1157 079d 35       		.byte	0x35
 1158 079e CA020000 		.4byte	0x2ca
 1159 07a2 00       		.byte	0
 1160 07a3 0B       		.uleb128 0xb
 1161 07a4 636E7400 		.ascii	"cnt\000"
 1162 07a8 0E       		.byte	0xe
 1163 07a9 37       		.byte	0x37
 1164 07aa 27010000 		.4byte	0x127
 1165 07ae 08       		.byte	0x8
 1166 07af 00       		.byte	0
 1167 07b0 0E       		.uleb128 0xe
 1168 07b1 04       		.byte	0x4
 1169 07b2 8B070000 		.4byte	0x78b
 1170 07b6 06       		.uleb128 0x6
 1171 07b7 FF050000 		.4byte	.LASF115
 1172 07bb 10       		.byte	0x10
 1173 07bc 0F       		.byte	0xf
 1174 07bd 39       		.byte	0x39
 1175 07be E7070000 		.4byte	0x7e7
 1176 07c2 0A       		.uleb128 0xa
 1177 07c3 D0010000 		.4byte	.LASF37
 1178 07c7 0F       		.byte	0xf
 1179 07c8 3A       		.byte	0x3a
 1180 07c9 CA020000 		.4byte	0x2ca
 1181 07cd 00       		.byte	0
 1182 07ce 0A       		.uleb128 0xa
 1183 07cf 64050000 		.4byte	.LASF116
 1184 07d3 0F       		.byte	0xf
 1185 07d4 3C       		.byte	0x3c
 1186 07d5 A0020000 		.4byte	0x2a0
 1187 07d9 08       		.byte	0x8
 1188 07da 0A       		.uleb128 0xa
 1189 07db FA000000 		.4byte	.LASF57
 1190 07df 0F       		.byte	0xf
 1191 07e0 3E       		.byte	0x3e
ARM GAS  /tmp/cckoY1of.s 			page 22


 1192 07e1 1B080000 		.4byte	0x81b
 1193 07e5 0C       		.byte	0xc
 1194 07e6 00       		.byte	0
 1195 07e7 0E       		.uleb128 0xe
 1196 07e8 04       		.byte	0x4
 1197 07e9 B6070000 		.4byte	0x7b6
 1198 07ed 0E       		.uleb128 0xe
 1199 07ee 04       		.byte	0x4
 1200 07ef FA070000 		.4byte	0x7fa
 1201 07f3 02       		.uleb128 0x2
 1202 07f4 01       		.byte	0x1
 1203 07f5 08       		.byte	0x8
 1204 07f6 AA050000 		.4byte	.LASF117
 1205 07fa 17       		.uleb128 0x17
 1206 07fb F3070000 		.4byte	0x7f3
 1207 07ff 0E       		.uleb128 0xe
 1208 0800 04       		.byte	0x4
 1209 0801 52050000 		.4byte	0x552
 1210 0805 0E       		.uleb128 0xe
 1211 0806 04       		.byte	0x4
 1212 0807 7F030000 		.4byte	0x37f
 1213 080b 18       		.uleb128 0x18
 1214 080c ED070000 		.4byte	0x7ed
 1215 0810 03       		.uleb128 0x3
 1216 0811 9A010000 		.4byte	.LASF118
 1217 0815 0F       		.byte	0xf
 1218 0816 34       		.byte	0x34
 1219 0817 B6070000 		.4byte	0x7b6
 1220 081b 0E       		.uleb128 0xe
 1221 081c 04       		.byte	0x4
 1222 081d 10080000 		.4byte	0x810
 1223 0821 02       		.uleb128 0x2
 1224 0822 01       		.byte	0x1
 1225 0823 02       		.byte	0x2
 1226 0824 2C030000 		.4byte	.LASF119
 1227 0828 19       		.uleb128 0x19
 1228 0829 9E050000 		.4byte	.LASF133
 1229 082d 01       		.byte	0x1
 1230 082e DE01     		.2byte	0x1de
 1231 0830 00000000 		.4byte	.LFB291
 1232 0834 14000000 		.4byte	.LFE291-.LFB291
 1233 0838 01       		.uleb128 0x1
 1234 0839 9C       		.byte	0x9c
 1235 083a 4E080000 		.4byte	0x84e
 1236 083e 1A       		.uleb128 0x1a
 1237 083f DE040000 		.4byte	.LASF120
 1238 0843 01       		.byte	0x1
 1239 0844 DE01     		.2byte	0x1de
 1240 0846 ED070000 		.4byte	0x7ed
 1241 084a 02       		.uleb128 0x2
 1242 084b 91       		.byte	0x91
 1243 084c 74       		.sleb128 -12
 1244 084d 00       		.byte	0
 1245 084e 1B       		.uleb128 0x1b
 1246 084f D5020000 		.4byte	.LASF122
 1247 0853 02       		.byte	0x2
 1248 0854 0C       		.byte	0xc
ARM GAS  /tmp/cckoY1of.s 			page 23


 1249 0855 00000000 		.4byte	.LFB323
 1250 0859 14000000 		.4byte	.LFE323-.LFB323
 1251 085d 01       		.uleb128 0x1
 1252 085e 9C       		.byte	0x9c
 1253 085f 72080000 		.4byte	0x872
 1254 0863 1C       		.uleb128 0x1c
 1255 0864 5E060000 		.4byte	.LASF121
 1256 0868 02       		.byte	0x2
 1257 0869 0C       		.byte	0xc
 1258 086a 89000000 		.4byte	0x89
 1259 086e 02       		.uleb128 0x2
 1260 086f 91       		.byte	0x91
 1261 0870 74       		.sleb128 -12
 1262 0871 00       		.byte	0
 1263 0872 1D       		.uleb128 0x1d
 1264 0873 08060000 		.4byte	.LASF123
 1265 0877 02       		.byte	0x2
 1266 0878 14       		.byte	0x14
 1267 0879 89000000 		.4byte	0x89
 1268 087d 00000000 		.4byte	.LFB324
 1269 0881 1C000000 		.4byte	.LFE324-.LFB324
 1270 0885 01       		.uleb128 0x1
 1271 0886 9C       		.byte	0x9c
 1272 0887 A8080000 		.4byte	0x8a8
 1273 088b 1E       		.uleb128 0x1e
 1274 088c 70696400 		.ascii	"pid\000"
 1275 0890 02       		.byte	0x2
 1276 0891 14       		.byte	0x14
 1277 0892 89000000 		.4byte	0x89
 1278 0896 02       		.uleb128 0x2
 1279 0897 91       		.byte	0x91
 1280 0898 7C       		.sleb128 -4
 1281 0899 1E       		.uleb128 0x1e
 1282 089a 73696700 		.ascii	"sig\000"
 1283 089e 02       		.byte	0x2
 1284 089f 14       		.byte	0x14
 1285 08a0 89000000 		.4byte	0x89
 1286 08a4 02       		.uleb128 0x2
 1287 08a5 91       		.byte	0x91
 1288 08a6 78       		.sleb128 -8
 1289 08a7 00       		.byte	0
 1290 08a8 1F       		.uleb128 0x1f
 1291 08a9 7D050000 		.4byte	.LASF124
 1292 08ad 02       		.byte	0x2
 1293 08ae 1B       		.byte	0x1b
 1294 08af 00000000 		.4byte	.LFB325
 1295 08b3 04000000 		.4byte	.LFE325-.LFB325
 1296 08b7 01       		.uleb128 0x1
 1297 08b8 9C       		.byte	0x9c
 1298 08b9 20       		.uleb128 0x20
 1299 08ba 6A050000 		.4byte	.LASF125
 1300 08be 02       		.byte	0x2
 1301 08bf 1F       		.byte	0x1f
 1302 08c0 00000000 		.4byte	.LFB326
 1303 08c4 10000000 		.4byte	.LFE326-.LFB326
 1304 08c8 01       		.uleb128 0x1
 1305 08c9 9C       		.byte	0x9c
ARM GAS  /tmp/cckoY1of.s 			page 24


 1306 08ca 21       		.uleb128 0x21
 1307 08cb ED000000 		.4byte	.LASF126
 1308 08cf 10       		.byte	0x10
 1309 08d0 0408     		.2byte	0x804
 1310 08d2 D6080000 		.4byte	0x8d6
 1311 08d6 18       		.uleb128 0x18
 1312 08d7 A2000000 		.4byte	0xa2
 1313 08db 22       		.uleb128 0x22
 1314 08dc 636800   		.ascii	"ch\000"
 1315 08df 07       		.byte	0x7
 1316 08e0 C701     		.2byte	0x1c7
 1317 08e2 4C040000 		.4byte	0x44c
 1318 08e6 23       		.uleb128 0x23
 1319 08e7 B0060000 		.4byte	.LASF127
 1320 08eb 11       		.byte	0x11
 1321 08ec 0B       		.byte	0xb
 1322 08ed 7D030000 		.4byte	0x37d
 1323 08f1 05       		.uleb128 0x5
 1324 08f2 03       		.byte	0x3
 1325 08f3 00000000 		.4byte	__dso_handle
 1326 08f7 24       		.uleb128 0x24
 1327 08f8 72030000 		.4byte	.LASF128
 1328 08fc 02       		.byte	0x2
 1329 08fd 13       		.byte	0x13
 1330 08fe 89000000 		.4byte	0x89
 1331 0902 00       		.byte	0
 1332              		.section	.debug_abbrev,"",%progbits
 1333              	.Ldebug_abbrev0:
 1334 0000 01       		.uleb128 0x1
 1335 0001 11       		.uleb128 0x11
 1336 0002 01       		.byte	0x1
 1337 0003 25       		.uleb128 0x25
 1338 0004 0E       		.uleb128 0xe
 1339 0005 13       		.uleb128 0x13
 1340 0006 0B       		.uleb128 0xb
 1341 0007 03       		.uleb128 0x3
 1342 0008 0E       		.uleb128 0xe
 1343 0009 1B       		.uleb128 0x1b
 1344 000a 0E       		.uleb128 0xe
 1345 000b 55       		.uleb128 0x55
 1346 000c 17       		.uleb128 0x17
 1347 000d 11       		.uleb128 0x11
 1348 000e 01       		.uleb128 0x1
 1349 000f 10       		.uleb128 0x10
 1350 0010 17       		.uleb128 0x17
 1351 0011 00       		.byte	0
 1352 0012 00       		.byte	0
 1353 0013 02       		.uleb128 0x2
 1354 0014 24       		.uleb128 0x24
 1355 0015 00       		.byte	0
 1356 0016 0B       		.uleb128 0xb
 1357 0017 0B       		.uleb128 0xb
 1358 0018 3E       		.uleb128 0x3e
 1359 0019 0B       		.uleb128 0xb
 1360 001a 03       		.uleb128 0x3
 1361 001b 0E       		.uleb128 0xe
 1362 001c 00       		.byte	0
ARM GAS  /tmp/cckoY1of.s 			page 25


 1363 001d 00       		.byte	0
 1364 001e 03       		.uleb128 0x3
 1365 001f 16       		.uleb128 0x16
 1366 0020 00       		.byte	0
 1367 0021 03       		.uleb128 0x3
 1368 0022 0E       		.uleb128 0xe
 1369 0023 3A       		.uleb128 0x3a
 1370 0024 0B       		.uleb128 0xb
 1371 0025 3B       		.uleb128 0x3b
 1372 0026 0B       		.uleb128 0xb
 1373 0027 49       		.uleb128 0x49
 1374 0028 13       		.uleb128 0x13
 1375 0029 00       		.byte	0
 1376 002a 00       		.byte	0
 1377 002b 04       		.uleb128 0x4
 1378 002c 24       		.uleb128 0x24
 1379 002d 00       		.byte	0
 1380 002e 0B       		.uleb128 0xb
 1381 002f 0B       		.uleb128 0xb
 1382 0030 3E       		.uleb128 0x3e
 1383 0031 0B       		.uleb128 0xb
 1384 0032 03       		.uleb128 0x3
 1385 0033 08       		.uleb128 0x8
 1386 0034 00       		.byte	0
 1387 0035 00       		.byte	0
 1388 0036 05       		.uleb128 0x5
 1389 0037 3B       		.uleb128 0x3b
 1390 0038 00       		.byte	0
 1391 0039 03       		.uleb128 0x3
 1392 003a 0E       		.uleb128 0xe
 1393 003b 00       		.byte	0
 1394 003c 00       		.byte	0
 1395 003d 06       		.uleb128 0x6
 1396 003e 13       		.uleb128 0x13
 1397 003f 01       		.byte	0x1
 1398 0040 03       		.uleb128 0x3
 1399 0041 0E       		.uleb128 0xe
 1400 0042 0B       		.uleb128 0xb
 1401 0043 0B       		.uleb128 0xb
 1402 0044 3A       		.uleb128 0x3a
 1403 0045 0B       		.uleb128 0xb
 1404 0046 3B       		.uleb128 0x3b
 1405 0047 0B       		.uleb128 0xb
 1406 0048 01       		.uleb128 0x1
 1407 0049 13       		.uleb128 0x13
 1408 004a 00       		.byte	0
 1409 004b 00       		.byte	0
 1410 004c 07       		.uleb128 0x7
 1411 004d 17       		.uleb128 0x17
 1412 004e 01       		.byte	0x1
 1413 004f 0B       		.uleb128 0xb
 1414 0050 0B       		.uleb128 0xb
 1415 0051 3A       		.uleb128 0x3a
 1416 0052 0B       		.uleb128 0xb
 1417 0053 3B       		.uleb128 0x3b
 1418 0054 0B       		.uleb128 0xb
 1419 0055 01       		.uleb128 0x1
ARM GAS  /tmp/cckoY1of.s 			page 26


 1420 0056 13       		.uleb128 0x13
 1421 0057 00       		.byte	0
 1422 0058 00       		.byte	0
 1423 0059 08       		.uleb128 0x8
 1424 005a 0D       		.uleb128 0xd
 1425 005b 00       		.byte	0
 1426 005c 03       		.uleb128 0x3
 1427 005d 0E       		.uleb128 0xe
 1428 005e 3A       		.uleb128 0x3a
 1429 005f 0B       		.uleb128 0xb
 1430 0060 3B       		.uleb128 0x3b
 1431 0061 0B       		.uleb128 0xb
 1432 0062 49       		.uleb128 0x49
 1433 0063 13       		.uleb128 0x13
 1434 0064 00       		.byte	0
 1435 0065 00       		.byte	0
 1436 0066 09       		.uleb128 0x9
 1437 0067 0D       		.uleb128 0xd
 1438 0068 00       		.byte	0
 1439 0069 03       		.uleb128 0x3
 1440 006a 0E       		.uleb128 0xe
 1441 006b 3A       		.uleb128 0x3a
 1442 006c 0B       		.uleb128 0xb
 1443 006d 3B       		.uleb128 0x3b
 1444 006e 05       		.uleb128 0x5
 1445 006f 49       		.uleb128 0x49
 1446 0070 13       		.uleb128 0x13
 1447 0071 00       		.byte	0
 1448 0072 00       		.byte	0
 1449 0073 0A       		.uleb128 0xa
 1450 0074 0D       		.uleb128 0xd
 1451 0075 00       		.byte	0
 1452 0076 03       		.uleb128 0x3
 1453 0077 0E       		.uleb128 0xe
 1454 0078 3A       		.uleb128 0x3a
 1455 0079 0B       		.uleb128 0xb
 1456 007a 3B       		.uleb128 0x3b
 1457 007b 0B       		.uleb128 0xb
 1458 007c 49       		.uleb128 0x49
 1459 007d 13       		.uleb128 0x13
 1460 007e 38       		.uleb128 0x38
 1461 007f 0B       		.uleb128 0xb
 1462 0080 00       		.byte	0
 1463 0081 00       		.byte	0
 1464 0082 0B       		.uleb128 0xb
 1465 0083 0D       		.uleb128 0xd
 1466 0084 00       		.byte	0
 1467 0085 03       		.uleb128 0x3
 1468 0086 08       		.uleb128 0x8
 1469 0087 3A       		.uleb128 0x3a
 1470 0088 0B       		.uleb128 0xb
 1471 0089 3B       		.uleb128 0x3b
 1472 008a 0B       		.uleb128 0xb
 1473 008b 49       		.uleb128 0x49
 1474 008c 13       		.uleb128 0x13
 1475 008d 38       		.uleb128 0x38
 1476 008e 0B       		.uleb128 0xb
ARM GAS  /tmp/cckoY1of.s 			page 27


 1477 008f 00       		.byte	0
 1478 0090 00       		.byte	0
 1479 0091 0C       		.uleb128 0xc
 1480 0092 0D       		.uleb128 0xd
 1481 0093 00       		.byte	0
 1482 0094 03       		.uleb128 0x3
 1483 0095 08       		.uleb128 0x8
 1484 0096 3A       		.uleb128 0x3a
 1485 0097 0B       		.uleb128 0xb
 1486 0098 3B       		.uleb128 0x3b
 1487 0099 05       		.uleb128 0x5
 1488 009a 49       		.uleb128 0x49
 1489 009b 13       		.uleb128 0x13
 1490 009c 38       		.uleb128 0x38
 1491 009d 0B       		.uleb128 0xb
 1492 009e 00       		.byte	0
 1493 009f 00       		.byte	0
 1494 00a0 0D       		.uleb128 0xd
 1495 00a1 0D       		.uleb128 0xd
 1496 00a2 00       		.byte	0
 1497 00a3 03       		.uleb128 0x3
 1498 00a4 0E       		.uleb128 0xe
 1499 00a5 3A       		.uleb128 0x3a
 1500 00a6 0B       		.uleb128 0xb
 1501 00a7 3B       		.uleb128 0x3b
 1502 00a8 05       		.uleb128 0x5
 1503 00a9 49       		.uleb128 0x49
 1504 00aa 13       		.uleb128 0x13
 1505 00ab 38       		.uleb128 0x38
 1506 00ac 0B       		.uleb128 0xb
 1507 00ad 00       		.byte	0
 1508 00ae 00       		.byte	0
 1509 00af 0E       		.uleb128 0xe
 1510 00b0 0F       		.uleb128 0xf
 1511 00b1 00       		.byte	0
 1512 00b2 0B       		.uleb128 0xb
 1513 00b3 0B       		.uleb128 0xb
 1514 00b4 49       		.uleb128 0x49
 1515 00b5 13       		.uleb128 0x13
 1516 00b6 00       		.byte	0
 1517 00b7 00       		.byte	0
 1518 00b8 0F       		.uleb128 0xf
 1519 00b9 13       		.uleb128 0x13
 1520 00ba 01       		.byte	0x1
 1521 00bb 03       		.uleb128 0x3
 1522 00bc 0E       		.uleb128 0xe
 1523 00bd 0B       		.uleb128 0xb
 1524 00be 0B       		.uleb128 0xb
 1525 00bf 3A       		.uleb128 0x3a
 1526 00c0 0B       		.uleb128 0xb
 1527 00c1 3B       		.uleb128 0x3b
 1528 00c2 05       		.uleb128 0x5
 1529 00c3 01       		.uleb128 0x1
 1530 00c4 13       		.uleb128 0x13
 1531 00c5 00       		.byte	0
 1532 00c6 00       		.byte	0
 1533 00c7 10       		.uleb128 0x10
ARM GAS  /tmp/cckoY1of.s 			page 28


 1534 00c8 15       		.uleb128 0x15
 1535 00c9 01       		.byte	0x1
 1536 00ca 01       		.uleb128 0x1
 1537 00cb 13       		.uleb128 0x13
 1538 00cc 00       		.byte	0
 1539 00cd 00       		.byte	0
 1540 00ce 11       		.uleb128 0x11
 1541 00cf 05       		.uleb128 0x5
 1542 00d0 00       		.byte	0
 1543 00d1 49       		.uleb128 0x49
 1544 00d2 13       		.uleb128 0x13
 1545 00d3 00       		.byte	0
 1546 00d4 00       		.byte	0
 1547 00d5 12       		.uleb128 0x12
 1548 00d6 0F       		.uleb128 0xf
 1549 00d7 00       		.byte	0
 1550 00d8 0B       		.uleb128 0xb
 1551 00d9 0B       		.uleb128 0xb
 1552 00da 00       		.byte	0
 1553 00db 00       		.byte	0
 1554 00dc 13       		.uleb128 0x13
 1555 00dd 04       		.uleb128 0x4
 1556 00de 01       		.byte	0x1
 1557 00df 0B       		.uleb128 0xb
 1558 00e0 0B       		.uleb128 0xb
 1559 00e1 49       		.uleb128 0x49
 1560 00e2 13       		.uleb128 0x13
 1561 00e3 3A       		.uleb128 0x3a
 1562 00e4 0B       		.uleb128 0xb
 1563 00e5 3B       		.uleb128 0x3b
 1564 00e6 0B       		.uleb128 0xb
 1565 00e7 6E       		.uleb128 0x6e
 1566 00e8 0E       		.uleb128 0xe
 1567 00e9 01       		.uleb128 0x1
 1568 00ea 13       		.uleb128 0x13
 1569 00eb 00       		.byte	0
 1570 00ec 00       		.byte	0
 1571 00ed 14       		.uleb128 0x14
 1572 00ee 28       		.uleb128 0x28
 1573 00ef 00       		.byte	0
 1574 00f0 03       		.uleb128 0x3
 1575 00f1 0E       		.uleb128 0xe
 1576 00f2 1C       		.uleb128 0x1c
 1577 00f3 0B       		.uleb128 0xb
 1578 00f4 00       		.byte	0
 1579 00f5 00       		.byte	0
 1580 00f6 15       		.uleb128 0x15
 1581 00f7 28       		.uleb128 0x28
 1582 00f8 00       		.byte	0
 1583 00f9 03       		.uleb128 0x3
 1584 00fa 08       		.uleb128 0x8
 1585 00fb 1C       		.uleb128 0x1c
 1586 00fc 0B       		.uleb128 0xb
 1587 00fd 00       		.byte	0
 1588 00fe 00       		.byte	0
 1589 00ff 16       		.uleb128 0x16
 1590 0100 13       		.uleb128 0x13
ARM GAS  /tmp/cckoY1of.s 			page 29


 1591 0101 01       		.byte	0x1
 1592 0102 0B       		.uleb128 0xb
 1593 0103 0B       		.uleb128 0xb
 1594 0104 3A       		.uleb128 0x3a
 1595 0105 0B       		.uleb128 0xb
 1596 0106 3B       		.uleb128 0x3b
 1597 0107 0B       		.uleb128 0xb
 1598 0108 6E       		.uleb128 0x6e
 1599 0109 0E       		.uleb128 0xe
 1600 010a 01       		.uleb128 0x1
 1601 010b 13       		.uleb128 0x13
 1602 010c 00       		.byte	0
 1603 010d 00       		.byte	0
 1604 010e 17       		.uleb128 0x17
 1605 010f 26       		.uleb128 0x26
 1606 0110 00       		.byte	0
 1607 0111 49       		.uleb128 0x49
 1608 0112 13       		.uleb128 0x13
 1609 0113 00       		.byte	0
 1610 0114 00       		.byte	0
 1611 0115 18       		.uleb128 0x18
 1612 0116 35       		.uleb128 0x35
 1613 0117 00       		.byte	0
 1614 0118 49       		.uleb128 0x49
 1615 0119 13       		.uleb128 0x13
 1616 011a 00       		.byte	0
 1617 011b 00       		.byte	0
 1618 011c 19       		.uleb128 0x19
 1619 011d 2E       		.uleb128 0x2e
 1620 011e 01       		.byte	0x1
 1621 011f 03       		.uleb128 0x3
 1622 0120 0E       		.uleb128 0xe
 1623 0121 3A       		.uleb128 0x3a
 1624 0122 0B       		.uleb128 0xb
 1625 0123 3B       		.uleb128 0x3b
 1626 0124 05       		.uleb128 0x5
 1627 0125 11       		.uleb128 0x11
 1628 0126 01       		.uleb128 0x1
 1629 0127 12       		.uleb128 0x12
 1630 0128 06       		.uleb128 0x6
 1631 0129 40       		.uleb128 0x40
 1632 012a 18       		.uleb128 0x18
 1633 012b 9642     		.uleb128 0x2116
 1634 012d 19       		.uleb128 0x19
 1635 012e 01       		.uleb128 0x1
 1636 012f 13       		.uleb128 0x13
 1637 0130 00       		.byte	0
 1638 0131 00       		.byte	0
 1639 0132 1A       		.uleb128 0x1a
 1640 0133 05       		.uleb128 0x5
 1641 0134 00       		.byte	0
 1642 0135 03       		.uleb128 0x3
 1643 0136 0E       		.uleb128 0xe
 1644 0137 3A       		.uleb128 0x3a
 1645 0138 0B       		.uleb128 0xb
 1646 0139 3B       		.uleb128 0x3b
 1647 013a 05       		.uleb128 0x5
ARM GAS  /tmp/cckoY1of.s 			page 30


 1648 013b 49       		.uleb128 0x49
 1649 013c 13       		.uleb128 0x13
 1650 013d 02       		.uleb128 0x2
 1651 013e 18       		.uleb128 0x18
 1652 013f 00       		.byte	0
 1653 0140 00       		.byte	0
 1654 0141 1B       		.uleb128 0x1b
 1655 0142 2E       		.uleb128 0x2e
 1656 0143 01       		.byte	0x1
 1657 0144 3F       		.uleb128 0x3f
 1658 0145 19       		.uleb128 0x19
 1659 0146 03       		.uleb128 0x3
 1660 0147 0E       		.uleb128 0xe
 1661 0148 3A       		.uleb128 0x3a
 1662 0149 0B       		.uleb128 0xb
 1663 014a 3B       		.uleb128 0x3b
 1664 014b 0B       		.uleb128 0xb
 1665 014c 8701     		.uleb128 0x87
 1666 014e 19       		.uleb128 0x19
 1667 014f 11       		.uleb128 0x11
 1668 0150 01       		.uleb128 0x1
 1669 0151 12       		.uleb128 0x12
 1670 0152 06       		.uleb128 0x6
 1671 0153 40       		.uleb128 0x40
 1672 0154 18       		.uleb128 0x18
 1673 0155 9642     		.uleb128 0x2116
 1674 0157 19       		.uleb128 0x19
 1675 0158 01       		.uleb128 0x1
 1676 0159 13       		.uleb128 0x13
 1677 015a 00       		.byte	0
 1678 015b 00       		.byte	0
 1679 015c 1C       		.uleb128 0x1c
 1680 015d 05       		.uleb128 0x5
 1681 015e 00       		.byte	0
 1682 015f 03       		.uleb128 0x3
 1683 0160 0E       		.uleb128 0xe
 1684 0161 3A       		.uleb128 0x3a
 1685 0162 0B       		.uleb128 0xb
 1686 0163 3B       		.uleb128 0x3b
 1687 0164 0B       		.uleb128 0xb
 1688 0165 49       		.uleb128 0x49
 1689 0166 13       		.uleb128 0x13
 1690 0167 02       		.uleb128 0x2
 1691 0168 18       		.uleb128 0x18
 1692 0169 00       		.byte	0
 1693 016a 00       		.byte	0
 1694 016b 1D       		.uleb128 0x1d
 1695 016c 2E       		.uleb128 0x2e
 1696 016d 01       		.byte	0x1
 1697 016e 3F       		.uleb128 0x3f
 1698 016f 19       		.uleb128 0x19
 1699 0170 03       		.uleb128 0x3
 1700 0171 0E       		.uleb128 0xe
 1701 0172 3A       		.uleb128 0x3a
 1702 0173 0B       		.uleb128 0xb
 1703 0174 3B       		.uleb128 0x3b
 1704 0175 0B       		.uleb128 0xb
ARM GAS  /tmp/cckoY1of.s 			page 31


 1705 0176 49       		.uleb128 0x49
 1706 0177 13       		.uleb128 0x13
 1707 0178 11       		.uleb128 0x11
 1708 0179 01       		.uleb128 0x1
 1709 017a 12       		.uleb128 0x12
 1710 017b 06       		.uleb128 0x6
 1711 017c 40       		.uleb128 0x40
 1712 017d 18       		.uleb128 0x18
 1713 017e 9742     		.uleb128 0x2117
 1714 0180 19       		.uleb128 0x19
 1715 0181 01       		.uleb128 0x1
 1716 0182 13       		.uleb128 0x13
 1717 0183 00       		.byte	0
 1718 0184 00       		.byte	0
 1719 0185 1E       		.uleb128 0x1e
 1720 0186 05       		.uleb128 0x5
 1721 0187 00       		.byte	0
 1722 0188 03       		.uleb128 0x3
 1723 0189 08       		.uleb128 0x8
 1724 018a 3A       		.uleb128 0x3a
 1725 018b 0B       		.uleb128 0xb
 1726 018c 3B       		.uleb128 0x3b
 1727 018d 0B       		.uleb128 0xb
 1728 018e 49       		.uleb128 0x49
 1729 018f 13       		.uleb128 0x13
 1730 0190 02       		.uleb128 0x2
 1731 0191 18       		.uleb128 0x18
 1732 0192 00       		.byte	0
 1733 0193 00       		.byte	0
 1734 0194 1F       		.uleb128 0x1f
 1735 0195 2E       		.uleb128 0x2e
 1736 0196 00       		.byte	0
 1737 0197 3F       		.uleb128 0x3f
 1738 0198 19       		.uleb128 0x19
 1739 0199 03       		.uleb128 0x3
 1740 019a 0E       		.uleb128 0xe
 1741 019b 3A       		.uleb128 0x3a
 1742 019c 0B       		.uleb128 0xb
 1743 019d 3B       		.uleb128 0x3b
 1744 019e 0B       		.uleb128 0xb
 1745 019f 11       		.uleb128 0x11
 1746 01a0 01       		.uleb128 0x1
 1747 01a1 12       		.uleb128 0x12
 1748 01a2 06       		.uleb128 0x6
 1749 01a3 40       		.uleb128 0x40
 1750 01a4 18       		.uleb128 0x18
 1751 01a5 9742     		.uleb128 0x2117
 1752 01a7 19       		.uleb128 0x19
 1753 01a8 00       		.byte	0
 1754 01a9 00       		.byte	0
 1755 01aa 20       		.uleb128 0x20
 1756 01ab 2E       		.uleb128 0x2e
 1757 01ac 00       		.byte	0
 1758 01ad 3F       		.uleb128 0x3f
 1759 01ae 19       		.uleb128 0x19
 1760 01af 03       		.uleb128 0x3
 1761 01b0 0E       		.uleb128 0xe
ARM GAS  /tmp/cckoY1of.s 			page 32


 1762 01b1 3A       		.uleb128 0x3a
 1763 01b2 0B       		.uleb128 0xb
 1764 01b3 3B       		.uleb128 0x3b
 1765 01b4 0B       		.uleb128 0xb
 1766 01b5 11       		.uleb128 0x11
 1767 01b6 01       		.uleb128 0x1
 1768 01b7 12       		.uleb128 0x12
 1769 01b8 06       		.uleb128 0x6
 1770 01b9 40       		.uleb128 0x40
 1771 01ba 18       		.uleb128 0x18
 1772 01bb 9642     		.uleb128 0x2116
 1773 01bd 19       		.uleb128 0x19
 1774 01be 00       		.byte	0
 1775 01bf 00       		.byte	0
 1776 01c0 21       		.uleb128 0x21
 1777 01c1 34       		.uleb128 0x34
 1778 01c2 00       		.byte	0
 1779 01c3 03       		.uleb128 0x3
 1780 01c4 0E       		.uleb128 0xe
 1781 01c5 3A       		.uleb128 0x3a
 1782 01c6 0B       		.uleb128 0xb
 1783 01c7 3B       		.uleb128 0x3b
 1784 01c8 05       		.uleb128 0x5
 1785 01c9 49       		.uleb128 0x49
 1786 01ca 13       		.uleb128 0x13
 1787 01cb 3F       		.uleb128 0x3f
 1788 01cc 19       		.uleb128 0x19
 1789 01cd 3C       		.uleb128 0x3c
 1790 01ce 19       		.uleb128 0x19
 1791 01cf 00       		.byte	0
 1792 01d0 00       		.byte	0
 1793 01d1 22       		.uleb128 0x22
 1794 01d2 34       		.uleb128 0x34
 1795 01d3 00       		.byte	0
 1796 01d4 03       		.uleb128 0x3
 1797 01d5 08       		.uleb128 0x8
 1798 01d6 3A       		.uleb128 0x3a
 1799 01d7 0B       		.uleb128 0xb
 1800 01d8 3B       		.uleb128 0x3b
 1801 01d9 05       		.uleb128 0x5
 1802 01da 49       		.uleb128 0x49
 1803 01db 13       		.uleb128 0x13
 1804 01dc 3F       		.uleb128 0x3f
 1805 01dd 19       		.uleb128 0x19
 1806 01de 3C       		.uleb128 0x3c
 1807 01df 19       		.uleb128 0x19
 1808 01e0 00       		.byte	0
 1809 01e1 00       		.byte	0
 1810 01e2 23       		.uleb128 0x23
 1811 01e3 34       		.uleb128 0x34
 1812 01e4 00       		.byte	0
 1813 01e5 03       		.uleb128 0x3
 1814 01e6 0E       		.uleb128 0xe
 1815 01e7 3A       		.uleb128 0x3a
 1816 01e8 0B       		.uleb128 0xb
 1817 01e9 3B       		.uleb128 0x3b
 1818 01ea 0B       		.uleb128 0xb
ARM GAS  /tmp/cckoY1of.s 			page 33


 1819 01eb 49       		.uleb128 0x49
 1820 01ec 13       		.uleb128 0x13
 1821 01ed 3F       		.uleb128 0x3f
 1822 01ee 19       		.uleb128 0x19
 1823 01ef 02       		.uleb128 0x2
 1824 01f0 18       		.uleb128 0x18
 1825 01f1 00       		.byte	0
 1826 01f2 00       		.byte	0
 1827 01f3 24       		.uleb128 0x24
 1828 01f4 34       		.uleb128 0x34
 1829 01f5 00       		.byte	0
 1830 01f6 03       		.uleb128 0x3
 1831 01f7 0E       		.uleb128 0xe
 1832 01f8 3A       		.uleb128 0x3a
 1833 01f9 0B       		.uleb128 0xb
 1834 01fa 3B       		.uleb128 0x3b
 1835 01fb 0B       		.uleb128 0xb
 1836 01fc 49       		.uleb128 0x49
 1837 01fd 13       		.uleb128 0x13
 1838 01fe 3F       		.uleb128 0x3f
 1839 01ff 19       		.uleb128 0x19
 1840 0200 3C       		.uleb128 0x3c
 1841 0201 19       		.uleb128 0x19
 1842 0202 00       		.byte	0
 1843 0203 00       		.byte	0
 1844 0204 00       		.byte	0
 1845              		.section	.debug_aranges,"",%progbits
 1846 0000 3C000000 		.4byte	0x3c
 1847 0004 0200     		.2byte	0x2
 1848 0006 00000000 		.4byte	.Ldebug_info0
 1849 000a 04       		.byte	0x4
 1850 000b 00       		.byte	0
 1851 000c 0000     		.2byte	0
 1852 000e 0000     		.2byte	0
 1853 0010 00000000 		.4byte	.LFB291
 1854 0014 14000000 		.4byte	.LFE291-.LFB291
 1855 0018 00000000 		.4byte	.LFB323
 1856 001c 14000000 		.4byte	.LFE323-.LFB323
 1857 0020 00000000 		.4byte	.LFB324
 1858 0024 1C000000 		.4byte	.LFE324-.LFB324
 1859 0028 00000000 		.4byte	.LFB325
 1860 002c 04000000 		.4byte	.LFE325-.LFB325
 1861 0030 00000000 		.4byte	.LFB326
 1862 0034 10000000 		.4byte	.LFE326-.LFB326
 1863 0038 00000000 		.4byte	0
 1864 003c 00000000 		.4byte	0
 1865              		.section	.debug_ranges,"",%progbits
 1866              	.Ldebug_ranges0:
 1867 0000 00000000 		.4byte	.LFB291
 1868 0004 14000000 		.4byte	.LFE291
 1869 0008 00000000 		.4byte	.LFB323
 1870 000c 14000000 		.4byte	.LFE323
 1871 0010 00000000 		.4byte	.LFB324
 1872 0014 1C000000 		.4byte	.LFE324
 1873 0018 00000000 		.4byte	.LFB325
 1874 001c 04000000 		.4byte	.LFE325
 1875 0020 00000000 		.4byte	.LFB326
ARM GAS  /tmp/cckoY1of.s 			page 34


 1876 0024 10000000 		.4byte	.LFE326
 1877 0028 00000000 		.4byte	0
 1878 002c 00000000 		.4byte	0
 1879              		.section	.debug_line,"",%progbits
 1880              	.Ldebug_line0:
 1881 0000 E9020000 		.section	.debug_str,"MS",%progbits,1
 1881      02008002 
 1881      00000201 
 1881      FB0E0D00 
 1881      01010101 
 1882              	.LASF61:
 1883 0000 72656164 		.ascii	"ready_list_t\000"
 1883      795F6C69 
 1883      73745F74 
 1883      00
 1884              	.LASF91:
 1885 000d 31314572 		.ascii	"11ErrorStatus\000"
 1885      726F7253 
 1885      74617475 
 1885      7300
 1886              	.LASF32:
 1887 001b 77747472 		.ascii	"wttrp\000"
 1887      7000
 1888              	.LASF67:
 1889 0021 64656C74 		.ascii	"delta\000"
 1889      6100
 1890              	.LASF85:
 1891 0027 466C6167 		.ascii	"FlagStatus\000"
 1891      53746174 
 1891      757300
 1892              	.LASF16:
 1893 0032 75696E74 		.ascii	"uint64_t\000"
 1893      36345F74 
 1893      00
 1894              	.LASF80:
 1895 003b 6B65726E 		.ascii	"kernel_stats\000"
 1895      656C5F73 
 1895      74617473 
 1895      00
 1896              	.LASF4:
 1897 0048 5F5F7569 		.ascii	"__uint8_t\000"
 1897      6E74385F 
 1897      7400
 1898              	.LASF60:
 1899 0052 70726576 		.ascii	"prev\000"
 1899      00
 1900              	.LASF98:
 1901 0057 706F7274 		.ascii	"port_intctx\000"
 1901      5F696E74 
 1901      63747800 
 1902              	.LASF59:
 1903 0063 63685F74 		.ascii	"ch_threads_queue\000"
 1903      68726561 
 1903      64735F71 
 1903      75657565 
 1903      00
 1904              	.LASF72:
ARM GAS  /tmp/cckoY1of.s 			page 35


 1905 0074 73797374 		.ascii	"system_debug_t\000"
 1905      656D5F64 
 1905      65627567 
 1905      5F7400
 1906              	.LASF104:
 1907 0083 776F7273 		.ascii	"worst\000"
 1907      7400
 1908              	.LASF88:
 1909 0089 44495341 		.ascii	"DISABLE\000"
 1909      424C4500 
 1910              	.LASF107:
 1911 0091 74696D65 		.ascii	"time_measurement_t\000"
 1911      5F6D6561 
 1911      73757265 
 1911      6D656E74 
 1911      5F7400
 1912              	.LASF11:
 1913 00a4 6C6F6E67 		.ascii	"long long unsigned int\000"
 1913      206C6F6E 
 1913      6720756E 
 1913      7369676E 
 1913      65642069 
 1914              	.LASF30:
 1915 00bb 65786974 		.ascii	"exitcode\000"
 1915      636F6465 
 1915      00
 1916              	.LASF79:
 1917 00c4 6D61696E 		.ascii	"mainthread\000"
 1917      74687265 
 1917      616400
 1918              	.LASF33:
 1919 00cf 73656E74 		.ascii	"sentmsg\000"
 1919      6D736700 
 1920              	.LASF69:
 1921 00d7 76697274 		.ascii	"virtual_timers_list_t\000"
 1921      75616C5F 
 1921      74696D65 
 1921      72735F6C 
 1921      6973745F 
 1922              	.LASF126:
 1923 00ed 49544D5F 		.ascii	"ITM_RxBuffer\000"
 1923      52784275 
 1923      66666572 
 1923      00
 1924              	.LASF57:
 1925 00fa 6E657874 		.ascii	"next\000"
 1925      00
 1926              	.LASF19:
 1927 00ff 72747469 		.ascii	"rttime_t\000"
 1927      6D655F74 
 1927      00
 1928              	.LASF9:
 1929 0108 6C6F6E67 		.ascii	"long long int\000"
 1929      206C6F6E 
 1929      6720696E 
 1929      7400
 1930              	.LASF0:
ARM GAS  /tmp/cckoY1of.s 			page 36


 1931 0116 7369676E 		.ascii	"signed char\000"
 1931      65642063 
 1931      68617200 
 1932              	.LASF78:
 1933 0122 76746C69 		.ascii	"vtlist\000"
 1933      737400
 1934              	.LASF47:
 1935 0129 6D736771 		.ascii	"msgqueue\000"
 1935      75657565 
 1935      00
 1936              	.LASF43:
 1937 0132 73746174 		.ascii	"state\000"
 1937      6500
 1938              	.LASF6:
 1939 0138 6C6F6E67 		.ascii	"long int\000"
 1939      20696E74 
 1939      00
 1940              	.LASF89:
 1941 0141 454E4142 		.ascii	"ENABLE\000"
 1941      4C4500
 1942              	.LASF21:
 1943 0148 74737461 		.ascii	"tstate_t\000"
 1943      74655F74 
 1943      00
 1944              	.LASF68:
 1945 0151 66756E63 		.ascii	"func\000"
 1945      00
 1946              	.LASF52:
 1947 0156 73746174 		.ascii	"stats\000"
 1947      7300
 1948              	.LASF87:
 1949 015c 31354675 		.ascii	"15FunctionalState\000"
 1949      6E637469 
 1949      6F6E616C 
 1949      53746174 
 1949      6500
 1950              	.LASF7:
 1951 016e 5F5F7569 		.ascii	"__uint32_t\000"
 1951      6E743332 
 1951      5F7400
 1952              	.LASF95:
 1953 0179 72656761 		.ascii	"regarm_t\000"
 1953      726D5F74 
 1953      00
 1954              	.LASF73:
 1955 0182 63685F73 		.ascii	"ch_system_debug\000"
 1955      79737465 
 1955      6D5F6465 
 1955      62756700 
 1956              	.LASF46:
 1957 0192 77616974 		.ascii	"waiting\000"
 1957      696E6700 
 1958              	.LASF118:
 1959 019a 6D757465 		.ascii	"mutex_t\000"
 1959      785F7400 
 1960              	.LASF82:
 1961 01a2 73797369 		.ascii	"sysinterval_t\000"
ARM GAS  /tmp/cckoY1of.s 			page 37


 1961      6E746572 
 1961      76616C5F 
 1961      7400
 1962              	.LASF26:
 1963 01b0 636E745F 		.ascii	"cnt_t\000"
 1963      7400
 1964              	.LASF12:
 1965 01b6 756E7369 		.ascii	"unsigned int\000"
 1965      676E6564 
 1965      20696E74 
 1965      00
 1966              	.LASF34:
 1967 01c3 77747365 		.ascii	"wtsemp\000"
 1967      6D7000
 1968              	.LASF109:
 1969 01ca 6E5F6972 		.ascii	"n_irq\000"
 1969      7100
 1970              	.LASF37:
 1971 01d0 71756575 		.ascii	"queue\000"
 1971      6500
 1972              	.LASF51:
 1973 01d6 6D706F6F 		.ascii	"mpool\000"
 1973      6C00
 1974              	.LASF129:
 1975 01dc 474E5520 		.ascii	"GNU C++11 5.4.1 20160919 -mcpu=cortex-m4 -mfloat-ab"
 1975      432B2B31 
 1975      3120352E 
 1975      342E3120 
 1975      32303136 
 1976 020f 693D6861 		.ascii	"i=hard -mfpu=fpv4-sp-d16 -mno-thumb-interwork -mthu"
 1976      7264202D 
 1976      6D667075 
 1976      3D667076 
 1976      342D7370 
 1977 0242 6D62202D 		.ascii	"mb -g -std=gnu++11 -fomit-frame-pointer -falign-fun"
 1977      67202D73 
 1977      74643D67 
 1977      6E752B2B 
 1977      3131202D 
 1978 0275 6374696F 		.ascii	"ctions=16 -ffunction-sections -fdata-sections -fno-"
 1978      6E733D31 
 1978      36202D66 
 1978      66756E63 
 1978      74696F6E 
 1979 02a8 636F6D6D 		.ascii	"common -fsingle-precision-constant -fno-rtti\000"
 1979      6F6E202D 
 1979      6673696E 
 1979      676C652D 
 1979      70726563 
 1980              	.LASF122:
 1981 02d5 5F657869 		.ascii	"_exit\000"
 1981      7400
 1982              	.LASF113:
 1983 02db 6B65726E 		.ascii	"kernel_stats_t\000"
 1983      656C5F73 
 1983      74617473 
 1983      5F7400
ARM GAS  /tmp/cckoY1of.s 			page 38


 1984              	.LASF41:
 1985 02ea 6E616D65 		.ascii	"name\000"
 1985      00
 1986              	.LASF55:
 1987 02ef 63685F74 		.ascii	"ch_thread\000"
 1987      68726561 
 1987      6400
 1988              	.LASF24:
 1989 02f9 6D73675F 		.ascii	"msg_t\000"
 1989      7400
 1990              	.LASF105:
 1991 02ff 6C617374 		.ascii	"last\000"
 1991      00
 1992              	.LASF27:
 1993 0304 75636E74 		.ascii	"ucnt_t\000"
 1993      5F7400
 1994              	.LASF86:
 1995 030b 3130466C 		.ascii	"10FlagStatus\000"
 1995      61675374 
 1995      61747573 
 1995      00
 1996              	.LASF75:
 1997 0318 63685F73 		.ascii	"ch_system_t\000"
 1997      79737465 
 1997      6D5F7400 
 1998              	.LASF20:
 1999 0324 746D6F64 		.ascii	"tmode_t\000"
 1999      655F7400 
 2000              	.LASF119:
 2001 032c 626F6F6C 		.ascii	"bool\000"
 2001      00
 2002              	.LASF112:
 2003 0331 6D5F6372 		.ascii	"m_crit_isr\000"
 2003      69745F69 
 2003      737200
 2004              	.LASF62:
 2005 033c 63685F72 		.ascii	"ch_ready_list\000"
 2005      65616479 
 2005      5F6C6973 
 2005      7400
 2006              	.LASF25:
 2007 034a 6576656E 		.ascii	"eventmask_t\000"
 2007      746D6173 
 2007      6B5F7400 
 2008              	.LASF5:
 2009 0356 5F5F696E 		.ascii	"__int32_t\000"
 2009      7433325F 
 2009      7400
 2010              	.LASF132:
 2011 0360 6465636C 		.ascii	"decltype(nullptr)\000"
 2011      74797065 
 2011      286E756C 
 2011      6C707472 
 2011      2900
 2012              	.LASF128:
 2013 0372 6572726E 		.ascii	"errno\000"
 2013      6F00
ARM GAS  /tmp/cckoY1of.s 			page 39


 2014              	.LASF96:
 2015 0378 73746B61 		.ascii	"stkalign_t\000"
 2015      6C69676E 
 2015      5F7400
 2016              	.LASF39:
 2017 0383 6E657765 		.ascii	"newer\000"
 2017      7200
 2018              	.LASF50:
 2019 0389 7265616C 		.ascii	"realprio\000"
 2019      7072696F 
 2019      00
 2020              	.LASF83:
 2021 0392 73697A65 		.ascii	"sizetype\000"
 2021      74797065 
 2021      00
 2022              	.LASF53:
 2023 039b 74687265 		.ascii	"thread_reference_t\000"
 2023      61645F72 
 2023      65666572 
 2023      656E6365 
 2023      5F7400
 2024              	.LASF70:
 2025 03ae 63685F76 		.ascii	"ch_virtual_timers_list\000"
 2025      69727475 
 2025      616C5F74 
 2025      696D6572 
 2025      735F6C69 
 2026              	.LASF92:
 2027 03c5 4552524F 		.ascii	"ERROR\000"
 2027      5200
 2028              	.LASF102:
 2029 03cb 31387469 		.ascii	"18time_measurement_t\000"
 2029      6D655F6D 
 2029      65617375 
 2029      72656D65 
 2029      6E745F74 
 2030              	.LASF97:
 2031 03e0 706F7274 		.ascii	"port_context\000"
 2031      5F636F6E 
 2031      74657874 
 2031      00
 2032              	.LASF90:
 2033 03ed 46756E63 		.ascii	"FunctionalState\000"
 2033      74696F6E 
 2033      616C5374 
 2033      61746500 
 2034              	.LASF100:
 2035 03fd 746D5F63 		.ascii	"tm_calibration_t\000"
 2035      616C6962 
 2035      72617469 
 2035      6F6E5F74 
 2035      00
 2036              	.LASF38:
 2037 040e 7072696F 		.ascii	"prio\000"
 2037      00
 2038              	.LASF63:
 2039 0413 63757272 		.ascii	"current\000"
ARM GAS  /tmp/cckoY1of.s 			page 40


 2039      656E7400 
 2040              	.LASF10:
 2041 041b 5F5F7569 		.ascii	"__uint64_t\000"
 2041      6E743634 
 2041      5F7400
 2042              	.LASF106:
 2043 0426 63756D75 		.ascii	"cumulative\000"
 2043      6C617469 
 2043      766500
 2044              	.LASF22:
 2045 0431 74726566 		.ascii	"trefs_t\000"
 2045      735F7400 
 2046              	.LASF45:
 2047 0439 72656673 		.ascii	"refs\000"
 2047      00
 2048              	.LASF65:
 2049 043e 76697274 		.ascii	"virtual_timer_t\000"
 2049      75616C5F 
 2049      74696D65 
 2049      725F7400 
 2050              	.LASF84:
 2051 044e 52455345 		.ascii	"RESET\000"
 2051      5400
 2052              	.LASF23:
 2053 0454 74707269 		.ascii	"tprio_t\000"
 2053      6F5F7400 
 2054              	.LASF110:
 2055 045c 6E5F6374 		.ascii	"n_ctxswc\000"
 2055      78737763 
 2055      00
 2056              	.LASF14:
 2057 0465 696E7433 		.ascii	"int32_t\000"
 2057      325F7400 
 2058              	.LASF1:
 2059 046d 756E7369 		.ascii	"unsigned char\000"
 2059      676E6564 
 2059      20636861 
 2059      7200
 2060              	.LASF130:
 2061 047b 2E2E2F2E 		.ascii	"../../modules/ChibiOS/os/various/cpp_wrappers/sysca"
 2061      2E2F6D6F 
 2061      64756C65 
 2061      732F4368 
 2061      6962694F 
 2062 04ae 6C6C735F 		.ascii	"lls_cpp.cpp\000"
 2062      6370702E 
 2062      63707000 
 2063              	.LASF2:
 2064 04ba 73686F72 		.ascii	"short int\000"
 2064      7420696E 
 2064      7400
 2065              	.LASF71:
 2066 04c4 6C617374 		.ascii	"lasttime\000"
 2066      74696D65 
 2066      00
 2067              	.LASF36:
 2068 04cd 65776D61 		.ascii	"ewmask\000"
ARM GAS  /tmp/cckoY1of.s 			page 41


 2068      736B00
 2069              	.LASF76:
 2070 04d4 63685F73 		.ascii	"ch_system\000"
 2070      79737465 
 2070      6D00
 2071              	.LASF120:
 2072 04de 72656173 		.ascii	"reason\000"
 2072      6F6E00
 2073              	.LASF29:
 2074 04e5 7264796D 		.ascii	"rdymsg\000"
 2074      736700
 2075              	.LASF66:
 2076 04ec 63685F76 		.ascii	"ch_virtual_timer\000"
 2076      69727475 
 2076      616C5F74 
 2076      696D6572 
 2076      00
 2077              	.LASF114:
 2078 04fd 63685F73 		.ascii	"ch_semaphore\000"
 2078      656D6170 
 2078      686F7265 
 2078      00
 2079              	.LASF131:
 2080 050a 2F686F6D 		.ascii	"/home/user/csse4011/project/4011-surfbee/ardupilot/"
 2080      652F7573 
 2080      65722F63 
 2080      73736534 
 2080      3031312F 
 2081 053d 6275696C 		.ascii	"build/stm32l475\000"
 2081      642F7374 
 2081      6D33326C 
 2081      34373500 
 2082              	.LASF35:
 2083 054d 77746D74 		.ascii	"wtmtxp\000"
 2083      787000
 2084              	.LASF56:
 2085 0554 63685F74 		.ascii	"ch_threads_list\000"
 2085      68726561 
 2085      64735F6C 
 2085      69737400 
 2086              	.LASF116:
 2087 0564 6F776E65 		.ascii	"owner\000"
 2087      7200
 2088              	.LASF125:
 2089 056a 5F5F6378 		.ascii	"__cxa_pure_virtual\000"
 2089      615F7075 
 2089      72655F76 
 2089      69727475 
 2089      616C00
 2090              	.LASF124:
 2091 057d 5F6F7065 		.ascii	"_open_r\000"
 2091      6E5F7200 
 2092              	.LASF8:
 2093 0585 6C6F6E67 		.ascii	"long unsigned int\000"
 2093      20756E73 
 2093      69676E65 
 2093      6420696E 
ARM GAS  /tmp/cckoY1of.s 			page 42


 2093      7400
 2094              	.LASF42:
 2095 0597 77616261 		.ascii	"wabase\000"
 2095      736500
 2096              	.LASF133:
 2097 059e 6F73616C 		.ascii	"osalSysHalt\000"
 2097      53797348 
 2097      616C7400 
 2098              	.LASF117:
 2099 05aa 63686172 		.ascii	"char\000"
 2099      00
 2100              	.LASF40:
 2101 05af 6F6C6465 		.ascii	"older\000"
 2101      7200
 2102              	.LASF94:
 2103 05b5 4572726F 		.ascii	"ErrorStatus\000"
 2103      72537461 
 2103      74757300 
 2104              	.LASF28:
 2105 05c1 74687265 		.ascii	"thread_t\000"
 2105      61645F74 
 2105      00
 2106              	.LASF103:
 2107 05ca 62657374 		.ascii	"best\000"
 2107      00
 2108              	.LASF17:
 2109 05cf 6C6F6E67 		.ascii	"long double\000"
 2109      20646F75 
 2109      626C6500 
 2110              	.LASF81:
 2111 05db 73797374 		.ascii	"systime_t\000"
 2111      696D655F 
 2111      7400
 2112              	.LASF64:
 2113 05e5 76746675 		.ascii	"vtfunc_t\000"
 2113      6E635F74 
 2113      00
 2114              	.LASF74:
 2115 05ee 70616E69 		.ascii	"panic_msg\000"
 2115      635F6D73 
 2115      6700
 2116              	.LASF99:
 2117 05f8 6F666673 		.ascii	"offset\000"
 2117      657400
 2118              	.LASF115:
 2119 05ff 63685F6D 		.ascii	"ch_mutex\000"
 2119      75746578 
 2119      00
 2120              	.LASF123:
 2121 0608 5F6B696C 		.ascii	"_kill\000"
 2121      6C00
 2122              	.LASF3:
 2123 060e 73686F72 		.ascii	"short unsigned int\000"
 2123      7420756E 
 2123      7369676E 
 2123      65642069 
 2123      6E7400
ARM GAS  /tmp/cckoY1of.s 			page 43


 2124              	.LASF18:
 2125 0621 7274636E 		.ascii	"rtcnt_t\000"
 2125      745F7400 
 2126              	.LASF15:
 2127 0629 75696E74 		.ascii	"uint32_t\000"
 2127      33325F74 
 2127      00
 2128              	.LASF58:
 2129 0632 74687265 		.ascii	"threads_queue_t\000"
 2129      6164735F 
 2129      71756575 
 2129      655F7400 
 2130              	.LASF48:
 2131 0642 6570656E 		.ascii	"epending\000"
 2131      64696E67 
 2131      00
 2132              	.LASF101:
 2133 064b 3136746D 		.ascii	"16tm_calibration_t\000"
 2133      5F63616C 
 2133      69627261 
 2133      74696F6E 
 2133      5F7400
 2134              	.LASF121:
 2135 065e 73746174 		.ascii	"status\000"
 2135      757300
 2136              	.LASF77:
 2137 0665 726C6973 		.ascii	"rlist\000"
 2137      7400
 2138              	.LASF13:
 2139 066b 75696E74 		.ascii	"uint8_t\000"
 2139      385F7400 
 2140              	.LASF93:
 2141 0673 53554343 		.ascii	"SUCCESS\000"
 2141      45535300 
 2142              	.LASF44:
 2143 067b 666C6167 		.ascii	"flags\000"
 2143      7300
 2144              	.LASF108:
 2145 0681 31346B65 		.ascii	"14kernel_stats_t\000"
 2145      726E656C 
 2145      5F737461 
 2145      74735F74 
 2145      00
 2146              	.LASF31:
 2147 0692 77746F62 		.ascii	"wtobjp\000"
 2147      6A7000
 2148              	.LASF54:
 2149 0699 74687265 		.ascii	"threads_list_t\000"
 2149      6164735F 
 2149      6C697374 
 2149      5F7400
 2150              	.LASF49:
 2151 06a8 6D74786C 		.ascii	"mtxlist\000"
 2151      69737400 
 2152              	.LASF127:
 2153 06b0 5F5F6473 		.ascii	"__dso_handle\000"
 2153      6F5F6861 
ARM GAS  /tmp/cckoY1of.s 			page 44


 2153      6E646C65 
 2153      00
 2154              	.LASF111:
 2155 06bd 6D5F6372 		.ascii	"m_crit_thd\000"
 2155      69745F74 
 2155      686400
 2156              		.ident	"GCC: (15:5.4.1+svn241155-1) 5.4.1 20160919"
ARM GAS  /tmp/cckoY1of.s 			page 45


DEFINED SYMBOLS
                            *ABS*:0000000000000000 syscalls_cpp.cpp
     /tmp/cckoY1of.s:22     .text._ZL11osalSysHaltPKc:0000000000000000 $t
     /tmp/cckoY1of.s:27     .text._ZL11osalSysHaltPKc:0000000000000000 _ZL11osalSysHaltPKc
.ARM.exidx.text._ZL11osalSysHaltPKc:0000000000000000 $d
     /tmp/cckoY1of.s:61     .bss.__dso_handle:0000000000000000 __dso_handle
     /tmp/cckoY1of.s:58     .bss.__dso_handle:0000000000000000 $d
     /tmp/cckoY1of.s:64     .rodata:0000000000000000 $d
     /tmp/cckoY1of.s:68     .text._exit:0000000000000000 $t
     /tmp/cckoY1of.s:74     .text._exit:0000000000000000 _exit
     /tmp/cckoY1of.s:99     .text._exit:0000000000000010 $d
            .ARM.exidx.text._exit:0000000000000000 $d
     /tmp/cckoY1of.s:105    .text._kill:0000000000000000 $t
     /tmp/cckoY1of.s:111    .text._kill:0000000000000000 _kill
     /tmp/cckoY1of.s:138    .text._kill:0000000000000018 $d
            .ARM.exidx.text._kill:0000000000000000 $d
     /tmp/cckoY1of.s:145    .text._open_r:0000000000000000 $t
     /tmp/cckoY1of.s:151    .text._open_r:0000000000000000 _open_r
          .ARM.exidx.text._open_r:0000000000000000 $d
     /tmp/cckoY1of.s:173    .text.__cxa_pure_virtual:0000000000000000 $t
     /tmp/cckoY1of.s:179    .text.__cxa_pure_virtual:0000000000000000 __cxa_pure_virtual
     /tmp/cckoY1of.s:200    .text.__cxa_pure_virtual:000000000000000c $d
.ARM.extab.text.__cxa_pure_virtual:0000000000000000 $d
.ARM.exidx.text.__cxa_pure_virtual:0000000000000000 $d
                     .debug_frame:0000000000000010 $d

UNDEFINED SYMBOLS
chSysHalt
__aeabi_unwind_cpp_pr0
errno
__aeabi_unwind_cpp_pr1
